#
# There is insufficient memory for the Java Runtime Environment to continue.
# Native memory allocation (malloc) failed to allocate 1865264 bytes. Error detail: Chunk::new
# Possible reasons:
#   The system is out of physical RAM or swap space
#   This process is running with CompressedOops enabled, and the Java Heap may be blocking the growth of the native heap
# Possible solutions:
#   Reduce memory load on the system
#   Increase physical memory or swap space
#   Check if swap backing store is full
#   Decrease Java heap size (-Xmx/-Xms)
#   Decrease number of Java threads
#   Decrease Java thread stack sizes (-Xss)
#   Set larger code cache with -XX:ReservedCodeCacheSize=
#   JVM is running with Zero Based Compressed Oops mode in which the Java heap is
#     placed in the first 32GB address space. The Java Heap base address is the
#     maximum limit for the native heap growth. Please use -XX:HeapBaseMinAddress
#     to set the Java Heap base and to place the Java Heap above 32GB virtual address.
# This output file may be truncated or incomplete.
#
#  Out of Memory Error (arena.cpp:168), pid=7264, tid=16808
#
# JRE version: OpenJDK Runtime Environment Temurin-21.0.4+7 (21.0.4+7) (build 21.0.4+7-LTS)
# Java VM: OpenJDK 64-Bit Server VM Temurin-21.0.4+7 (21.0.4+7-LTS, mixed mode, sharing, tiered, compressed oops, compressed class ptrs, g1 gc, windows-amd64)
# No core dump will be written. Minidumps are not enabled by default on client versions of Windows
#

---------------  S U M M A R Y ------------

Command Line: -XX:MaxGCPauseMillis=50 -agentlib:jdwp=transport=dt_shmem,address=javadebug -Dfile.encoding=UTF-8 bluej.runtime.ExecServer UTF-8

Host: Intel(R) Core(TM) i7-8565U CPU @ 1.80GHz, 8 cores, 15G,  Windows 10 , 64 bit Build 19041 (10.0.19041.5678)
Time: Fri Apr 18 16:32:53 2025 Eastern Daylight Time elapsed time: 2556.850313 seconds (0d 0h 42m 36s)

---------------  T H R E A D  ---------------

Current thread (0x000002322c48e160):  JavaThread "C2 CompilerThread0" daemon [_thread_in_native, id=16808, stack(0x0000009a0d400000,0x0000009a0d500000) (1024K)]


Current CompileTask:
C2:2556850 1547   !   4       com.sun.imageio.plugins.gif.GIFImageReader::read (902 bytes)

Stack: [0x0000009a0d400000,0x0000009a0d500000]
Native frames: (J=compiled Java code, j=interpreted, Vv=VM code, C=native code)
V  [jvm.dll+0x6cbcf9]
V  [jvm.dll+0x8a5551]
V  [jvm.dll+0x8a7a7e]
V  [jvm.dll+0x8a8153]
V  [jvm.dll+0x27eca6]
V  [jvm.dll+0xc4aad]
V  [jvm.dll+0xc4fe3]
V  [jvm.dll+0x3b513c]
V  [jvm.dll+0x1df7a3]
V  [jvm.dll+0x247262]
V  [jvm.dll+0x2466ef]
V  [jvm.dll+0x1c6f7e]
V  [jvm.dll+0x255e7a]
V  [jvm.dll+0x25441a]
V  [jvm.dll+0x3eeef6]
V  [jvm.dll+0x84f17b]
V  [jvm.dll+0x6ca3fd]
C  [ucrtbase.dll+0x21bb2]
C  [KERNEL32.DLL+0x17374]
C  [ntdll.dll+0x4cc91]


---------------  P R O C E S S  ---------------

Threads class SMR info:
_java_thread_list=0x000002327ac72aa0, length=25, elements={
0x000002322c46d250, 0x000002322c46deb0, 0x000002322c47b9a0, 0x000002322c47c680,
0x000002322c47f4a0, 0x000002322c47fb10, 0x000002322c48e160, 0x000002322c4938f0,
0x000002322c6eb160, 0x000002322c6eb8a0, 0x000002322c6faa10, 0x000002322c6fd560,
0x000002322c703ef0, 0x000002327a775390, 0x000002327a79a2f0, 0x000002327a7af350,
0x000002320af2c560, 0x000002327a954d00, 0x000002327b87e100, 0x000002327ba1f7f0,
0x000002327ba27540, 0x000002327ba27bd0, 0x000002327ba28260, 0x000002327ba288f0,
0x000002322c491010
}

Java Threads: ( => current thread )
  0x000002322c46d250 JavaThread "Reference Handler"          daemon [_thread_blocked, id=1792, stack(0x0000009a0ce00000,0x0000009a0cf00000) (1024K)]
  0x000002322c46deb0 JavaThread "Finalizer"                  daemon [_thread_blocked, id=11888, stack(0x0000009a0cf00000,0x0000009a0d000000) (1024K)]
  0x000002322c47b9a0 JavaThread "Signal Dispatcher"          daemon [_thread_blocked, id=5040, stack(0x0000009a0d000000,0x0000009a0d100000) (1024K)]
  0x000002322c47c680 JavaThread "Attach Listener"            daemon [_thread_blocked, id=4376, stack(0x0000009a0d100000,0x0000009a0d200000) (1024K)]
  0x000002322c47f4a0 JavaThread "Service Thread"             daemon [_thread_blocked, id=20028, stack(0x0000009a0d200000,0x0000009a0d300000) (1024K)]
  0x000002322c47fb10 JavaThread "Monitor Deflation Thread"   daemon [_thread_blocked, id=12004, stack(0x0000009a0d300000,0x0000009a0d400000) (1024K)]
=>0x000002322c48e160 JavaThread "C2 CompilerThread0"         daemon [_thread_in_native, id=16808, stack(0x0000009a0d400000,0x0000009a0d500000) (1024K)]
  0x000002322c4938f0 JavaThread "C1 CompilerThread0"         daemon [_thread_blocked, id=6444, stack(0x0000009a0d500000,0x0000009a0d600000) (1024K)]
  0x000002322c6eb160 JavaThread "JDWP Transport Listener: dt_shmem" daemon [_thread_blocked, id=16456, stack(0x0000009a0d600000,0x0000009a0d700000) (1024K)]
  0x000002322c6eb8a0 JavaThread "JDWP Event Helper Thread"   daemon [_thread_blocked, id=18200, stack(0x0000009a0d700000,0x0000009a0d800000) (1024K)]
  0x000002322c6faa10 JavaThread "JDWP Command Reader"        daemon [_thread_in_native, id=17400, stack(0x0000009a0d800000,0x0000009a0d900000) (1024K)]
  0x000002322c6fd560 JavaThread "Notification Thread"        daemon [_thread_blocked, id=21256, stack(0x0000009a0d900000,0x0000009a0da00000) (1024K)]
  0x000002322c703ef0 JavaThread "Common-Cleaner"             daemon [_thread_blocked, id=13932, stack(0x0000009a0da00000,0x0000009a0db00000) (1024K)]
  0x000002327a775390 JavaThread "Java2D Disposer"            daemon [_thread_blocked, id=7340, stack(0x0000009a0db00000,0x0000009a0dc00000) (1024K)]
  0x000002327a79a2f0 JavaThread "AWT-Windows"                daemon [_thread_in_native, id=13460, stack(0x0000009a0dd00000,0x0000009a0de00000) (1024K)]
  0x000002327a7af350 JavaThread "BlueJ worker thread"               [_thread_blocked, id=12688, stack(0x0000009a0df00000,0x0000009a0e000000) (1024K)]
  0x000002320af2c560 JavaThread "DestroyJavaVM"                     [_thread_blocked, id=1844, stack(0x0000009a0c600000,0x0000009a0c700000) (1024K)]
  0x000002327a954d00 JavaThread "main"                              [_thread_blocked, id=2700, stack(0x0000009a0e100000,0x0000009a0e200000) (1024K)]
  0x000002327b87e100 JavaThread "QuantumRenderer-0"          daemon [_thread_blocked, id=19792, stack(0x0000009a0dc00000,0x0000009a0dd00000) (1024K)]
  0x000002327ba1f7f0 JavaThread "InvokeLaterDispatcher"      daemon [_thread_blocked, id=4552, stack(0x0000009a0e900000,0x0000009a0ea00000) (1024K)]
  0x000002327ba27540 JavaThread "JavaFX Application Thread"         [_thread_in_native, id=17132, stack(0x0000009a0ea00000,0x0000009a0eb00000) (1024K)]
  0x000002327ba27bd0 JavaThread "VMCommsSimulation"                 [_thread_in_native, id=5304, stack(0x0000009a0ee00000,0x0000009a0ef00000) (1024K)]
  0x000002327ba28260 JavaThread "Thread-2"                   daemon [_thread_in_native, id=10744, stack(0x0000009a0de00000,0x0000009a0df00000) (1024K)]
  0x000002327ba288f0 JavaThread "SimulationThread"                  [_thread_in_vm, id=17540, stack(0x0000009a0ef00000,0x0000009a0f000000) (1024K)]
  0x000002322c491010 JavaThread "C2 CompilerThread1"         daemon [_thread_in_native, id=1996, stack(0x0000009a0c500000,0x0000009a0c600000) (1024K)]
Total: 25

Other Threads:
  0x000002322c44bef0 VMThread "VM Thread"                           [id=6200, stack(0x0000009a0cd00000,0x0000009a0ce00000) (1024K)]
  0x000002322c432a40 WatcherThread "VM Periodic Task Thread"        [id=400, stack(0x0000009a0cc00000,0x0000009a0cd00000) (1024K)]
  0x000002320d135260 WorkerThread "GC Thread#0"                     [id=6072, stack(0x0000009a0c700000,0x0000009a0c800000) (1024K)]
  0x000002327aa518f0 WorkerThread "GC Thread#1"                     [id=5488, stack(0x0000009a0e200000,0x0000009a0e300000) (1024K)]
  0x000002327aa51c90 WorkerThread "GC Thread#2"                     [id=14884, stack(0x0000009a0e300000,0x0000009a0e400000) (1024K)]
  0x000002327aa52030 WorkerThread "GC Thread#3"                     [id=13008, stack(0x0000009a0e400000,0x0000009a0e500000) (1024K)]
  0x000002327aa523d0 WorkerThread "GC Thread#4"                     [id=19036, stack(0x0000009a0e500000,0x0000009a0e600000) (1024K)]
  0x000002327aa63040 WorkerThread "GC Thread#5"                     [id=16772, stack(0x0000009a0e600000,0x0000009a0e700000) (1024K)]
  0x000002327aa65ea0 WorkerThread "GC Thread#6"                     [id=20216, stack(0x0000009a0e700000,0x0000009a0e800000) (1024K)]
  0x000002327aa66240 WorkerThread "GC Thread#7"                     [id=18644, stack(0x0000009a0e800000,0x0000009a0e900000) (1024K)]
  0x000002320d1461f0 ConcurrentGCThread "G1 Main Marker"            [id=10468, stack(0x0000009a0c800000,0x0000009a0c900000) (1024K)]
  0x000002320d147640 WorkerThread "G1 Conc#0"                       [id=4332, stack(0x0000009a0c900000,0x0000009a0ca00000) (1024K)]
  0x000002327bba46e0 WorkerThread "G1 Conc#1"                       [id=19192, stack(0x0000009a0c400000,0x0000009a0c500000) (1024K)]
  0x000002320d19e9b0 ConcurrentGCThread "G1 Refine#0"               [id=21444, stack(0x0000009a0ca00000,0x0000009a0cb00000) (1024K)]
  0x000002322c3036d0 ConcurrentGCThread "G1 Service"                [id=20520, stack(0x0000009a0cb00000,0x0000009a0cc00000) (1024K)]
Total: 15

Threads with active compile tasks:
C2 CompilerThread0  2557035 1547   !   4       com.sun.imageio.plugins.gif.GIFImageReader::read (902 bytes)
C2 CompilerThread1  2557035 1570       4       java.io.WinNTFileSystem::normalize (143 bytes)
Total: 2

VM state: not at safepoint (normal execution)

VM Mutex/Monitor currently owned by a thread: None

Heap address: 0x0000000702000000, size: 4064 MB, Compressed Oops mode: Zero based, Oop shift amount: 3

CDS archive(s) mapped at: [0x000002322d000000-0x000002322dc90000-0x000002322dc90000), size 13172736, SharedBaseAddress: 0x000002322d000000, ArchiveRelocationMode: 1.
Compressed class space mapped at: 0x000002322e000000-0x000002326e000000, reserved size: 1073741824
Narrow klass base: 0x000002322d000000, Narrow klass shift: 0, Narrow klass range: 0x100000000

GC Precious Log:
 CardTable entry size: 512
 Card Set container configuration: InlinePtr #cards 4 size 8 Array Of Cards #cards 16 size 48 Howl #buckets 8 coarsen threshold 3686 Howl Bitmap #cards 512 size 80 coarsen threshold 460 Card regions per heap region 1 cards per card region 4096
 CPUs: 8 total, 8 available
 Memory: 16254M
 Large Page Support: Disabled
 NUMA Support: Disabled
 Compressed Oops: Enabled (Zero based)
 Heap Region Size: 2M
 Heap Min Capacity: 8M
 Heap Initial Capacity: 254M
 Heap Max Capacity: 4064M
 Pre-touch: Disabled
 Parallel Workers: 8
 Concurrent Workers: 2
 Concurrent Refinement Workers: 8
 Periodic GC: Disabled

Heap:
 garbage-first heap   total 598016K, used 509859K [0x0000000702000000, 0x0000000800000000)
  region size 2048K, 3 young (6144K), 1 survivors (2048K)
 Metaspace       used 9783K, committed 10048K, reserved 1114112K
  class space    used 942K, committed 1024K, reserved 1048576K

Heap Regions: E=young(eden), S=young(survivor), O=old, HS=humongous(starts), HC=humongous(continues), CS=collection set, F=free, TAMS=top-at-mark-start, PB=parsable bottom
|   0|0x0000000702000000, 0x0000000702200000, 0x0000000702200000|100%| O|  |TAMS 0x0000000702000000| PB 0x0000000702000000| Untracked 
|   1|0x0000000702200000, 0x0000000702400000, 0x0000000702400000|100%|HS|  |TAMS 0x0000000702200000| PB 0x0000000702200000| Complete 
|   2|0x0000000702400000, 0x0000000702600000, 0x0000000702600000|100%|HC|  |TAMS 0x0000000702400000| PB 0x0000000702400000| Complete 
|   3|0x0000000702600000, 0x0000000702690bf0, 0x0000000702800000| 28%| O|Cm|TAMS 0x0000000702600000| PB 0x0000000702600000| Complete 
|   4|0x0000000702800000, 0x0000000702a00000, 0x0000000702a00000|100%|HS|  |TAMS 0x0000000702800000| PB 0x0000000702800000| Complete 
|   5|0x0000000702a00000, 0x0000000702c00000, 0x0000000702c00000|100%|HC|  |TAMS 0x0000000702a00000| PB 0x0000000702a00000| Complete 
|   6|0x0000000702c00000, 0x0000000702c00000, 0x0000000702e00000|  0%| F|  |TAMS 0x0000000702c00000| PB 0x0000000702c00000| Untracked 
|   7|0x0000000702e00000, 0x0000000703000000, 0x0000000703000000|100%|HS|  |TAMS 0x0000000702e00000| PB 0x0000000702e00000| Complete 
|   8|0x0000000703000000, 0x0000000703200000, 0x0000000703200000|100%|HS|  |TAMS 0x0000000703000000| PB 0x0000000703000000| Complete 
|   9|0x0000000703200000, 0x0000000703321d48, 0x0000000703400000| 56%| O|  |TAMS 0x0000000703200000| PB 0x0000000703200000| Untracked 
|  10|0x0000000703400000, 0x0000000703600000, 0x0000000703600000|100%|HS|  |TAMS 0x0000000703400000| PB 0x0000000703400000| Complete 
|  11|0x0000000703600000, 0x0000000703800000, 0x0000000703800000|100%|HC|  |TAMS 0x0000000703600000| PB 0x0000000703600000| Complete 
|  12|0x0000000703800000, 0x0000000703a00000, 0x0000000703a00000|100%|HS|  |TAMS 0x0000000703800000| PB 0x0000000703800000| Complete 
|  13|0x0000000703a00000, 0x0000000703c00000, 0x0000000703c00000|100%|HC|  |TAMS 0x0000000703a00000| PB 0x0000000703a00000| Complete 
|  14|0x0000000703c00000, 0x0000000703e00000, 0x0000000703e00000|100%|HS|  |TAMS 0x0000000703c00000| PB 0x0000000703c00000| Complete 
|  15|0x0000000703e00000, 0x0000000704000000, 0x0000000704000000|100%|HC|  |TAMS 0x0000000703e00000| PB 0x0000000703e00000| Complete 
|  16|0x0000000704000000, 0x0000000704200000, 0x0000000704200000|100%|HS|  |TAMS 0x0000000704000000| PB 0x0000000704000000| Complete 
|  17|0x0000000704200000, 0x0000000704400000, 0x0000000704400000|100%|HC|  |TAMS 0x0000000704200000| PB 0x0000000704200000| Complete 
|  18|0x0000000704400000, 0x0000000704600000, 0x0000000704600000|100%|HS|  |TAMS 0x0000000704400000| PB 0x0000000704400000| Complete 
|  19|0x0000000704600000, 0x0000000704800000, 0x0000000704800000|100%|HC|  |TAMS 0x0000000704600000| PB 0x0000000704600000| Complete 
|  20|0x0000000704800000, 0x0000000704a00000, 0x0000000704a00000|100%|HS|  |TAMS 0x0000000704800000| PB 0x0000000704800000| Complete 
|  21|0x0000000704a00000, 0x0000000704c00000, 0x0000000704c00000|100%|HC|  |TAMS 0x0000000704a00000| PB 0x0000000704a00000| Complete 
|  22|0x0000000704c00000, 0x0000000704e00000, 0x0000000704e00000|100%|HS|  |TAMS 0x0000000704c00000| PB 0x0000000704c00000| Complete 
|  23|0x0000000704e00000, 0x0000000705000000, 0x0000000705000000|100%|HC|  |TAMS 0x0000000704e00000| PB 0x0000000704e00000| Complete 
|  24|0x0000000705000000, 0x0000000705200000, 0x0000000705200000|100%|HS|  |TAMS 0x0000000705000000| PB 0x0000000705000000| Complete 
|  25|0x0000000705200000, 0x0000000705400000, 0x0000000705400000|100%|HC|  |TAMS 0x0000000705200000| PB 0x0000000705200000| Complete 
|  26|0x0000000705400000, 0x0000000705400000, 0x0000000705600000|  0%| F|  |TAMS 0x0000000705400000| PB 0x0000000705400000| Untracked 
|  27|0x0000000705600000, 0x0000000705800000, 0x0000000705800000|100%|HS|  |TAMS 0x0000000705600000| PB 0x0000000705600000| Complete 
|  28|0x0000000705800000, 0x0000000705a00000, 0x0000000705a00000|100%|HC|  |TAMS 0x0000000705800000| PB 0x0000000705800000| Complete 
|  29|0x0000000705a00000, 0x0000000705c00000, 0x0000000705c00000|100%|HS|  |TAMS 0x0000000705a00000| PB 0x0000000705a00000| Complete 
|  30|0x0000000705c00000, 0x0000000705e00000, 0x0000000705e00000|100%|HC|  |TAMS 0x0000000705c00000| PB 0x0000000705c00000| Complete 
|  31|0x0000000705e00000, 0x0000000706000000, 0x0000000706000000|100%|HS|  |TAMS 0x0000000705e00000| PB 0x0000000705e00000| Complete 
|  32|0x0000000706000000, 0x0000000706200000, 0x0000000706200000|100%|HC|  |TAMS 0x0000000706000000| PB 0x0000000706000000| Complete 
|  33|0x0000000706200000, 0x0000000706400000, 0x0000000706400000|100%|HS|  |TAMS 0x0000000706200000| PB 0x0000000706200000| Complete 
|  34|0x0000000706400000, 0x0000000706600000, 0x0000000706600000|100%|HC|  |TAMS 0x0000000706400000| PB 0x0000000706400000| Complete 
|  35|0x0000000706600000, 0x0000000706800000, 0x0000000706800000|100%|HS|  |TAMS 0x0000000706600000| PB 0x0000000706600000| Complete 
|  36|0x0000000706800000, 0x0000000706a00000, 0x0000000706a00000|100%|HC|  |TAMS 0x0000000706800000| PB 0x0000000706800000| Complete 
|  37|0x0000000706a00000, 0x0000000706c00000, 0x0000000706c00000|100%|HS|  |TAMS 0x0000000706a00000| PB 0x0000000706a00000| Complete 
|  38|0x0000000706c00000, 0x0000000706e00000, 0x0000000706e00000|100%|HC|  |TAMS 0x0000000706c00000| PB 0x0000000706c00000| Complete 
|  39|0x0000000706e00000, 0x0000000707000000, 0x0000000707000000|100%|HS|  |TAMS 0x0000000706e00000| PB 0x0000000706e00000| Complete 
|  40|0x0000000707000000, 0x0000000707200000, 0x0000000707200000|100%|HC|  |TAMS 0x0000000707000000| PB 0x0000000707000000| Complete 
|  41|0x0000000707200000, 0x0000000707400000, 0x0000000707400000|100%|HS|  |TAMS 0x0000000707200000| PB 0x0000000707200000| Complete 
|  42|0x0000000707400000, 0x0000000707600000, 0x0000000707600000|100%|HC|  |TAMS 0x0000000707400000| PB 0x0000000707400000| Complete 
|  43|0x0000000707600000, 0x0000000707800000, 0x0000000707800000|100%|HS|  |TAMS 0x0000000707600000| PB 0x0000000707600000| Complete 
|  44|0x0000000707800000, 0x0000000707a00000, 0x0000000707a00000|100%|HC|  |TAMS 0x0000000707800000| PB 0x0000000707800000| Complete 
|  45|0x0000000707a00000, 0x0000000707c00000, 0x0000000707c00000|100%|HS|  |TAMS 0x0000000707a00000| PB 0x0000000707a00000| Complete 
|  46|0x0000000707c00000, 0x0000000707e00000, 0x0000000707e00000|100%|HC|  |TAMS 0x0000000707c00000| PB 0x0000000707c00000| Complete 
|  47|0x0000000707e00000, 0x0000000708000000, 0x0000000708000000|100%|HS|  |TAMS 0x0000000707e00000| PB 0x0000000707e00000| Complete 
|  48|0x0000000708000000, 0x0000000708200000, 0x0000000708200000|100%|HC|  |TAMS 0x0000000708000000| PB 0x0000000708000000| Complete 
|  49|0x0000000708200000, 0x0000000708400000, 0x0000000708400000|100%|HS|  |TAMS 0x0000000708200000| PB 0x0000000708200000| Complete 
|  50|0x0000000708400000, 0x0000000708600000, 0x0000000708600000|100%|HC|  |TAMS 0x0000000708400000| PB 0x0000000708400000| Complete 
|  51|0x0000000708600000, 0x0000000708800000, 0x0000000708800000|100%|HS|  |TAMS 0x0000000708600000| PB 0x0000000708600000| Complete 
|  52|0x0000000708800000, 0x0000000708a00000, 0x0000000708a00000|100%|HC|  |TAMS 0x0000000708800000| PB 0x0000000708800000| Complete 
|  53|0x0000000708a00000, 0x0000000708c00000, 0x0000000708c00000|100%|HS|  |TAMS 0x0000000708a00000| PB 0x0000000708a00000| Complete 
|  54|0x0000000708c00000, 0x0000000708e00000, 0x0000000708e00000|100%|HC|  |TAMS 0x0000000708c00000| PB 0x0000000708c00000| Complete 
|  55|0x0000000708e00000, 0x0000000709000000, 0x0000000709000000|100%|HS|  |TAMS 0x0000000708e00000| PB 0x0000000708e00000| Complete 
|  56|0x0000000709000000, 0x0000000709200000, 0x0000000709200000|100%|HC|  |TAMS 0x0000000709000000| PB 0x0000000709000000| Complete 
|  57|0x0000000709200000, 0x0000000709400000, 0x0000000709400000|100%|HS|  |TAMS 0x0000000709200000| PB 0x0000000709200000| Complete 
|  58|0x0000000709400000, 0x0000000709600000, 0x0000000709600000|100%|HC|  |TAMS 0x0000000709400000| PB 0x0000000709400000| Complete 
|  59|0x0000000709600000, 0x0000000709800000, 0x0000000709800000|100%|HS|  |TAMS 0x0000000709600000| PB 0x0000000709600000| Complete 
|  60|0x0000000709800000, 0x0000000709a00000, 0x0000000709a00000|100%|HC|  |TAMS 0x0000000709800000| PB 0x0000000709800000| Complete 
|  61|0x0000000709a00000, 0x0000000709c00000, 0x0000000709c00000|100%|HS|  |TAMS 0x0000000709a00000| PB 0x0000000709a00000| Complete 
|  62|0x0000000709c00000, 0x0000000709e00000, 0x0000000709e00000|100%|HC|  |TAMS 0x0000000709c00000| PB 0x0000000709c00000| Complete 
|  63|0x0000000709e00000, 0x000000070a000000, 0x000000070a000000|100%|HS|  |TAMS 0x0000000709e00000| PB 0x0000000709e00000| Complete 
|  64|0x000000070a000000, 0x000000070a200000, 0x000000070a200000|100%|HC|  |TAMS 0x000000070a000000| PB 0x000000070a000000| Complete 
|  65|0x000000070a200000, 0x000000070a400000, 0x000000070a400000|100%|HS|  |TAMS 0x000000070a200000| PB 0x000000070a200000| Complete 
|  66|0x000000070a400000, 0x000000070a600000, 0x000000070a600000|100%|HC|  |TAMS 0x000000070a400000| PB 0x000000070a400000| Complete 
|  67|0x000000070a600000, 0x000000070a800000, 0x000000070a800000|100%|HS|  |TAMS 0x000000070a600000| PB 0x000000070a600000| Complete 
|  68|0x000000070a800000, 0x000000070aa00000, 0x000000070aa00000|100%|HC|  |TAMS 0x000000070a800000| PB 0x000000070a800000| Complete 
|  69|0x000000070aa00000, 0x000000070ac00000, 0x000000070ac00000|100%|HS|  |TAMS 0x000000070aa00000| PB 0x000000070aa00000| Complete 
|  70|0x000000070ac00000, 0x000000070ae00000, 0x000000070ae00000|100%|HC|  |TAMS 0x000000070ac00000| PB 0x000000070ac00000| Complete 
|  71|0x000000070ae00000, 0x000000070b000000, 0x000000070b000000|100%|HS|  |TAMS 0x000000070ae00000| PB 0x000000070ae00000| Complete 
|  72|0x000000070b000000, 0x000000070b200000, 0x000000070b200000|100%|HC|  |TAMS 0x000000070b000000| PB 0x000000070b000000| Complete 
|  73|0x000000070b200000, 0x000000070b200000, 0x000000070b400000|  0%| F|  |TAMS 0x000000070b200000| PB 0x000000070b200000| Untracked 
|  74|0x000000070b400000, 0x000000070b600000, 0x000000070b600000|100%|HS|  |TAMS 0x000000070b400000| PB 0x000000070b400000| Complete 
|  75|0x000000070b600000, 0x000000070b800000, 0x000000070b800000|100%|HC|  |TAMS 0x000000070b600000| PB 0x000000070b600000| Complete 
|  76|0x000000070b800000, 0x000000070ba00000, 0x000000070ba00000|100%|HS|  |TAMS 0x000000070b800000| PB 0x000000070b800000| Complete 
|  77|0x000000070ba00000, 0x000000070bc00000, 0x000000070bc00000|100%|HC|  |TAMS 0x000000070ba00000| PB 0x000000070ba00000| Complete 
|  78|0x000000070bc00000, 0x000000070be00000, 0x000000070be00000|100%|HS|  |TAMS 0x000000070bc00000| PB 0x000000070bc00000| Complete 
|  79|0x000000070be00000, 0x000000070c000000, 0x000000070c000000|100%|HC|  |TAMS 0x000000070be00000| PB 0x000000070be00000| Complete 
|  80|0x000000070c000000, 0x000000070c200000, 0x000000070c200000|100%|HS|  |TAMS 0x000000070c000000| PB 0x000000070c000000| Complete 
|  81|0x000000070c200000, 0x000000070c400000, 0x000000070c400000|100%|HC|  |TAMS 0x000000070c200000| PB 0x000000070c200000| Complete 
|  82|0x000000070c400000, 0x000000070c600000, 0x000000070c600000|100%|HS|  |TAMS 0x000000070c400000| PB 0x000000070c400000| Complete 
|  83|0x000000070c600000, 0x000000070c800000, 0x000000070c800000|100%|HC|  |TAMS 0x000000070c600000| PB 0x000000070c600000| Complete 
|  84|0x000000070c800000, 0x000000070ca00000, 0x000000070ca00000|100%|HS|  |TAMS 0x000000070c800000| PB 0x000000070c800000| Complete 
|  85|0x000000070ca00000, 0x000000070cc00000, 0x000000070cc00000|100%|HC|  |TAMS 0x000000070ca00000| PB 0x000000070ca00000| Complete 
|  86|0x000000070cc00000, 0x000000070ce00000, 0x000000070ce00000|100%|HS|  |TAMS 0x000000070cc00000| PB 0x000000070cc00000| Complete 
|  87|0x000000070ce00000, 0x000000070d000000, 0x000000070d000000|100%|HC|  |TAMS 0x000000070ce00000| PB 0x000000070ce00000| Complete 
|  88|0x000000070d000000, 0x000000070d200000, 0x000000070d200000|100%|HS|  |TAMS 0x000000070d000000| PB 0x000000070d000000| Complete 
|  89|0x000000070d200000, 0x000000070d400000, 0x000000070d400000|100%|HC|  |TAMS 0x000000070d200000| PB 0x000000070d200000| Complete 
|  90|0x000000070d400000, 0x000000070d600000, 0x000000070d600000|100%|HS|  |TAMS 0x000000070d400000| PB 0x000000070d400000| Complete 
|  91|0x000000070d600000, 0x000000070d800000, 0x000000070d800000|100%|HC|  |TAMS 0x000000070d600000| PB 0x000000070d600000| Complete 
|  92|0x000000070d800000, 0x000000070da00000, 0x000000070da00000|100%|HS|  |TAMS 0x000000070d800000| PB 0x000000070d800000| Complete 
|  93|0x000000070da00000, 0x000000070dc00000, 0x000000070dc00000|100%|HC|  |TAMS 0x000000070da00000| PB 0x000000070da00000| Complete 
|  94|0x000000070dc00000, 0x000000070de00000, 0x000000070de00000|100%|HS|  |TAMS 0x000000070dc00000| PB 0x000000070dc00000| Complete 
|  95|0x000000070de00000, 0x000000070e000000, 0x000000070e000000|100%|HC|  |TAMS 0x000000070de00000| PB 0x000000070de00000| Complete 
|  96|0x000000070e000000, 0x000000070e200000, 0x000000070e200000|100%|HS|  |TAMS 0x000000070e000000| PB 0x000000070e000000| Complete 
|  97|0x000000070e200000, 0x000000070e400000, 0x000000070e400000|100%|HC|  |TAMS 0x000000070e200000| PB 0x000000070e200000| Complete 
|  98|0x000000070e400000, 0x000000070e600000, 0x000000070e600000|100%|HS|  |TAMS 0x000000070e400000| PB 0x000000070e400000| Complete 
|  99|0x000000070e600000, 0x000000070e800000, 0x000000070e800000|100%|HC|  |TAMS 0x000000070e600000| PB 0x000000070e600000| Complete 
| 100|0x000000070e800000, 0x000000070ea00000, 0x000000070ea00000|100%|HS|  |TAMS 0x000000070e800000| PB 0x000000070e800000| Complete 
| 101|0x000000070ea00000, 0x000000070ec00000, 0x000000070ec00000|100%|HC|  |TAMS 0x000000070ea00000| PB 0x000000070ea00000| Complete 
| 102|0x000000070ec00000, 0x000000070ee00000, 0x000000070ee00000|100%|HS|  |TAMS 0x000000070ec00000| PB 0x000000070ec00000| Complete 
| 103|0x000000070ee00000, 0x000000070f000000, 0x000000070f000000|100%|HC|  |TAMS 0x000000070ee00000| PB 0x000000070ee00000| Complete 
| 104|0x000000070f000000, 0x000000070f200000, 0x000000070f200000|100%|HS|  |TAMS 0x000000070f000000| PB 0x000000070f000000| Complete 
| 105|0x000000070f200000, 0x000000070f400000, 0x000000070f400000|100%|HC|  |TAMS 0x000000070f200000| PB 0x000000070f200000| Complete 
| 106|0x000000070f400000, 0x000000070f600000, 0x000000070f600000|100%|HS|  |TAMS 0x000000070f400000| PB 0x000000070f400000| Complete 
| 107|0x000000070f600000, 0x000000070f800000, 0x000000070f800000|100%|HC|  |TAMS 0x000000070f600000| PB 0x000000070f600000| Complete 
| 108|0x000000070f800000, 0x000000070fa00000, 0x000000070fa00000|100%|HS|  |TAMS 0x000000070f800000| PB 0x000000070f800000| Complete 
| 109|0x000000070fa00000, 0x000000070fc00000, 0x000000070fc00000|100%|HC|  |TAMS 0x000000070fa00000| PB 0x000000070fa00000| Complete 
| 110|0x000000070fc00000, 0x000000070fe00000, 0x000000070fe00000|100%|HS|  |TAMS 0x000000070fc00000| PB 0x000000070fc00000| Complete 
| 111|0x000000070fe00000, 0x0000000710000000, 0x0000000710000000|100%|HC|  |TAMS 0x000000070fe00000| PB 0x000000070fe00000| Complete 
| 112|0x0000000710000000, 0x0000000710200000, 0x0000000710200000|100%|HS|  |TAMS 0x0000000710000000| PB 0x0000000710000000| Complete 
| 113|0x0000000710200000, 0x0000000710400000, 0x0000000710400000|100%|HC|  |TAMS 0x0000000710200000| PB 0x0000000710200000| Complete 
| 114|0x0000000710400000, 0x0000000710600000, 0x0000000710600000|100%|HS|  |TAMS 0x0000000710400000| PB 0x0000000710400000| Complete 
| 115|0x0000000710600000, 0x0000000710800000, 0x0000000710800000|100%|HC|  |TAMS 0x0000000710600000| PB 0x0000000710600000| Complete 
| 116|0x0000000710800000, 0x0000000710a00000, 0x0000000710a00000|100%|HS|  |TAMS 0x0000000710800000| PB 0x0000000710800000| Complete 
| 117|0x0000000710a00000, 0x0000000710c00000, 0x0000000710c00000|100%|HC|  |TAMS 0x0000000710a00000| PB 0x0000000710a00000| Complete 
| 118|0x0000000710c00000, 0x0000000710e00000, 0x0000000710e00000|100%|HS|  |TAMS 0x0000000710c00000| PB 0x0000000710c00000| Complete 
| 119|0x0000000710e00000, 0x0000000711000000, 0x0000000711000000|100%|HC|  |TAMS 0x0000000710e00000| PB 0x0000000710e00000| Complete 
| 120|0x0000000711000000, 0x0000000711200000, 0x0000000711200000|100%| O|  |TAMS 0x0000000711000000| PB 0x0000000711000000| Untracked 
| 121|0x0000000711200000, 0x0000000711400000, 0x0000000711400000|100%|HS|  |TAMS 0x0000000711200000| PB 0x0000000711200000| Complete 
| 122|0x0000000711400000, 0x0000000711600000, 0x0000000711600000|100%|HC|  |TAMS 0x0000000711400000| PB 0x0000000711400000| Complete 
| 123|0x0000000711600000, 0x0000000711800000, 0x0000000711800000|100%|HS|  |TAMS 0x0000000711600000| PB 0x0000000711600000| Complete 
| 124|0x0000000711800000, 0x0000000711a00000, 0x0000000711a00000|100%|HC|  |TAMS 0x0000000711800000| PB 0x0000000711800000| Complete 
| 125|0x0000000711a00000, 0x0000000711c00000, 0x0000000711c00000|100%|HS|  |TAMS 0x0000000711a00000| PB 0x0000000711a00000| Complete 
| 126|0x0000000711c00000, 0x0000000711e00000, 0x0000000711e00000|100%|HC|  |TAMS 0x0000000711c00000| PB 0x0000000711c00000| Complete 
| 127|0x0000000711e00000, 0x0000000712000000, 0x0000000712000000|100%|HS|  |TAMS 0x0000000711e00000| PB 0x0000000711e00000| Complete 
| 128|0x0000000712000000, 0x0000000712200000, 0x0000000712200000|100%|HC|  |TAMS 0x0000000712000000| PB 0x0000000712000000| Complete 
| 129|0x0000000712200000, 0x0000000712400000, 0x0000000712400000|100%|HS|  |TAMS 0x0000000712200000| PB 0x0000000712200000| Complete 
| 130|0x0000000712400000, 0x0000000712600000, 0x0000000712600000|100%|HC|  |TAMS 0x0000000712400000| PB 0x0000000712400000| Complete 
| 131|0x0000000712600000, 0x0000000712800000, 0x0000000712800000|100%|HS|  |TAMS 0x0000000712600000| PB 0x0000000712600000| Complete 
| 132|0x0000000712800000, 0x0000000712a00000, 0x0000000712a00000|100%|HC|  |TAMS 0x0000000712800000| PB 0x0000000712800000| Complete 
| 133|0x0000000712a00000, 0x0000000712c00000, 0x0000000712c00000|100%|HS|  |TAMS 0x0000000712a00000| PB 0x0000000712a00000| Complete 
| 134|0x0000000712c00000, 0x0000000712e00000, 0x0000000712e00000|100%|HC|  |TAMS 0x0000000712c00000| PB 0x0000000712c00000| Complete 
| 135|0x0000000712e00000, 0x0000000713000000, 0x0000000713000000|100%|HS|  |TAMS 0x0000000712e00000| PB 0x0000000712e00000| Complete 
| 136|0x0000000713000000, 0x0000000713200000, 0x0000000713200000|100%|HC|  |TAMS 0x0000000713000000| PB 0x0000000713000000| Complete 
| 137|0x0000000713200000, 0x0000000713400000, 0x0000000713400000|100%|HS|  |TAMS 0x0000000713200000| PB 0x0000000713200000| Complete 
| 138|0x0000000713400000, 0x0000000713600000, 0x0000000713600000|100%|HC|  |TAMS 0x0000000713400000| PB 0x0000000713400000| Complete 
| 139|0x0000000713600000, 0x0000000713600000, 0x0000000713800000|  0%| F|  |TAMS 0x0000000713600000| PB 0x0000000713600000| Untracked 
| 140|0x0000000713800000, 0x0000000713a00000, 0x0000000713a00000|100%|HS|  |TAMS 0x0000000713800000| PB 0x0000000713800000| Complete 
| 141|0x0000000713a00000, 0x0000000713c00000, 0x0000000713c00000|100%|HC|  |TAMS 0x0000000713a00000| PB 0x0000000713a00000| Complete 
| 142|0x0000000713c00000, 0x0000000713e00000, 0x0000000713e00000|100%|HS|  |TAMS 0x0000000713c00000| PB 0x0000000713c00000| Complete 
| 143|0x0000000713e00000, 0x0000000714000000, 0x0000000714000000|100%|HC|  |TAMS 0x0000000713e00000| PB 0x0000000713e00000| Complete 
| 144|0x0000000714000000, 0x0000000714200000, 0x0000000714200000|100%|HS|  |TAMS 0x0000000714000000| PB 0x0000000714000000| Complete 
| 145|0x0000000714200000, 0x0000000714400000, 0x0000000714400000|100%|HC|  |TAMS 0x0000000714200000| PB 0x0000000714200000| Complete 
| 146|0x0000000714400000, 0x0000000714600000, 0x0000000714600000|100%|HS|  |TAMS 0x0000000714400000| PB 0x0000000714400000| Complete 
| 147|0x0000000714600000, 0x0000000714800000, 0x0000000714800000|100%|HC|  |TAMS 0x0000000714600000| PB 0x0000000714600000| Complete 
| 148|0x0000000714800000, 0x0000000714a00000, 0x0000000714a00000|100%|HS|  |TAMS 0x0000000714800000| PB 0x0000000714800000| Complete 
| 149|0x0000000714a00000, 0x0000000714c00000, 0x0000000714c00000|100%|HC|  |TAMS 0x0000000714a00000| PB 0x0000000714a00000| Complete 
| 150|0x0000000714c00000, 0x0000000714e00000, 0x0000000714e00000|100%|HS|  |TAMS 0x0000000714c00000| PB 0x0000000714c00000| Complete 
| 151|0x0000000714e00000, 0x0000000715000000, 0x0000000715000000|100%|HC|  |TAMS 0x0000000714e00000| PB 0x0000000714e00000| Complete 
| 152|0x0000000715000000, 0x0000000715200000, 0x0000000715200000|100%|HS|  |TAMS 0x0000000715000000| PB 0x0000000715000000| Complete 
| 153|0x0000000715200000, 0x0000000715400000, 0x0000000715400000|100%|HC|  |TAMS 0x0000000715200000| PB 0x0000000715200000| Complete 
| 154|0x0000000715400000, 0x0000000715600000, 0x0000000715600000|100%|HS|  |TAMS 0x0000000715400000| PB 0x0000000715400000| Complete 
| 155|0x0000000715600000, 0x0000000715800000, 0x0000000715800000|100%|HC|  |TAMS 0x0000000715600000| PB 0x0000000715600000| Complete 
| 156|0x0000000715800000, 0x0000000715a00000, 0x0000000715a00000|100%|HS|  |TAMS 0x0000000715800000| PB 0x0000000715800000| Complete 
| 157|0x0000000715a00000, 0x0000000715c00000, 0x0000000715c00000|100%|HC|  |TAMS 0x0000000715a00000| PB 0x0000000715a00000| Complete 
| 158|0x0000000715c00000, 0x0000000715e00000, 0x0000000715e00000|100%|HS|  |TAMS 0x0000000715c00000| PB 0x0000000715c00000| Complete 
| 159|0x0000000715e00000, 0x0000000716000000, 0x0000000716000000|100%|HC|  |TAMS 0x0000000715e00000| PB 0x0000000715e00000| Complete 
| 160|0x0000000716000000, 0x0000000716200000, 0x0000000716200000|100%|HS|  |TAMS 0x0000000716000000| PB 0x0000000716000000| Complete 
| 161|0x0000000716200000, 0x0000000716400000, 0x0000000716400000|100%|HC|  |TAMS 0x0000000716200000| PB 0x0000000716200000| Complete 
| 162|0x0000000716400000, 0x0000000716600000, 0x0000000716600000|100%|HS|  |TAMS 0x0000000716400000| PB 0x0000000716400000| Complete 
| 163|0x0000000716600000, 0x0000000716800000, 0x0000000716800000|100%|HC|  |TAMS 0x0000000716600000| PB 0x0000000716600000| Complete 
| 164|0x0000000716800000, 0x0000000716a00000, 0x0000000716a00000|100%|HS|  |TAMS 0x0000000716800000| PB 0x0000000716800000| Complete 
| 165|0x0000000716a00000, 0x0000000716c00000, 0x0000000716c00000|100%|HC|  |TAMS 0x0000000716a00000| PB 0x0000000716a00000| Complete 
| 166|0x0000000716c00000, 0x0000000716e00000, 0x0000000716e00000|100%|HS|  |TAMS 0x0000000716c00000| PB 0x0000000716c00000| Complete 
| 167|0x0000000716e00000, 0x0000000717000000, 0x0000000717000000|100%|HC|  |TAMS 0x0000000716e00000| PB 0x0000000716e00000| Complete 
| 168|0x0000000717000000, 0x0000000717200000, 0x0000000717200000|100%|HS|  |TAMS 0x0000000717000000| PB 0x0000000717000000| Complete 
| 169|0x0000000717200000, 0x0000000717400000, 0x0000000717400000|100%|HC|  |TAMS 0x0000000717200000| PB 0x0000000717200000| Complete 
| 170|0x0000000717400000, 0x0000000717600000, 0x0000000717600000|100%|HS|  |TAMS 0x0000000717400000| PB 0x0000000717400000| Complete 
| 171|0x0000000717600000, 0x0000000717800000, 0x0000000717800000|100%|HC|  |TAMS 0x0000000717600000| PB 0x0000000717600000| Complete 
| 172|0x0000000717800000, 0x0000000717a00000, 0x0000000717a00000|100%|HS|  |TAMS 0x0000000717800000| PB 0x0000000717800000| Complete 
| 173|0x0000000717a00000, 0x0000000717c00000, 0x0000000717c00000|100%|HC|  |TAMS 0x0000000717a00000| PB 0x0000000717a00000| Complete 
| 174|0x0000000717c00000, 0x0000000717e00000, 0x0000000717e00000|100%|HS|  |TAMS 0x0000000717c00000| PB 0x0000000717c00000| Complete 
| 175|0x0000000717e00000, 0x0000000718000000, 0x0000000718000000|100%|HC|  |TAMS 0x0000000717e00000| PB 0x0000000717e00000| Complete 
| 176|0x0000000718000000, 0x0000000718200000, 0x0000000718200000|100%|HS|  |TAMS 0x0000000718000000| PB 0x0000000718000000| Complete 
| 177|0x0000000718200000, 0x0000000718400000, 0x0000000718400000|100%|HC|  |TAMS 0x0000000718200000| PB 0x0000000718200000| Complete 
| 178|0x0000000718400000, 0x0000000718600000, 0x0000000718600000|100%|HS|  |TAMS 0x0000000718400000| PB 0x0000000718400000| Complete 
| 179|0x0000000718600000, 0x0000000718800000, 0x0000000718800000|100%|HC|  |TAMS 0x0000000718600000| PB 0x0000000718600000| Complete 
| 180|0x0000000718800000, 0x0000000718800000, 0x0000000718a00000|  0%| F|  |TAMS 0x0000000718800000| PB 0x0000000718800000| Untracked 
| 181|0x0000000718a00000, 0x0000000718c00000, 0x0000000718c00000|100%|HS|  |TAMS 0x0000000718a00000| PB 0x0000000718a00000| Complete 
| 182|0x0000000718c00000, 0x0000000718e00000, 0x0000000718e00000|100%|HC|  |TAMS 0x0000000718c00000| PB 0x0000000718c00000| Complete 
| 183|0x0000000718e00000, 0x0000000719000000, 0x0000000719000000|100%|HS|  |TAMS 0x0000000718e00000| PB 0x0000000718e00000| Complete 
| 184|0x0000000719000000, 0x0000000719200000, 0x0000000719200000|100%|HC|  |TAMS 0x0000000719000000| PB 0x0000000719000000| Complete 
| 185|0x0000000719200000, 0x0000000719400000, 0x0000000719400000|100%|HS|  |TAMS 0x0000000719200000| PB 0x0000000719200000| Complete 
| 186|0x0000000719400000, 0x0000000719600000, 0x0000000719600000|100%|HC|  |TAMS 0x0000000719400000| PB 0x0000000719400000| Complete 
| 187|0x0000000719600000, 0x0000000719800000, 0x0000000719800000|100%|HS|  |TAMS 0x0000000719600000| PB 0x0000000719600000| Complete 
| 188|0x0000000719800000, 0x0000000719a00000, 0x0000000719a00000|100%|HC|  |TAMS 0x0000000719800000| PB 0x0000000719800000| Complete 
| 189|0x0000000719a00000, 0x0000000719c00000, 0x0000000719c00000|100%|HS|  |TAMS 0x0000000719a00000| PB 0x0000000719a00000| Complete 
| 190|0x0000000719c00000, 0x0000000719e00000, 0x0000000719e00000|100%|HC|  |TAMS 0x0000000719c00000| PB 0x0000000719c00000| Complete 
| 191|0x0000000719e00000, 0x000000071a000000, 0x000000071a000000|100%|HS|  |TAMS 0x0000000719e00000| PB 0x0000000719e00000| Complete 
| 192|0x000000071a000000, 0x000000071a200000, 0x000000071a200000|100%|HC|  |TAMS 0x000000071a000000| PB 0x000000071a000000| Complete 
| 193|0x000000071a200000, 0x000000071a400000, 0x000000071a400000|100%|HS|  |TAMS 0x000000071a200000| PB 0x000000071a200000| Complete 
| 194|0x000000071a400000, 0x000000071a600000, 0x000000071a600000|100%|HC|  |TAMS 0x000000071a400000| PB 0x000000071a400000| Complete 
| 195|0x000000071a600000, 0x000000071a800000, 0x000000071a800000|100%|HS|  |TAMS 0x000000071a600000| PB 0x000000071a600000| Complete 
| 196|0x000000071a800000, 0x000000071aa00000, 0x000000071aa00000|100%|HC|  |TAMS 0x000000071a800000| PB 0x000000071a800000| Complete 
| 197|0x000000071aa00000, 0x000000071ac00000, 0x000000071ac00000|100%|HS|  |TAMS 0x000000071aa00000| PB 0x000000071aa00000| Complete 
| 198|0x000000071ac00000, 0x000000071ae00000, 0x000000071ae00000|100%|HC|  |TAMS 0x000000071ac00000| PB 0x000000071ac00000| Complete 
| 199|0x000000071ae00000, 0x000000071b000000, 0x000000071b000000|100%|HS|  |TAMS 0x000000071ae00000| PB 0x000000071ae00000| Complete 
| 200|0x000000071b000000, 0x000000071b200000, 0x000000071b200000|100%|HC|  |TAMS 0x000000071b000000| PB 0x000000071b000000| Complete 
| 201|0x000000071b200000, 0x000000071b400000, 0x000000071b400000|100%|HS|  |TAMS 0x000000071b200000| PB 0x000000071b200000| Complete 
| 202|0x000000071b400000, 0x000000071b600000, 0x000000071b600000|100%|HC|  |TAMS 0x000000071b400000| PB 0x000000071b400000| Complete 
| 203|0x000000071b600000, 0x000000071b800000, 0x000000071b800000|100%|HS|  |TAMS 0x000000071b600000| PB 0x000000071b600000| Complete 
| 204|0x000000071b800000, 0x000000071ba00000, 0x000000071ba00000|100%|HC|  |TAMS 0x000000071b800000| PB 0x000000071b800000| Complete 
| 205|0x000000071ba00000, 0x000000071bc00000, 0x000000071bc00000|100%|HS|  |TAMS 0x000000071ba00000| PB 0x000000071ba00000| Complete 
| 206|0x000000071bc00000, 0x000000071be00000, 0x000000071be00000|100%|HC|  |TAMS 0x000000071bc00000| PB 0x000000071bc00000| Complete 
| 207|0x000000071be00000, 0x000000071c000000, 0x000000071c000000|100%|HS|  |TAMS 0x000000071be00000| PB 0x000000071be00000| Complete 
| 208|0x000000071c000000, 0x000000071c200000, 0x000000071c200000|100%|HC|  |TAMS 0x000000071c000000| PB 0x000000071c000000| Complete 
| 209|0x000000071c200000, 0x000000071c400000, 0x000000071c400000|100%|HS|  |TAMS 0x000000071c200000| PB 0x000000071c200000| Complete 
| 210|0x000000071c400000, 0x000000071c600000, 0x000000071c600000|100%|HC|  |TAMS 0x000000071c400000| PB 0x000000071c400000| Complete 
| 211|0x000000071c600000, 0x000000071c800000, 0x000000071c800000|100%|HS|  |TAMS 0x000000071c600000| PB 0x000000071c600000| Complete 
| 212|0x000000071c800000, 0x000000071ca00000, 0x000000071ca00000|100%|HC|  |TAMS 0x000000071c800000| PB 0x000000071c800000| Complete 
| 213|0x000000071ca00000, 0x000000071cc00000, 0x000000071cc00000|100%|HS|  |TAMS 0x000000071ca00000| PB 0x000000071ca00000| Complete 
| 214|0x000000071cc00000, 0x000000071ce00000, 0x000000071ce00000|100%|HC|  |TAMS 0x000000071cc00000| PB 0x000000071cc00000| Complete 
| 215|0x000000071ce00000, 0x000000071d000000, 0x000000071d000000|100%|HS|  |TAMS 0x000000071ce00000| PB 0x000000071ce00000| Complete 
| 216|0x000000071d000000, 0x000000071d200000, 0x000000071d200000|100%|HC|  |TAMS 0x000000071d000000| PB 0x000000071d000000| Complete 
| 217|0x000000071d200000, 0x000000071d400000, 0x000000071d400000|100%|HS|  |TAMS 0x000000071d200000| PB 0x000000071d200000| Complete 
| 218|0x000000071d400000, 0x000000071d600000, 0x000000071d600000|100%|HC|  |TAMS 0x000000071d400000| PB 0x000000071d400000| Complete 
| 219|0x000000071d600000, 0x000000071d800000, 0x000000071d800000|100%|HS|  |TAMS 0x000000071d600000| PB 0x000000071d600000| Complete 
| 220|0x000000071d800000, 0x000000071da00000, 0x000000071da00000|100%|HC|  |TAMS 0x000000071d800000| PB 0x000000071d800000| Complete 
| 221|0x000000071da00000, 0x000000071dc00000, 0x000000071dc00000|100%|HS|  |TAMS 0x000000071da00000| PB 0x000000071da00000| Complete 
| 222|0x000000071dc00000, 0x000000071de00000, 0x000000071de00000|100%|HC|  |TAMS 0x000000071dc00000| PB 0x000000071dc00000| Complete 
| 223|0x000000071de00000, 0x000000071e000000, 0x000000071e000000|100%|HS|  |TAMS 0x000000071de00000| PB 0x000000071de00000| Complete 
| 224|0x000000071e000000, 0x000000071e200000, 0x000000071e200000|100%|HC|  |TAMS 0x000000071e000000| PB 0x000000071e000000| Complete 
| 225|0x000000071e200000, 0x000000071e400000, 0x000000071e400000|100%|HS|  |TAMS 0x000000071e200000| PB 0x000000071e200000| Complete 
| 226|0x000000071e400000, 0x000000071e600000, 0x000000071e600000|100%|HC|  |TAMS 0x000000071e400000| PB 0x000000071e400000| Complete 
| 227|0x000000071e600000, 0x000000071e800000, 0x000000071e800000|100%|HS|  |TAMS 0x000000071e600000| PB 0x000000071e600000| Complete 
| 228|0x000000071e800000, 0x000000071ea00000, 0x000000071ea00000|100%|HC|  |TAMS 0x000000071e800000| PB 0x000000071e800000| Complete 
| 229|0x000000071ea00000, 0x000000071ec00000, 0x000000071ec00000|100%|HS|  |TAMS 0x000000071ea00000| PB 0x000000071ea00000| Complete 
| 230|0x000000071ec00000, 0x000000071ee00000, 0x000000071ee00000|100%|HC|  |TAMS 0x000000071ec00000| PB 0x000000071ec00000| Complete 
| 231|0x000000071ee00000, 0x000000071f000000, 0x000000071f000000|100%|HS|  |TAMS 0x000000071ee00000| PB 0x000000071ee00000| Complete 
| 232|0x000000071f000000, 0x000000071f200000, 0x000000071f200000|100%|HC|  |TAMS 0x000000071f000000| PB 0x000000071f000000| Complete 
| 233|0x000000071f200000, 0x000000071f400000, 0x000000071f400000|100%|HS|  |TAMS 0x000000071f200000| PB 0x000000071f200000| Complete 
| 234|0x000000071f400000, 0x000000071f600000, 0x000000071f600000|100%|HC|  |TAMS 0x000000071f400000| PB 0x000000071f400000| Complete 
| 235|0x000000071f600000, 0x000000071f800000, 0x000000071f800000|100%|HS|  |TAMS 0x000000071f600000| PB 0x000000071f600000| Complete 
| 236|0x000000071f800000, 0x000000071fa00000, 0x000000071fa00000|100%|HC|  |TAMS 0x000000071f800000| PB 0x000000071f800000| Complete 
| 237|0x000000071fa00000, 0x000000071fc00000, 0x000000071fc00000|100%|HS|  |TAMS 0x000000071fa00000| PB 0x000000071fa00000| Complete 
| 238|0x000000071fc00000, 0x000000071fe00000, 0x000000071fe00000|100%|HC|  |TAMS 0x000000071fc00000| PB 0x000000071fc00000| Complete 
| 239|0x000000071fe00000, 0x0000000720000000, 0x0000000720000000|100%|HS|  |TAMS 0x000000071fe00000| PB 0x000000071fe00000| Complete 
| 240|0x0000000720000000, 0x0000000720200000, 0x0000000720200000|100%|HC|  |TAMS 0x0000000720000000| PB 0x0000000720000000| Complete 
| 241|0x0000000720200000, 0x0000000720400000, 0x0000000720400000|100%|HS|  |TAMS 0x0000000720200000| PB 0x0000000720200000| Complete 
| 242|0x0000000720400000, 0x0000000720600000, 0x0000000720600000|100%|HC|  |TAMS 0x0000000720400000| PB 0x0000000720400000| Complete 
| 243|0x0000000720600000, 0x0000000720800000, 0x0000000720800000|100%|HS|  |TAMS 0x0000000720600000| PB 0x0000000720600000| Complete 
| 244|0x0000000720800000, 0x0000000720a00000, 0x0000000720a00000|100%|HC|  |TAMS 0x0000000720800000| PB 0x0000000720800000| Complete 
| 245|0x0000000720a00000, 0x0000000720c00000, 0x0000000720c00000|100%|HS|  |TAMS 0x0000000720a00000| PB 0x0000000720a00000| Complete 
| 246|0x0000000720c00000, 0x0000000720e00000, 0x0000000720e00000|100%|HC|  |TAMS 0x0000000720c00000| PB 0x0000000720c00000| Complete 
| 247|0x0000000720e00000, 0x0000000721000000, 0x0000000721000000|100%|HS|  |TAMS 0x0000000720e00000| PB 0x0000000720e00000| Complete 
| 248|0x0000000721000000, 0x0000000721200000, 0x0000000721200000|100%|HC|  |TAMS 0x0000000721000000| PB 0x0000000721000000| Complete 
| 249|0x0000000721200000, 0x0000000721400000, 0x0000000721400000|100%|HS|  |TAMS 0x0000000721200000| PB 0x0000000721200000| Complete 
| 250|0x0000000721400000, 0x0000000721600000, 0x0000000721600000|100%|HC|  |TAMS 0x0000000721400000| PB 0x0000000721400000| Complete 
| 251|0x0000000721600000, 0x0000000721800000, 0x0000000721800000|100%|HS|  |TAMS 0x0000000721600000| PB 0x0000000721600000| Complete 
| 252|0x0000000721800000, 0x0000000721a00000, 0x0000000721a00000|100%|HC|  |TAMS 0x0000000721800000| PB 0x0000000721800000| Complete 
| 253|0x0000000721a00000, 0x0000000721c00000, 0x0000000721c00000|100%|HS|  |TAMS 0x0000000721a00000| PB 0x0000000721a00000| Complete 
| 254|0x0000000721c00000, 0x0000000721e00000, 0x0000000721e00000|100%|HC|  |TAMS 0x0000000721c00000| PB 0x0000000721c00000| Complete 
| 255|0x0000000721e00000, 0x0000000721e00000, 0x0000000722000000|  0%| F|  |TAMS 0x0000000721e00000| PB 0x0000000721e00000| Untracked 
| 256|0x0000000722000000, 0x0000000722000000, 0x0000000722200000|  0%| F|  |TAMS 0x0000000722000000| PB 0x0000000722000000| Untracked 
| 257|0x0000000722200000, 0x0000000722200000, 0x0000000722400000|  0%| F|  |TAMS 0x0000000722200000| PB 0x0000000722200000| Untracked 
| 258|0x0000000722400000, 0x0000000722400000, 0x0000000722600000|  0%| F|  |TAMS 0x0000000722400000| PB 0x0000000722400000| Untracked 
| 259|0x0000000722600000, 0x0000000722600000, 0x0000000722800000|  0%| F|  |TAMS 0x0000000722600000| PB 0x0000000722600000| Untracked 
| 260|0x0000000722800000, 0x0000000722800000, 0x0000000722a00000|  0%| F|  |TAMS 0x0000000722800000| PB 0x0000000722800000| Untracked 
| 261|0x0000000722a00000, 0x0000000722a00000, 0x0000000722c00000|  0%| F|  |TAMS 0x0000000722a00000| PB 0x0000000722a00000| Untracked 
| 262|0x0000000722c00000, 0x0000000722c00000, 0x0000000722e00000|  0%| F|  |TAMS 0x0000000722c00000| PB 0x0000000722c00000| Untracked 
| 263|0x0000000722e00000, 0x0000000722e00000, 0x0000000723000000|  0%| F|  |TAMS 0x0000000722e00000| PB 0x0000000722e00000| Untracked 
| 264|0x0000000723000000, 0x0000000723000000, 0x0000000723200000|  0%| F|  |TAMS 0x0000000723000000| PB 0x0000000723000000| Untracked 
| 265|0x0000000723200000, 0x0000000723200000, 0x0000000723400000|  0%| F|  |TAMS 0x0000000723200000| PB 0x0000000723200000| Untracked 
| 266|0x0000000723400000, 0x0000000723400000, 0x0000000723600000|  0%| F|  |TAMS 0x0000000723400000| PB 0x0000000723400000| Untracked 
| 267|0x0000000723600000, 0x0000000723600000, 0x0000000723800000|  0%| F|  |TAMS 0x0000000723600000| PB 0x0000000723600000| Untracked 
| 268|0x0000000723800000, 0x0000000723800000, 0x0000000723a00000|  0%| F|  |TAMS 0x0000000723800000| PB 0x0000000723800000| Untracked 
| 269|0x0000000723a00000, 0x0000000723a00000, 0x0000000723c00000|  0%| F|  |TAMS 0x0000000723a00000| PB 0x0000000723a00000| Untracked 
| 270|0x0000000723c00000, 0x0000000723c00000, 0x0000000723e00000|  0%| F|  |TAMS 0x0000000723c00000| PB 0x0000000723c00000| Untracked 
| 271|0x0000000723e00000, 0x0000000723e00000, 0x0000000724000000|  0%| F|  |TAMS 0x0000000723e00000| PB 0x0000000723e00000| Untracked 
| 272|0x0000000724000000, 0x0000000724000000, 0x0000000724200000|  0%| F|  |TAMS 0x0000000724000000| PB 0x0000000724000000| Untracked 
| 273|0x0000000724200000, 0x0000000724200000, 0x0000000724400000|  0%| F|  |TAMS 0x0000000724200000| PB 0x0000000724200000| Untracked 
| 274|0x0000000724400000, 0x0000000724400000, 0x0000000724600000|  0%| F|  |TAMS 0x0000000724400000| PB 0x0000000724400000| Untracked 
| 275|0x0000000724600000, 0x0000000724600000, 0x0000000724800000|  0%| F|  |TAMS 0x0000000724600000| PB 0x0000000724600000| Untracked 
| 276|0x0000000724800000, 0x0000000724800000, 0x0000000724a00000|  0%| F|  |TAMS 0x0000000724800000| PB 0x0000000724800000| Untracked 
| 277|0x0000000724a00000, 0x0000000724a00000, 0x0000000724c00000|  0%| F|  |TAMS 0x0000000724a00000| PB 0x0000000724a00000| Untracked 
| 278|0x0000000724c00000, 0x0000000724c00000, 0x0000000724e00000|  0%| F|  |TAMS 0x0000000724c00000| PB 0x0000000724c00000| Untracked 
| 279|0x0000000724e00000, 0x0000000724e00000, 0x0000000725000000|  0%| F|  |TAMS 0x0000000724e00000| PB 0x0000000724e00000| Untracked 
| 280|0x0000000725000000, 0x0000000725000000, 0x0000000725200000|  0%| F|  |TAMS 0x0000000725000000| PB 0x0000000725000000| Untracked 
| 281|0x0000000725200000, 0x0000000725200000, 0x0000000725400000|  0%| F|  |TAMS 0x0000000725200000| PB 0x0000000725200000| Untracked 
| 282|0x0000000725400000, 0x0000000725400000, 0x0000000725600000|  0%| F|  |TAMS 0x0000000725400000| PB 0x0000000725400000| Untracked 
| 283|0x0000000725600000, 0x0000000725600000, 0x0000000725800000|  0%| F|  |TAMS 0x0000000725600000| PB 0x0000000725600000| Untracked 
| 284|0x0000000725800000, 0x00000007258366b0, 0x0000000725a00000| 10%| S|CS|TAMS 0x0000000725800000| PB 0x0000000725800000| Complete 
| 285|0x0000000725a00000, 0x0000000725a00000, 0x0000000725c00000|  0%| F|  |TAMS 0x0000000725a00000| PB 0x0000000725a00000| Untracked 
| 286|0x0000000725c00000, 0x0000000725c00000, 0x0000000725e00000|  0%| F|  |TAMS 0x0000000725c00000| PB 0x0000000725c00000| Untracked 
| 287|0x0000000725e00000, 0x0000000725e00000, 0x0000000726000000|  0%| F|  |TAMS 0x0000000725e00000| PB 0x0000000725e00000| Untracked 
| 288|0x0000000726000000, 0x0000000726000000, 0x0000000726200000|  0%| F|  |TAMS 0x0000000726000000| PB 0x0000000726000000| Untracked 
| 289|0x0000000726200000, 0x0000000726200000, 0x0000000726400000|  0%| F|  |TAMS 0x0000000726200000| PB 0x0000000726200000| Untracked 
| 290|0x0000000726400000, 0x00000007264b6410, 0x0000000726600000| 35%| E|  |TAMS 0x0000000726400000| PB 0x0000000726400000| Complete 
| 291|0x0000000726600000, 0x00000007267c13d0, 0x0000000726800000| 87%| E|  |TAMS 0x0000000726600000| PB 0x0000000726600000| Complete 

Card table byte_map: [0x00000232252d0000,0x0000023225ac0000] _byte_map_base: 0x0000023221ac0000

Marking Bits: (CMBitMap*) 0x000002320d135960
 Bits: [0x0000023225ac0000, 0x0000023229a40000)

Polling page: 0x000002320b0d0000

Metaspace:

Usage:
  Non-class:      8.64 MB used.
      Class:    942.17 KB used.
       Both:      9.56 MB used.

Virtual space:
  Non-class space:       64.00 MB reserved,       8.81 MB ( 14%) committed,  1 nodes.
      Class space:        1.00 GB reserved,       1.00 MB ( <1%) committed,  1 nodes.
             Both:        1.06 GB reserved,       9.81 MB ( <1%) committed. 

Chunk freelists:
   Non-Class:  6.30 MB
       Class:  15.00 MB
        Both:  21.30 MB

MaxMetaspaceSize: unlimited
CompressedClassSpaceSize: 1.00 GB
Initial GC threshold: 21.00 MB
Current GC threshold: 21.00 MB
CDS: on
 - commit_granule_bytes: 65536.
 - commit_granule_words: 8192.
 - virtual_space_node_default_size: 8388608.
 - enlarge_chunks_in_place: 1.
 - use_allocation_guard: 0.


Internal statistics:

num_allocs_failed_limit: 0.
num_arena_births: 216.
num_arena_deaths: 0.
num_vsnodes_births: 2.
num_vsnodes_deaths: 0.
num_space_committed: 157.
num_space_uncommitted: 0.
num_chunks_returned_to_freelist: 0.
num_chunks_taken_from_freelist: 379.
num_chunk_merges: 0.
num_chunk_splits: 248.
num_chunks_enlarged: 157.
num_inconsistent_stats: 0.

CodeHeap 'non-profiled nmethods': size=120000Kb used=670Kb max_used=853Kb free=119329Kb
 bounds [0x000002321d280000, 0x000002321d4f0000, 0x00000232247b0000]
CodeHeap 'profiled nmethods': size=120000Kb used=1828Kb max_used=2530Kb free=118171Kb
 bounds [0x00000232157b0000, 0x0000023215a30000, 0x000002321cce0000]
CodeHeap 'non-nmethods': size=5760Kb used=1672Kb max_used=1726Kb free=4087Kb
 bounds [0x000002321cce0000, 0x000002321cf50000, 0x000002321d280000]
 total_blobs=1751 nmethods=1088 adapters=568
 compilation: enabled
              stopped_count=0, restarted_count=0
 full_count=0

Compilation events (20 events):
Event: 2556.651 Thread 0x000002322c4938f0 1588       3       java.awt.image.SinglePixelPackedSampleModel::<init> (243 bytes)
Event: 2556.653 Thread 0x000002322c4938f0 nmethod 1588 0x00000232159d8b90 code [0x00000232159d8e40, 0x00000232159d9d10]
Event: 2556.665 Thread 0x000002322c4938f0 1589       3       java.awt.Point::<init> (15 bytes)
Event: 2556.666 Thread 0x000002322c4938f0 nmethod 1589 0x00000232157dc610 code [0x00000232157dc7c0, 0x00000232157dc990]
Event: 2556.666 Thread 0x000002322c4938f0 1590       3       java.awt.geom.Point2D::<init> (5 bytes)
Event: 2556.666 Thread 0x000002322c4938f0 nmethod 1590 0x000002321584b690 code [0x000002321584b820, 0x000002321584b988]
Event: 2556.706 Thread 0x000002322c4938f0 1591       3       java.awt.image.Raster::getNumDataElements (8 bytes)
Event: 2556.706 Thread 0x000002322c4938f0 nmethod 1591 0x00000232157e7990 code [0x00000232157e7b40, 0x00000232157e7d28]
Event: 2556.791 Thread 0x000002322c4938f0 1592       3       sun.net.www.protocol.file.Handler::openConnection (7 bytes)
Event: 2556.791 Thread 0x000002322c4938f0 nmethod 1592 0x0000023215830710 code [0x00000232158308c0, 0x0000023215830a38]
Event: 2556.791 Thread 0x000002322c4938f0 1593   !   3       sun.net.www.protocol.file.Handler::openConnection (274 bytes)
Event: 2556.794 Thread 0x000002322c4938f0 nmethod 1593 0x0000023215909210 code [0x0000023215909740, 0x000002321590b890]
Event: 2556.794 Thread 0x000002322c4938f0 1594       3       sun.nio.fs.WindowsPath::getFileSystem (5 bytes)
Event: 2556.794 Thread 0x000002322c4938f0 nmethod 1594 0x000002321583b210 code [0x000002321583b3a0, 0x000002321583b548]
Event: 2556.821 Thread 0x000002322c4938f0 1595       3       java.net.URI$Parser::at (23 bytes)
Event: 2556.822 Thread 0x000002322c4938f0 nmethod 1595 0x0000023215880d10 code [0x0000023215880f00, 0x0000023215881538]
Event: 2556.823 Thread 0x000002322c4938f0 1596  s    3       java.util.Hashtable::put (104 bytes)
Event: 2556.824 Thread 0x000002322c4938f0 nmethod 1596 0x00000232158c8010 code [0x00000232158c8220, 0x00000232158c8988]
Event: 2556.824 Thread 0x000002322c4938f0 1597       3       java.util.Hashtable::addEntry (87 bytes)
Event: 2556.824 Thread 0x000002322c4938f0 nmethod 1597 0x00000232158d1a10 code [0x00000232158d1c00, 0x00000232158d2398]

GC Heap History (20 events):
Event: 1127.540 GC heap before
{Heap before GC invocations=4 (full 1):
 garbage-first heap   total 55296K, used 27655K [0x0000000702000000, 0x0000000800000000)
  region size 2048K, 12 young (24576K), 1 survivors (2048K)
 Metaspace       used 9317K, committed 9600K, reserved 1114112K
  class space    used 909K, committed 1024K, reserved 1048576K
}
Event: 1127.544 GC heap after
{Heap after GC invocations=5 (full 1):
 garbage-first heap   total 55296K, used 5112K [0x0000000702000000, 0x0000000800000000)
  region size 2048K, 1 young (2048K), 1 survivors (2048K)
 Metaspace       used 9317K, committed 9600K, reserved 1114112K
  class space    used 909K, committed 1024K, reserved 1048576K
}
Event: 2063.006 GC heap before
{Heap before GC invocations=5 (full 1):
 garbage-first heap   total 55296K, used 35832K [0x0000000702000000, 0x0000000800000000)
  region size 2048K, 16 young (32768K), 1 survivors (2048K)
 Metaspace       used 9317K, committed 9600K, reserved 1114112K
  class space    used 909K, committed 1024K, reserved 1048576K
}
Event: 2063.009 GC heap after
{Heap after GC invocations=6 (full 1):
 garbage-first heap   total 55296K, used 5115K [0x0000000702000000, 0x0000000800000000)
  region size 2048K, 1 young (2048K), 1 survivors (2048K)
 Metaspace       used 9317K, committed 9600K, reserved 1114112K
  class space    used 909K, committed 1024K, reserved 1048576K
}
Event: 2553.905 GC heap before
{Heap before GC invocations=6 (full 1):
 garbage-first heap   total 55296K, used 39931K [0x0000000702000000, 0x0000000800000000)
  region size 2048K, 15 young (30720K), 1 survivors (2048K)
 Metaspace       used 9720K, committed 9984K, reserved 1114112K
  class space    used 942K, committed 1024K, reserved 1048576K
}
Event: 2553.909 GC heap after
{Heap after GC invocations=7 (full 1):
 garbage-first heap   total 57344K, used 13345K [0x0000000702000000, 0x0000000800000000)
  region size 2048K, 1 young (2048K), 1 survivors (2048K)
 Metaspace       used 9720K, committed 9984K, reserved 1114112K
  class space    used 942K, committed 1024K, reserved 1048576K
}
Event: 2553.957 GC heap before
{Heap before GC invocations=7 (full 1):
 garbage-first heap   total 57344K, used 17441K [0x0000000702000000, 0x0000000800000000)
  region size 2048K, 2 young (4096K), 1 survivors (2048K)
 Metaspace       used 9722K, committed 9984K, reserved 1114112K
  class space    used 942K, committed 1024K, reserved 1048576K
}
Event: 2553.958 GC heap after
{Heap after GC invocations=8 (full 1):
 garbage-first heap   total 57344K, used 20148K [0x0000000702000000, 0x0000000800000000)
  region size 2048K, 2 young (4096K), 2 survivors (4096K)
 Metaspace       used 9722K, committed 9984K, reserved 1114112K
  class space    used 942K, committed 1024K, reserved 1048576K
}
Event: 2554.794 GC heap before
{Heap before GC invocations=9 (full 1):
 garbage-first heap   total 151552K, used 136884K [0x0000000702000000, 0x0000000800000000)
  region size 2048K, 8 young (16384K), 2 survivors (4096K)
 Metaspace       used 9738K, committed 9984K, reserved 1114112K
  class space    used 942K, committed 1024K, reserved 1048576K
}
Event: 2554.796 GC heap after
{Heap after GC invocations=10 (full 1):
 garbage-first heap   total 153600K, used 123983K [0x0000000702000000, 0x0000000800000000)
  region size 2048K, 1 young (2048K), 1 survivors (2048K)
 Metaspace       used 9738K, committed 9984K, reserved 1114112K
  class space    used 942K, committed 1024K, reserved 1048576K
}
Event: 2555.072 GC heap before
{Heap before GC invocations=10 (full 1):
 garbage-first heap   total 178176K, used 158799K [0x0000000702000000, 0x0000000800000000)
  region size 2048K, 3 young (6144K), 1 survivors (2048K)
 Metaspace       used 9739K, committed 9984K, reserved 1114112K
  class space    used 942K, committed 1024K, reserved 1048576K
}
Event: 2555.074 GC heap after
{Heap after GC invocations=11 (full 1):
 garbage-first heap   total 178176K, used 156764K [0x0000000702000000, 0x0000000800000000)
  region size 2048K, 1 young (2048K), 1 survivors (2048K)
 Metaspace       used 9739K, committed 9984K, reserved 1114112K
  class space    used 942K, committed 1024K, reserved 1048576K
}
Event: 2555.110 GC heap before
{Heap before GC invocations=11 (full 1):
 garbage-first heap   total 178176K, used 156764K [0x0000000702000000, 0x0000000800000000)
  region size 2048K, 2 young (4096K), 1 survivors (2048K)
 Metaspace       used 9739K, committed 9984K, reserved 1114112K
  class space    used 942K, committed 1024K, reserved 1048576K
}
Event: 2555.113 GC heap after
{Heap after GC invocations=12 (full 1):
 garbage-first heap   total 178176K, used 159420K [0x0000000702000000, 0x0000000800000000)
  region size 2048K, 1 young (2048K), 1 survivors (2048K)
 Metaspace       used 9739K, committed 9984K, reserved 1114112K
  class space    used 942K, committed 1024K, reserved 1048576K
}
Event: 2555.371 GC heap before
{Heap before GC invocations=13 (full 1):
 garbage-first heap   total 286720K, used 220860K [0x0000000702000000, 0x0000000800000000)
  region size 2048K, 4 young (8192K), 1 survivors (2048K)
 Metaspace       used 9749K, committed 9984K, reserved 1114112K
  class space    used 942K, committed 1024K, reserved 1048576K
}
Event: 2555.374 GC heap after
{Heap after GC invocations=14 (full 1):
 garbage-first heap   total 286720K, used 214859K [0x0000000702000000, 0x0000000800000000)
  region size 2048K, 1 young (2048K), 1 survivors (2048K)
 Metaspace       used 9749K, committed 9984K, reserved 1114112K
  class space    used 942K, committed 1024K, reserved 1048576K
}
Event: 2556.261 GC heap before
{Heap before GC invocations=14 (full 1):
 garbage-first heap   total 368640K, used 360267K [0x0000000702000000, 0x0000000800000000)
  region size 2048K, 9 young (18432K), 1 survivors (2048K)
 Metaspace       used 9764K, committed 9984K, reserved 1114112K
  class space    used 942K, committed 1024K, reserved 1048576K
}
Event: 2556.263 GC heap after
{Heap after GC invocations=15 (full 1):
 garbage-first heap   total 370688K, used 345977K [0x0000000702000000, 0x0000000800000000)
  region size 2048K, 1 young (2048K), 1 survivors (2048K)
 Metaspace       used 9764K, committed 9984K, reserved 1114112K
  class space    used 942K, committed 1024K, reserved 1048576K
}
Event: 2556.280 GC heap before
{Heap before GC invocations=15 (full 1):
 garbage-first heap   total 370688K, used 345977K [0x0000000702000000, 0x0000000800000000)
  region size 2048K, 2 young (4096K), 1 survivors (2048K)
 Metaspace       used 9765K, committed 9984K, reserved 1114112K
  class space    used 942K, committed 1024K, reserved 1048576K
}
Event: 2556.282 GC heap after
{Heap after GC invocations=16 (full 1):
 garbage-first heap   total 370688K, used 347415K [0x0000000702000000, 0x0000000800000000)
  region size 2048K, 1 young (2048K), 1 survivors (2048K)
 Metaspace       used 9765K, committed 9984K, reserved 1114112K
  class space    used 942K, committed 1024K, reserved 1048576K
}

Dll operation events (20 events):
Event: 4.067 Loaded shared library C:\Users\Ecole\.openjfx\cache\21.0.3+2\amd64\api-ms-win-crt-heap-l1-1-0.dll
Event: 4.090 Loaded shared library C:\Users\Ecole\.openjfx\cache\21.0.3+2\amd64\api-ms-win-crt-locale-l1-1-0.dll
Event: 4.112 Loaded shared library C:\Users\Ecole\.openjfx\cache\21.0.3+2\amd64\api-ms-win-crt-math-l1-1-0.dll
Event: 4.137 Loaded shared library C:\Users\Ecole\.openjfx\cache\21.0.3+2\amd64\api-ms-win-crt-multibyte-l1-1-0.dll
Event: 4.162 Loaded shared library C:\Users\Ecole\.openjfx\cache\21.0.3+2\amd64\api-ms-win-crt-private-l1-1-0.dll
Event: 4.183 Loaded shared library C:\Users\Ecole\.openjfx\cache\21.0.3+2\amd64\api-ms-win-crt-process-l1-1-0.dll
Event: 4.213 Loaded shared library C:\Users\Ecole\.openjfx\cache\21.0.3+2\amd64\api-ms-win-crt-runtime-l1-1-0.dll
Event: 4.233 Loaded shared library C:\Users\Ecole\.openjfx\cache\21.0.3+2\amd64\api-ms-win-crt-stdio-l1-1-0.dll
Event: 4.251 Loaded shared library C:\Users\Ecole\.openjfx\cache\21.0.3+2\amd64\api-ms-win-crt-string-l1-1-0.dll
Event: 4.279 Loaded shared library C:\Users\Ecole\.openjfx\cache\21.0.3+2\amd64\api-ms-win-crt-time-l1-1-0.dll
Event: 4.301 Loaded shared library C:\Users\Ecole\.openjfx\cache\21.0.3+2\amd64\api-ms-win-crt-utility-l1-1-0.dll
Event: 4.355 Loaded shared library C:\Users\Ecole\.openjfx\cache\21.0.3+2\amd64\ucrtbase.dll
Event: 4.380 Loaded shared library C:\Users\Ecole\.openjfx\cache\21.0.3+2\amd64\vcruntime140.dll
Event: 4.403 Loaded shared library C:\Users\Ecole\.openjfx\cache\21.0.3+2\amd64\vcruntime140_1.dll
Event: 4.447 Loaded shared library C:\Users\Ecole\.openjfx\cache\21.0.3+2\amd64\msvcp140.dll
Event: 4.473 Loaded shared library C:\Users\Ecole\.openjfx\cache\21.0.3+2\amd64\msvcp140_1.dll
Event: 4.497 Loaded shared library C:\Users\Ecole\.openjfx\cache\21.0.3+2\amd64\msvcp140_2.dll
Event: 4.681 Loaded shared library C:\Users\Ecole\.openjfx\cache\21.0.3+2\amd64\prism_d3d.dll
Event: 4.834 Loaded shared library C:\Users\Ecole\.openjfx\cache\21.0.3+2\amd64\glass.dll
Event: 2553.486 Loaded shared library E:\coles\Vanier\GameProgramming\jdk\bin\javajpeg.dll

Deoptimization events (20 events):
Event: 2554.010 Thread 0x000002327ba288f0 DEOPT PACKING pc=0x0000023215a18074 sp=0x0000009a0effe450
Event: 2554.010 Thread 0x000002327ba288f0 DEOPT UNPACKING pc=0x000002321cd34e42 sp=0x0000009a0effd930 mode 0
Event: 2554.010 Thread 0x000002327ba288f0 DEOPT PACKING pc=0x0000023215a18074 sp=0x0000009a0effe450
Event: 2554.010 Thread 0x000002327ba288f0 DEOPT UNPACKING pc=0x000002321cd34e42 sp=0x0000009a0effd930 mode 0
Event: 2554.864 Thread 0x000002327ba288f0 Uncommon trap: trap_request=0xffffff6e fr.pc=0x000002321d31796c relative=0x00000000000055ec
Event: 2554.864 Thread 0x000002327ba288f0 Uncommon trap: reason=loop_limit_check action=maybe_recompile pc=0x000002321d31796c method=com.sun.imageio.plugins.gif.GIFImageReader.read(ILjavax/imageio/ImageReadParam;)Ljava/awt/image/BufferedImage; @ 833 c2
Event: 2554.864 Thread 0x000002327ba288f0 DEOPT PACKING pc=0x000002321d31796c sp=0x0000009a0effe480
Event: 2554.864 Thread 0x000002327ba288f0 DEOPT UNPACKING pc=0x000002321cd346a2 sp=0x0000009a0effe4b0 mode 2
Event: 2555.206 Thread 0x000002327ba288f0 Uncommon trap: trap_request=0xffffff45 fr.pc=0x000002321d320264 relative=0x0000000000000e24
Event: 2555.206 Thread 0x000002327ba288f0 Uncommon trap: reason=unstable_if action=reinterpret pc=0x000002321d320264 method=jdk.internal.jimage.ImageStringsReader.stringFromByteBufferMatches(Ljava/nio/ByteBuffer;ILjava/lang/String;I)I @ 48 c2
Event: 2555.206 Thread 0x000002327ba288f0 DEOPT PACKING pc=0x000002321d320264 sp=0x0000009a0effdf90
Event: 2555.206 Thread 0x000002327ba288f0 DEOPT UNPACKING pc=0x000002321cd346a2 sp=0x0000009a0effdd48 mode 2
Event: 2555.338 Thread 0x000002327ba288f0 Uncommon trap: trap_request=0xffffff45 fr.pc=0x000002321d32a7ac relative=0x000000000000324c
Event: 2555.338 Thread 0x000002327ba288f0 Uncommon trap: reason=unstable_if action=reinterpret pc=0x000002321d32a7ac method=com.sun.imageio.plugins.gif.GIFImageReader.read(ILjavax/imageio/ImageReadParam;)Ljava/awt/image/BufferedImage; @ 800 c2
Event: 2555.338 Thread 0x000002327ba288f0 DEOPT PACKING pc=0x000002321d32a7ac sp=0x0000009a0effe490
Event: 2555.338 Thread 0x000002327ba288f0 DEOPT UNPACKING pc=0x000002321cd346a2 sp=0x0000009a0effe4a8 mode 2
Event: 2555.908 Thread 0x000002327ba288f0 Uncommon trap: trap_request=0xffffff45 fr.pc=0x000002321d345a70 relative=0x00000000000064f0
Event: 2555.908 Thread 0x000002327ba288f0 Uncommon trap: reason=unstable_if action=reinterpret pc=0x000002321d345a70 method=com.sun.imageio.plugins.gif.GIFImageReader.read(ILjavax/imageio/ImageReadParam;)Ljava/awt/image/BufferedImage; @ 800 c2
Event: 2555.908 Thread 0x000002327ba288f0 DEOPT PACKING pc=0x000002321d345a70 sp=0x0000009a0effe480
Event: 2555.908 Thread 0x000002327ba288f0 DEOPT UNPACKING pc=0x000002321cd346a2 sp=0x0000009a0effe4a8 mode 2

Classes loaded (20 events):
Event: 2553.489 Loading class javax/imageio/plugins/jpeg/JPEGImageReadParam
Event: 2553.489 Loading class javax/imageio/plugins/jpeg/JPEGImageReadParam done
Event: 2553.535 Loading class com/sun/imageio/plugins/jpeg/ImageTypeProducer
Event: 2553.536 Loading class com/sun/imageio/plugins/jpeg/ImageTypeProducer done
Event: 2553.537 Loading class com/sun/imageio/plugins/jpeg/ImageTypeIterator
Event: 2553.538 Loading class com/sun/imageio/plugins/jpeg/ImageTypeIterator done
Event: 2553.751 Loading class com/sun/imageio/plugins/gif/GIFImageReader
Event: 2553.767 Loading class com/sun/imageio/plugins/gif/GIFImageReader done
Event: 2553.767 Loading class com/sun/imageio/plugins/gif/GIFStreamMetadata
Event: 2553.768 Loading class com/sun/imageio/plugins/gif/GIFMetadata
Event: 2553.768 Loading class com/sun/imageio/plugins/gif/GIFMetadata done
Event: 2553.768 Loading class com/sun/imageio/plugins/gif/GIFStreamMetadata done
Event: 2553.769 Loading class jdk/internal/util/ByteArrayLittleEndian
Event: 2553.772 Loading class jdk/internal/util/ByteArrayLittleEndian done
Event: 2553.773 Loading class com/sun/imageio/plugins/gif/GIFImageMetadata
Event: 2553.774 Loading class com/sun/imageio/plugins/gif/GIFImageMetadata done
Event: 2553.776 Loading class java/awt/image/MultiPixelPackedSampleModel
Event: 2553.777 Loading class java/awt/image/MultiPixelPackedSampleModel done
Event: 2553.777 Loading class sun/awt/image/BytePackedRaster
Event: 2553.781 Loading class sun/awt/image/BytePackedRaster done

Classes unloaded (0 events):
No events

Classes redefined (0 events):
No events

Internal exceptions (20 events):
Event: 0.810 Thread 0x000002320af2c560 Exception <a 'java/lang/NoSuchMethodError'{0x0000000711baabe0}: 'int java.lang.invoke.DirectMethodHandle$Holder.invokeSpecial(java.lang.Object, java.lang.Object, java.lang.Object)'> (0x0000000711baabe0) 
thrown [s\src\hotspot\share\interpreter\linkResolver.cpp, line 773]
Event: 0.847 Thread 0x000002320af2c560 Exception <a 'java/lang/NoSuchMethodError'{0x0000000711bd4468}: 'java.lang.Object java.lang.invoke.DirectMethodHandle$Holder.invokeStatic(java.lang.Object, java.lang.Object, int)'> (0x0000000711bd4468) 
thrown [s\src\hotspot\share\interpreter\linkResolver.cpp, line 773]
Event: 0.854 Thread 0x000002320af2c560 Exception <a 'java/lang/NoSuchMethodError'{0x0000000711bdfcc8}: 'void java.lang.invoke.DelegatingMethodHandle$Holder.delegate(java.lang.Object, java.lang.Object, int, java.lang.Object)'> (0x0000000711bdfcc8) 
thrown [s\src\hotspot\share\interpreter\linkResolver.cpp, line 773]
Event: 0.923 Thread 0x000002320af2c560 Exception <a 'java/io/FileNotFoundException'{0x0000000711827c38}> (0x0000000711827c38) 
thrown [s\src\hotspot\share\prims\jni.cpp, line 520]
Event: 0.949 Thread 0x000002320af2c560 Exception <a 'java/io/FileNotFoundException'{0x0000000711852748}> (0x0000000711852748) 
thrown [s\src\hotspot\share\prims\jni.cpp, line 520]
Event: 1.843 Thread 0x000002327a799b30 Exception <a 'java/lang/NoSuchMethodError'{0x00000007116f9680}: 'void java.lang.invoke.DirectMethodHandle$Holder.invokeStatic(java.lang.Object, java.lang.Object)'> (0x00000007116f9680) 
thrown [s\src\hotspot\share\interpreter\linkResolver.cpp, line 773]
Event: 1.845 Thread 0x000002327a799b30 Exception <a 'java/lang/NoSuchMethodError'{0x00000007116fec48}: 'java.lang.Object java.lang.invoke.DirectMethodHandle$Holder.newInvokeSpecial(java.lang.Object, java.lang.Object, java.lang.Object, java.lang.Object, java.lang.Object, java.lang.Object, java.lang.Object, java.lang.Object)'> (0x00000007116fec48) 
thrown [s\src\hotspot\share\interpreter\linkResolver.cpp, line 773]
Event: 2.116 Thread 0x000002327a94f720 Exception <a 'java/lang/ClassNotFoundException'{0x00000007114d08a0}: sun/net/www/protocol/e/Handler> (0x00000007114d08a0) 
thrown [s\src\hotspot\share\classfile\systemDictionary.cpp, line 312]
Event: 2.263 Thread 0x000002327a94f720 Exception <a 'java/lang/NoSuchMethodError'{0x00000007115343a8}: 'java.lang.Object java.lang.invoke.DirectMethodHandle$Holder.invokeStaticInit(java.lang.Object, int, int, int, int)'> (0x00000007115343a8) 
thrown [s\src\hotspot\share\interpreter\linkResolver.cpp, line 773]
Event: 2.431 Thread 0x000002327a94f720 Exception <a 'java/lang/NoSuchMethodError'{0x00000007115b1908}: 'java.lang.Object java.lang.invoke.DirectMethodHandle$Holder.invokeStaticInit(java.lang.Object, java.lang.Object, int, int, int, int)'> (0x00000007115b1908) 
thrown [s\src\hotspot\share\interpreter\linkResolver.cpp, line 773]
Event: 2.803 Thread 0x000002327abff020 Exception <a 'java/lang/NoSuchMethodError'{0x000000071127a5e8}: 'void java.lang.invoke.DirectMethodHandle$Holder.invokeStatic(java.lang.Object, java.lang.Object, java.lang.Object)'> (0x000000071127a5e8) 
thrown [s\src\hotspot\share\interpreter\linkResolver.cpp, line 773]
Event: 2.989 Thread 0x000002327ac4b8f0 Exception <a 'java/lang/NoSuchMethodError'{0x00000007113677c8}: 'java.lang.Object java.lang.invoke.DirectMethodHandle$Holder.invokeStatic(java.lang.Object, int, java.lang.Object)'> (0x00000007113677c8) 
thrown [s\src\hotspot\share\interpreter\linkResolver.cpp, line 773]
Event: 3.007 Thread 0x000002327ac4b8f0 Exception <a 'java/lang/ClassNotFoundException'{0x0000000711378300}: sun/util/logging/resources/spi/loggingProvider> (0x0000000711378300) 
thrown [s\src\hotspot\share\classfile\systemDictionary.cpp, line 312]
Event: 3.180 Thread 0x000002327ac4b8f0 Implicit null exception at 0x000002321d2c7b2d to 0x000002321d2c7f34
Event: 4.774 Thread 0x000002327ac4b8f0 Exception <a 'java/lang/NoSuchMethodError'{0x0000000711921de0}: 'int java.lang.invoke.DirectMethodHandle$Holder.invokeStaticInit(java.lang.Object, java.lang.Object, java.lang.Object)'> (0x0000000711921de0) 
thrown [s\src\hotspot\share\interpreter\linkResolver.cpp, line 773]
Event: 4.850 Thread 0x000002327ac4b8f0 Exception <a 'java/lang/NoSuchMethodError'{0x00000007116055e8}: 'java.lang.Object java.lang.invoke.DirectMethodHandle$Holder.newInvokeSpecial(java.lang.Object, java.lang.Object, int, java.lang.Object)'> (0x00000007116055e8) 
thrown [s\src\hotspot\share\interpreter\linkResolver.cpp, line 773]
Event: 4.852 Thread 0x000002327ac4b8f0 Exception <a 'java/lang/NoSuchMethodError'{0x0000000711609198}: 'java.lang.Object java.lang.invoke.DirectMethodHandle$Holder.invokeSpecial(java.lang.Object, java.lang.Object, java.lang.Object, int, java.lang.Object)'> (0x0000000711609198) 
thrown [s\src\hotspot\share\interpreter\linkResolver.cpp, line 773]
Event: 4.855 Thread 0x000002327ac4b8f0 Exception <a 'java/lang/NoSuchMethodError'{0x000000071160fa48}: 'void java.lang.invoke.DirectMethodHandle$Holder.invokeSpecial(java.lang.Object, java.lang.Object, int, java.lang.Object)'> (0x000000071160fa48) 
thrown [s\src\hotspot\share\interpreter\linkResolver.cpp, line 773]
Event: 5.064 Thread 0x000002327ba27540 Exception <a 'java/lang/NoSuchMethodError'{0x00000007117c84f8}: 'void java.lang.invoke.DirectMethodHandle$Holder.invokeStaticInit(java.lang.Object)'> (0x00000007117c84f8) 
thrown [s\src\hotspot\share\interpreter\linkResolver.cpp, line 773]
Event: 2553.409 Thread 0x000002327a954d00 Exception <a 'java/lang/NoSuchMethodError'{0x000000070420f7c0}: 'void java.lang.invoke.DirectMethodHandle$Holder.invokeInterface(java.lang.Object, java.lang.Object)'> (0x000000070420f7c0) 
thrown [s\src\hotspot\share\interpreter\linkResolver.cpp, line 773]

ZGC Phase Switch (0 events):
No events

VM Operations (20 events):
Event: 2554.794 Executing VM operation: G1CollectForAllocation (G1 Evacuation Pause)
Event: 2554.796 Executing VM operation: G1CollectForAllocation (G1 Evacuation Pause) done
Event: 2555.072 Executing VM operation: G1CollectForAllocation (G1 Evacuation Pause)
Event: 2555.074 Executing VM operation: G1CollectForAllocation (G1 Evacuation Pause) done
Event: 2555.110 Executing VM operation: G1TryInitiateConcMark (G1 Humongous Allocation)
Event: 2555.113 Executing VM operation: G1TryInitiateConcMark (G1 Humongous Allocation) done
Event: 2555.122 Executing VM operation: G1PauseRemark
Event: 2555.126 Executing VM operation: G1PauseRemark done
Event: 2555.130 Executing VM operation: G1PauseCleanup
Event: 2555.130 Executing VM operation: G1PauseCleanup done
Event: 2555.371 Executing VM operation: G1CollectForAllocation (G1 Evacuation Pause)
Event: 2555.374 Executing VM operation: G1CollectForAllocation (G1 Evacuation Pause) done
Event: 2556.261 Executing VM operation: G1CollectForAllocation (G1 Evacuation Pause)
Event: 2556.263 Executing VM operation: G1CollectForAllocation (G1 Evacuation Pause) done
Event: 2556.280 Executing VM operation: G1TryInitiateConcMark (G1 Humongous Allocation)
Event: 2556.282 Executing VM operation: G1TryInitiateConcMark (G1 Humongous Allocation) done
Event: 2556.294 Executing VM operation: G1PauseRemark
Event: 2556.300 Executing VM operation: G1PauseRemark done
Event: 2556.303 Executing VM operation: G1PauseCleanup
Event: 2556.303 Executing VM operation: G1PauseCleanup done

Memory protections (0 events):
No events

Nmethod flushes (20 events):
Event: 2556.297 Thread 0x000002322c44bef0 flushing  nmethod 0x00000232158af810
Event: 2556.297 Thread 0x000002322c44bef0 flushing  nmethod 0x00000232158b0890
Event: 2556.297 Thread 0x000002322c44bef0 flushing  nmethod 0x00000232158b1d90
Event: 2556.297 Thread 0x000002322c44bef0 flushing  nmethod 0x00000232158b4690
Event: 2556.297 Thread 0x000002322c44bef0 flushing  nmethod 0x00000232158b6690
Event: 2556.297 Thread 0x000002322c44bef0 flushing  nmethod 0x00000232158deb10
Event: 2556.297 Thread 0x000002322c44bef0 flushing  nmethod 0x0000023215918b10
Event: 2556.297 Thread 0x000002322c44bef0 flushing  nmethod 0x000002321591ab90
Event: 2556.297 Thread 0x000002322c44bef0 flushing  nmethod 0x0000023215970d10
Event: 2556.297 Thread 0x000002322c44bef0 flushing  nmethod 0x0000023215971e90
Event: 2556.297 Thread 0x000002322c44bef0 flushing  nmethod 0x0000023215972310
Event: 2556.297 Thread 0x000002322c44bef0 flushing  nmethod 0x0000023215972a90
Event: 2556.297 Thread 0x000002322c44bef0 flushing  nmethod 0x0000023215972f10
Event: 2556.297 Thread 0x000002322c44bef0 flushing  nmethod 0x0000023215973f10
Event: 2556.297 Thread 0x000002322c44bef0 flushing  nmethod 0x0000023215974390
Event: 2556.297 Thread 0x000002322c44bef0 flushing  nmethod 0x0000023215974790
Event: 2556.297 Thread 0x000002322c44bef0 flushing  nmethod 0x0000023215974b10
Event: 2556.297 Thread 0x000002322c44bef0 flushing  nmethod 0x0000023215975610
Event: 2556.297 Thread 0x000002322c44bef0 flushing  nmethod 0x00000232159b1c90
Event: 2556.297 Thread 0x000002322c44bef0 flushing  nmethod 0x00000232159b3f90

Events (20 events):
Event: 2.809 Thread 0x000002327abff020 Thread added: 0x000002327ac4b8f0
Event: 3.868 Thread 0x000002327abe5190 Thread exited: 0x000002327abe5190
Event: 4.634 Thread 0x000002327ac4b8f0 Thread added: 0x000002327b87e100
Event: 4.844 Thread 0x000002327ac4b8f0 Thread added: 0x000002327ba1f7f0
Event: 4.858 Thread 0x000002327ac4b8f0 Thread added: 0x000002327ba27540
Event: 5.071 Thread 0x000002327ac4b8f0 Thread exited: 0x000002327ac4b8f0
Event: 5.089 Thread 0x000002327abff020 Thread added: 0x000002327ba27bd0
Event: 5.096 Thread 0x000002327ba28260 Thread added: 0x000002327ba28260
Event: 5.147 Thread 0x000002327abff020 Thread added: 0x000002327ba288f0
Event: 5.149 Thread 0x000002327abff020 Thread exited: 0x000002327abff020
Event: 731.329 Thread 0x000002327a79a2f0 Thread added: 0x000002327ba2a9c0
Event: 733.004 Thread 0x000002327ba2a9c0 Thread exited: 0x000002327ba2a9c0
Event: 735.342 Thread 0x000002327a79a2f0 Thread added: 0x000002327ba28f80
Event: 736.841 Thread 0x000002327ba28f80 Thread exited: 0x000002327ba28f80
Event: 934.619 Thread 0x000002327a79a2f0 Thread added: 0x000002327ba28f80
Event: 935.757 Thread 0x000002327ba28f80 Thread exited: 0x000002327ba28f80
Event: 1113.969 Thread 0x000002327a79a2f0 Thread added: 0x000002327ba2a9c0
Event: 1114.969 Thread 0x000002327ba2a9c0 Thread exited: 0x000002327ba2a9c0
Event: 2554.661 Thread 0x000002322c4938f0 Thread added: 0x000002322c492480
Event: 2556.209 Thread 0x000002322c492480 Thread exited: 0x000002322c492480


Dynamic libraries:
0x00007ff6b63d0000 - 0x00007ff6b63de000 	E:\coles\Vanier\GameProgramming\jdk\bin\java.exe
0x00007ffd08430000 - 0x00007ffd08628000 	C:\WINDOWS\SYSTEM32\ntdll.dll
0x00007ffd069c0000 - 0x00007ffd06a82000 	C:\WINDOWS\System32\KERNEL32.DLL
0x00007ffd05bd0000 - 0x00007ffd05ec6000 	C:\WINDOWS\System32\KERNELBASE.dll
0x00007ffd061f0000 - 0x00007ffd062f0000 	C:\WINDOWS\System32\ucrtbase.dll
0x00007ffcdffc0000 - 0x00007ffcdffd8000 	E:\coles\Vanier\GameProgramming\jdk\bin\jli.dll
0x00007ffcd7c80000 - 0x00007ffcd7c9b000 	E:\coles\Vanier\GameProgramming\jdk\bin\VCRUNTIME140.dll
0x00007ffd079b0000 - 0x00007ffd07b4d000 	C:\WINDOWS\System32\USER32.dll
0x00007ffd05ff0000 - 0x00007ffd06012000 	C:\WINDOWS\System32\win32u.dll
0x00007ffd076e0000 - 0x00007ffd0770b000 	C:\WINDOWS\System32\GDI32.dll
0x00007ffd060d0000 - 0x00007ffd061ea000 	C:\WINDOWS\System32\gdi32full.dll
0x00007ffd05ed0000 - 0x00007ffd05f6d000 	C:\WINDOWS\System32\msvcp_win.dll
0x00007ffce4180000 - 0x00007ffce441a000 	C:\WINDOWS\WinSxS\amd64_microsoft.windows.common-controls_6595b64144ccf1df_6.0.19041.4355_none_60b8b9eb71f62e16\COMCTL32.dll
0x00007ffd07910000 - 0x00007ffd079ae000 	C:\WINDOWS\System32\msvcrt.dll
0x00007ffd07830000 - 0x00007ffd0785f000 	C:\WINDOWS\System32\IMM32.DLL
0x00007ffcff5f0000 - 0x00007ffcff5fc000 	E:\coles\Vanier\GameProgramming\jdk\bin\vcruntime140_1.dll
0x00007ffcd45d0000 - 0x00007ffcd465e000 	E:\coles\Vanier\GameProgramming\jdk\bin\msvcp140.dll
0x00007ffcad930000 - 0x00007ffcae6b8000 	E:\coles\Vanier\GameProgramming\jdk\bin\server\jvm.dll
0x00007ffd07860000 - 0x00007ffd0790f000 	C:\WINDOWS\System32\ADVAPI32.dll
0x00007ffd067b0000 - 0x00007ffd0684f000 	C:\WINDOWS\System32\sechost.dll
0x00007ffd06c40000 - 0x00007ffd06d63000 	C:\WINDOWS\System32\RPCRT4.dll
0x00007ffd05b50000 - 0x00007ffd05b77000 	C:\WINDOWS\System32\bcrypt.dll
0x00007ffd07510000 - 0x00007ffd0757b000 	C:\WINDOWS\System32\WS2_32.dll
0x00007ffd05920000 - 0x00007ffd0596b000 	C:\WINDOWS\SYSTEM32\POWRPROF.dll
0x00007ffcf4590000 - 0x00007ffcf45b7000 	C:\WINDOWS\SYSTEM32\WINMM.dll
0x00007ffcfe420000 - 0x00007ffcfe42a000 	C:\WINDOWS\SYSTEM32\VERSION.dll
0x00007ffd05900000 - 0x00007ffd05912000 	C:\WINDOWS\SYSTEM32\UMPDC.dll
0x00007ffd042a0000 - 0x00007ffd042b2000 	C:\WINDOWS\SYSTEM32\kernel.appcore.dll
0x00007ffcff550000 - 0x00007ffcff55a000 	E:\coles\Vanier\GameProgramming\jdk\bin\jimage.dll
0x00007ffd038d0000 - 0x00007ffd03ab4000 	C:\WINDOWS\SYSTEM32\DBGHELP.DLL
0x00007ffcdacd0000 - 0x00007ffcdad04000 	C:\WINDOWS\SYSTEM32\dbgcore.DLL
0x00007ffd05ac0000 - 0x00007ffd05b42000 	C:\WINDOWS\System32\bcryptPrimitives.dll
0x00007ffcb93d0000 - 0x00007ffcb940c000 	E:\coles\Vanier\GameProgramming\jdk\bin\jdwp.dll
0x00007ffcd2970000 - 0x00007ffcd298f000 	E:\coles\Vanier\GameProgramming\jdk\bin\java.dll
0x00007ffd07c20000 - 0x00007ffd0838f000 	C:\WINDOWS\System32\SHELL32.dll
0x00007ffd03ae0000 - 0x00007ffd04283000 	C:\WINDOWS\SYSTEM32\windows.storage.dll
0x00007ffd06450000 - 0x00007ffd067a5000 	C:\WINDOWS\System32\combase.dll
0x00007ffd05340000 - 0x00007ffd0536b000 	C:\WINDOWS\SYSTEM32\Wldp.dll
0x00007ffd07b50000 - 0x00007ffd07c1d000 	C:\WINDOWS\System32\OLEAUT32.dll
0x00007ffd06910000 - 0x00007ffd069bd000 	C:\WINDOWS\System32\SHCORE.dll
0x00007ffd075a0000 - 0x00007ffd075f5000 	C:\WINDOWS\System32\shlwapi.dll
0x00007ffd059f0000 - 0x00007ffd05a15000 	C:\WINDOWS\SYSTEM32\profapi.dll
0x00007ffcb8d70000 - 0x00007ffcb8e47000 	E:\coles\Vanier\GameProgramming\jdk\bin\jsvml.dll
0x00007ffce61e0000 - 0x00007ffce61eb000 	E:\coles\Vanier\GameProgramming\jdk\bin\dt_shmem.dll
0x00007ffcec9a0000 - 0x00007ffcec9b0000 	E:\coles\Vanier\GameProgramming\jdk\bin\net.dll
0x00007ffcfcf10000 - 0x00007ffcfd01a000 	C:\WINDOWS\SYSTEM32\WINHTTP.dll
0x00007ffd05120000 - 0x00007ffd0518c000 	C:\WINDOWS\system32\mswsock.dll
0x00007ffcd2950000 - 0x00007ffcd2966000 	E:\coles\Vanier\GameProgramming\jdk\bin\nio.dll
0x00007ffcd25a0000 - 0x00007ffcd25b8000 	E:\coles\Vanier\GameProgramming\jdk\bin\zip.dll
0x00007ffcb1f10000 - 0x00007ffcb209e000 	E:\coles\Vanier\GameProgramming\jdk\bin\awt.dll
0x00007ffd02360000 - 0x00007ffd023f4000 	C:\WINDOWS\SYSTEM32\apphelp.dll
0x00007ffd03120000 - 0x00007ffd031be000 	C:\WINDOWS\system32\uxtheme.dll
0x00007ffd07710000 - 0x00007ffd07825000 	C:\WINDOWS\System32\MSCTF.dll
0x00007ffd06dd0000 - 0x00007ffd06efb000 	C:\WINDOWS\System32\ole32.dll
0x00007ffd05700000 - 0x00007ffd05718000 	C:\WINDOWS\SYSTEM32\CRYPTSP.dll
0x00007ffd04a60000 - 0x00007ffd04a98000 	C:\WINDOWS\system32\rsaenh.dll
0x00007ffd05970000 - 0x00007ffd0599e000 	C:\WINDOWS\SYSTEM32\USERENV.dll
0x00007ffd052b0000 - 0x00007ffd052bc000 	C:\WINDOWS\SYSTEM32\CRYPTBASE.dll
0x00007ffd04e20000 - 0x00007ffd04e5b000 	C:\WINDOWS\SYSTEM32\IPHLPAPI.DLL
0x00007ffd07410000 - 0x00007ffd07418000 	C:\WINDOWS\System32\NSI.dll
0x00007ffd03330000 - 0x00007ffd0335f000 	C:\WINDOWS\system32\DWMAPI.DLL
0x00007ffcd6890000 - 0x00007ffcd69b8000 	C:\WINDOWS\system32\opengl32.dll
0x00007ffcea8a0000 - 0x00007ffcea8cc000 	C:\WINDOWS\SYSTEM32\GLU32.dll
0x000002322cc40000 - 0x000002322cc43000 	C:\Users\Ecole\.openjfx\cache\21.0.3+2\amd64\api-ms-win-core-console-l1-1-0.dll
0x000002322cfa0000 - 0x000002322cfa3000 	C:\Users\Ecole\.openjfx\cache\21.0.3+2\amd64\api-ms-win-core-console-l1-2-0.dll
0x000002322cfb0000 - 0x000002322cfb3000 	C:\Users\Ecole\.openjfx\cache\21.0.3+2\amd64\api-ms-win-core-datetime-l1-1-0.dll
0x000002322cfc0000 - 0x000002322cfc3000 	C:\Users\Ecole\.openjfx\cache\21.0.3+2\amd64\api-ms-win-core-debug-l1-1-0.dll
0x000002322cfd0000 - 0x000002322cfd3000 	C:\Users\Ecole\.openjfx\cache\21.0.3+2\amd64\api-ms-win-core-errorhandling-l1-1-0.dll
0x000002322cfe0000 - 0x000002322cfe4000 	C:\Users\Ecole\.openjfx\cache\21.0.3+2\amd64\api-ms-win-core-file-l1-1-0.dll
0x000002322cff0000 - 0x000002322cff3000 	C:\Users\Ecole\.openjfx\cache\21.0.3+2\amd64\api-ms-win-core-file-l1-2-0.dll
0x000002327b810000 - 0x000002327b813000 	C:\Users\Ecole\.openjfx\cache\21.0.3+2\amd64\api-ms-win-core-file-l2-1-0.dll
0x000002327b820000 - 0x000002327b823000 	C:\Users\Ecole\.openjfx\cache\21.0.3+2\amd64\api-ms-win-core-handle-l1-1-0.dll
0x000002327c800000 - 0x000002327c803000 	C:\Users\Ecole\.openjfx\cache\21.0.3+2\amd64\api-ms-win-core-heap-l1-1-0.dll
0x000002327c810000 - 0x000002327c813000 	C:\Users\Ecole\.openjfx\cache\21.0.3+2\amd64\api-ms-win-core-interlocked-l1-1-0.dll
0x000002327c820000 - 0x000002327c823000 	C:\Users\Ecole\.openjfx\cache\21.0.3+2\amd64\api-ms-win-core-libraryloader-l1-1-0.dll
0x000002327c830000 - 0x000002327c833000 	C:\Users\Ecole\.openjfx\cache\21.0.3+2\amd64\api-ms-win-core-localization-l1-2-0.dll
0x000002327c840000 - 0x000002327c843000 	C:\Users\Ecole\.openjfx\cache\21.0.3+2\amd64\api-ms-win-core-memory-l1-1-0.dll
0x000002327c850000 - 0x000002327c853000 	C:\Users\Ecole\.openjfx\cache\21.0.3+2\amd64\api-ms-win-core-namedpipe-l1-1-0.dll
0x000002327c860000 - 0x000002327c863000 	C:\Users\Ecole\.openjfx\cache\21.0.3+2\amd64\api-ms-win-core-processenvironment-l1-1-0.dll
0x000002327c870000 - 0x000002327c873000 	C:\Users\Ecole\.openjfx\cache\21.0.3+2\amd64\api-ms-win-core-processthreads-l1-1-0.dll
0x000002327c880000 - 0x000002327c883000 	C:\Users\Ecole\.openjfx\cache\21.0.3+2\amd64\api-ms-win-core-processthreads-l1-1-1.dll
0x000002327c890000 - 0x000002327c893000 	C:\Users\Ecole\.openjfx\cache\21.0.3+2\amd64\api-ms-win-core-profile-l1-1-0.dll
0x000002327c8a0000 - 0x000002327c8a3000 	C:\Users\Ecole\.openjfx\cache\21.0.3+2\amd64\api-ms-win-core-rtlsupport-l1-1-0.dll
0x000002327c8b0000 - 0x000002327c8b3000 	C:\Users\Ecole\.openjfx\cache\21.0.3+2\amd64\api-ms-win-core-string-l1-1-0.dll
0x000002327c8c0000 - 0x000002327c8c3000 	C:\Users\Ecole\.openjfx\cache\21.0.3+2\amd64\api-ms-win-core-synch-l1-1-0.dll
0x000002327c8d0000 - 0x000002327c8d3000 	C:\Users\Ecole\.openjfx\cache\21.0.3+2\amd64\api-ms-win-core-synch-l1-2-0.dll
0x000002327c8e0000 - 0x000002327c8e3000 	C:\Users\Ecole\.openjfx\cache\21.0.3+2\amd64\api-ms-win-core-sysinfo-l1-1-0.dll
0x000002327c8f0000 - 0x000002327c8f3000 	C:\Users\Ecole\.openjfx\cache\21.0.3+2\amd64\api-ms-win-core-timezone-l1-1-0.dll
0x000002327c900000 - 0x000002327c903000 	C:\Users\Ecole\.openjfx\cache\21.0.3+2\amd64\api-ms-win-core-util-l1-1-0.dll
0x000002327c910000 - 0x000002327c913000 	C:\Users\Ecole\.openjfx\cache\21.0.3+2\amd64\api-ms-win-crt-conio-l1-1-0.dll
0x000002327c920000 - 0x000002327c924000 	C:\Users\Ecole\.openjfx\cache\21.0.3+2\amd64\api-ms-win-crt-convert-l1-1-0.dll
0x000002327c930000 - 0x000002327c933000 	C:\Users\Ecole\.openjfx\cache\21.0.3+2\amd64\api-ms-win-crt-environment-l1-1-0.dll
0x000002327c940000 - 0x000002327c943000 	C:\Users\Ecole\.openjfx\cache\21.0.3+2\amd64\api-ms-win-crt-filesystem-l1-1-0.dll
0x000002327c950000 - 0x000002327c953000 	C:\Users\Ecole\.openjfx\cache\21.0.3+2\amd64\api-ms-win-crt-heap-l1-1-0.dll
0x000002327c960000 - 0x000002327c963000 	C:\Users\Ecole\.openjfx\cache\21.0.3+2\amd64\api-ms-win-crt-locale-l1-1-0.dll
0x000002327c970000 - 0x000002327c975000 	C:\Users\Ecole\.openjfx\cache\21.0.3+2\amd64\api-ms-win-crt-math-l1-1-0.dll
0x000002327c980000 - 0x000002327c985000 	C:\Users\Ecole\.openjfx\cache\21.0.3+2\amd64\api-ms-win-crt-multibyte-l1-1-0.dll
0x000002327c990000 - 0x000002327c9a0000 	C:\Users\Ecole\.openjfx\cache\21.0.3+2\amd64\api-ms-win-crt-private-l1-1-0.dll
0x000002327c9a0000 - 0x000002327c9a3000 	C:\Users\Ecole\.openjfx\cache\21.0.3+2\amd64\api-ms-win-crt-process-l1-1-0.dll
0x000002327c9b0000 - 0x000002327c9b4000 	C:\Users\Ecole\.openjfx\cache\21.0.3+2\amd64\api-ms-win-crt-runtime-l1-1-0.dll
0x000002327c9c0000 - 0x000002327c9c4000 	C:\Users\Ecole\.openjfx\cache\21.0.3+2\amd64\api-ms-win-crt-stdio-l1-1-0.dll
0x000002327c9d0000 - 0x000002327c9d4000 	C:\Users\Ecole\.openjfx\cache\21.0.3+2\amd64\api-ms-win-crt-string-l1-1-0.dll
0x000002327c9e0000 - 0x000002327c9e3000 	C:\Users\Ecole\.openjfx\cache\21.0.3+2\amd64\api-ms-win-crt-time-l1-1-0.dll
0x000002327c9f0000 - 0x000002327c9f3000 	C:\Users\Ecole\.openjfx\cache\21.0.3+2\amd64\api-ms-win-crt-utility-l1-1-0.dll
0x00007ffcb8c70000 - 0x00007ffcb8d6c000 	C:\Users\Ecole\.openjfx\cache\21.0.3+2\amd64\ucrtbase.dll
0x00007ffcd2580000 - 0x00007ffcd259b000 	C:\Users\Ecole\.openjfx\cache\21.0.3+2\amd64\vcruntime140.dll
0x00007ffcec2f0000 - 0x00007ffcec2fc000 	C:\Users\Ecole\.openjfx\cache\21.0.3+2\amd64\vcruntime140_1.dll
0x00007ffcc0240000 - 0x00007ffcc02ce000 	C:\Users\Ecole\.openjfx\cache\21.0.3+2\amd64\msvcp140.dll
0x00007ffceaa80000 - 0x00007ffceaa89000 	C:\Users\Ecole\.openjfx\cache\21.0.3+2\amd64\msvcp140_1.dll
0x00007ffcd20c0000 - 0x00007ffcd2101000 	C:\Users\Ecole\.openjfx\cache\21.0.3+2\amd64\msvcp140_2.dll
0x00007ffcce530000 - 0x00007ffcce560000 	C:\Users\Ecole\.openjfx\cache\21.0.3+2\amd64\prism_d3d.dll
0x00007ffc98650000 - 0x00007ffc98821000 	C:\WINDOWS\system32\d3d9.dll
0x00007ffcb20a0000 - 0x00007ffcb224d000 	C:\WINDOWS\System32\DriverStore\FileRepository\iigd_dch.inf_amd64_9c0096d37b5f610a\igdumdim64.dll
0x00007ffc6e340000 - 0x00007ffc713e4000 	C:\WINDOWS\System32\DriverStore\FileRepository\iigd_dch.inf_amd64_9c0096d37b5f610a\igd9dxva64.dll
0x00007ffd06f90000 - 0x00007ffd07401000 	C:\WINDOWS\System32\SETUPAPI.dll
0x00007ffd05b80000 - 0x00007ffd05bce000 	C:\WINDOWS\System32\cfgmgr32.dll
0x00007ffcf9660000 - 0x00007ffcf9a69000 	C:\WINDOWS\System32\DriverStore\FileRepository\iigd_dch.inf_amd64_9c0096d37b5f610a\igdgmm64.dll
0x00007ffcca340000 - 0x00007ffcca382000 	C:\Users\Ecole\.openjfx\cache\21.0.3+2\amd64\glass.dll
0x00007ffd07600000 - 0x00007ffd076da000 	C:\WINDOWS\System32\COMDLG32.dll
0x00007ffcc6570000 - 0x00007ffcc6597000 	C:\WINDOWS\System32\DriverStore\FileRepository\iigd_dch.inf_amd64_9c0096d37b5f610a\igdinfo64.dll
0x00007ffcf5ec0000 - 0x00007ffcf9656000 	C:\WINDOWS\System32\DriverStore\FileRepository\iigd_dch.inf_amd64_9c0096d37b5f610a\igc64.dll
0x00007ffd00000000 - 0x00007ffd0003b000 	C:\WINDOWS\SYSTEM32\dxcore.dll
0x00007ffcff670000 - 0x00007ffcff69e000 	E:\coles\Vanier\GameProgramming\jdk\bin\javajpeg.dll

dbghelp: loaded successfully - version: 4.0.5 - missing functions: none
symbol engine: initialized successfully - sym options: 0x614 - pdb path: .;E:\coles\Vanier\GameProgramming\jdk\bin;C:\WINDOWS\SYSTEM32;C:\WINDOWS\WinSxS\amd64_microsoft.windows.common-controls_6595b64144ccf1df_6.0.19041.4355_none_60b8b9eb71f62e16;E:\coles\Vanier\GameProgramming\jdk\bin\server;C:\Users\Ecole\.openjfx\cache\21.0.3+2\amd64;C:\WINDOWS\System32\DriverStore\FileRepository\iigd_dch.inf_amd64_9c0096d37b5f610a

VM Arguments:
jvm_args: -XX:MaxGCPauseMillis=50 -agentlib:jdwp=transport=dt_shmem,address=javadebug -Dfile.encoding=UTF-8 
java_command: bluej.runtime.ExecServer UTF-8
java_class_path (initial): E:\coles\Vanier\GameProgramming\lib\greenfoot.jar;E:\coles\Vanier\GameProgramming\lib\javafx-base-21.0.3-win.jar;E:\coles\Vanier\GameProgramming\lib\javafx-controls-21.0.3-win.jar;E:\coles\Vanier\GameProgramming\lib\javafx-fxml-21.0.3-win.jar;E:\coles\Vanier\GameProgramming\lib\javafx-graphics-21.0.3-win.jar;E:\coles\Vanier\GameProgramming\lib\javafx-media-21.0.3-win.jar;E:\coles\Vanier\GameProgramming\lib\javafx-swing-21.0.3-win.jar;E:\coles\Vanier\GameProgramming\lib\javafx-web-21.0.3-win.jar;E:\coles\Vanier\GameProgramming\lib\junit-4.12.jar;E:\coles\Vanier\GameProgramming\lib\junit-jupiter-5.5.2.jar;E:\coles\Vanier\GameProgramming\lib\junit-jupiter-api-5.5.2.jar;E:\coles\Vanier\GameProgramming\lib\junit-jupiter-engine-5.5.2.jar;E:\coles\Vanier\GameProgramming\lib\junit-jupiter-params-5.5.2.jar;E:\coles\Vanier\GameProgramming\lib\junit-platform-commons-1.5.2.jar;E:\coles\Vanier\GameProgramming\lib\junit-platform-engine-1.5.2.jar;E:\coles\Vanier\GameProgramming\lib\junit-platform-launcher-1.5.2.jar;E:\coles\Vanier\GameProgramming\lib\junit-platform-suite-api-1.5.2.jar;E:\coles\Vanier\GameProgramming\lib\junit-vintage-engine-5.5.2.jar;E:\coles\Vanier\GameProgramming\lib\hamcrest-core-1.3.jar;E:\coles\Vanier\GameProgramming\lib\opentest4j-1.2.0.jar;E:\coles\Vanier\GameProgramming\lib\bluej.jar;E:\coles\Vanier\GameProgramming\lib\classgraph-4.8.90.jar;E:\coles\Vanier\GameProgramming\lib\diffutils-1.2.1.jar;E:\coles\Vanier\GameProgramming\lib\commons-logging-1.2.jar;E:\coles\Vanier\GameProgramming\lib\jl1.0.1.jar;E:\coles\Vanier\GameProgramming\lib\opencsv-2.3.jar;E:\coles\Vanier\GameProgramming\lib\opencsv-2.4.jar;E:\coles\Vanier\GameProgramming\lib\xom-1.3.9.jar;E:\coles\Vanier\GameProgramming\lib\lang-stride.jar;E:\coles\Vanier\GameProgramming\lib\nsmenufx-3.1.0.jar;E:\coles\Vanier\GameProgramming\lib\wellbehavedfx-0.3.3.jar;E:\coles\Vanier\GameProgramming\lib\guava-33.3.1-jre.jar;E:\coles\Vanier\GameProgramming\lib\failureaccess-1.0.2.jar;E:\coles\Vanier\GameProgramming\lib\simple-png-0.2.0.jar;E:\coles\Vanier\GameProgramming\lib\simple-png-javafx-0.2.0.jar;E:\coles\Vanier\GameProgramming\lib\httpclient-4.5.13.jar;E:\coles\Vanier\GameProgramming\lib\httpcore-4.4.13.jar;E:\coles\Vanier\GameProgramming\lib\httpmime-4.1.1.jar;E:\coles\Vanier\GameProgramming\lib\javafx\javafx.base.jar;E:\coles\Vanier\GameProgramming\lib\javafx\javafx.controls.jar;E:\coles\Vanier\GameProgramming\lib\javafx\javafx.fxml.jar;E:\coles\Vanier\GameProgramming\lib\javafx\javafx.graphics.jar;E:\coles\Vanier\GameProgramming\lib\javafx\javafx.media.jar;E:\coles\Vanier\GameProgramming\lib\javafx\javafx.properties.jar;E:\coles\Vanier\GameProgramming\lib\javafx\javafx.swing.jar;E:\coles\Vanier\GameProgramming\lib\javafx\javafx.web.jar
Launcher Type: SUN_STANDARD

[Global flags]
     intx CICompilerCount                          = 4                                         {product} {ergonomic}
     uint ConcGCThreads                            = 2                                         {product} {ergonomic}
     uint G1ConcRefinementThreads                  = 8                                         {product} {ergonomic}
   size_t G1HeapRegionSize                         = 2097152                                   {product} {ergonomic}
    uintx GCDrainStackTargetSize                   = 64                                        {product} {ergonomic}
   size_t InitialHeapSize                          = 266338304                                 {product} {ergonomic}
   size_t MarkStackSize                            = 4194304                                   {product} {ergonomic}
    uintx MaxGCPauseMillis                         = 50                                        {product} {command line}
   size_t MaxHeapSize                              = 4261412864                                {product} {ergonomic}
   size_t MaxNewSize                               = 2556428288                                {product} {ergonomic}
   size_t MinHeapDeltaBytes                        = 2097152                                   {product} {ergonomic}
   size_t MinHeapSize                              = 8388608                                   {product} {ergonomic}
    uintx NonNMethodCodeHeapSize                   = 5839372                                {pd product} {ergonomic}
    uintx NonProfiledCodeHeapSize                  = 122909434                              {pd product} {ergonomic}
    uintx ProfiledCodeHeapSize                     = 122909434                              {pd product} {ergonomic}
    uintx ReservedCodeCacheSize                    = 251658240                              {pd product} {ergonomic}
     bool SegmentedCodeCache                       = true                                      {product} {ergonomic}
   size_t SoftMaxHeapSize                          = 4261412864                             {manageable} {ergonomic}
     bool UseCompressedOops                        = true                           {product lp64_product} {ergonomic}
     bool UseG1GC                                  = true                                      {product} {ergonomic}
     bool UseLargePagesIndividualAllocation        = false                                  {pd product} {ergonomic}

Logging:
Log output configuration:
 #0: stdout all=warning uptime,level,tags foldmultilines=false
 #1: stderr all=off uptime,level,tags foldmultilines=false

Environment Variables:
JAVA_HOME=C:\Program Files\AdoptOpenJDK\jre-8.0.222.10-hotspot\
PATH=C:\Program Files\AdoptOpenJDK\jre-8.0.222.10-hotspot\bin;C:\Program Files\AdoptOpenJDK\jre-11.0.4.11-hotspot\bin;C:\Program Files (x86)\AdoptOpenJDK\jre-8.0.222.10-hotspot\bin;C:\WINDOWS\system32;C:\WINDOWS;C:\WINDOWS\System32\Wbem;C:\WINDOWS\System32\WindowsPowerShell\v1.0\;C:\WINDOWS\System32\OpenSSH\;C:\Program Files (x86)\Intel\Intel(R) Management Engine Components\DAL;C:\Program Files\Intel\Intel(R) Management Engine Components\DAL;C:\Program Files\Intel\WiFi\bin\;C:\Program Files\Common Files\Intel\WirelessCommon\;C:\Program Files (x86)\Druide\Antidote 7\Programmes32;C:\Program Files (x86)\Druide\Antidote 7\Programmes64;C:\Program Files\dotnet\;D:\Git\cmd;C:\Users\Ecole\AppData\Local\Microsoft\WindowsApps;C:\Users\Ecole\.dotnet\tools;
USERNAME=Ecole
OS=Windows_NT
PROCESSOR_IDENTIFIER=Intel64 Family 6 Model 142 Stepping 11, GenuineIntel
TMP=C:\Users\Ecole\AppData\Local\Temp
TEMP=C:\Users\Ecole\AppData\Local\Temp




Periodic native trim disabled

---------------  S Y S T E M  ---------------

OS:
 Windows 10 , 64 bit Build 19041 (10.0.19041.5678)
OS uptime: 5 days 6:22 hours
Hyper-V role detected

CPU: total 8 (initial active 8) (4 cores per cpu, 2 threads per core) family 6 model 142 stepping 11 microcode 0xae, cx8, cmov, fxsr, ht, mmx, 3dnowpref, sse, sse2, sse3, ssse3, sse4.1, sse4.2, popcnt, lzcnt, tsc, tscinvbit, avx, avx2, aes, erms, clmul, bmi1, bmi2, adx, fma, vzeroupper, clflush, clflushopt, hv, rdtscp, f16c
Processor Information for all 8 processors :
  Max Mhz: 1992, Current Mhz: 1792, Mhz Limit: 1792

Memory: 4k page, system-wide physical 16254M (3009M free)
TotalPageFile size 22882M (AvailPageFile size 5M)
current process WorkingSet (physical memory assigned to process): 492M, peak: 492M
current process commit charge ("private bytes"): 746M, peak: 746M

vm_info: OpenJDK 64-Bit Server VM (21.0.4+7-LTS) for windows-amd64 JRE (21.0.4+7-LTS), built on 2024-07-16T00:00:00Z by "admin" with MS VC++ 17.7 (VS2022)

END.
