#
# There is insufficient memory for the Java Runtime Environment to continue.
# Native memory allocation (mmap) failed to map 652214272 bytes. Error detail: G1 virtual space
# Possible reasons:
#   The system is out of physical RAM or swap space
#   This process is running with CompressedOops enabled, and the Java Heap may be blocking the growth of the native heap
# Possible solutions:
#   Reduce memory load on the system
#   Increase physical memory or swap space
#   Check if swap backing store is full
#   Decrease Java heap size (-Xmx/-Xms)
#   Decrease number of Java threads
#   Decrease Java thread stack sizes (-Xss)
#   Set larger code cache with -XX:ReservedCodeCacheSize=
#   JVM is running with Zero Based Compressed Oops mode in which the Java heap is
#     placed in the first 32GB address space. The Java Heap base address is the
#     maximum limit for the native heap growth. Please use -XX:HeapBaseMinAddress
#     to set the Java Heap base and to place the Java Heap above 32GB virtual address.
# This output file may be truncated or incomplete.
#
#  Out of Memory Error (os_windows.cpp:3616), pid=15848, tid=7976
#
# JRE version: OpenJDK Runtime Environment Temurin-21.0.4+7 (21.0.4+7) (build 21.0.4+7-LTS)
# Java VM: OpenJDK 64-Bit Server VM Temurin-21.0.4+7 (21.0.4+7-LTS, mixed mode, sharing, tiered, compressed oops, compressed class ptrs, g1 gc, windows-amd64)
# No core dump will be written. Minidumps are not enabled by default on client versions of Windows
#

---------------  S U M M A R Y ------------

Command Line: -XX:MaxGCPauseMillis=50 -agentlib:jdwp=transport=dt_shmem,address=javadebug -Dfile.encoding=UTF-8 bluej.runtime.ExecServer UTF-8

Host: Intel(R) Core(TM) i7-8565U CPU @ 1.80GHz, 8 cores, 15G,  Windows 10 , 64 bit Build 19041 (10.0.19041.5678)
Time: Fri Apr 25 09:29:29 2025 Eastern Daylight Time elapsed time: 39.771275 seconds (0d 0h 0m 39s)

---------------  T H R E A D  ---------------

Current thread (0x000001a4483adb60):  VMThread "VM Thread"          [id=7976, stack(0x0000003e76800000,0x0000003e76900000) (1024K)]

Stack: [0x0000003e76800000,0x0000003e76900000]
Native frames: (J=compiled Java code, j=interpreted, Vv=VM code, C=native code)
V  [jvm.dll+0x6cbcf9]
V  [jvm.dll+0x8a5551]
V  [jvm.dll+0x8a7a7e]
V  [jvm.dll+0x8a8153]
V  [jvm.dll+0x27eca6]
V  [jvm.dll+0x6c8445]
V  [jvm.dll+0x6bd13a]
V  [jvm.dll+0x354a0a]
V  [jvm.dll+0x35c5b6]
V  [jvm.dll+0x3adf3e]
V  [jvm.dll+0x3ae1e8]
V  [jvm.dll+0x328bcc]
V  [jvm.dll+0x328c57]
V  [jvm.dll+0x36c9cc]
V  [jvm.dll+0x36b218]
V  [jvm.dll+0x328391]
V  [jvm.dll+0x36ac48]
V  [jvm.dll+0x8ade6f]
V  [jvm.dll+0x8af1f4]
V  [jvm.dll+0x8af730]
V  [jvm.dll+0x8af9d3]
V  [jvm.dll+0x84f17b]
V  [jvm.dll+0x6ca3fd]
C  [ucrtbase.dll+0x21bb2]
C  [KERNEL32.DLL+0x17374]
C  [ntdll.dll+0x4cc91]

VM_Operation (0x0000003e78afe650): G1TryInitiateConcMark, mode: safepoint, requested by thread 0x000001a497a901e0


---------------  P R O C E S S  ---------------

Threads class SMR info:
_java_thread_list=0x000001a496b4eec0, length=24, elements={
0x000001a4483cef90, 0x000001a4483cfbf0, 0x000001a4483dabf0, 0x000001a4483dd660,
0x000001a4483de0c0, 0x000001a4483deb20, 0x000001a4483f2620, 0x000001a4484154e0,
0x000001a4486a5c30, 0x000001a4486af4d0, 0x000001a4486afb50, 0x000001a4486b6310,
0x000001a4486b8f50, 0x000001a4966c5040, 0x000001a448878230, 0x000001a496726700,
0x000001a426e4c4d0, 0x000001a497a28270, 0x000001a497a90870, 0x000001a497a8ee30,
0x000001a497a91590, 0x000001a497a91c20, 0x000001a497a901e0, 0x000001a497a8f4c0
}

Java Threads: ( => current thread )
  0x000001a4483cef90 JavaThread "Reference Handler"          daemon [_thread_blocked, id=16016, stack(0x0000003e76900000,0x0000003e76a00000) (1024K)]
  0x000001a4483cfbf0 JavaThread "Finalizer"                  daemon [_thread_blocked, id=3756, stack(0x0000003e76a00000,0x0000003e76b00000) (1024K)]
  0x000001a4483dabf0 JavaThread "Signal Dispatcher"          daemon [_thread_blocked, id=4256, stack(0x0000003e76b00000,0x0000003e76c00000) (1024K)]
  0x000001a4483dd660 JavaThread "Attach Listener"            daemon [_thread_blocked, id=2044, stack(0x0000003e76c00000,0x0000003e76d00000) (1024K)]
  0x000001a4483de0c0 JavaThread "Service Thread"             daemon [_thread_blocked, id=1140, stack(0x0000003e76d00000,0x0000003e76e00000) (1024K)]
  0x000001a4483deb20 JavaThread "Monitor Deflation Thread"   daemon [_thread_blocked, id=10216, stack(0x0000003e76e00000,0x0000003e76f00000) (1024K)]
  0x000001a4483f2620 JavaThread "C2 CompilerThread0"         daemon [_thread_blocked, id=440, stack(0x0000003e76f00000,0x0000003e77000000) (1024K)]
  0x000001a4484154e0 JavaThread "C1 CompilerThread0"         daemon [_thread_blocked, id=20868, stack(0x0000003e77000000,0x0000003e77100000) (1024K)]
  0x000001a4486a5c30 JavaThread "JDWP Transport Listener: dt_shmem" daemon [_thread_blocked, id=11948, stack(0x0000003e77100000,0x0000003e77200000) (1024K)]
  0x000001a4486af4d0 JavaThread "JDWP Event Helper Thread"   daemon [_thread_blocked, id=21596, stack(0x0000003e77200000,0x0000003e77300000) (1024K)]
  0x000001a4486afb50 JavaThread "JDWP Command Reader"        daemon [_thread_in_native, id=4980, stack(0x0000003e77300000,0x0000003e77400000) (1024K)]
  0x000001a4486b6310 JavaThread "Notification Thread"        daemon [_thread_blocked, id=22432, stack(0x0000003e77400000,0x0000003e77500000) (1024K)]
  0x000001a4486b8f50 JavaThread "Common-Cleaner"             daemon [_thread_blocked, id=23436, stack(0x0000003e77500000,0x0000003e77600000) (1024K)]
  0x000001a4966c5040 JavaThread "Java2D Disposer"            daemon [_thread_blocked, id=18084, stack(0x0000003e77600000,0x0000003e77700000) (1024K)]
  0x000001a448878230 JavaThread "AWT-Windows"                daemon [_thread_in_native, id=23216, stack(0x0000003e77800000,0x0000003e77900000) (1024K)]
  0x000001a496726700 JavaThread "BlueJ worker thread"               [_thread_blocked, id=1676, stack(0x0000003e77a00000,0x0000003e77b00000) (1024K)]
  0x000001a426e4c4d0 JavaThread "DestroyJavaVM"                     [_thread_blocked, id=20880, stack(0x0000003e76100000,0x0000003e76200000) (1024K)]
  0x000001a497a28270 JavaThread "QuantumRenderer-0"          daemon [_thread_blocked, id=20056, stack(0x0000003e77b00000,0x0000003e77c00000) (1024K)]
  0x000001a497a90870 JavaThread "InvokeLaterDispatcher"      daemon [_thread_blocked, id=19600, stack(0x0000003e78500000,0x0000003e78600000) (1024K)]
  0x000001a497a8ee30 JavaThread "JavaFX Application Thread"         [_thread_in_native, id=12148, stack(0x0000003e78600000,0x0000003e78700000) (1024K)]
  0x000001a497a91590 JavaThread "VMCommsSimulation"                 [_thread_blocked, id=18720, stack(0x0000003e78900000,0x0000003e78a00000) (1024K)]
  0x000001a497a91c20 JavaThread "Thread-2"                   daemon [_thread_blocked, id=18716, stack(0x0000003e77900000,0x0000003e77a00000) (1024K)]
  0x000001a497a901e0 JavaThread "SimulationThread"                  [_thread_blocked, id=19156, stack(0x0000003e78a00000,0x0000003e78b00000) (1024K)]
  0x000001a497a8f4c0 JavaThread "main"                              [_thread_blocked, id=4344, stack(0x0000003e78d00000,0x0000003e78e00000) (1024K)]
Total: 24

Other Threads:
=>0x000001a4483adb60 VMThread "VM Thread"                           [id=7976, stack(0x0000003e76800000,0x0000003e76900000) (1024K)]
  0x000001a448394650 WatcherThread "VM Periodic Task Thread"        [id=19080, stack(0x0000003e76700000,0x0000003e76800000) (1024K)]
  0x000001a4270b5260 WorkerThread "GC Thread#0"                     [id=19048, stack(0x0000003e76200000,0x0000003e76300000) (1024K)]
  0x000001a496d09ba0 WorkerThread "GC Thread#1"                     [id=13684, stack(0x0000003e77e00000,0x0000003e77f00000) (1024K)]
  0x000001a496e0a340 WorkerThread "GC Thread#2"                     [id=18036, stack(0x0000003e77f00000,0x0000003e78000000) (1024K)]
  0x000001a496e0a6e0 WorkerThread "GC Thread#3"                     [id=12416, stack(0x0000003e78000000,0x0000003e78100000) (1024K)]
  0x000001a496e0aa80 WorkerThread "GC Thread#4"                     [id=11268, stack(0x0000003e78100000,0x0000003e78200000) (1024K)]
  0x000001a496e0b230 WorkerThread "GC Thread#5"                     [id=1340, stack(0x0000003e78200000,0x0000003e78300000) (1024K)]
  0x000001a496e0b5d0 WorkerThread "GC Thread#6"                     [id=20568, stack(0x0000003e78300000,0x0000003e78400000) (1024K)]
  0x000001a496e0b970 WorkerThread "GC Thread#7"                     [id=17588, stack(0x0000003e78400000,0x0000003e78500000) (1024K)]
  0x000001a4270c61f0 ConcurrentGCThread "G1 Main Marker"            [id=17892, stack(0x0000003e76300000,0x0000003e76400000) (1024K)]
  0x000001a4270c7490 WorkerThread "G1 Conc#0"                       [id=19824, stack(0x0000003e76400000,0x0000003e76500000) (1024K)]
  0x000001a497a81ff0 WorkerThread "G1 Conc#1"                       [id=4528, stack(0x0000003e78c00000,0x0000003e78d00000) (1024K)]
  0x000001a42711e9a0 ConcurrentGCThread "G1 Refine#0"               [id=10852, stack(0x0000003e76500000,0x0000003e76600000) (1024K)]
  0x000001a4482636d0 ConcurrentGCThread "G1 Service"                [id=8420, stack(0x0000003e76600000,0x0000003e76700000) (1024K)]
Total: 15

Threads with active compile tasks:
C2 CompilerThread0    39831 1483       4       jdk.internal.module.SystemModuleFinders$SystemModuleReader::find (59 bytes)
Total: 1

VM state: at safepoint (normal execution)

VM Mutex/Monitor currently owned by a thread:  ([mutex/lock_event])
[0x00007ffff45c7308] Threads_lock - owner thread: 0x000001a4483adb60
[0x00007ffff45c7408] Heap_lock - owner thread: 0x000001a497a901e0

Heap address: 0x0000000702000000, size: 4064 MB, Compressed Oops mode: Zero based, Oop shift amount: 3

CDS archive(s) mapped at: [0x000001a449000000-0x000001a449c90000-0x000001a449c90000), size 13172736, SharedBaseAddress: 0x000001a449000000, ArchiveRelocationMode: 1.
Compressed class space mapped at: 0x000001a44a000000-0x000001a48a000000, reserved size: 1073741824
Narrow klass base: 0x000001a449000000, Narrow klass shift: 0, Narrow klass range: 0x100000000

GC Precious Log:
 CardTable entry size: 512
 Card Set container configuration: InlinePtr #cards 4 size 8 Array Of Cards #cards 16 size 48 Howl #buckets 8 coarsen threshold 3686 Howl Bitmap #cards 512 size 80 coarsen threshold 460 Card regions per heap region 1 cards per card region 4096
 CPUs: 8 total, 8 available
 Memory: 16254M
 Large Page Support: Disabled
 NUMA Support: Disabled
 Compressed Oops: Enabled (Zero based)
 Heap Region Size: 2M
 Heap Min Capacity: 8M
 Heap Initial Capacity: 254M
 Heap Max Capacity: 4064M
 Pre-touch: Disabled
 Parallel Workers: 8
 Concurrent Workers: 2
 Concurrent Refinement Workers: 8
 Periodic GC: Disabled

Heap:
 garbage-first heap   total 479232K, used 216235K [0x0000000702000000, 0x0000000800000000)
  region size 2048K, 1 young (2048K), 1 survivors (2048K)
 Metaspace       used 9752K, committed 9984K, reserved 1114112K
  class space    used 947K, committed 1024K, reserved 1048576K

Heap Regions: E=young(eden), S=young(survivor), O=old, HS=humongous(starts), HC=humongous(continues), CS=collection set, F=free, TAMS=top-at-mark-start, PB=parsable bottom
|   0|0x0000000702000000, 0x0000000702200000, 0x0000000702200000|100%| O|  |TAMS 0x0000000702200000| PB 0x0000000702000000| Untracked 
|   1|0x0000000702200000, 0x0000000702400000, 0x0000000702400000|100%|HS|  |TAMS 0x0000000702400000| PB 0x0000000702200000| Complete 
|   2|0x0000000702400000, 0x0000000702600000, 0x0000000702600000|100%|HC|  |TAMS 0x0000000702600000| PB 0x0000000702400000| Complete 
|   3|0x0000000702600000, 0x0000000702800000, 0x0000000702800000|100%|HS|  |TAMS 0x0000000702800000| PB 0x0000000702600000| Complete 
|   4|0x0000000702800000, 0x0000000702a00000, 0x0000000702a00000|100%|HS|  |TAMS 0x0000000702a00000| PB 0x0000000702800000| Complete 
|   5|0x0000000702a00000, 0x0000000702a00000, 0x0000000702c00000|  0%| F|  |TAMS 0x0000000702a00000| PB 0x0000000702a00000| Untracked 
|   6|0x0000000702c00000, 0x0000000702e00000, 0x0000000702e00000|100%|HS|  |TAMS 0x0000000702e00000| PB 0x0000000702c00000| Complete 
|   7|0x0000000702e00000, 0x0000000703000000, 0x0000000703000000|100%|HS|  |TAMS 0x0000000703000000| PB 0x0000000702e00000| Complete 
|   8|0x0000000703000000, 0x0000000703200000, 0x0000000703200000|100%|HC|  |TAMS 0x0000000703200000| PB 0x0000000703000000| Complete 
|   9|0x0000000703200000, 0x0000000703400000, 0x0000000703400000|100%|HS|  |TAMS 0x0000000703400000| PB 0x0000000703200000| Complete 
|  10|0x0000000703400000, 0x0000000703600000, 0x0000000703600000|100%|HC|  |TAMS 0x0000000703600000| PB 0x0000000703400000| Complete 
|  11|0x0000000703600000, 0x0000000703800000, 0x0000000703800000|100%|HS|  |TAMS 0x0000000703800000| PB 0x0000000703600000| Complete 
|  12|0x0000000703800000, 0x0000000703a00000, 0x0000000703a00000|100%|HC|  |TAMS 0x0000000703a00000| PB 0x0000000703800000| Complete 
|  13|0x0000000703a00000, 0x0000000703a00000, 0x0000000703c00000|  0%| F|  |TAMS 0x0000000703a00000| PB 0x0000000703a00000| Untracked 
|  14|0x0000000703c00000, 0x0000000703e00000, 0x0000000703e00000|100%|HS|  |TAMS 0x0000000703e00000| PB 0x0000000703c00000| Complete 
|  15|0x0000000703e00000, 0x0000000704000000, 0x0000000704000000|100%|HC|  |TAMS 0x0000000704000000| PB 0x0000000703e00000| Complete 
|  16|0x0000000704000000, 0x0000000704200000, 0x0000000704200000|100%|HS|  |TAMS 0x0000000704200000| PB 0x0000000704000000| Complete 
|  17|0x0000000704200000, 0x0000000704400000, 0x0000000704400000|100%|HC|  |TAMS 0x0000000704400000| PB 0x0000000704200000| Complete 
|  18|0x0000000704400000, 0x0000000704600000, 0x0000000704600000|100%|HS|  |TAMS 0x0000000704600000| PB 0x0000000704400000| Complete 
|  19|0x0000000704600000, 0x0000000704800000, 0x0000000704800000|100%|HC|  |TAMS 0x0000000704800000| PB 0x0000000704600000| Complete 
|  20|0x0000000704800000, 0x0000000704a00000, 0x0000000704a00000|100%|HS|  |TAMS 0x0000000704a00000| PB 0x0000000704800000| Complete 
|  21|0x0000000704a00000, 0x0000000704c00000, 0x0000000704c00000|100%|HC|  |TAMS 0x0000000704c00000| PB 0x0000000704a00000| Complete 
|  22|0x0000000704c00000, 0x0000000704e00000, 0x0000000704e00000|100%|HS|  |TAMS 0x0000000704e00000| PB 0x0000000704c00000| Complete 
|  23|0x0000000704e00000, 0x0000000705000000, 0x0000000705000000|100%|HC|  |TAMS 0x0000000705000000| PB 0x0000000704e00000| Complete 
|  24|0x0000000705000000, 0x0000000705200000, 0x0000000705200000|100%|HS|  |TAMS 0x0000000705200000| PB 0x0000000705000000| Complete 
|  25|0x0000000705200000, 0x0000000705400000, 0x0000000705400000|100%|HC|  |TAMS 0x0000000705400000| PB 0x0000000705200000| Complete 
|  26|0x0000000705400000, 0x0000000705600000, 0x0000000705600000|100%|HS|  |TAMS 0x0000000705600000| PB 0x0000000705400000| Complete 
|  27|0x0000000705600000, 0x0000000705800000, 0x0000000705800000|100%|HC|  |TAMS 0x0000000705800000| PB 0x0000000705600000| Complete 
|  28|0x0000000705800000, 0x0000000705a00000, 0x0000000705a00000|100%|HS|  |TAMS 0x0000000705a00000| PB 0x0000000705800000| Complete 
|  29|0x0000000705a00000, 0x0000000705c00000, 0x0000000705c00000|100%|HC|  |TAMS 0x0000000705c00000| PB 0x0000000705a00000| Complete 
|  30|0x0000000705c00000, 0x0000000705e00000, 0x0000000705e00000|100%|HS|  |TAMS 0x0000000705e00000| PB 0x0000000705c00000| Complete 
|  31|0x0000000705e00000, 0x0000000706000000, 0x0000000706000000|100%|HC|  |TAMS 0x0000000706000000| PB 0x0000000705e00000| Complete 
|  32|0x0000000706000000, 0x0000000706200000, 0x0000000706200000|100%|HS|  |TAMS 0x0000000706200000| PB 0x0000000706000000| Complete 
|  33|0x0000000706200000, 0x0000000706400000, 0x0000000706400000|100%|HC|  |TAMS 0x0000000706400000| PB 0x0000000706200000| Complete 
|  34|0x0000000706400000, 0x0000000706600000, 0x0000000706600000|100%|HS|  |TAMS 0x0000000706600000| PB 0x0000000706400000| Complete 
|  35|0x0000000706600000, 0x0000000706800000, 0x0000000706800000|100%|HC|  |TAMS 0x0000000706800000| PB 0x0000000706600000| Complete 
|  36|0x0000000706800000, 0x0000000706a00000, 0x0000000706a00000|100%|HS|  |TAMS 0x0000000706a00000| PB 0x0000000706800000| Complete 
|  37|0x0000000706a00000, 0x0000000706c00000, 0x0000000706c00000|100%|HC|  |TAMS 0x0000000706c00000| PB 0x0000000706a00000| Complete 
|  38|0x0000000706c00000, 0x0000000706e00000, 0x0000000706e00000|100%|HS|  |TAMS 0x0000000706e00000| PB 0x0000000706c00000| Complete 
|  39|0x0000000706e00000, 0x0000000707000000, 0x0000000707000000|100%|HC|  |TAMS 0x0000000707000000| PB 0x0000000706e00000| Complete 
|  40|0x0000000707000000, 0x0000000707200000, 0x0000000707200000|100%|HS|  |TAMS 0x0000000707200000| PB 0x0000000707000000| Complete 
|  41|0x0000000707200000, 0x0000000707400000, 0x0000000707400000|100%|HC|  |TAMS 0x0000000707400000| PB 0x0000000707200000| Complete 
|  42|0x0000000707400000, 0x0000000707600000, 0x0000000707600000|100%|HS|  |TAMS 0x0000000707600000| PB 0x0000000707400000| Complete 
|  43|0x0000000707600000, 0x0000000707800000, 0x0000000707800000|100%|HC|  |TAMS 0x0000000707800000| PB 0x0000000707600000| Complete 
|  44|0x0000000707800000, 0x0000000707a00000, 0x0000000707a00000|100%|HS|  |TAMS 0x0000000707a00000| PB 0x0000000707800000| Complete 
|  45|0x0000000707a00000, 0x0000000707c00000, 0x0000000707c00000|100%|HC|  |TAMS 0x0000000707c00000| PB 0x0000000707a00000| Complete 
|  46|0x0000000707c00000, 0x0000000707e00000, 0x0000000707e00000|100%|HS|  |TAMS 0x0000000707e00000| PB 0x0000000707c00000| Complete 
|  47|0x0000000707e00000, 0x0000000708000000, 0x0000000708000000|100%|HC|  |TAMS 0x0000000708000000| PB 0x0000000707e00000| Complete 
|  48|0x0000000708000000, 0x0000000708200000, 0x0000000708200000|100%|HS|  |TAMS 0x0000000708200000| PB 0x0000000708000000| Complete 
|  49|0x0000000708200000, 0x0000000708400000, 0x0000000708400000|100%|HC|  |TAMS 0x0000000708400000| PB 0x0000000708200000| Complete 
|  50|0x0000000708400000, 0x0000000708600000, 0x0000000708600000|100%|HS|  |TAMS 0x0000000708600000| PB 0x0000000708400000| Complete 
|  51|0x0000000708600000, 0x0000000708800000, 0x0000000708800000|100%|HC|  |TAMS 0x0000000708800000| PB 0x0000000708600000| Complete 
|  52|0x0000000708800000, 0x0000000708a00000, 0x0000000708a00000|100%|HS|  |TAMS 0x0000000708a00000| PB 0x0000000708800000| Complete 
|  53|0x0000000708a00000, 0x0000000708c00000, 0x0000000708c00000|100%|HC|  |TAMS 0x0000000708c00000| PB 0x0000000708a00000| Complete 
|  54|0x0000000708c00000, 0x0000000708e00000, 0x0000000708e00000|100%|HS|  |TAMS 0x0000000708e00000| PB 0x0000000708c00000| Complete 
|  55|0x0000000708e00000, 0x0000000709000000, 0x0000000709000000|100%|HC|  |TAMS 0x0000000709000000| PB 0x0000000708e00000| Complete 
|  56|0x0000000709000000, 0x0000000709200000, 0x0000000709200000|100%|HS|  |TAMS 0x0000000709200000| PB 0x0000000709000000| Complete 
|  57|0x0000000709200000, 0x0000000709400000, 0x0000000709400000|100%|HC|  |TAMS 0x0000000709400000| PB 0x0000000709200000| Complete 
|  58|0x0000000709400000, 0x0000000709600000, 0x0000000709600000|100%|HS|  |TAMS 0x0000000709600000| PB 0x0000000709400000| Complete 
|  59|0x0000000709600000, 0x0000000709800000, 0x0000000709800000|100%|HC|  |TAMS 0x0000000709800000| PB 0x0000000709600000| Complete 
|  60|0x0000000709800000, 0x0000000709a00000, 0x0000000709a00000|100%|HS|  |TAMS 0x0000000709a00000| PB 0x0000000709800000| Complete 
|  61|0x0000000709a00000, 0x0000000709c00000, 0x0000000709c00000|100%|HC|  |TAMS 0x0000000709c00000| PB 0x0000000709a00000| Complete 
|  62|0x0000000709c00000, 0x0000000709e00000, 0x0000000709e00000|100%|HS|  |TAMS 0x0000000709e00000| PB 0x0000000709c00000| Complete 
|  63|0x0000000709e00000, 0x000000070a000000, 0x000000070a000000|100%|HC|  |TAMS 0x000000070a000000| PB 0x0000000709e00000| Complete 
|  64|0x000000070a000000, 0x000000070a200000, 0x000000070a200000|100%|HS|  |TAMS 0x000000070a200000| PB 0x000000070a000000| Complete 
|  65|0x000000070a200000, 0x000000070a400000, 0x000000070a400000|100%|HC|  |TAMS 0x000000070a400000| PB 0x000000070a200000| Complete 
|  66|0x000000070a400000, 0x000000070a600000, 0x000000070a600000|100%|HS|  |TAMS 0x000000070a600000| PB 0x000000070a400000| Complete 
|  67|0x000000070a600000, 0x000000070a800000, 0x000000070a800000|100%|HC|  |TAMS 0x000000070a800000| PB 0x000000070a600000| Complete 
|  68|0x000000070a800000, 0x000000070aa00000, 0x000000070aa00000|100%|HS|  |TAMS 0x000000070aa00000| PB 0x000000070a800000| Complete 
|  69|0x000000070aa00000, 0x000000070ac00000, 0x000000070ac00000|100%|HC|  |TAMS 0x000000070ac00000| PB 0x000000070aa00000| Complete 
|  70|0x000000070ac00000, 0x000000070ae00000, 0x000000070ae00000|100%|HS|  |TAMS 0x000000070ae00000| PB 0x000000070ac00000| Complete 
|  71|0x000000070ae00000, 0x000000070b000000, 0x000000070b000000|100%|HC|  |TAMS 0x000000070b000000| PB 0x000000070ae00000| Complete 
|  72|0x000000070b000000, 0x000000070b200000, 0x000000070b200000|100%|HS|  |TAMS 0x000000070b200000| PB 0x000000070b000000| Complete 
|  73|0x000000070b200000, 0x000000070b400000, 0x000000070b400000|100%|HC|  |TAMS 0x000000070b400000| PB 0x000000070b200000| Complete 
|  74|0x000000070b400000, 0x000000070b600000, 0x000000070b600000|100%|HS|  |TAMS 0x000000070b600000| PB 0x000000070b400000| Complete 
|  75|0x000000070b600000, 0x000000070b800000, 0x000000070b800000|100%|HC|  |TAMS 0x000000070b800000| PB 0x000000070b600000| Complete 
|  76|0x000000070b800000, 0x000000070ba00000, 0x000000070ba00000|100%|HS|  |TAMS 0x000000070ba00000| PB 0x000000070b800000| Complete 
|  77|0x000000070ba00000, 0x000000070bc00000, 0x000000070bc00000|100%|HC|  |TAMS 0x000000070bc00000| PB 0x000000070ba00000| Complete 
|  78|0x000000070bc00000, 0x000000070be00000, 0x000000070be00000|100%|HS|  |TAMS 0x000000070be00000| PB 0x000000070bc00000| Complete 
|  79|0x000000070be00000, 0x000000070c000000, 0x000000070c000000|100%|HC|  |TAMS 0x000000070c000000| PB 0x000000070be00000| Complete 
|  80|0x000000070c000000, 0x000000070c200000, 0x000000070c200000|100%|HS|  |TAMS 0x000000070c200000| PB 0x000000070c000000| Complete 
|  81|0x000000070c200000, 0x000000070c400000, 0x000000070c400000|100%|HC|  |TAMS 0x000000070c400000| PB 0x000000070c200000| Complete 
|  82|0x000000070c400000, 0x000000070c600000, 0x000000070c600000|100%|HS|  |TAMS 0x000000070c600000| PB 0x000000070c400000| Complete 
|  83|0x000000070c600000, 0x000000070c800000, 0x000000070c800000|100%|HC|  |TAMS 0x000000070c800000| PB 0x000000070c600000| Complete 
|  84|0x000000070c800000, 0x000000070ca00000, 0x000000070ca00000|100%|HS|  |TAMS 0x000000070ca00000| PB 0x000000070c800000| Complete 
|  85|0x000000070ca00000, 0x000000070cc00000, 0x000000070cc00000|100%|HC|  |TAMS 0x000000070cc00000| PB 0x000000070ca00000| Complete 
|  86|0x000000070cc00000, 0x000000070ce00000, 0x000000070ce00000|100%|HS|  |TAMS 0x000000070ce00000| PB 0x000000070cc00000| Complete 
|  87|0x000000070ce00000, 0x000000070d000000, 0x000000070d000000|100%|HC|  |TAMS 0x000000070d000000| PB 0x000000070ce00000| Complete 
|  88|0x000000070d000000, 0x000000070d200000, 0x000000070d200000|100%|HS|  |TAMS 0x000000070d200000| PB 0x000000070d000000| Complete 
|  89|0x000000070d200000, 0x000000070d400000, 0x000000070d400000|100%|HC|  |TAMS 0x000000070d400000| PB 0x000000070d200000| Complete 
|  90|0x000000070d400000, 0x000000070d600000, 0x000000070d600000|100%|HS|  |TAMS 0x000000070d600000| PB 0x000000070d400000| Complete 
|  91|0x000000070d600000, 0x000000070d800000, 0x000000070d800000|100%|HC|  |TAMS 0x000000070d800000| PB 0x000000070d600000| Complete 
|  92|0x000000070d800000, 0x000000070da00000, 0x000000070da00000|100%|HS|  |TAMS 0x000000070da00000| PB 0x000000070d800000| Complete 
|  93|0x000000070da00000, 0x000000070dc00000, 0x000000070dc00000|100%|HC|  |TAMS 0x000000070dc00000| PB 0x000000070da00000| Complete 
|  94|0x000000070dc00000, 0x000000070de00000, 0x000000070de00000|100%|HS|  |TAMS 0x000000070de00000| PB 0x000000070dc00000| Complete 
|  95|0x000000070de00000, 0x000000070e000000, 0x000000070e000000|100%|HC|  |TAMS 0x000000070e000000| PB 0x000000070de00000| Complete 
|  96|0x000000070e000000, 0x000000070e200000, 0x000000070e200000|100%|HS|  |TAMS 0x000000070e200000| PB 0x000000070e000000| Complete 
|  97|0x000000070e200000, 0x000000070e400000, 0x000000070e400000|100%|HC|  |TAMS 0x000000070e400000| PB 0x000000070e200000| Complete 
|  98|0x000000070e400000, 0x000000070e600000, 0x000000070e600000|100%|HS|  |TAMS 0x000000070e600000| PB 0x000000070e400000| Complete 
|  99|0x000000070e600000, 0x000000070e800000, 0x000000070e800000|100%|HC|  |TAMS 0x000000070e800000| PB 0x000000070e600000| Complete 
| 100|0x000000070e800000, 0x000000070ea00000, 0x000000070ea00000|100%|HS|  |TAMS 0x000000070ea00000| PB 0x000000070e800000| Complete 
| 101|0x000000070ea00000, 0x000000070ec00000, 0x000000070ec00000|100%|HC|  |TAMS 0x000000070ec00000| PB 0x000000070ea00000| Complete 
| 102|0x000000070ec00000, 0x000000070ec00000, 0x000000070ee00000|  0%| F|  |TAMS 0x000000070ec00000| PB 0x000000070ec00000| Untracked 
| 103|0x000000070ee00000, 0x000000070ee00000, 0x000000070f000000|  0%| F|  |TAMS 0x000000070ee00000| PB 0x000000070ee00000| Untracked 
| 104|0x000000070f000000, 0x000000070f200000, 0x000000070f200000|100%|HS|  |TAMS 0x000000070f200000| PB 0x000000070f000000| Complete 
| 105|0x000000070f200000, 0x000000070f400000, 0x000000070f400000|100%|HC|  |TAMS 0x000000070f400000| PB 0x000000070f200000| Complete 
| 106|0x000000070f400000, 0x000000070f600000, 0x000000070f600000|100%|HS|  |TAMS 0x000000070f600000| PB 0x000000070f400000| Complete 
| 107|0x000000070f600000, 0x000000070f800000, 0x000000070f800000|100%|HC|  |TAMS 0x000000070f800000| PB 0x000000070f600000| Complete 
| 108|0x000000070f800000, 0x000000070f800000, 0x000000070fa00000|  0%| F|  |TAMS 0x000000070f800000| PB 0x000000070f800000| Untracked 
| 109|0x000000070fa00000, 0x000000070fa00000, 0x000000070fc00000|  0%| F|  |TAMS 0x000000070fa00000| PB 0x000000070fa00000| Untracked 
| 110|0x000000070fc00000, 0x000000070fc00000, 0x000000070fe00000|  0%| F|  |TAMS 0x000000070fc00000| PB 0x000000070fc00000| Untracked 
| 111|0x000000070fe00000, 0x000000070fe00000, 0x0000000710000000|  0%| F|  |TAMS 0x000000070fe00000| PB 0x000000070fe00000| Untracked 
| 112|0x0000000710000000, 0x0000000710000000, 0x0000000710200000|  0%| F|  |TAMS 0x0000000710000000| PB 0x0000000710000000| Untracked 
| 113|0x0000000710200000, 0x0000000710200000, 0x0000000710400000|  0%| F|  |TAMS 0x0000000710200000| PB 0x0000000710200000| Untracked 
| 114|0x0000000710400000, 0x0000000710400000, 0x0000000710600000|  0%| F|  |TAMS 0x0000000710400000| PB 0x0000000710400000| Untracked 
| 115|0x0000000710600000, 0x0000000710600000, 0x0000000710800000|  0%| F|  |TAMS 0x0000000710600000| PB 0x0000000710600000| Untracked 
| 116|0x0000000710800000, 0x0000000710800000, 0x0000000710a00000|  0%| F|  |TAMS 0x0000000710800000| PB 0x0000000710800000| Untracked 
| 117|0x0000000710a00000, 0x0000000710a00000, 0x0000000710c00000|  0%| F|  |TAMS 0x0000000710a00000| PB 0x0000000710a00000| Untracked 
| 118|0x0000000710c00000, 0x0000000710c00000, 0x0000000710e00000|  0%| F|  |TAMS 0x0000000710c00000| PB 0x0000000710c00000| Untracked 
| 119|0x0000000710e00000, 0x0000000710e00000, 0x0000000711000000|  0%| F|  |TAMS 0x0000000710e00000| PB 0x0000000710e00000| Untracked 
| 120|0x0000000711000000, 0x0000000711200000, 0x0000000711200000|100%| O|  |TAMS 0x0000000711200000| PB 0x0000000711000000| Untracked 
| 121|0x0000000711200000, 0x0000000711200000, 0x0000000711400000|  0%| F|  |TAMS 0x0000000711200000| PB 0x0000000711200000| Untracked 
| 122|0x0000000711400000, 0x0000000711400000, 0x0000000711600000|  0%| F|  |TAMS 0x0000000711400000| PB 0x0000000711400000| Untracked 
| 123|0x0000000711600000, 0x0000000711600000, 0x0000000711800000|  0%| F|  |TAMS 0x0000000711600000| PB 0x0000000711600000| Untracked 
| 124|0x0000000711800000, 0x0000000711800000, 0x0000000711a00000|  0%| F|  |TAMS 0x0000000711800000| PB 0x0000000711800000| Untracked 
| 125|0x0000000711a00000, 0x0000000711a00000, 0x0000000711c00000|  0%| F|  |TAMS 0x0000000711a00000| PB 0x0000000711a00000| Untracked 
| 126|0x0000000711c00000, 0x0000000711c00000, 0x0000000711e00000|  0%| F|  |TAMS 0x0000000711c00000| PB 0x0000000711c00000| Untracked 
| 127|0x0000000711e00000, 0x0000000711e00000, 0x0000000712000000|  0%| F|  |TAMS 0x0000000711e00000| PB 0x0000000711e00000| Untracked 
| 128|0x0000000712000000, 0x0000000712000000, 0x0000000712200000|  0%| F|  |TAMS 0x0000000712000000| PB 0x0000000712000000| Untracked 
| 129|0x0000000712200000, 0x0000000712200000, 0x0000000712400000|  0%| F|  |TAMS 0x0000000712200000| PB 0x0000000712200000| Untracked 
| 130|0x0000000712400000, 0x0000000712400000, 0x0000000712600000|  0%| F|  |TAMS 0x0000000712400000| PB 0x0000000712400000| Untracked 
| 131|0x0000000712600000, 0x0000000712600000, 0x0000000712800000|  0%| F|  |TAMS 0x0000000712600000| PB 0x0000000712600000| Untracked 
| 132|0x0000000712800000, 0x0000000712800000, 0x0000000712a00000|  0%| F|  |TAMS 0x0000000712800000| PB 0x0000000712800000| Untracked 
| 133|0x0000000712a00000, 0x0000000712a00000, 0x0000000712c00000|  0%| F|  |TAMS 0x0000000712a00000| PB 0x0000000712a00000| Untracked 
| 134|0x0000000712c00000, 0x0000000712c00000, 0x0000000712e00000|  0%| F|  |TAMS 0x0000000712c00000| PB 0x0000000712c00000| Untracked 
| 135|0x0000000712e00000, 0x0000000712e00000, 0x0000000713000000|  0%| F|  |TAMS 0x0000000712e00000| PB 0x0000000712e00000| Untracked 
| 136|0x0000000713000000, 0x0000000713000000, 0x0000000713200000|  0%| F|  |TAMS 0x0000000713000000| PB 0x0000000713000000| Untracked 
| 137|0x0000000713200000, 0x0000000713200000, 0x0000000713400000|  0%| F|  |TAMS 0x0000000713200000| PB 0x0000000713200000| Untracked 
| 138|0x0000000713400000, 0x0000000713400000, 0x0000000713600000|  0%| F|  |TAMS 0x0000000713400000| PB 0x0000000713400000| Untracked 
| 139|0x0000000713600000, 0x0000000713600000, 0x0000000713800000|  0%| F|  |TAMS 0x0000000713600000| PB 0x0000000713600000| Untracked 
| 140|0x0000000713800000, 0x0000000713800000, 0x0000000713a00000|  0%| F|  |TAMS 0x0000000713800000| PB 0x0000000713800000| Untracked 
| 141|0x0000000713a00000, 0x0000000713a00000, 0x0000000713c00000|  0%| F|  |TAMS 0x0000000713a00000| PB 0x0000000713a00000| Untracked 
| 142|0x0000000713c00000, 0x0000000713c00000, 0x0000000713e00000|  0%| F|  |TAMS 0x0000000713c00000| PB 0x0000000713c00000| Untracked 
| 143|0x0000000713e00000, 0x0000000713e00000, 0x0000000714000000|  0%| F|  |TAMS 0x0000000713e00000| PB 0x0000000713e00000| Untracked 
| 144|0x0000000714000000, 0x0000000714000000, 0x0000000714200000|  0%| F|  |TAMS 0x0000000714000000| PB 0x0000000714000000| Untracked 
| 145|0x0000000714200000, 0x0000000714200000, 0x0000000714400000|  0%| F|  |TAMS 0x0000000714200000| PB 0x0000000714200000| Untracked 
| 146|0x0000000714400000, 0x0000000714400000, 0x0000000714600000|  0%| F|  |TAMS 0x0000000714400000| PB 0x0000000714400000| Untracked 
| 147|0x0000000714600000, 0x0000000714600000, 0x0000000714800000|  0%| F|  |TAMS 0x0000000714600000| PB 0x0000000714600000| Untracked 
| 148|0x0000000714800000, 0x0000000714800000, 0x0000000714a00000|  0%| F|  |TAMS 0x0000000714800000| PB 0x0000000714800000| Untracked 
| 149|0x0000000714a00000, 0x0000000714a00000, 0x0000000714c00000|  0%| F|  |TAMS 0x0000000714a00000| PB 0x0000000714a00000| Untracked 
| 150|0x0000000714c00000, 0x0000000714c00000, 0x0000000714e00000|  0%| F|  |TAMS 0x0000000714c00000| PB 0x0000000714c00000| Untracked 
| 151|0x0000000714e00000, 0x0000000714e00000, 0x0000000715000000|  0%| F|  |TAMS 0x0000000714e00000| PB 0x0000000714e00000| Untracked 
| 152|0x0000000715000000, 0x0000000715000000, 0x0000000715200000|  0%| F|  |TAMS 0x0000000715000000| PB 0x0000000715000000| Untracked 
| 153|0x0000000715200000, 0x0000000715200000, 0x0000000715400000|  0%| F|  |TAMS 0x0000000715200000| PB 0x0000000715200000| Untracked 
| 154|0x0000000715400000, 0x0000000715400000, 0x0000000715600000|  0%| F|  |TAMS 0x0000000715400000| PB 0x0000000715400000| Untracked 
| 155|0x0000000715600000, 0x0000000715600000, 0x0000000715800000|  0%| F|  |TAMS 0x0000000715600000| PB 0x0000000715600000| Untracked 
| 156|0x0000000715800000, 0x0000000715800000, 0x0000000715a00000|  0%| F|  |TAMS 0x0000000715800000| PB 0x0000000715800000| Untracked 
| 157|0x0000000715a00000, 0x0000000715a00000, 0x0000000715c00000|  0%| F|  |TAMS 0x0000000715a00000| PB 0x0000000715a00000| Untracked 
| 158|0x0000000715c00000, 0x0000000715c00000, 0x0000000715e00000|  0%| F|  |TAMS 0x0000000715c00000| PB 0x0000000715c00000| Untracked 
| 159|0x0000000715e00000, 0x0000000715e00000, 0x0000000716000000|  0%| F|  |TAMS 0x0000000715e00000| PB 0x0000000715e00000| Untracked 
| 160|0x0000000716000000, 0x0000000716000000, 0x0000000716200000|  0%| F|  |TAMS 0x0000000716000000| PB 0x0000000716000000| Untracked 
| 161|0x0000000716200000, 0x0000000716200000, 0x0000000716400000|  0%| F|  |TAMS 0x0000000716200000| PB 0x0000000716200000| Untracked 
| 162|0x0000000716400000, 0x0000000716400000, 0x0000000716600000|  0%| F|  |TAMS 0x0000000716400000| PB 0x0000000716400000| Untracked 
| 163|0x0000000716600000, 0x0000000716600000, 0x0000000716800000|  0%| F|  |TAMS 0x0000000716600000| PB 0x0000000716600000| Untracked 
| 164|0x0000000716800000, 0x0000000716800000, 0x0000000716a00000|  0%| F|  |TAMS 0x0000000716800000| PB 0x0000000716800000| Untracked 
| 165|0x0000000716a00000, 0x0000000716a00000, 0x0000000716c00000|  0%| F|  |TAMS 0x0000000716a00000| PB 0x0000000716a00000| Untracked 
| 166|0x0000000716c00000, 0x0000000716c00000, 0x0000000716e00000|  0%| F|  |TAMS 0x0000000716c00000| PB 0x0000000716c00000| Untracked 
| 167|0x0000000716e00000, 0x0000000716e00000, 0x0000000717000000|  0%| F|  |TAMS 0x0000000716e00000| PB 0x0000000716e00000| Untracked 
| 168|0x0000000717000000, 0x0000000717000000, 0x0000000717200000|  0%| F|  |TAMS 0x0000000717000000| PB 0x0000000717000000| Untracked 
| 169|0x0000000717200000, 0x0000000717200000, 0x0000000717400000|  0%| F|  |TAMS 0x0000000717200000| PB 0x0000000717200000| Untracked 
| 170|0x0000000717400000, 0x0000000717400000, 0x0000000717600000|  0%| F|  |TAMS 0x0000000717400000| PB 0x0000000717400000| Untracked 
| 171|0x0000000717600000, 0x0000000717600000, 0x0000000717800000|  0%| F|  |TAMS 0x0000000717600000| PB 0x0000000717600000| Untracked 
| 172|0x0000000717800000, 0x0000000717800000, 0x0000000717a00000|  0%| F|  |TAMS 0x0000000717800000| PB 0x0000000717800000| Untracked 
| 173|0x0000000717a00000, 0x0000000717a00000, 0x0000000717c00000|  0%| F|  |TAMS 0x0000000717a00000| PB 0x0000000717a00000| Untracked 
| 174|0x0000000717c00000, 0x0000000717c00000, 0x0000000717e00000|  0%| F|  |TAMS 0x0000000717c00000| PB 0x0000000717c00000| Untracked 
| 175|0x0000000717e00000, 0x0000000717e00000, 0x0000000718000000|  0%| F|  |TAMS 0x0000000717e00000| PB 0x0000000717e00000| Untracked 
| 176|0x0000000718000000, 0x0000000718000000, 0x0000000718200000|  0%| F|  |TAMS 0x0000000718000000| PB 0x0000000718000000| Untracked 
| 177|0x0000000718200000, 0x0000000718200000, 0x0000000718400000|  0%| F|  |TAMS 0x0000000718200000| PB 0x0000000718200000| Untracked 
| 178|0x0000000718400000, 0x0000000718400000, 0x0000000718600000|  0%| F|  |TAMS 0x0000000718400000| PB 0x0000000718400000| Untracked 
| 179|0x0000000718600000, 0x0000000718600000, 0x0000000718800000|  0%| F|  |TAMS 0x0000000718600000| PB 0x0000000718600000| Untracked 
| 180|0x0000000718800000, 0x0000000718800000, 0x0000000718a00000|  0%| F|  |TAMS 0x0000000718800000| PB 0x0000000718800000| Untracked 
| 181|0x0000000718a00000, 0x0000000718a00000, 0x0000000718c00000|  0%| F|  |TAMS 0x0000000718a00000| PB 0x0000000718a00000| Untracked 
| 182|0x0000000718c00000, 0x0000000718c00000, 0x0000000718e00000|  0%| F|  |TAMS 0x0000000718c00000| PB 0x0000000718c00000| Untracked 
| 183|0x0000000718e00000, 0x0000000718e00000, 0x0000000719000000|  0%| F|  |TAMS 0x0000000718e00000| PB 0x0000000718e00000| Untracked 
| 184|0x0000000719000000, 0x0000000719000000, 0x0000000719200000|  0%| F|  |TAMS 0x0000000719000000| PB 0x0000000719000000| Untracked 
| 185|0x0000000719200000, 0x0000000719200000, 0x0000000719400000|  0%| F|  |TAMS 0x0000000719200000| PB 0x0000000719200000| Untracked 
| 186|0x0000000719400000, 0x0000000719400000, 0x0000000719600000|  0%| F|  |TAMS 0x0000000719400000| PB 0x0000000719400000| Untracked 
| 187|0x0000000719600000, 0x0000000719600000, 0x0000000719800000|  0%| F|  |TAMS 0x0000000719600000| PB 0x0000000719600000| Untracked 
| 188|0x0000000719800000, 0x0000000719800000, 0x0000000719a00000|  0%| F|  |TAMS 0x0000000719800000| PB 0x0000000719800000| Untracked 
| 189|0x0000000719a00000, 0x0000000719a00000, 0x0000000719c00000|  0%| F|  |TAMS 0x0000000719a00000| PB 0x0000000719a00000| Untracked 
| 190|0x0000000719c00000, 0x0000000719c00000, 0x0000000719e00000|  0%| F|  |TAMS 0x0000000719c00000| PB 0x0000000719c00000| Untracked 
| 191|0x0000000719e00000, 0x0000000719e00000, 0x000000071a000000|  0%| F|  |TAMS 0x0000000719e00000| PB 0x0000000719e00000| Untracked 
| 192|0x000000071a000000, 0x000000071a000000, 0x000000071a200000|  0%| F|  |TAMS 0x000000071a000000| PB 0x000000071a000000| Untracked 
| 193|0x000000071a200000, 0x000000071a200000, 0x000000071a400000|  0%| F|  |TAMS 0x000000071a200000| PB 0x000000071a200000| Untracked 
| 194|0x000000071a400000, 0x000000071a400000, 0x000000071a600000|  0%| F|  |TAMS 0x000000071a400000| PB 0x000000071a400000| Untracked 
| 195|0x000000071a600000, 0x000000071a600000, 0x000000071a800000|  0%| F|  |TAMS 0x000000071a600000| PB 0x000000071a600000| Untracked 
| 196|0x000000071a800000, 0x000000071a800000, 0x000000071aa00000|  0%| F|  |TAMS 0x000000071a800000| PB 0x000000071a800000| Untracked 
| 197|0x000000071aa00000, 0x000000071aa00000, 0x000000071ac00000|  0%| F|  |TAMS 0x000000071aa00000| PB 0x000000071aa00000| Untracked 
| 198|0x000000071ac00000, 0x000000071ac00000, 0x000000071ae00000|  0%| F|  |TAMS 0x000000071ac00000| PB 0x000000071ac00000| Untracked 
| 199|0x000000071ae00000, 0x000000071ae00000, 0x000000071b000000|  0%| F|  |TAMS 0x000000071ae00000| PB 0x000000071ae00000| Untracked 
| 200|0x000000071b000000, 0x000000071b000000, 0x000000071b200000|  0%| F|  |TAMS 0x000000071b000000| PB 0x000000071b000000| Untracked 
| 201|0x000000071b200000, 0x000000071b200000, 0x000000071b400000|  0%| F|  |TAMS 0x000000071b200000| PB 0x000000071b200000| Untracked 
| 202|0x000000071b400000, 0x000000071b400000, 0x000000071b600000|  0%| F|  |TAMS 0x000000071b400000| PB 0x000000071b400000| Untracked 
| 203|0x000000071b600000, 0x000000071b600000, 0x000000071b800000|  0%| F|  |TAMS 0x000000071b600000| PB 0x000000071b600000| Untracked 
| 204|0x000000071b800000, 0x000000071b800000, 0x000000071ba00000|  0%| F|  |TAMS 0x000000071b800000| PB 0x000000071b800000| Untracked 
| 205|0x000000071ba00000, 0x000000071ba00000, 0x000000071bc00000|  0%| F|  |TAMS 0x000000071ba00000| PB 0x000000071ba00000| Untracked 
| 206|0x000000071bc00000, 0x000000071bc00000, 0x000000071be00000|  0%| F|  |TAMS 0x000000071bc00000| PB 0x000000071bc00000| Untracked 
| 207|0x000000071be00000, 0x000000071be00000, 0x000000071c000000|  0%| F|  |TAMS 0x000000071be00000| PB 0x000000071be00000| Untracked 
| 208|0x000000071c000000, 0x000000071c000000, 0x000000071c200000|  0%| F|  |TAMS 0x000000071c000000| PB 0x000000071c000000| Untracked 
| 209|0x000000071c200000, 0x000000071c200000, 0x000000071c400000|  0%| F|  |TAMS 0x000000071c200000| PB 0x000000071c200000| Untracked 
| 210|0x000000071c400000, 0x000000071c400000, 0x000000071c600000|  0%| F|  |TAMS 0x000000071c400000| PB 0x000000071c400000| Untracked 
| 211|0x000000071c600000, 0x000000071c600000, 0x000000071c800000|  0%| F|  |TAMS 0x000000071c600000| PB 0x000000071c600000| Untracked 
| 212|0x000000071c800000, 0x000000071c800000, 0x000000071ca00000|  0%| F|  |TAMS 0x000000071c800000| PB 0x000000071c800000| Untracked 
| 213|0x000000071ca00000, 0x000000071ca00000, 0x000000071cc00000|  0%| F|  |TAMS 0x000000071ca00000| PB 0x000000071ca00000| Untracked 
| 214|0x000000071cc00000, 0x000000071cc00000, 0x000000071ce00000|  0%| F|  |TAMS 0x000000071cc00000| PB 0x000000071cc00000| Untracked 
| 215|0x000000071ce00000, 0x000000071ce00000, 0x000000071d000000|  0%| F|  |TAMS 0x000000071ce00000| PB 0x000000071ce00000| Untracked 
| 216|0x000000071d000000, 0x000000071d000000, 0x000000071d200000|  0%| F|  |TAMS 0x000000071d000000| PB 0x000000071d000000| Untracked 
| 217|0x000000071d200000, 0x000000071d200000, 0x000000071d400000|  0%| F|  |TAMS 0x000000071d200000| PB 0x000000071d200000| Untracked 
| 218|0x000000071d400000, 0x000000071d400000, 0x000000071d600000|  0%| F|  |TAMS 0x000000071d400000| PB 0x000000071d400000| Untracked 
| 219|0x000000071d600000, 0x000000071d600000, 0x000000071d800000|  0%| F|  |TAMS 0x000000071d600000| PB 0x000000071d600000| Untracked 
| 220|0x000000071d800000, 0x000000071d800000, 0x000000071da00000|  0%| F|  |TAMS 0x000000071d800000| PB 0x000000071d800000| Untracked 
| 221|0x000000071da00000, 0x000000071da00000, 0x000000071dc00000|  0%| F|  |TAMS 0x000000071da00000| PB 0x000000071da00000| Untracked 
| 222|0x000000071dc00000, 0x000000071dc00000, 0x000000071de00000|  0%| F|  |TAMS 0x000000071dc00000| PB 0x000000071dc00000| Untracked 
| 223|0x000000071de00000, 0x000000071de00000, 0x000000071e000000|  0%| F|  |TAMS 0x000000071de00000| PB 0x000000071de00000| Untracked 
| 224|0x000000071e000000, 0x000000071e000000, 0x000000071e200000|  0%| F|  |TAMS 0x000000071e000000| PB 0x000000071e000000| Untracked 
| 225|0x000000071e200000, 0x000000071e200000, 0x000000071e400000|  0%| F|  |TAMS 0x000000071e200000| PB 0x000000071e200000| Untracked 
| 226|0x000000071e400000, 0x000000071e400000, 0x000000071e600000|  0%| F|  |TAMS 0x000000071e400000| PB 0x000000071e400000| Untracked 
| 227|0x000000071e600000, 0x000000071e600000, 0x000000071e800000|  0%| F|  |TAMS 0x000000071e600000| PB 0x000000071e600000| Untracked 
| 228|0x000000071e800000, 0x000000071e800000, 0x000000071ea00000|  0%| F|  |TAMS 0x000000071e800000| PB 0x000000071e800000| Untracked 
| 229|0x000000071ea00000, 0x000000071ea00000, 0x000000071ec00000|  0%| F|  |TAMS 0x000000071ea00000| PB 0x000000071ea00000| Untracked 
| 230|0x000000071ec00000, 0x000000071ec00000, 0x000000071ee00000|  0%| F|  |TAMS 0x000000071ec00000| PB 0x000000071ec00000| Untracked 
| 231|0x000000071ee00000, 0x000000071ee141d0, 0x000000071f000000|  3%| S|CS|TAMS 0x000000071ee00000| PB 0x000000071ee00000| Complete 
| 232|0x000000071f000000, 0x000000071f000000, 0x000000071f200000|  0%| F|  |TAMS 0x000000071f000000| PB 0x000000071f000000| Untracked 
|2031|0x00000007ffe00000, 0x00000007fff16b08, 0x0000000800000000| 54%| O|  |TAMS 0x00000007fff16b08| PB 0x00000007ffe00000| Untracked 

Card table byte_map: [0x000001a4411a0000,0x000001a441990000] _byte_map_base: 0x000001a43d990000

Marking Bits: (CMBitMap*) 0x000001a4270b5960
 Bits: [0x000001a441990000, 0x000001a445910000)

Polling page: 0x000001a427120000

Metaspace:

Usage:
  Non-class:      8.60 MB used.
      Class:    947.61 KB used.
       Both:      9.52 MB used.

Virtual space:
  Non-class space:       64.00 MB reserved,       8.75 MB ( 14%) committed,  1 nodes.
      Class space:        1.00 GB reserved,       1.00 MB ( <1%) committed,  1 nodes.
             Both:        1.06 GB reserved,       9.75 MB ( <1%) committed. 

Chunk freelists:
   Non-Class:  7.27 MB
       Class:  15.00 MB
        Both:  22.27 MB

MaxMetaspaceSize: unlimited
CompressedClassSpaceSize: 1.00 GB
Initial GC threshold: 21.00 MB
Current GC threshold: 21.00 MB
CDS: on
 - commit_granule_bytes: 65536.
 - commit_granule_words: 8192.
 - virtual_space_node_default_size: 8388608.
 - enlarge_chunks_in_place: 1.
 - use_allocation_guard: 0.


Internal statistics:

num_allocs_failed_limit: 0.
num_arena_births: 216.
num_arena_deaths: 0.
num_vsnodes_births: 2.
num_vsnodes_deaths: 0.
num_space_committed: 156.
num_space_uncommitted: 0.
num_chunks_returned_to_freelist: 0.
num_chunks_taken_from_freelist: 376.
num_chunk_merges: 0.
num_chunk_splits: 251.
num_chunks_enlarged: 158.
num_inconsistent_stats: 0.

CodeHeap 'non-profiled nmethods': size=120000Kb used=621Kb max_used=621Kb free=119378Kb
 bounds [0x000001a438a00000, 0x000001a438c70000, 0x000001a43ff30000]
CodeHeap 'profiled nmethods': size=120000Kb used=2118Kb max_used=2409Kb free=117881Kb
 bounds [0x000001a430f30000, 0x000001a4311a0000, 0x000001a438460000]
CodeHeap 'non-nmethods': size=5760Kb used=1673Kb max_used=1717Kb free=4087Kb
 bounds [0x000001a438460000, 0x000001a4386d0000, 0x000001a438a00000]
 total_blobs=1957 nmethods=1293 adapters=569
 compilation: enabled
              stopped_count=0, restarted_count=0
 full_count=0

Compilation events (20 events):
Event: 39.632 Thread 0x000001a4483f2620 nmethod 1474 0x000001a438a61c90 code [0x000001a438a61ea0, 0x000001a438a626c0]
Event: 39.632 Thread 0x000001a4483f2620 1475   !   4       jdk.internal.loader.URLClassPath$JarLoader::ensureOpen (36 bytes)
Event: 39.640 Thread 0x000001a4483f2620 nmethod 1475 0x000001a438a61310 code [0x000001a438a61500, 0x000001a438a61930]
Event: 39.661 Thread 0x000001a4483f2620 1476  s!   4       jdk.internal.loader.URLClassPath::getLoader (194 bytes)
Event: 39.661 Thread 0x000001a4484154e0 1477       3       java.lang.Character::forDigit (42 bytes)
Event: 39.661 Thread 0x000001a4484154e0 nmethod 1477 0x000001a431184590 code [0x000001a431184740, 0x000001a4311849e0]
Event: 39.675 Thread 0x000001a4483f2620 nmethod 1476 0x000001a438a77910 code [0x000001a438a77b60, 0x000001a438a78758]
Event: 39.697 Thread 0x000001a4483f2620 1478   !   4       java.io.RandomAccessFile::writeBytes (31 bytes)
Event: 39.699 Thread 0x000001a4483f2620 nmethod 1478 0x000001a438a60b10 code [0x000001a438a60cc0, 0x000001a438a60e80]
Event: 39.699 Thread 0x000001a4483f2620 1479       4       java.util.concurrent.locks.ReentrantLock$NonfairSync::initialTryLock (58 bytes)
Event: 39.702 Thread 0x000001a4483f2620 nmethod 1479 0x000001a438a23310 code [0x000001a438a234a0, 0x000001a438a23758]
Event: 39.722 Thread 0x000001a4484154e0 1480       1       java.awt.image.BufferedImage::getType (5 bytes)
Event: 39.722 Thread 0x000001a4484154e0 nmethod 1480 0x000001a438a23010 code [0x000001a438a231a0, 0x000001a438a23268]
Event: 39.726 Thread 0x000001a4484154e0 1481  s    3       sun.java2d.loops.GraphicsPrimitiveMgr::locatePrim (95 bytes)
Event: 39.727 Thread 0x000001a4483f2620 1483       4       jdk.internal.module.SystemModuleFinders$SystemModuleReader::find (59 bytes)
Event: 39.727 Thread 0x000001a4484154e0 nmethod 1481 0x000001a430f30010 code [0x000001a430f30240, 0x000001a430f30b00]
Event: 39.727 Thread 0x000001a4484154e0 1482       3       jdk.internal.loader.BuiltinClassLoader$2::run (5 bytes)
Event: 39.728 Thread 0x000001a4484154e0 nmethod 1482 0x000001a431002810 code [0x000001a4310029c0, 0x000001a431002b20]
Event: 39.729 Thread 0x000001a4484154e0 1486       3       java.lang.ThreadLocal::get (35 bytes)
Event: 39.729 Thread 0x000001a4484154e0 nmethod 1486 0x000001a430fcfa90 code [0x000001a430fcfc60, 0x000001a430fcffa8]

GC Heap History (20 events):
Event: 39.089 GC heap after
{Heap after GC invocations=11 (full 3):
 garbage-first heap   total 192512K, used 121997K [0x0000000702000000, 0x0000000800000000)
  region size 2048K, 1 young (2048K), 1 survivors (2048K)
 Metaspace       used 9735K, committed 9920K, reserved 1114112K
  class space    used 947K, committed 1024K, reserved 1048576K
}
Event: 39.398 GC heap before
{Heap before GC invocations=11 (full 3):
 garbage-first heap   total 229376K, used 224397K [0x0000000702000000, 0x0000000800000000)
  region size 2048K, 9 young (18432K), 1 survivors (2048K)
 Metaspace       used 9745K, committed 9920K, reserved 1114112K
  class space    used 947K, committed 1024K, reserved 1048576K
}
Event: 39.400 GC heap after
{Heap after GC invocations=12 (full 3):
 garbage-first heap   total 231424K, used 183483K [0x0000000702000000, 0x0000000800000000)
  region size 2048K, 1 young (2048K), 1 survivors (2048K)
 Metaspace       used 9745K, committed 9920K, reserved 1114112K
  class space    used 947K, committed 1024K, reserved 1048576K
}
Event: 39.412 GC heap before
{Heap before GC invocations=12 (full 3):
 garbage-first heap   total 231424K, used 183483K [0x0000000702000000, 0x0000000800000000)
  region size 2048K, 2 young (4096K), 1 survivors (2048K)
 Metaspace       used 9745K, committed 9920K, reserved 1114112K
  class space    used 947K, committed 1024K, reserved 1048576K
}
Event: 39.414 GC heap after
{Heap after GC invocations=13 (full 3):
 garbage-first heap   total 231424K, used 154778K [0x0000000702000000, 0x0000000800000000)
  region size 2048K, 1 young (2048K), 1 survivors (2048K)
 Metaspace       used 9745K, committed 9920K, reserved 1114112K
  class space    used 947K, committed 1024K, reserved 1048576K
}
Event: 39.469 GC heap before
{Heap before GC invocations=14 (full 3):
 garbage-first heap   total 276480K, used 169114K [0x0000000702000000, 0x0000000800000000)
  region size 2048K, 3 young (6144K), 1 survivors (2048K)
 Metaspace       used 9745K, committed 9920K, reserved 1114112K
  class space    used 947K, committed 1024K, reserved 1048576K
}
Event: 39.471 GC heap after
{Heap after GC invocations=15 (full 3):
 garbage-first heap   total 276480K, used 167069K [0x0000000702000000, 0x0000000800000000)
  region size 2048K, 1 young (2048K), 1 survivors (2048K)
 Metaspace       used 9745K, committed 9920K, reserved 1114112K
  class space    used 947K, committed 1024K, reserved 1048576K
}
Event: 39.524 GC heap before
{Heap before GC invocations=16 (full 3):
 garbage-first heap   total 296960K, used 181405K [0x0000000702000000, 0x0000000800000000)
  region size 2048K, 3 young (6144K), 1 survivors (2048K)
 Metaspace       used 9745K, committed 9920K, reserved 1114112K
  class space    used 947K, committed 1024K, reserved 1048576K
}
Event: 39.525 GC heap after
{Heap after GC invocations=17 (full 3):
 garbage-first heap   total 296960K, used 175262K [0x0000000702000000, 0x0000000800000000)
  region size 2048K, 1 young (2048K), 1 survivors (2048K)
 Metaspace       used 9745K, committed 9920K, reserved 1114112K
  class space    used 947K, committed 1024K, reserved 1048576K
}
Event: 39.595 GC heap before
{Heap before GC invocations=18 (full 3):
 garbage-first heap   total 311296K, used 189598K [0x0000000702000000, 0x0000000800000000)
  region size 2048K, 3 young (6144K), 1 survivors (2048K)
 Metaspace       used 9748K, committed 9984K, reserved 1114112K
  class space    used 947K, committed 1024K, reserved 1048576K
}
Event: 39.596 GC heap after
{Heap after GC invocations=19 (full 3):
 garbage-first heap   total 311296K, used 183454K [0x0000000702000000, 0x0000000800000000)
  region size 2048K, 1 young (2048K), 1 survivors (2048K)
 Metaspace       used 9748K, committed 9984K, reserved 1114112K
  class space    used 947K, committed 1024K, reserved 1048576K
}
Event: 39.618 GC heap before
{Heap before GC invocations=20 (full 3):
 garbage-first heap   total 317440K, used 191646K [0x0000000702000000, 0x0000000800000000)
  region size 2048K, 2 young (4096K), 1 survivors (2048K)
 Metaspace       used 9748K, committed 9984K, reserved 1114112K
  class space    used 947K, committed 1024K, reserved 1048576K
}
Event: 39.622 GC heap after
{Heap after GC invocations=21 (full 3):
 garbage-first heap   total 479232K, used 187582K [0x0000000702000000, 0x0000000800000000)
  region size 2048K, 1 young (2048K), 1 survivors (2048K)
 Metaspace       used 9748K, committed 9984K, reserved 1114112K
  class space    used 947K, committed 1024K, reserved 1048576K
}
Event: 39.718 GC heap before
{Heap before GC invocations=21 (full 3):
 garbage-first heap   total 479232K, used 222398K [0x0000000702000000, 0x0000000800000000)
  region size 2048K, 5 young (10240K), 1 survivors (2048K)
 Metaspace       used 9749K, committed 9984K, reserved 1114112K
  class space    used 947K, committed 1024K, reserved 1048576K
}
Event: 39.720 GC heap after
{Heap after GC invocations=22 (full 3):
 garbage-first heap   total 479232K, used 212137K [0x0000000702000000, 0x0000000800000000)
  region size 2048K, 1 young (2048K), 1 survivors (2048K)
 Metaspace       used 9749K, committed 9984K, reserved 1114112K
  class space    used 947K, committed 1024K, reserved 1048576K
}
Event: 39.724 GC heap before
{Heap before GC invocations=22 (full 3):
 garbage-first heap   total 479232K, used 216233K [0x0000000702000000, 0x0000000800000000)
  region size 2048K, 2 young (4096K), 1 survivors (2048K)
 Metaspace       used 9749K, committed 9984K, reserved 1114112K
  class space    used 947K, committed 1024K, reserved 1048576K
}
Event: 39.725 GC heap after
{Heap after GC invocations=23 (full 3):
 garbage-first heap   total 479232K, used 208035K [0x0000000702000000, 0x0000000800000000)
  region size 2048K, 1 young (2048K), 1 survivors (2048K)
 Metaspace       used 9749K, committed 9984K, reserved 1114112K
  class space    used 947K, committed 1024K, reserved 1048576K
}
Event: 39.756 GC heap before
{Heap before GC invocations=23 (full 3):
 garbage-first heap   total 479232K, used 218275K [0x0000000702000000, 0x0000000800000000)
  region size 2048K, 3 young (6144K), 1 survivors (2048K)
 Metaspace       used 9752K, committed 9984K, reserved 1114112K
  class space    used 947K, committed 1024K, reserved 1048576K
}
Event: 39.758 GC heap after
{Heap after GC invocations=24 (full 3):
 garbage-first heap   total 479232K, used 212136K [0x0000000702000000, 0x0000000800000000)
  region size 2048K, 1 young (2048K), 1 survivors (2048K)
 Metaspace       used 9752K, committed 9984K, reserved 1114112K
  class space    used 947K, committed 1024K, reserved 1048576K
}
Event: 39.760 GC heap before
{Heap before GC invocations=24 (full 3):
 garbage-first heap   total 479232K, used 216232K [0x0000000702000000, 0x0000000800000000)
  region size 2048K, 2 young (4096K), 1 survivors (2048K)
 Metaspace       used 9752K, committed 9984K, reserved 1114112K
  class space    used 947K, committed 1024K, reserved 1048576K
}

Dll operation events (20 events):
Event: 2.327 Loaded shared library C:\Users\Ecole\.openjfx\cache\21.0.3+2\amd64\api-ms-win-crt-heap-l1-1-0.dll
Event: 2.341 Loaded shared library C:\Users\Ecole\.openjfx\cache\21.0.3+2\amd64\api-ms-win-crt-locale-l1-1-0.dll
Event: 2.354 Loaded shared library C:\Users\Ecole\.openjfx\cache\21.0.3+2\amd64\api-ms-win-crt-math-l1-1-0.dll
Event: 2.366 Loaded shared library C:\Users\Ecole\.openjfx\cache\21.0.3+2\amd64\api-ms-win-crt-multibyte-l1-1-0.dll
Event: 2.379 Loaded shared library C:\Users\Ecole\.openjfx\cache\21.0.3+2\amd64\api-ms-win-crt-private-l1-1-0.dll
Event: 2.393 Loaded shared library C:\Users\Ecole\.openjfx\cache\21.0.3+2\amd64\api-ms-win-crt-process-l1-1-0.dll
Event: 2.406 Loaded shared library C:\Users\Ecole\.openjfx\cache\21.0.3+2\amd64\api-ms-win-crt-runtime-l1-1-0.dll
Event: 2.417 Loaded shared library C:\Users\Ecole\.openjfx\cache\21.0.3+2\amd64\api-ms-win-crt-stdio-l1-1-0.dll
Event: 2.429 Loaded shared library C:\Users\Ecole\.openjfx\cache\21.0.3+2\amd64\api-ms-win-crt-string-l1-1-0.dll
Event: 2.443 Loaded shared library C:\Users\Ecole\.openjfx\cache\21.0.3+2\amd64\api-ms-win-crt-time-l1-1-0.dll
Event: 2.458 Loaded shared library C:\Users\Ecole\.openjfx\cache\21.0.3+2\amd64\api-ms-win-crt-utility-l1-1-0.dll
Event: 2.489 Loaded shared library C:\Users\Ecole\.openjfx\cache\21.0.3+2\amd64\ucrtbase.dll
Event: 2.499 Loaded shared library C:\Users\Ecole\.openjfx\cache\21.0.3+2\amd64\vcruntime140.dll
Event: 2.508 Loaded shared library C:\Users\Ecole\.openjfx\cache\21.0.3+2\amd64\vcruntime140_1.dll
Event: 2.528 Loaded shared library C:\Users\Ecole\.openjfx\cache\21.0.3+2\amd64\msvcp140.dll
Event: 2.536 Loaded shared library C:\Users\Ecole\.openjfx\cache\21.0.3+2\amd64\msvcp140_1.dll
Event: 2.550 Loaded shared library C:\Users\Ecole\.openjfx\cache\21.0.3+2\amd64\msvcp140_2.dll
Event: 2.626 Loaded shared library C:\Users\Ecole\.openjfx\cache\21.0.3+2\amd64\prism_d3d.dll
Event: 2.699 Loaded shared library C:\Users\Ecole\.openjfx\cache\21.0.3+2\amd64\glass.dll
Event: 38.618 Loaded shared library E:\coles\Vanier\GameProgramming\jdk\bin\javajpeg.dll

Deoptimization events (20 events):
Event: 38.700 Thread 0x000001a497a901e0 Uncommon trap: trap_request=0xffffff45 fr.pc=0x000001a438a77b0c relative=0x000000000000102c
Event: 38.700 Thread 0x000001a497a901e0 Uncommon trap: reason=unstable_if action=reinterpret pc=0x000001a438a77b0c method=java.io.BufferedInputStream.implRead([BII)I @ 103 c2
Event: 38.700 Thread 0x000001a497a901e0 DEOPT PACKING pc=0x000001a438a77b0c sp=0x0000003e78afd730
Event: 38.700 Thread 0x000001a497a901e0 DEOPT UNPACKING pc=0x000001a4384b46a2 sp=0x0000003e78afd698 mode 2
Event: 38.700 Thread 0x000001a497a901e0 Uncommon trap: trap_request=0xffffff45 fr.pc=0x000001a438a23404 relative=0x0000000000000224
Event: 38.700 Thread 0x000001a497a901e0 Uncommon trap: reason=unstable_if action=reinterpret pc=0x000001a438a23404 method=java.io.BufferedInputStream.read1([BII)I @ 73 c2
Event: 38.700 Thread 0x000001a497a901e0 DEOPT PACKING pc=0x000001a438a23404 sp=0x0000003e78afd600
Event: 38.700 Thread 0x000001a497a901e0 DEOPT UNPACKING pc=0x000001a4384b46a2 sp=0x0000003e78afd5d0 mode 2
Event: 38.700 Thread 0x000001a497a901e0 DEOPT PACKING pc=0x000001a4311892d8 sp=0x0000003e78afd890
Event: 38.700 Thread 0x000001a497a901e0 DEOPT UNPACKING pc=0x000001a4384b4e42 sp=0x0000003e78afcd68 mode 0
Event: 38.701 Thread 0x000001a497a901e0 DEOPT PACKING pc=0x000001a4311892d8 sp=0x0000003e78afd890
Event: 38.701 Thread 0x000001a497a901e0 DEOPT UNPACKING pc=0x000001a4384b4e42 sp=0x0000003e78afcd68 mode 0
Event: 38.701 Thread 0x000001a497a901e0 DEOPT PACKING pc=0x000001a4311892d8 sp=0x0000003e78afd890
Event: 38.701 Thread 0x000001a497a901e0 DEOPT UNPACKING pc=0x000001a4384b4e42 sp=0x0000003e78afcd68 mode 0
Event: 38.702 Thread 0x000001a497a901e0 DEOPT PACKING pc=0x000001a4311892d8 sp=0x0000003e78afd890
Event: 38.702 Thread 0x000001a497a901e0 DEOPT UNPACKING pc=0x000001a4384b4e42 sp=0x0000003e78afcd68 mode 0
Event: 38.722 Thread 0x000001a497a901e0 DEOPT PACKING pc=0x000001a4311892d8 sp=0x0000003e78afdb10
Event: 38.722 Thread 0x000001a497a901e0 DEOPT UNPACKING pc=0x000001a4384b4e42 sp=0x0000003e78afcfe8 mode 0
Event: 38.722 Thread 0x000001a497a901e0 DEOPT PACKING pc=0x000001a4311892d8 sp=0x0000003e78afdb10
Event: 38.722 Thread 0x000001a497a901e0 DEOPT UNPACKING pc=0x000001a4384b4e42 sp=0x0000003e78afcfe8 mode 0

Classes loaded (20 events):
Event: 38.613 Loading class com/sun/imageio/plugins/jpeg/JPEGImageReader
Event: 38.614 Loading class com/sun/imageio/plugins/jpeg/JPEGImageReader done
Event: 38.615 Loading class com/sun/imageio/plugins/jpeg/JPEGImageReader$1
Event: 38.615 Loading class com/sun/imageio/plugins/jpeg/JPEGImageReader$1 done
Event: 38.618 Loading class javax/imageio/plugins/jpeg/JPEGQTable
Event: 38.618 Loading class javax/imageio/plugins/jpeg/JPEGQTable done
Event: 38.618 Loading class javax/imageio/plugins/jpeg/JPEGHuffmanTable
Event: 38.619 Loading class javax/imageio/plugins/jpeg/JPEGHuffmanTable done
Event: 38.619 Loading class com/sun/imageio/plugins/jpeg/JPEGImageReader$CallBackLock
Event: 38.619 Loading class com/sun/imageio/plugins/jpeg/JPEGImageReader$CallBackLock done
Event: 38.620 Loading class com/sun/imageio/plugins/jpeg/JPEGImageReader$CallBackLock$State
Event: 38.620 Loading class com/sun/imageio/plugins/jpeg/JPEGImageReader$CallBackLock$State done
Event: 38.620 Loading class com/sun/imageio/plugins/jpeg/JPEGImageReader$JPEGReaderDisposerRecord
Event: 38.620 Loading class com/sun/imageio/plugins/jpeg/JPEGImageReader$JPEGReaderDisposerRecord done
Event: 38.620 Loading class javax/imageio/plugins/jpeg/JPEGImageReadParam
Event: 38.620 Loading class javax/imageio/plugins/jpeg/JPEGImageReadParam done
Event: 38.665 Loading class com/sun/imageio/plugins/jpeg/ImageTypeProducer
Event: 38.665 Loading class com/sun/imageio/plugins/jpeg/ImageTypeProducer done
Event: 38.666 Loading class com/sun/imageio/plugins/jpeg/ImageTypeIterator
Event: 38.666 Loading class com/sun/imageio/plugins/jpeg/ImageTypeIterator done

Classes unloaded (0 events):
No events

Classes redefined (0 events):
No events

Internal exceptions (20 events):
Event: 0.551 Thread 0x000001a426e4c4d0 Exception <a 'java/lang/NoSuchMethodError'{0x0000000711bb0300}: 'int java.lang.invoke.DirectMethodHandle$Holder.invokeSpecial(java.lang.Object, java.lang.Object, java.lang.Object)'> (0x0000000711bb0300) 
thrown [s\src\hotspot\share\interpreter\linkResolver.cpp, line 773]
Event: 0.566 Thread 0x000001a426e4c4d0 Exception <a 'java/lang/NoSuchMethodError'{0x0000000711bd4588}: 'java.lang.Object java.lang.invoke.DirectMethodHandle$Holder.invokeStatic(java.lang.Object, java.lang.Object, int)'> (0x0000000711bd4588) 
thrown [s\src\hotspot\share\interpreter\linkResolver.cpp, line 773]
Event: 0.568 Thread 0x000001a426e4c4d0 Exception <a 'java/lang/NoSuchMethodError'{0x0000000711bdfde8}: 'void java.lang.invoke.DelegatingMethodHandle$Holder.delegate(java.lang.Object, java.lang.Object, int, java.lang.Object)'> (0x0000000711bdfde8) 
thrown [s\src\hotspot\share\interpreter\linkResolver.cpp, line 773]
Event: 0.601 Thread 0x000001a426e4c4d0 Exception <a 'java/io/FileNotFoundException'{0x0000000711827d48}> (0x0000000711827d48) 
thrown [s\src\hotspot\share\prims\jni.cpp, line 520]
Event: 0.619 Thread 0x000001a426e4c4d0 Exception <a 'java/io/FileNotFoundException'{0x0000000711852bd8}> (0x0000000711852bd8) 
thrown [s\src\hotspot\share\prims\jni.cpp, line 520]
Event: 1.245 Thread 0x000001a49672a5d0 Exception <a 'java/lang/NoSuchMethodError'{0x00000007116f9698}: 'void java.lang.invoke.DirectMethodHandle$Holder.invokeStatic(java.lang.Object, java.lang.Object)'> (0x00000007116f9698) 
thrown [s\src\hotspot\share\interpreter\linkResolver.cpp, line 773]
Event: 1.246 Thread 0x000001a49672a5d0 Exception <a 'java/lang/NoSuchMethodError'{0x00000007116fec60}: 'java.lang.Object java.lang.invoke.DirectMethodHandle$Holder.newInvokeSpecial(java.lang.Object, java.lang.Object, java.lang.Object, java.lang.Object, java.lang.Object, java.lang.Object, java.lang.Object, java.lang.Object)'> (0x00000007116fec60) 
thrown [s\src\hotspot\share\interpreter\linkResolver.cpp, line 773]
Event: 1.353 Thread 0x000001a4968b5870 Exception <a 'java/lang/ClassNotFoundException'{0x00000007114d08a0}: sun/net/www/protocol/e/Handler> (0x00000007114d08a0) 
thrown [s\src\hotspot\share\classfile\systemDictionary.cpp, line 312]
Event: 1.487 Thread 0x000001a4968b5870 Exception <a 'java/lang/NoSuchMethodError'{0x0000000711534370}: 'java.lang.Object java.lang.invoke.DirectMethodHandle$Holder.invokeStaticInit(java.lang.Object, int, int, int, int)'> (0x0000000711534370) 
thrown [s\src\hotspot\share\interpreter\linkResolver.cpp, line 773]
Event: 1.543 Thread 0x000001a4968b5870 Exception <a 'java/lang/NoSuchMethodError'{0x0000000711572840}: 'java.lang.Object java.lang.invoke.DirectMethodHandle$Holder.invokeStaticInit(java.lang.Object, java.lang.Object, int, int, int, int)'> (0x0000000711572840) 
thrown [s\src\hotspot\share\interpreter\linkResolver.cpp, line 773]
Event: 1.705 Thread 0x000001a496b75db0 Exception <a 'java/lang/NoSuchMethodError'{0x000000071123cdc0}: 'void java.lang.invoke.DirectMethodHandle$Holder.invokeStatic(java.lang.Object, java.lang.Object, java.lang.Object)'> (0x000000071123cdc0) 
thrown [s\src\hotspot\share\interpreter\linkResolver.cpp, line 773]
Event: 1.784 Thread 0x000001a496a1a940 Exception <a 'java/lang/NoSuchMethodError'{0x000000071132ab10}: 'java.lang.Object java.lang.invoke.DirectMethodHandle$Holder.invokeStatic(java.lang.Object, int, java.lang.Object)'> (0x000000071132ab10) 
thrown [s\src\hotspot\share\interpreter\linkResolver.cpp, line 773]
Event: 1.796 Thread 0x000001a496a1a940 Exception <a 'java/lang/ClassNotFoundException'{0x000000071133b5e0}: sun/util/logging/resources/spi/loggingProvider> (0x000000071133b5e0) 
thrown [s\src\hotspot\share\classfile\systemDictionary.cpp, line 312]
Event: 1.911 Thread 0x000001a496a1a940 Implicit null exception at 0x000001a438a461ad to 0x000001a438a465b4
Event: 2.663 Thread 0x000001a496a1a940 Exception <a 'java/lang/NoSuchMethodError'{0x000000071187bfa8}: 'int java.lang.invoke.DirectMethodHandle$Holder.invokeStaticInit(java.lang.Object, java.lang.Object, java.lang.Object)'> (0x000000071187bfa8) 
thrown [s\src\hotspot\share\interpreter\linkResolver.cpp, line 773]
Event: 2.706 Thread 0x000001a496a1a940 Exception <a 'java/lang/NoSuchMethodError'{0x0000000711960e18}: 'java.lang.Object java.lang.invoke.DirectMethodHandle$Holder.newInvokeSpecial(java.lang.Object, java.lang.Object, int, java.lang.Object)'> (0x0000000711960e18) 
thrown [s\src\hotspot\share\interpreter\linkResolver.cpp, line 773]
Event: 2.707 Thread 0x000001a496a1a940 Exception <a 'java/lang/NoSuchMethodError'{0x00000007119649c8}: 'java.lang.Object java.lang.invoke.DirectMethodHandle$Holder.invokeSpecial(java.lang.Object, java.lang.Object, java.lang.Object, int, java.lang.Object)'> (0x00000007119649c8) 
thrown [s\src\hotspot\share\interpreter\linkResolver.cpp, line 773]
Event: 2.708 Thread 0x000001a496a1a940 Exception <a 'java/lang/NoSuchMethodError'{0x000000071196b278}: 'void java.lang.invoke.DirectMethodHandle$Holder.invokeSpecial(java.lang.Object, java.lang.Object, int, java.lang.Object)'> (0x000000071196b278) 
thrown [s\src\hotspot\share\interpreter\linkResolver.cpp, line 773]
Event: 2.822 Thread 0x000001a497a8ee30 Exception <a 'java/lang/NoSuchMethodError'{0x000000071176e340}: 'void java.lang.invoke.DirectMethodHandle$Holder.invokeStaticInit(java.lang.Object)'> (0x000000071176e340) 
thrown [s\src\hotspot\share\interpreter\linkResolver.cpp, line 773]
Event: 35.122 Thread 0x000001a4968b5ee0 Exception <a 'java/lang/NoSuchMethodError'{0x0000000704d62b50}: 'void java.lang.invoke.DirectMethodHandle$Holder.invokeInterface(java.lang.Object, java.lang.Object)'> (0x0000000704d62b50) 
thrown [s\src\hotspot\share\interpreter\linkResolver.cpp, line 773]

ZGC Phase Switch (0 events):
No events

VM Operations (20 events):
Event: 39.525 Executing VM operation: G1TryInitiateConcMark (G1 Humongous Allocation) done
Event: 39.534 Executing VM operation: G1PauseRemark
Event: 39.536 Executing VM operation: G1PauseRemark done
Event: 39.539 Executing VM operation: G1PauseCleanup
Event: 39.539 Executing VM operation: G1PauseCleanup done
Event: 39.595 Executing VM operation: G1TryInitiateConcMark (G1 Humongous Allocation)
Event: 39.596 Executing VM operation: G1TryInitiateConcMark (G1 Humongous Allocation) done
Event: 39.604 Executing VM operation: G1PauseRemark
Event: 39.606 Executing VM operation: G1PauseRemark done
Event: 39.610 Executing VM operation: G1PauseCleanup
Event: 39.610 Executing VM operation: G1PauseCleanup done
Event: 39.618 Executing VM operation: G1TryInitiateConcMark (G1 Humongous Allocation)
Event: 39.622 Executing VM operation: G1TryInitiateConcMark (G1 Humongous Allocation) done
Event: 39.718 Executing VM operation: G1TryInitiateConcMark (G1 Humongous Allocation)
Event: 39.720 Executing VM operation: G1TryInitiateConcMark (G1 Humongous Allocation) done
Event: 39.724 Executing VM operation: G1TryInitiateConcMark (G1 Humongous Allocation)
Event: 39.725 Executing VM operation: G1TryInitiateConcMark (G1 Humongous Allocation) done
Event: 39.756 Executing VM operation: G1TryInitiateConcMark (G1 Humongous Allocation)
Event: 39.758 Executing VM operation: G1TryInitiateConcMark (G1 Humongous Allocation) done
Event: 39.760 Executing VM operation: G1TryInitiateConcMark (G1 Humongous Allocation)

Memory protections (0 events):
No events

Nmethod flushes (20 events):
Event: 39.422 Thread 0x000001a4483adb60 flushing  nmethod 0x000001a438a60b10
Event: 39.422 Thread 0x000001a4483adb60 flushing  nmethod 0x000001a431187b90
Event: 39.422 Thread 0x000001a4483adb60 flushing  nmethod 0x000001a43114ed10
Event: 39.422 Thread 0x000001a4483adb60 flushing  nmethod 0x000001a431153610
Event: 39.422 Thread 0x000001a4483adb60 flushing  nmethod 0x000001a431156990
Event: 39.422 Thread 0x000001a4483adb60 flushing  nmethod 0x000001a431156d90
Event: 39.422 Thread 0x000001a4483adb60 flushing  nmethod 0x000001a43115a410
Event: 39.422 Thread 0x000001a4483adb60 flushing  nmethod 0x000001a43115d890
Event: 39.422 Thread 0x000001a4483adb60 flushing  nmethod 0x000001a438a76810
Event: 39.482 Thread 0x000001a4483adb60 flushing  nmethod 0x000001a430f59710
Event: 39.482 Thread 0x000001a4483adb60 flushing  nmethod 0x000001a431017090
Event: 39.482 Thread 0x000001a4483adb60 flushing  nmethod 0x000001a431017610
Event: 39.482 Thread 0x000001a4483adb60 flushing  nmethod 0x000001a430fe0110
Event: 39.482 Thread 0x000001a4483adb60 flushing  nmethod 0x000001a430fe9990
Event: 39.482 Thread 0x000001a4483adb60 flushing  nmethod 0x000001a430f36810
Event: 39.482 Thread 0x000001a4483adb60 flushing  nmethod 0x000001a430f3c410
Event: 39.482 Thread 0x000001a4483adb60 flushing  nmethod 0x000001a430fb1a90
Event: 39.482 Thread 0x000001a4483adb60 flushing  nmethod 0x000001a431184590
Event: 39.482 Thread 0x000001a4483adb60 flushing  nmethod 0x000001a431003410
Event: 39.482 Thread 0x000001a4483adb60 flushing  nmethod 0x000001a430fcfa90

Events (20 events):
Event: 1.382 Thread 0x000001a4484154e0 Thread added: 0x000001a49694d7b0
Event: 1.656 Thread 0x000001a4968b5870 Thread added: 0x000001a496b75db0
Event: 1.656 Thread 0x000001a4968b5870 Thread exited: 0x000001a4968b5870
Event: 1.708 Thread 0x000001a496b75db0 Thread added: 0x000001a496a1a940
Event: 2.132 Thread 0x000001a49694d7b0 Thread exited: 0x000001a49694d7b0
Event: 2.601 Thread 0x000001a496a1a940 Thread added: 0x000001a497a28270
Event: 2.702 Thread 0x000001a496a1a940 Thread added: 0x000001a497a90870
Event: 2.711 Thread 0x000001a496a1a940 Thread added: 0x000001a497a8ee30
Event: 2.729 Thread 0x000001a4966c78e0 Thread exited: 0x000001a4966c78e0
Event: 2.827 Thread 0x000001a496a1a940 Thread exited: 0x000001a496a1a940
Event: 2.836 Thread 0x000001a496b75db0 Thread added: 0x000001a497a91590
Event: 2.849 Thread 0x000001a497a91c20 Thread added: 0x000001a497a91c20
Event: 2.883 Thread 0x000001a496b75db0 Thread added: 0x000001a497a901e0
Event: 2.884 Thread 0x000001a496b75db0 Thread exited: 0x000001a496b75db0
Event: 35.287 Thread 0x000001a4968b5ee0 Thread added: 0x000001a497a922b0
Event: 35.288 Thread 0x000001a4968b5ee0 Thread exited: 0x000001a4968b5ee0
Event: 35.289 Thread 0x000001a4484154e0 Thread added: 0x000001a4968b5c70
Event: 35.397 Thread 0x000001a497a922b0 Thread added: 0x000001a497a8f4c0
Event: 35.397 Thread 0x000001a497a922b0 Thread exited: 0x000001a497a922b0
Event: 38.128 Thread 0x000001a4968b5c70 Thread exited: 0x000001a4968b5c70


Dynamic libraries:
0x00007ff7997a0000 - 0x00007ff7997ae000 	E:\coles\Vanier\GameProgramming\jdk\bin\java.exe
0x00007ff883450000 - 0x00007ff883648000 	C:\WINDOWS\SYSTEM32\ntdll.dll
0x00007ff8827c0000 - 0x00007ff882882000 	C:\WINDOWS\System32\KERNEL32.DLL
0x00007ff880dc0000 - 0x00007ff8810b6000 	C:\WINDOWS\System32\KERNELBASE.dll
0x00007ff8810c0000 - 0x00007ff8811c0000 	C:\WINDOWS\System32\ucrtbase.dll
0x00007ff86eca0000 - 0x00007ff86ecbb000 	E:\coles\Vanier\GameProgramming\jdk\bin\VCRUNTIME140.dll
0x00007ff86ee50000 - 0x00007ff86ee68000 	E:\coles\Vanier\GameProgramming\jdk\bin\jli.dll
0x00007ff881c90000 - 0x00007ff881e2d000 	C:\WINDOWS\System32\USER32.dll
0x00007ff880d90000 - 0x00007ff880db2000 	C:\WINDOWS\System32\win32u.dll
0x00007ff882890000 - 0x00007ff8828bb000 	C:\WINDOWS\System32\GDI32.dll
0x00007ff8812a0000 - 0x00007ff8813ba000 	C:\WINDOWS\System32\gdi32full.dll
0x00007ff880c40000 - 0x00007ff880cdd000 	C:\WINDOWS\System32\msvcp_win.dll
0x00007ff863950000 - 0x00007ff863bea000 	C:\WINDOWS\WinSxS\amd64_microsoft.windows.common-controls_6595b64144ccf1df_6.0.19041.4355_none_60b8b9eb71f62e16\COMCTL32.dll
0x00007ff883030000 - 0x00007ff8830ce000 	C:\WINDOWS\System32\msvcrt.dll
0x00007ff882730000 - 0x00007ff88275f000 	C:\WINDOWS\System32\IMM32.DLL
0x00007ff87c780000 - 0x00007ff87c78c000 	E:\coles\Vanier\GameProgramming\jdk\bin\vcruntime140_1.dll
0x00007ff851510000 - 0x00007ff85159e000 	E:\coles\Vanier\GameProgramming\jdk\bin\msvcp140.dll
0x00007ffff3920000 - 0x00007ffff46a8000 	E:\coles\Vanier\GameProgramming\jdk\bin\server\jvm.dll
0x00007ff883360000 - 0x00007ff88340f000 	C:\WINDOWS\System32\ADVAPI32.dll
0x00007ff881bf0000 - 0x00007ff881c8f000 	C:\WINDOWS\System32\sechost.dll
0x00007ff8814a0000 - 0x00007ff8815c3000 	C:\WINDOWS\System32\RPCRT4.dll
0x00007ff881440000 - 0x00007ff881467000 	C:\WINDOWS\System32\bcrypt.dll
0x00007ff8826c0000 - 0x00007ff88272b000 	C:\WINDOWS\System32\WS2_32.dll
0x00007ff880940000 - 0x00007ff88098b000 	C:\WINDOWS\SYSTEM32\POWRPROF.dll
0x00007ff872010000 - 0x00007ff872037000 	C:\WINDOWS\SYSTEM32\WINMM.dll
0x00007ff87a4f0000 - 0x00007ff87a4fa000 	C:\WINDOWS\SYSTEM32\VERSION.dll
0x00007ff880920000 - 0x00007ff880932000 	C:\WINDOWS\SYSTEM32\UMPDC.dll
0x00007ff87f2c0000 - 0x00007ff87f2d2000 	C:\WINDOWS\SYSTEM32\kernel.appcore.dll
0x00007ff87c700000 - 0x00007ff87c70a000 	E:\coles\Vanier\GameProgramming\jdk\bin\jimage.dll
0x00007ff87f0a0000 - 0x00007ff87f284000 	C:\WINDOWS\SYSTEM32\DBGHELP.DLL
0x00007ff875f30000 - 0x00007ff875f64000 	C:\WINDOWS\SYSTEM32\dbgcore.DLL
0x00007ff881210000 - 0x00007ff881292000 	C:\WINDOWS\System32\bcryptPrimitives.dll
0x00007ff871850000 - 0x00007ff87188c000 	E:\coles\Vanier\GameProgramming\jdk\bin\jdwp.dll
0x00007ff86eb70000 - 0x00007ff86eb8f000 	E:\coles\Vanier\GameProgramming\jdk\bin\java.dll
0x00007ff881ef0000 - 0x00007ff88265f000 	C:\WINDOWS\System32\SHELL32.dll
0x00007ff87e8f0000 - 0x00007ff87f093000 	C:\WINDOWS\SYSTEM32\windows.storage.dll
0x00007ff8829f0000 - 0x00007ff882d45000 	C:\WINDOWS\System32\combase.dll
0x00007ff880360000 - 0x00007ff88038b000 	C:\WINDOWS\SYSTEM32\Wldp.dll
0x00007ff882d50000 - 0x00007ff882e1d000 	C:\WINDOWS\System32\OLEAUT32.dll
0x00007ff8828c0000 - 0x00007ff88296d000 	C:\WINDOWS\System32\SHCORE.dll
0x00007ff882760000 - 0x00007ff8827b5000 	C:\WINDOWS\System32\shlwapi.dll
0x00007ff880a10000 - 0x00007ff880a35000 	C:\WINDOWS\SYSTEM32\profapi.dll
0x00007ff84d960000 - 0x00007ff84da37000 	E:\coles\Vanier\GameProgramming\jdk\bin\jsvml.dll
0x00007ff871a10000 - 0x00007ff871a1b000 	E:\coles\Vanier\GameProgramming\jdk\bin\dt_shmem.dll
0x00007ff87c3d0000 - 0x00007ff87c3e0000 	E:\coles\Vanier\GameProgramming\jdk\bin\net.dll
0x00007ff8792f0000 - 0x00007ff8793fa000 	C:\WINDOWS\SYSTEM32\WINHTTP.dll
0x00007ff880140000 - 0x00007ff8801ac000 	C:\WINDOWS\system32\mswsock.dll
0x00007ff86e0d0000 - 0x00007ff86e0e6000 	E:\coles\Vanier\GameProgramming\jdk\bin\nio.dll
0x00007ff8672e0000 - 0x00007ff8672f8000 	E:\coles\Vanier\GameProgramming\jdk\bin\zip.dll
0x00007ff85aad0000 - 0x00007ff85ac5e000 	E:\coles\Vanier\GameProgramming\jdk\bin\awt.dll
0x00007ff87c8a0000 - 0x00007ff87c934000 	C:\WINDOWS\SYSTEM32\apphelp.dll
0x00007ff87e120000 - 0x00007ff87e1be000 	C:\WINDOWS\system32\uxtheme.dll
0x00007ff883240000 - 0x00007ff883355000 	C:\WINDOWS\System32\MSCTF.dll
0x00007ff881ac0000 - 0x00007ff881beb000 	C:\WINDOWS\System32\ole32.dll
0x00007ff8806e0000 - 0x00007ff8806f8000 	C:\WINDOWS\SYSTEM32\CRYPTSP.dll
0x00007ff87fa80000 - 0x00007ff87fab8000 	C:\WINDOWS\system32\rsaenh.dll
0x00007ff8809d0000 - 0x00007ff8809fe000 	C:\WINDOWS\SYSTEM32\USERENV.dll
0x00007ff8802d0000 - 0x00007ff8802dc000 	C:\WINDOWS\SYSTEM32\CRYPTBASE.dll
0x00007ff87fe40000 - 0x00007ff87fe7b000 	C:\WINDOWS\SYSTEM32\IPHLPAPI.DLL
0x00007ff881490000 - 0x00007ff881498000 	C:\WINDOWS\System32\NSI.dll
0x00007ff87e350000 - 0x00007ff87e37f000 	C:\WINDOWS\system32\DWMAPI.DLL
0x00007ff84bdc0000 - 0x00007ff84bee8000 	C:\WINDOWS\system32\opengl32.dll
0x00007ff84cfb0000 - 0x00007ff84cfdc000 	C:\WINDOWS\SYSTEM32\GLU32.dll
0x000001a448aa0000 - 0x000001a448aa3000 	C:\Users\Ecole\.openjfx\cache\21.0.3+2\amd64\api-ms-win-core-console-l1-1-0.dll
0x000001a448ab0000 - 0x000001a448ab3000 	C:\Users\Ecole\.openjfx\cache\21.0.3+2\amd64\api-ms-win-core-console-l1-2-0.dll
0x000001a448ac0000 - 0x000001a448ac3000 	C:\Users\Ecole\.openjfx\cache\21.0.3+2\amd64\api-ms-win-core-datetime-l1-1-0.dll
0x000001a448ad0000 - 0x000001a448ad3000 	C:\Users\Ecole\.openjfx\cache\21.0.3+2\amd64\api-ms-win-core-debug-l1-1-0.dll
0x000001a448ae0000 - 0x000001a448ae3000 	C:\Users\Ecole\.openjfx\cache\21.0.3+2\amd64\api-ms-win-core-errorhandling-l1-1-0.dll
0x000001a448af0000 - 0x000001a448af4000 	C:\Users\Ecole\.openjfx\cache\21.0.3+2\amd64\api-ms-win-core-file-l1-1-0.dll
0x000001a448b00000 - 0x000001a448b03000 	C:\Users\Ecole\.openjfx\cache\21.0.3+2\amd64\api-ms-win-core-file-l1-2-0.dll
0x000001a448b10000 - 0x000001a448b13000 	C:\Users\Ecole\.openjfx\cache\21.0.3+2\amd64\api-ms-win-core-file-l2-1-0.dll
0x000001a448b20000 - 0x000001a448b23000 	C:\Users\Ecole\.openjfx\cache\21.0.3+2\amd64\api-ms-win-core-handle-l1-1-0.dll
0x000001a448b30000 - 0x000001a448b33000 	C:\Users\Ecole\.openjfx\cache\21.0.3+2\amd64\api-ms-win-core-heap-l1-1-0.dll
0x000001a448b40000 - 0x000001a448b43000 	C:\Users\Ecole\.openjfx\cache\21.0.3+2\amd64\api-ms-win-core-interlocked-l1-1-0.dll
0x000001a448b50000 - 0x000001a448b53000 	C:\Users\Ecole\.openjfx\cache\21.0.3+2\amd64\api-ms-win-core-libraryloader-l1-1-0.dll
0x000001a448b60000 - 0x000001a448b63000 	C:\Users\Ecole\.openjfx\cache\21.0.3+2\amd64\api-ms-win-core-localization-l1-2-0.dll
0x000001a448fc0000 - 0x000001a448fc3000 	C:\Users\Ecole\.openjfx\cache\21.0.3+2\amd64\api-ms-win-core-memory-l1-1-0.dll
0x000001a448fd0000 - 0x000001a448fd3000 	C:\Users\Ecole\.openjfx\cache\21.0.3+2\amd64\api-ms-win-core-namedpipe-l1-1-0.dll
0x000001a448fe0000 - 0x000001a448fe3000 	C:\Users\Ecole\.openjfx\cache\21.0.3+2\amd64\api-ms-win-core-processenvironment-l1-1-0.dll
0x000001a448ff0000 - 0x000001a448ff3000 	C:\Users\Ecole\.openjfx\cache\21.0.3+2\amd64\api-ms-win-core-processthreads-l1-1-0.dll
0x000001a4987e0000 - 0x000001a4987e3000 	C:\Users\Ecole\.openjfx\cache\21.0.3+2\amd64\api-ms-win-core-processthreads-l1-1-1.dll
0x000001a4987f0000 - 0x000001a4987f3000 	C:\Users\Ecole\.openjfx\cache\21.0.3+2\amd64\api-ms-win-core-profile-l1-1-0.dll
0x000001a498800000 - 0x000001a498803000 	C:\Users\Ecole\.openjfx\cache\21.0.3+2\amd64\api-ms-win-core-rtlsupport-l1-1-0.dll
0x000001a498810000 - 0x000001a498813000 	C:\Users\Ecole\.openjfx\cache\21.0.3+2\amd64\api-ms-win-core-string-l1-1-0.dll
0x000001a498820000 - 0x000001a498823000 	C:\Users\Ecole\.openjfx\cache\21.0.3+2\amd64\api-ms-win-core-synch-l1-1-0.dll
0x000001a498830000 - 0x000001a498833000 	C:\Users\Ecole\.openjfx\cache\21.0.3+2\amd64\api-ms-win-core-synch-l1-2-0.dll
0x000001a498840000 - 0x000001a498843000 	C:\Users\Ecole\.openjfx\cache\21.0.3+2\amd64\api-ms-win-core-sysinfo-l1-1-0.dll
0x000001a498850000 - 0x000001a498853000 	C:\Users\Ecole\.openjfx\cache\21.0.3+2\amd64\api-ms-win-core-timezone-l1-1-0.dll
0x000001a498860000 - 0x000001a498863000 	C:\Users\Ecole\.openjfx\cache\21.0.3+2\amd64\api-ms-win-core-util-l1-1-0.dll
0x000001a498870000 - 0x000001a498873000 	C:\Users\Ecole\.openjfx\cache\21.0.3+2\amd64\api-ms-win-crt-conio-l1-1-0.dll
0x000001a498880000 - 0x000001a498884000 	C:\Users\Ecole\.openjfx\cache\21.0.3+2\amd64\api-ms-win-crt-convert-l1-1-0.dll
0x000001a498890000 - 0x000001a498893000 	C:\Users\Ecole\.openjfx\cache\21.0.3+2\amd64\api-ms-win-crt-environment-l1-1-0.dll
0x000001a4988a0000 - 0x000001a4988a3000 	C:\Users\Ecole\.openjfx\cache\21.0.3+2\amd64\api-ms-win-crt-filesystem-l1-1-0.dll
0x000001a4988b0000 - 0x000001a4988b3000 	C:\Users\Ecole\.openjfx\cache\21.0.3+2\amd64\api-ms-win-crt-heap-l1-1-0.dll
0x000001a4988c0000 - 0x000001a4988c3000 	C:\Users\Ecole\.openjfx\cache\21.0.3+2\amd64\api-ms-win-crt-locale-l1-1-0.dll
0x000001a4988d0000 - 0x000001a4988d5000 	C:\Users\Ecole\.openjfx\cache\21.0.3+2\amd64\api-ms-win-crt-math-l1-1-0.dll
0x000001a4988e0000 - 0x000001a4988e5000 	C:\Users\Ecole\.openjfx\cache\21.0.3+2\amd64\api-ms-win-crt-multibyte-l1-1-0.dll
0x000001a4988f0000 - 0x000001a498900000 	C:\Users\Ecole\.openjfx\cache\21.0.3+2\amd64\api-ms-win-crt-private-l1-1-0.dll
0x000001a498900000 - 0x000001a498903000 	C:\Users\Ecole\.openjfx\cache\21.0.3+2\amd64\api-ms-win-crt-process-l1-1-0.dll
0x000001a498910000 - 0x000001a498914000 	C:\Users\Ecole\.openjfx\cache\21.0.3+2\amd64\api-ms-win-crt-runtime-l1-1-0.dll
0x000001a498920000 - 0x000001a498924000 	C:\Users\Ecole\.openjfx\cache\21.0.3+2\amd64\api-ms-win-crt-stdio-l1-1-0.dll
0x000001a498930000 - 0x000001a498934000 	C:\Users\Ecole\.openjfx\cache\21.0.3+2\amd64\api-ms-win-crt-string-l1-1-0.dll
0x000001a498940000 - 0x000001a498943000 	C:\Users\Ecole\.openjfx\cache\21.0.3+2\amd64\api-ms-win-crt-time-l1-1-0.dll
0x000001a498950000 - 0x000001a498953000 	C:\Users\Ecole\.openjfx\cache\21.0.3+2\amd64\api-ms-win-crt-utility-l1-1-0.dll
0x00007ff846f30000 - 0x00007ff84702c000 	C:\Users\Ecole\.openjfx\cache\21.0.3+2\amd64\ucrtbase.dll
0x00007ff867190000 - 0x00007ff8671ab000 	C:\Users\Ecole\.openjfx\cache\21.0.3+2\amd64\vcruntime140.dll
0x00007ff87b2b0000 - 0x00007ff87b2bc000 	C:\Users\Ecole\.openjfx\cache\21.0.3+2\amd64\vcruntime140_1.dll
0x00007ff84d2b0000 - 0x00007ff84d33e000 	C:\Users\Ecole\.openjfx\cache\21.0.3+2\amd64\msvcp140.dll
0x00007ff8770e0000 - 0x00007ff8770e9000 	C:\Users\Ecole\.openjfx\cache\21.0.3+2\amd64\msvcp140_1.dll
0x00007ff8660a0000 - 0x00007ff8660e1000 	C:\Users\Ecole\.openjfx\cache\21.0.3+2\amd64\msvcp140_2.dll
0x00007ff867160000 - 0x00007ff867190000 	C:\Users\Ecole\.openjfx\cache\21.0.3+2\amd64\prism_d3d.dll
0x00007ff800130000 - 0x00007ff800301000 	C:\WINDOWS\system32\d3d9.dll
0x00007ffff6670000 - 0x00007ffff681d000 	C:\WINDOWS\System32\DriverStore\FileRepository\iigd_dch.inf_amd64_9c0096d37b5f610a\igdumdim64.dll
0x00007fffda370000 - 0x00007fffdd414000 	C:\WINDOWS\System32\DriverStore\FileRepository\iigd_dch.inf_amd64_9c0096d37b5f610a\igd9dxva64.dll
0x00007ff881640000 - 0x00007ff881ab1000 	C:\WINDOWS\System32\SETUPAPI.dll
0x00007ff8811c0000 - 0x00007ff88120e000 	C:\WINDOWS\System32\cfgmgr32.dll
0x00007ff86c450000 - 0x00007ff86c859000 	C:\WINDOWS\System32\DriverStore\FileRepository\iigd_dch.inf_amd64_9c0096d37b5f610a\igdgmm64.dll
0x00007ff858ac0000 - 0x00007ff858b02000 	C:\Users\Ecole\.openjfx\cache\21.0.3+2\amd64\glass.dll
0x00007ff8830d0000 - 0x00007ff8831aa000 	C:\WINDOWS\System32\COMDLG32.dll
0x00007ff835da0000 - 0x00007ff835dc7000 	C:\WINDOWS\System32\DriverStore\FileRepository\iigd_dch.inf_amd64_9c0096d37b5f610a\igdinfo64.dll
0x00007ff868880000 - 0x00007ff86c016000 	C:\WINDOWS\System32\DriverStore\FileRepository\iigd_dch.inf_amd64_9c0096d37b5f610a\igc64.dll
0x00007ff8796d0000 - 0x00007ff87970b000 	C:\WINDOWS\SYSTEM32\dxcore.dll
0x00007ff8748e0000 - 0x00007ff87490e000 	E:\coles\Vanier\GameProgramming\jdk\bin\javajpeg.dll

dbghelp: loaded successfully - version: 4.0.5 - missing functions: none
symbol engine: initialized successfully - sym options: 0x614 - pdb path: .;E:\coles\Vanier\GameProgramming\jdk\bin;C:\WINDOWS\SYSTEM32;C:\WINDOWS\WinSxS\amd64_microsoft.windows.common-controls_6595b64144ccf1df_6.0.19041.4355_none_60b8b9eb71f62e16;E:\coles\Vanier\GameProgramming\jdk\bin\server;C:\Users\Ecole\.openjfx\cache\21.0.3+2\amd64;C:\WINDOWS\System32\DriverStore\FileRepository\iigd_dch.inf_amd64_9c0096d37b5f610a

VM Arguments:
jvm_args: -XX:MaxGCPauseMillis=50 -agentlib:jdwp=transport=dt_shmem,address=javadebug -Dfile.encoding=UTF-8 
java_command: bluej.runtime.ExecServer UTF-8
java_class_path (initial): E:\coles\Vanier\GameProgramming\lib\greenfoot.jar;E:\coles\Vanier\GameProgramming\lib\javafx-base-21.0.3-win.jar;E:\coles\Vanier\GameProgramming\lib\javafx-controls-21.0.3-win.jar;E:\coles\Vanier\GameProgramming\lib\javafx-fxml-21.0.3-win.jar;E:\coles\Vanier\GameProgramming\lib\javafx-graphics-21.0.3-win.jar;E:\coles\Vanier\GameProgramming\lib\javafx-media-21.0.3-win.jar;E:\coles\Vanier\GameProgramming\lib\javafx-swing-21.0.3-win.jar;E:\coles\Vanier\GameProgramming\lib\javafx-web-21.0.3-win.jar;E:\coles\Vanier\GameProgramming\lib\junit-4.12.jar;E:\coles\Vanier\GameProgramming\lib\junit-jupiter-5.5.2.jar;E:\coles\Vanier\GameProgramming\lib\junit-jupiter-api-5.5.2.jar;E:\coles\Vanier\GameProgramming\lib\junit-jupiter-engine-5.5.2.jar;E:\coles\Vanier\GameProgramming\lib\junit-jupiter-params-5.5.2.jar;E:\coles\Vanier\GameProgramming\lib\junit-platform-commons-1.5.2.jar;E:\coles\Vanier\GameProgramming\lib\junit-platform-engine-1.5.2.jar;E:\coles\Vanier\GameProgramming\lib\junit-platform-launcher-1.5.2.jar;E:\coles\Vanier\GameProgramming\lib\junit-platform-suite-api-1.5.2.jar;E:\coles\Vanier\GameProgramming\lib\junit-vintage-engine-5.5.2.jar;E:\coles\Vanier\GameProgramming\lib\hamcrest-core-1.3.jar;E:\coles\Vanier\GameProgramming\lib\opentest4j-1.2.0.jar;E:\coles\Vanier\GameProgramming\lib\bluej.jar;E:\coles\Vanier\GameProgramming\lib\classgraph-4.8.90.jar;E:\coles\Vanier\GameProgramming\lib\diffutils-1.2.1.jar;E:\coles\Vanier\GameProgramming\lib\commons-logging-1.2.jar;E:\coles\Vanier\GameProgramming\lib\jl1.0.1.jar;E:\coles\Vanier\GameProgramming\lib\opencsv-2.3.jar;E:\coles\Vanier\GameProgramming\lib\opencsv-2.4.jar;E:\coles\Vanier\GameProgramming\lib\xom-1.3.9.jar;E:\coles\Vanier\GameProgramming\lib\lang-stride.jar;E:\coles\Vanier\GameProgramming\lib\nsmenufx-3.1.0.jar;E:\coles\Vanier\GameProgramming\lib\wellbehavedfx-0.3.3.jar;E:\coles\Vanier\GameProgramming\lib\guava-33.3.1-jre.jar;E:\coles\Vanier\GameProgramming\lib\failureaccess-1.0.2.jar;E:\coles\Vanier\GameProgramming\lib\simple-png-0.2.0.jar;E:\coles\Vanier\GameProgramming\lib\simple-png-javafx-0.2.0.jar;E:\coles\Vanier\GameProgramming\lib\httpclient-4.5.13.jar;E:\coles\Vanier\GameProgramming\lib\httpcore-4.4.13.jar;E:\coles\Vanier\GameProgramming\lib\httpmime-4.1.1.jar;E:\coles\Vanier\GameProgramming\lib\javafx\javafx.base.jar;E:\coles\Vanier\GameProgramming\lib\javafx\javafx.controls.jar;E:\coles\Vanier\GameProgramming\lib\javafx\javafx.fxml.jar;E:\coles\Vanier\GameProgramming\lib\javafx\javafx.graphics.jar;E:\coles\Vanier\GameProgramming\lib\javafx\javafx.media.jar;E:\coles\Vanier\GameProgramming\lib\javafx\javafx.properties.jar;E:\coles\Vanier\GameProgramming\lib\javafx\javafx.swing.jar;E:\coles\Vanier\GameProgramming\lib\javafx\javafx.web.jar
Launcher Type: SUN_STANDARD

[Global flags]
     intx CICompilerCount                          = 4                                         {product} {ergonomic}
     uint ConcGCThreads                            = 2                                         {product} {ergonomic}
     uint G1ConcRefinementThreads                  = 8                                         {product} {ergonomic}
   size_t G1HeapRegionSize                         = 2097152                                   {product} {ergonomic}
    uintx GCDrainStackTargetSize                   = 64                                        {product} {ergonomic}
   size_t InitialHeapSize                          = 266338304                                 {product} {ergonomic}
   size_t MarkStackSize                            = 4194304                                   {product} {ergonomic}
    uintx MaxGCPauseMillis                         = 50                                        {product} {command line}
   size_t MaxHeapSize                              = 4261412864                                {product} {ergonomic}
   size_t MaxNewSize                               = 2556428288                                {product} {ergonomic}
   size_t MinHeapDeltaBytes                        = 2097152                                   {product} {ergonomic}
   size_t MinHeapSize                              = 8388608                                   {product} {ergonomic}
    uintx NonNMethodCodeHeapSize                   = 5839372                                {pd product} {ergonomic}
    uintx NonProfiledCodeHeapSize                  = 122909434                              {pd product} {ergonomic}
    uintx ProfiledCodeHeapSize                     = 122909434                              {pd product} {ergonomic}
    uintx ReservedCodeCacheSize                    = 251658240                              {pd product} {ergonomic}
     bool SegmentedCodeCache                       = true                                      {product} {ergonomic}
   size_t SoftMaxHeapSize                          = 4261412864                             {manageable} {ergonomic}
     bool UseCompressedOops                        = true                           {product lp64_product} {ergonomic}
     bool UseG1GC                                  = true                                      {product} {ergonomic}
     bool UseLargePagesIndividualAllocation        = false                                  {pd product} {ergonomic}

Logging:
Log output configuration:
 #0: stdout all=warning uptime,level,tags foldmultilines=false
 #1: stderr all=off uptime,level,tags foldmultilines=false

Environment Variables:
JAVA_HOME=C:\Program Files\AdoptOpenJDK\jre-8.0.222.10-hotspot\
PATH=C:\Program Files\AdoptOpenJDK\jre-8.0.222.10-hotspot\bin;C:\Program Files\AdoptOpenJDK\jre-11.0.4.11-hotspot\bin;C:\Program Files (x86)\AdoptOpenJDK\jre-8.0.222.10-hotspot\bin;C:\WINDOWS\system32;C:\WINDOWS;C:\WINDOWS\System32\Wbem;C:\WINDOWS\System32\WindowsPowerShell\v1.0\;C:\WINDOWS\System32\OpenSSH\;C:\Program Files (x86)\Intel\Intel(R) Management Engine Components\DAL;C:\Program Files\Intel\Intel(R) Management Engine Components\DAL;C:\Program Files\Intel\WiFi\bin\;C:\Program Files\Common Files\Intel\WirelessCommon\;C:\Program Files (x86)\Druide\Antidote 7\Programmes32;C:\Program Files (x86)\Druide\Antidote 7\Programmes64;C:\Program Files\dotnet\;D:\Git\cmd;C:\Users\Ecole\AppData\Local\Microsoft\WindowsApps;C:\Users\Ecole\.dotnet\tools;
USERNAME=Ecole
OS=Windows_NT
PROCESSOR_IDENTIFIER=Intel64 Family 6 Model 142 Stepping 11, GenuineIntel
TMP=C:\Users\Ecole\AppData\Local\Temp
TEMP=C:\Users\Ecole\AppData\Local\Temp




Periodic native trim disabled

---------------  S Y S T E M  ---------------

OS:
 Windows 10 , 64 bit Build 19041 (10.0.19041.5678)
OS uptime: 1 days 8:36 hours
Hyper-V role detected

CPU: total 8 (initial active 8) (4 cores per cpu, 2 threads per core) family 6 model 142 stepping 11 microcode 0xae, cx8, cmov, fxsr, ht, mmx, 3dnowpref, sse, sse2, sse3, ssse3, sse4.1, sse4.2, popcnt, lzcnt, tsc, tscinvbit, avx, avx2, aes, erms, clmul, bmi1, bmi2, adx, fma, vzeroupper, clflush, clflushopt, hv, rdtscp, f16c
Processor Information for all 8 processors :
  Max Mhz: 1992, Current Mhz: 1792, Mhz Limit: 1792

Memory: 4k page, system-wide physical 16254M (573M free)
TotalPageFile size 21436M (AvailPageFile size 584M)
current process WorkingSet (physical memory assigned to process): 282M, peak: 282M
current process commit charge ("private bytes"): 607M, peak: 1229M

vm_info: OpenJDK 64-Bit Server VM (21.0.4+7-LTS) for windows-amd64 JRE (21.0.4+7-LTS), built on 2024-07-16T00:00:00Z by "admin" with MS VC++ 17.7 (VS2022)

END.
