#
# There is insufficient memory for the Java Runtime Environment to continue.
# Native memory allocation (mmap) failed to map 367001600 bytes. Error detail: G1 virtual space
# Possible reasons:
#   The system is out of physical RAM or swap space
#   This process is running with CompressedOops enabled, and the Java Heap may be blocking the growth of the native heap
# Possible solutions:
#   Reduce memory load on the system
#   Increase physical memory or swap space
#   Check if swap backing store is full
#   Decrease Java heap size (-Xmx/-Xms)
#   Decrease number of Java threads
#   Decrease Java thread stack sizes (-Xss)
#   Set larger code cache with -XX:ReservedCodeCacheSize=
#   JVM is running with Zero Based Compressed Oops mode in which the Java heap is
#     placed in the first 32GB address space. The Java Heap base address is the
#     maximum limit for the native heap growth. Please use -XX:HeapBaseMinAddress
#     to set the Java Heap base and to place the Java Heap above 32GB virtual address.
# This output file may be truncated or incomplete.
#
#  Out of Memory Error (os_windows.cpp:3616), pid=11480, tid=15508
#
# JRE version: OpenJDK Runtime Environment Temurin-21.0.4+7 (21.0.4+7) (build 21.0.4+7-LTS)
# Java VM: OpenJDK 64-Bit Server VM Temurin-21.0.4+7 (21.0.4+7-LTS, mixed mode, sharing, tiered, compressed oops, compressed class ptrs, g1 gc, windows-amd64)
# No core dump will be written. Minidumps are not enabled by default on client versions of Windows
#

---------------  S U M M A R Y ------------

Command Line: -XX:MaxGCPauseMillis=50 -agentlib:jdwp=transport=dt_shmem,address=javadebug -Dfile.encoding=UTF-8 bluej.runtime.ExecServer UTF-8

Host: Intel(R) Core(TM) i7-8565U CPU @ 1.80GHz, 8 cores, 15G,  Windows 10 , 64 bit Build 19041 (10.0.19041.5678)
Time: Fri Apr 18 15:50:14 2025 Eastern Daylight Time elapsed time: 29.758924 seconds (0d 0h 0m 29s)

---------------  T H R E A D  ---------------

Current thread (0x0000026a7faf0350):  VMThread "VM Thread"          [id=15508, stack(0x000000a062300000,0x000000a062400000) (1024K)]

Stack: [0x000000a062300000,0x000000a062400000]
Native frames: (J=compiled Java code, j=interpreted, Vv=VM code, C=native code)
V  [jvm.dll+0x6cbcf9]
V  [jvm.dll+0x8a5551]
V  [jvm.dll+0x8a7a7e]
V  [jvm.dll+0x8a8153]
V  [jvm.dll+0x27eca6]
V  [jvm.dll+0x6c8445]
V  [jvm.dll+0x6bd13a]
V  [jvm.dll+0x354a0a]
V  [jvm.dll+0x35c5b6]
V  [jvm.dll+0x3adf3e]
V  [jvm.dll+0x3ae1e8]
V  [jvm.dll+0x328bcc]
V  [jvm.dll+0x328c57]
V  [jvm.dll+0x36c9cc]
V  [jvm.dll+0x36b218]
V  [jvm.dll+0x328391]
V  [jvm.dll+0x36a88a]
V  [jvm.dll+0x8ade6f]
V  [jvm.dll+0x8af1f4]
V  [jvm.dll+0x8af730]
V  [jvm.dll+0x8af9d3]
V  [jvm.dll+0x84f17b]
V  [jvm.dll+0x6ca3fd]
C  [ucrtbase.dll+0x21bb2]
C  [KERNEL32.DLL+0x17374]
C  [ntdll.dll+0x4cc91]

VM_Operation (0x000000a0645fe670): G1CollectForAllocation, mode: safepoint, requested by thread 0x0000026a62efd8a0


---------------  P R O C E S S  ---------------

Threads class SMR info:
_java_thread_list=0x0000026a64737350, length=24, elements={
0x0000026a7fb0ddd0, 0x0000026a7fb0ea30, 0x0000026a7fb16940, 0x0000026a7fb193b0,
0x0000026a7fb21e20, 0x0000026a7fb4a1b0, 0x0000026a7fb4af40, 0x0000026a7fb4b9e0,
0x0000026a5a27dc40, 0x0000026a5a281470, 0x0000026a5a281af0, 0x0000026a5a2962a0,
0x0000026a5a294860, 0x0000026a5a2934b0, 0x0000026a5a295580, 0x0000026a5a295c10,
0x0000026a5a2941d0, 0x0000026a5a294ef0, 0x0000026a62efe5c0, 0x0000026a62ef9d90,
0x0000026a62efd210, 0x0000026a62eff2e0, 0x0000026a62efc4f0, 0x0000026a62efd8a0
}

Java Threads: ( => current thread )
  0x0000026a7fb0ddd0 JavaThread "Reference Handler"          daemon [_thread_blocked, id=6900, stack(0x000000a062400000,0x000000a062500000) (1024K)]
  0x0000026a7fb0ea30 JavaThread "Finalizer"                  daemon [_thread_blocked, id=13496, stack(0x000000a062500000,0x000000a062600000) (1024K)]
  0x0000026a7fb16940 JavaThread "Signal Dispatcher"          daemon [_thread_blocked, id=7124, stack(0x000000a062600000,0x000000a062700000) (1024K)]
  0x0000026a7fb193b0 JavaThread "Attach Listener"            daemon [_thread_blocked, id=13936, stack(0x000000a062700000,0x000000a062800000) (1024K)]
  0x0000026a7fb21e20 JavaThread "Service Thread"             daemon [_thread_blocked, id=17944, stack(0x000000a062800000,0x000000a062900000) (1024K)]
  0x0000026a7fb4a1b0 JavaThread "Monitor Deflation Thread"   daemon [_thread_blocked, id=4696, stack(0x000000a062900000,0x000000a062a00000) (1024K)]
  0x0000026a7fb4af40 JavaThread "C2 CompilerThread0"         daemon [_thread_blocked, id=17780, stack(0x000000a062a00000,0x000000a062b00000) (1024K)]
  0x0000026a7fb4b9e0 JavaThread "C1 CompilerThread0"         daemon [_thread_blocked, id=17992, stack(0x000000a062b00000,0x000000a062c00000) (1024K)]
  0x0000026a5a27dc40 JavaThread "JDWP Transport Listener: dt_shmem" daemon [_thread_blocked, id=20948, stack(0x000000a062c00000,0x000000a062d00000) (1024K)]
  0x0000026a5a281470 JavaThread "JDWP Event Helper Thread"   daemon [_thread_blocked, id=13740, stack(0x000000a062d00000,0x000000a062e00000) (1024K)]
  0x0000026a5a281af0 JavaThread "JDWP Command Reader"        daemon [_thread_in_native, id=16528, stack(0x000000a062e00000,0x000000a062f00000) (1024K)]
  0x0000026a5a2962a0 JavaThread "Notification Thread"        daemon [_thread_blocked, id=5532, stack(0x000000a062f00000,0x000000a063000000) (1024K)]
  0x0000026a5a294860 JavaThread "Common-Cleaner"             daemon [_thread_blocked, id=14052, stack(0x000000a063000000,0x000000a063100000) (1024K)]
  0x0000026a5a2934b0 JavaThread "Java2D Disposer"            daemon [_thread_blocked, id=16240, stack(0x000000a063100000,0x000000a063200000) (1024K)]
  0x0000026a5a295580 JavaThread "AWT-Windows"                daemon [_thread_in_native, id=4836, stack(0x000000a063300000,0x000000a063400000) (1024K)]
  0x0000026a5a295c10 JavaThread "BlueJ worker thread"               [_thread_blocked, id=408, stack(0x000000a063500000,0x000000a063600000) (1024K)]
  0x0000026a5a2941d0 JavaThread "DestroyJavaVM"                     [_thread_blocked, id=12456, stack(0x000000a061c00000,0x000000a061d00000) (1024K)]
  0x0000026a5a294ef0 JavaThread "main"                              [_thread_blocked, id=18732, stack(0x000000a063600000,0x000000a063700000) (1024K)]
  0x0000026a62efe5c0 JavaThread "QuantumRenderer-0"          daemon [_thread_blocked, id=16024, stack(0x000000a063200000,0x000000a063300000) (1024K)]
  0x0000026a62ef9d90 JavaThread "InvokeLaterDispatcher"      daemon [_thread_blocked, id=2364, stack(0x000000a063f00000,0x000000a064000000) (1024K)]
  0x0000026a62efd210 JavaThread "JavaFX Application Thread"         [_thread_in_native, id=13996, stack(0x000000a064000000,0x000000a064100000) (1024K)]
  0x0000026a62eff2e0 JavaThread "Thread-2"                   daemon [_thread_blocked, id=19304, stack(0x000000a063400000,0x000000a063500000) (1024K)]
  0x0000026a62efc4f0 JavaThread "VMCommsSimulation"                 [_thread_blocked, id=1372, stack(0x000000a064400000,0x000000a064500000) (1024K)]
  0x0000026a62efd8a0 JavaThread "SimulationThread"                  [_thread_blocked, id=10264, stack(0x000000a064500000,0x000000a064600000) (1024K)]
Total: 24

Other Threads:
=>0x0000026a7faf0350 VMThread "VM Thread"                           [id=15508, stack(0x000000a062300000,0x000000a062400000) (1024K)]
  0x0000026a7fad39e0 WatcherThread "VM Periodic Task Thread"        [id=7860, stack(0x000000a062200000,0x000000a062300000) (1024K)]
  0x0000026a75734fb0 WorkerThread "GC Thread#0"                     [id=15660, stack(0x000000a061d00000,0x000000a061e00000) (1024K)]
  0x0000026a62f63050 WorkerThread "GC Thread#1"                     [id=4052, stack(0x000000a063800000,0x000000a063900000) (1024K)]
  0x0000026a62f633f0 WorkerThread "GC Thread#2"                     [id=13468, stack(0x000000a063900000,0x000000a063a00000) (1024K)]
  0x0000026a63125e70 WorkerThread "GC Thread#3"                     [id=17544, stack(0x000000a063a00000,0x000000a063b00000) (1024K)]
  0x0000026a63126210 WorkerThread "GC Thread#4"                     [id=15396, stack(0x000000a063b00000,0x000000a063c00000) (1024K)]
  0x0000026a631265b0 WorkerThread "GC Thread#5"                     [id=1552, stack(0x000000a063c00000,0x000000a063d00000) (1024K)]
  0x0000026a630a1c90 WorkerThread "GC Thread#6"                     [id=3976, stack(0x000000a063d00000,0x000000a063e00000) (1024K)]
  0x0000026a630a2030 WorkerThread "GC Thread#7"                     [id=19668, stack(0x000000a063e00000,0x000000a063f00000) (1024K)]
  0x0000026a75745d90 ConcurrentGCThread "G1 Main Marker"            [id=19228, stack(0x000000a061e00000,0x000000a061f00000) (1024K)]
  0x0000026a75746a40 WorkerThread "G1 Conc#0"                       [id=6212, stack(0x000000a061f00000,0x000000a062000000) (1024K)]
  0x0000026a5a224250 WorkerThread "G1 Conc#1"                       [id=10992, stack(0x000000a063700000,0x000000a063800000) (1024K)]
  0x0000026a7f9a5da0 ConcurrentGCThread "G1 Refine#0"               [id=9788, stack(0x000000a062000000,0x000000a062100000) (1024K)]
  0x0000026a7f9a65c0 ConcurrentGCThread "G1 Service"                [id=3464, stack(0x000000a062100000,0x000000a062200000) (1024K)]
Total: 15

Threads with active compile tasks:
Total: 0

VM state: at safepoint (normal execution)

VM Mutex/Monitor currently owned by a thread:  ([mutex/lock_event])
[0x00007ffcae5d7308] Threads_lock - owner thread: 0x0000026a7faf0350
[0x00007ffcae5d7408] Heap_lock - owner thread: 0x0000026a62efd8a0

Heap address: 0x0000000702000000, size: 4064 MB, Compressed Oops mode: Zero based, Oop shift amount: 3

CDS archive(s) mapped at: [0x0000026a15000000-0x0000026a15c90000-0x0000026a15c90000), size 13172736, SharedBaseAddress: 0x0000026a15000000, ArchiveRelocationMode: 1.
Compressed class space mapped at: 0x0000026a16000000-0x0000026a56000000, reserved size: 1073741824
Narrow klass base: 0x0000026a15000000, Narrow klass shift: 0, Narrow klass range: 0x100000000

GC Precious Log:
 CardTable entry size: 512
 Card Set container configuration: InlinePtr #cards 4 size 8 Array Of Cards #cards 16 size 48 Howl #buckets 8 coarsen threshold 3686 Howl Bitmap #cards 512 size 80 coarsen threshold 460 Card regions per heap region 1 cards per card region 4096
 CPUs: 8 total, 8 available
 Memory: 16254M
 Large Page Support: Disabled
 NUMA Support: Disabled
 Compressed Oops: Enabled (Zero based)
 Heap Region Size: 2M
 Heap Min Capacity: 8M
 Heap Initial Capacity: 254M
 Heap Max Capacity: 4064M
 Pre-touch: Disabled
 Parallel Workers: 8
 Concurrent Workers: 2
 Concurrent Refinement Workers: 8
 Periodic GC: Disabled

Heap:
 garbage-first heap   total 249856K, used 152647K [0x0000000702000000, 0x0000000800000000)
  region size 2048K, 1 young (2048K), 1 survivors (2048K)
 Metaspace       used 9563K, committed 9792K, reserved 1114112K
  class space    used 932K, committed 1024K, reserved 1048576K

Heap Regions: E=young(eden), S=young(survivor), O=old, HS=humongous(starts), HC=humongous(continues), CS=collection set, F=free, TAMS=top-at-mark-start, PB=parsable bottom
|   0|0x0000000702000000, 0x0000000702200000, 0x0000000702200000|100%| O|  |TAMS 0x0000000702000000| PB 0x0000000702000000| Untracked 
|   1|0x0000000702200000, 0x00000007022b6fc0, 0x0000000702400000| 35%| O|Cm|TAMS 0x0000000702200000| PB 0x0000000702200000| Complete 
|   2|0x0000000702400000, 0x0000000702600000, 0x0000000702600000|100%|HS|  |TAMS 0x0000000702400000| PB 0x0000000702400000| Complete 
|   3|0x0000000702600000, 0x0000000702800000, 0x0000000702800000|100%|HS|  |TAMS 0x0000000702600000| PB 0x0000000702600000| Complete 
|   4|0x0000000702800000, 0x0000000702a00000, 0x0000000702a00000|100%|HS|  |TAMS 0x0000000702800000| PB 0x0000000702800000| Complete 
|   5|0x0000000702a00000, 0x0000000702c00000, 0x0000000702c00000|100%|HS|  |TAMS 0x0000000702a00000| PB 0x0000000702a00000| Complete 
|   6|0x0000000702c00000, 0x0000000702e00000, 0x0000000702e00000|100%|HS|  |TAMS 0x0000000702c00000| PB 0x0000000702c00000| Complete 
|   7|0x0000000702e00000, 0x0000000703000000, 0x0000000703000000|100%|HS|  |TAMS 0x0000000702e00000| PB 0x0000000702e00000| Complete 
|   8|0x0000000703000000, 0x0000000703200000, 0x0000000703200000|100%|HS|  |TAMS 0x0000000703000000| PB 0x0000000703000000| Complete 
|   9|0x0000000703200000, 0x0000000703400000, 0x0000000703400000|100%|HS|  |TAMS 0x0000000703200000| PB 0x0000000703200000| Complete 
|  10|0x0000000703400000, 0x0000000703600000, 0x0000000703600000|100%|HS|  |TAMS 0x0000000703400000| PB 0x0000000703400000| Complete 
|  11|0x0000000703600000, 0x0000000703800000, 0x0000000703800000|100%|HS|  |TAMS 0x0000000703600000| PB 0x0000000703600000| Complete 
|  12|0x0000000703800000, 0x0000000703a00000, 0x0000000703a00000|100%|HS|  |TAMS 0x0000000703800000| PB 0x0000000703800000| Complete 
|  13|0x0000000703a00000, 0x0000000703c00000, 0x0000000703c00000|100%|HS|  |TAMS 0x0000000703a00000| PB 0x0000000703a00000| Complete 
|  14|0x0000000703c00000, 0x0000000703e00000, 0x0000000703e00000|100%|HS|  |TAMS 0x0000000703c00000| PB 0x0000000703c00000| Complete 
|  15|0x0000000703e00000, 0x0000000704000000, 0x0000000704000000|100%|HS|  |TAMS 0x0000000703e00000| PB 0x0000000703e00000| Complete 
|  16|0x0000000704000000, 0x0000000704200000, 0x0000000704200000|100%|HS|  |TAMS 0x0000000704000000| PB 0x0000000704000000| Complete 
|  17|0x0000000704200000, 0x0000000704400000, 0x0000000704400000|100%|HS|  |TAMS 0x0000000704200000| PB 0x0000000704200000| Complete 
|  18|0x0000000704400000, 0x0000000704600000, 0x0000000704600000|100%|HS|  |TAMS 0x0000000704400000| PB 0x0000000704400000| Complete 
|  19|0x0000000704600000, 0x0000000704800000, 0x0000000704800000|100%|HS|  |TAMS 0x0000000704600000| PB 0x0000000704600000| Complete 
|  20|0x0000000704800000, 0x0000000704a00000, 0x0000000704a00000|100%|HS|  |TAMS 0x0000000704800000| PB 0x0000000704800000| Complete 
|  21|0x0000000704a00000, 0x0000000704c00000, 0x0000000704c00000|100%|HS|  |TAMS 0x0000000704a00000| PB 0x0000000704a00000| Complete 
|  22|0x0000000704c00000, 0x0000000704e00000, 0x0000000704e00000|100%|HS|  |TAMS 0x0000000704c00000| PB 0x0000000704c00000| Complete 
|  23|0x0000000704e00000, 0x0000000705000000, 0x0000000705000000|100%|HS|  |TAMS 0x0000000704e00000| PB 0x0000000704e00000| Complete 
|  24|0x0000000705000000, 0x0000000705200000, 0x0000000705200000|100%|HS|  |TAMS 0x0000000705000000| PB 0x0000000705000000| Complete 
|  25|0x0000000705200000, 0x0000000705400000, 0x0000000705400000|100%|HS|  |TAMS 0x0000000705200000| PB 0x0000000705200000| Complete 
|  26|0x0000000705400000, 0x0000000705600000, 0x0000000705600000|100%|HS|  |TAMS 0x0000000705400000| PB 0x0000000705400000| Complete 
|  27|0x0000000705600000, 0x0000000705800000, 0x0000000705800000|100%|HS|  |TAMS 0x0000000705600000| PB 0x0000000705600000| Complete 
|  28|0x0000000705800000, 0x0000000705a00000, 0x0000000705a00000|100%|HS|  |TAMS 0x0000000705800000| PB 0x0000000705800000| Complete 
|  29|0x0000000705a00000, 0x0000000705c00000, 0x0000000705c00000|100%|HS|  |TAMS 0x0000000705a00000| PB 0x0000000705a00000| Complete 
|  30|0x0000000705c00000, 0x0000000705e00000, 0x0000000705e00000|100%|HS|  |TAMS 0x0000000705c00000| PB 0x0000000705c00000| Complete 
|  31|0x0000000705e00000, 0x0000000706000000, 0x0000000706000000|100%|HS|  |TAMS 0x0000000705e00000| PB 0x0000000705e00000| Complete 
|  32|0x0000000706000000, 0x0000000706200000, 0x0000000706200000|100%|HS|  |TAMS 0x0000000706000000| PB 0x0000000706000000| Complete 
|  33|0x0000000706200000, 0x0000000706400000, 0x0000000706400000|100%|HS|  |TAMS 0x0000000706200000| PB 0x0000000706200000| Complete 
|  34|0x0000000706400000, 0x0000000706600000, 0x0000000706600000|100%|HS|  |TAMS 0x0000000706400000| PB 0x0000000706400000| Complete 
|  35|0x0000000706600000, 0x0000000706800000, 0x0000000706800000|100%|HS|  |TAMS 0x0000000706600000| PB 0x0000000706600000| Complete 
|  36|0x0000000706800000, 0x0000000706a00000, 0x0000000706a00000|100%|HS|  |TAMS 0x0000000706800000| PB 0x0000000706800000| Complete 
|  37|0x0000000706a00000, 0x0000000706c00000, 0x0000000706c00000|100%|HS|  |TAMS 0x0000000706a00000| PB 0x0000000706a00000| Complete 
|  38|0x0000000706c00000, 0x0000000706e00000, 0x0000000706e00000|100%|HS|  |TAMS 0x0000000706c00000| PB 0x0000000706c00000| Complete 
|  39|0x0000000706e00000, 0x0000000707000000, 0x0000000707000000|100%|HS|  |TAMS 0x0000000706e00000| PB 0x0000000706e00000| Complete 
|  40|0x0000000707000000, 0x0000000707200000, 0x0000000707200000|100%|HS|  |TAMS 0x0000000707000000| PB 0x0000000707000000| Complete 
|  41|0x0000000707200000, 0x0000000707400000, 0x0000000707400000|100%|HS|  |TAMS 0x0000000707200000| PB 0x0000000707200000| Complete 
|  42|0x0000000707400000, 0x0000000707600000, 0x0000000707600000|100%|HS|  |TAMS 0x0000000707400000| PB 0x0000000707400000| Complete 
|  43|0x0000000707600000, 0x0000000707800000, 0x0000000707800000|100%|HS|  |TAMS 0x0000000707600000| PB 0x0000000707600000| Complete 
|  44|0x0000000707800000, 0x0000000707a00000, 0x0000000707a00000|100%|HS|  |TAMS 0x0000000707800000| PB 0x0000000707800000| Complete 
|  45|0x0000000707a00000, 0x0000000707c00000, 0x0000000707c00000|100%|HS|  |TAMS 0x0000000707a00000| PB 0x0000000707a00000| Complete 
|  46|0x0000000707c00000, 0x0000000707e00000, 0x0000000707e00000|100%|HS|  |TAMS 0x0000000707c00000| PB 0x0000000707c00000| Complete 
|  47|0x0000000707e00000, 0x0000000707e00000, 0x0000000708000000|  0%| F|  |TAMS 0x0000000707e00000| PB 0x0000000707e00000| Untracked 
|  48|0x0000000708000000, 0x0000000708200000, 0x0000000708200000|100%|HS|  |TAMS 0x0000000708000000| PB 0x0000000708000000| Complete 
|  49|0x0000000708200000, 0x0000000708400000, 0x0000000708400000|100%|HS|  |TAMS 0x0000000708200000| PB 0x0000000708200000| Complete 
|  50|0x0000000708400000, 0x0000000708600000, 0x0000000708600000|100%|HS|  |TAMS 0x0000000708400000| PB 0x0000000708400000| Complete 
|  51|0x0000000708600000, 0x0000000708800000, 0x0000000708800000|100%|HS|  |TAMS 0x0000000708600000| PB 0x0000000708600000| Complete 
|  52|0x0000000708800000, 0x0000000708a00000, 0x0000000708a00000|100%|HS|  |TAMS 0x0000000708800000| PB 0x0000000708800000| Complete 
|  53|0x0000000708a00000, 0x0000000708c00000, 0x0000000708c00000|100%|HS|  |TAMS 0x0000000708a00000| PB 0x0000000708a00000| Complete 
|  54|0x0000000708c00000, 0x0000000708e00000, 0x0000000708e00000|100%|HS|  |TAMS 0x0000000708c00000| PB 0x0000000708c00000| Complete 
|  55|0x0000000708e00000, 0x0000000709000000, 0x0000000709000000|100%|HS|  |TAMS 0x0000000708e00000| PB 0x0000000708e00000| Complete 
|  56|0x0000000709000000, 0x0000000709200000, 0x0000000709200000|100%|HS|  |TAMS 0x0000000709000000| PB 0x0000000709000000| Complete 
|  57|0x0000000709200000, 0x0000000709400000, 0x0000000709400000|100%|HS|  |TAMS 0x0000000709200000| PB 0x0000000709200000| Complete 
|  58|0x0000000709400000, 0x0000000709600000, 0x0000000709600000|100%|HS|  |TAMS 0x0000000709400000| PB 0x0000000709400000| Complete 
|  59|0x0000000709600000, 0x0000000709600000, 0x0000000709800000|  0%| F|  |TAMS 0x0000000709600000| PB 0x0000000709600000| Untracked 
|  60|0x0000000709800000, 0x0000000709a00000, 0x0000000709a00000|100%|HS|  |TAMS 0x0000000709800000| PB 0x0000000709800000| Complete 
|  61|0x0000000709a00000, 0x0000000709c00000, 0x0000000709c00000|100%|HS|  |TAMS 0x0000000709a00000| PB 0x0000000709a00000| Complete 
|  62|0x0000000709c00000, 0x0000000709e00000, 0x0000000709e00000|100%|HS|  |TAMS 0x0000000709c00000| PB 0x0000000709c00000| Complete 
|  63|0x0000000709e00000, 0x000000070a000000, 0x000000070a000000|100%|HS|  |TAMS 0x0000000709e00000| PB 0x0000000709e00000| Complete 
|  64|0x000000070a000000, 0x000000070a200000, 0x000000070a200000|100%|HS|  |TAMS 0x000000070a000000| PB 0x000000070a000000| Complete 
|  65|0x000000070a200000, 0x000000070a400000, 0x000000070a400000|100%|HS|  |TAMS 0x000000070a200000| PB 0x000000070a200000| Complete 
|  66|0x000000070a400000, 0x000000070a600000, 0x000000070a600000|100%|HS|  |TAMS 0x000000070a400000| PB 0x000000070a400000| Complete 
|  67|0x000000070a600000, 0x000000070a800000, 0x000000070a800000|100%|HS|  |TAMS 0x000000070a600000| PB 0x000000070a600000| Complete 
|  68|0x000000070a800000, 0x000000070aa00000, 0x000000070aa00000|100%|HS|  |TAMS 0x000000070a800000| PB 0x000000070a800000| Complete 
|  69|0x000000070aa00000, 0x000000070ac00000, 0x000000070ac00000|100%|HS|  |TAMS 0x000000070aa00000| PB 0x000000070aa00000| Complete 
|  70|0x000000070ac00000, 0x000000070ae00000, 0x000000070ae00000|100%|HS|  |TAMS 0x000000070ac00000| PB 0x000000070ac00000| Complete 
|  71|0x000000070ae00000, 0x000000070b000000, 0x000000070b000000|100%|HS|  |TAMS 0x000000070ae00000| PB 0x000000070ae00000| Complete 
|  72|0x000000070b000000, 0x000000070b200000, 0x000000070b200000|100%|HS|  |TAMS 0x000000070b000000| PB 0x000000070b000000| Complete 
|  73|0x000000070b200000, 0x000000070b400000, 0x000000070b400000|100%|HS|  |TAMS 0x000000070b200000| PB 0x000000070b200000| Complete 
|  74|0x000000070b400000, 0x000000070b600000, 0x000000070b600000|100%|HS|  |TAMS 0x000000070b400000| PB 0x000000070b400000| Complete 
|  75|0x000000070b600000, 0x000000070b800000, 0x000000070b800000|100%|HS|  |TAMS 0x000000070b600000| PB 0x000000070b600000| Complete 
|  76|0x000000070b800000, 0x000000070b800000, 0x000000070ba00000|  0%| F|  |TAMS 0x000000070b800000| PB 0x000000070b800000| Untracked 
|  77|0x000000070ba00000, 0x000000070ba00000, 0x000000070bc00000|  0%| F|  |TAMS 0x000000070ba00000| PB 0x000000070ba00000| Untracked 
|  78|0x000000070bc00000, 0x000000070bc00000, 0x000000070be00000|  0%| F|  |TAMS 0x000000070bc00000| PB 0x000000070bc00000| Untracked 
|  79|0x000000070be00000, 0x000000070be00000, 0x000000070c000000|  0%| F|  |TAMS 0x000000070be00000| PB 0x000000070be00000| Untracked 
|  80|0x000000070c000000, 0x000000070c000000, 0x000000070c200000|  0%| F|  |TAMS 0x000000070c000000| PB 0x000000070c000000| Untracked 
|  81|0x000000070c200000, 0x000000070c200000, 0x000000070c400000|  0%| F|  |TAMS 0x000000070c200000| PB 0x000000070c200000| Untracked 
|  82|0x000000070c400000, 0x000000070c400000, 0x000000070c600000|  0%| F|  |TAMS 0x000000070c400000| PB 0x000000070c400000| Untracked 
|  83|0x000000070c600000, 0x000000070c600000, 0x000000070c800000|  0%| F|  |TAMS 0x000000070c600000| PB 0x000000070c600000| Untracked 
|  84|0x000000070c800000, 0x000000070c800000, 0x000000070ca00000|  0%| F|  |TAMS 0x000000070c800000| PB 0x000000070c800000| Untracked 
|  85|0x000000070ca00000, 0x000000070ca00000, 0x000000070cc00000|  0%| F|  |TAMS 0x000000070ca00000| PB 0x000000070ca00000| Untracked 
|  86|0x000000070cc00000, 0x000000070cc00000, 0x000000070ce00000|  0%| F|  |TAMS 0x000000070cc00000| PB 0x000000070cc00000| Untracked 
|  87|0x000000070ce00000, 0x000000070ce00000, 0x000000070d000000|  0%| F|  |TAMS 0x000000070ce00000| PB 0x000000070ce00000| Untracked 
|  88|0x000000070d000000, 0x000000070d000000, 0x000000070d200000|  0%| F|  |TAMS 0x000000070d000000| PB 0x000000070d000000| Untracked 
|  89|0x000000070d200000, 0x000000070d200000, 0x000000070d400000|  0%| F|  |TAMS 0x000000070d200000| PB 0x000000070d200000| Untracked 
|  90|0x000000070d400000, 0x000000070d400000, 0x000000070d600000|  0%| F|  |TAMS 0x000000070d400000| PB 0x000000070d400000| Untracked 
|  91|0x000000070d600000, 0x000000070d600000, 0x000000070d800000|  0%| F|  |TAMS 0x000000070d600000| PB 0x000000070d600000| Untracked 
|  92|0x000000070d800000, 0x000000070d800000, 0x000000070da00000|  0%| F|  |TAMS 0x000000070d800000| PB 0x000000070d800000| Untracked 
|  93|0x000000070da00000, 0x000000070da00000, 0x000000070dc00000|  0%| F|  |TAMS 0x000000070da00000| PB 0x000000070da00000| Untracked 
|  94|0x000000070dc00000, 0x000000070dc00000, 0x000000070de00000|  0%| F|  |TAMS 0x000000070dc00000| PB 0x000000070dc00000| Untracked 
|  95|0x000000070de00000, 0x000000070de00000, 0x000000070e000000|  0%| F|  |TAMS 0x000000070de00000| PB 0x000000070de00000| Untracked 
|  96|0x000000070e000000, 0x000000070e000000, 0x000000070e200000|  0%| F|  |TAMS 0x000000070e000000| PB 0x000000070e000000| Untracked 
|  97|0x000000070e200000, 0x000000070e200000, 0x000000070e400000|  0%| F|  |TAMS 0x000000070e200000| PB 0x000000070e200000| Untracked 
|  98|0x000000070e400000, 0x000000070e4167a0, 0x000000070e600000|  4%| S|CS|TAMS 0x000000070e400000| PB 0x000000070e400000| Complete 
|  99|0x000000070e600000, 0x000000070e600000, 0x000000070e800000|  0%| F|  |TAMS 0x000000070e600000| PB 0x000000070e600000| Untracked 
| 100|0x000000070e800000, 0x000000070e800000, 0x000000070ea00000|  0%| F|  |TAMS 0x000000070e800000| PB 0x000000070e800000| Untracked 
| 101|0x000000070ea00000, 0x000000070ea00000, 0x000000070ec00000|  0%| F|  |TAMS 0x000000070ea00000| PB 0x000000070ea00000| Untracked 
| 102|0x000000070ec00000, 0x000000070ec00000, 0x000000070ee00000|  0%| F|  |TAMS 0x000000070ec00000| PB 0x000000070ec00000| Untracked 
| 103|0x000000070ee00000, 0x000000070ee00000, 0x000000070f000000|  0%| F|  |TAMS 0x000000070ee00000| PB 0x000000070ee00000| Untracked 
| 104|0x000000070f000000, 0x000000070f000000, 0x000000070f200000|  0%| F|  |TAMS 0x000000070f000000| PB 0x000000070f000000| Untracked 
| 105|0x000000070f200000, 0x000000070f200000, 0x000000070f400000|  0%| F|  |TAMS 0x000000070f200000| PB 0x000000070f200000| Untracked 
| 106|0x000000070f400000, 0x000000070f400000, 0x000000070f600000|  0%| F|  |TAMS 0x000000070f400000| PB 0x000000070f400000| Untracked 
| 107|0x000000070f600000, 0x000000070f600000, 0x000000070f800000|  0%| F|  |TAMS 0x000000070f600000| PB 0x000000070f600000| Untracked 
| 108|0x000000070f800000, 0x000000070f800000, 0x000000070fa00000|  0%| F|  |TAMS 0x000000070f800000| PB 0x000000070f800000| Untracked 
| 109|0x000000070fa00000, 0x000000070fa00000, 0x000000070fc00000|  0%| F|  |TAMS 0x000000070fa00000| PB 0x000000070fa00000| Untracked 
| 110|0x000000070fc00000, 0x000000070fc00000, 0x000000070fe00000|  0%| F|  |TAMS 0x000000070fc00000| PB 0x000000070fc00000| Untracked 
| 111|0x000000070fe00000, 0x000000070fe00000, 0x0000000710000000|  0%| F|  |TAMS 0x000000070fe00000| PB 0x000000070fe00000| Untracked 
| 112|0x0000000710000000, 0x0000000710000000, 0x0000000710200000|  0%| F|  |TAMS 0x0000000710000000| PB 0x0000000710000000| Untracked 
| 113|0x0000000710200000, 0x0000000710200000, 0x0000000710400000|  0%| F|  |TAMS 0x0000000710200000| PB 0x0000000710200000| Untracked 
| 114|0x0000000710400000, 0x0000000710400000, 0x0000000710600000|  0%| F|  |TAMS 0x0000000710400000| PB 0x0000000710400000| Untracked 
| 115|0x0000000710600000, 0x0000000710600000, 0x0000000710800000|  0%| F|  |TAMS 0x0000000710600000| PB 0x0000000710600000| Untracked 
| 116|0x0000000710800000, 0x0000000710800000, 0x0000000710a00000|  0%| F|  |TAMS 0x0000000710800000| PB 0x0000000710800000| Untracked 
| 117|0x0000000710a00000, 0x0000000710a00000, 0x0000000710c00000|  0%| F|  |TAMS 0x0000000710a00000| PB 0x0000000710a00000| Untracked 
| 118|0x0000000710c00000, 0x0000000710c00000, 0x0000000710e00000|  0%| F|  |TAMS 0x0000000710c00000| PB 0x0000000710c00000| Untracked 
| 119|0x0000000710e00000, 0x0000000710e00000, 0x0000000711000000|  0%| F|  |TAMS 0x0000000710e00000| PB 0x0000000710e00000| Untracked 
| 120|0x0000000711000000, 0x0000000711200000, 0x0000000711200000|100%| O|  |TAMS 0x0000000711000000| PB 0x0000000711000000| Untracked 
|2031|0x00000007ffe00000, 0x00000007ffe44550, 0x0000000800000000| 13%| O|  |TAMS 0x00000007ffe00000| PB 0x00000007ffe00000| Untracked 

Card table byte_map: [0x0000026a7e8e0000,0x0000026a7f0d0000] _byte_map_base: 0x0000026a7b0d0000

Marking Bits: (CMBitMap*) 0x0000026a757356b0
 Bits: [0x0000026a0f000000, 0x0000026a12f80000)

Polling page: 0x0000026a73570000

Metaspace:

Usage:
  Non-class:      8.43 MB used.
      Class:    932.60 KB used.
       Both:      9.34 MB used.

Virtual space:
  Non-class space:       64.00 MB reserved,       8.56 MB ( 13%) committed,  1 nodes.
      Class space:        1.00 GB reserved,       1.00 MB ( <1%) committed,  1 nodes.
             Both:        1.06 GB reserved,       9.56 MB ( <1%) committed. 

Chunk freelists:
   Non-Class:  7.31 MB
       Class:  15.00 MB
        Both:  22.31 MB

MaxMetaspaceSize: unlimited
CompressedClassSpaceSize: 1.00 GB
Initial GC threshold: 21.00 MB
Current GC threshold: 21.00 MB
CDS: on
 - commit_granule_bytes: 65536.
 - commit_granule_words: 8192.
 - virtual_space_node_default_size: 8388608.
 - enlarge_chunks_in_place: 1.
 - use_allocation_guard: 0.


Internal statistics:

num_allocs_failed_limit: 0.
num_arena_births: 214.
num_arena_deaths: 0.
num_vsnodes_births: 2.
num_vsnodes_deaths: 0.
num_space_committed: 153.
num_space_uncommitted: 0.
num_chunks_returned_to_freelist: 0.
num_chunks_taken_from_freelist: 375.
num_chunk_merges: 0.
num_chunk_splits: 247.
num_chunks_enlarged: 155.
num_inconsistent_stats: 0.

CodeHeap 'non-profiled nmethods': size=120000Kb used=641Kb max_used=641Kb free=119358Kb
 bounds [0x0000026a07ad0000, 0x0000026a07d40000, 0x0000026a0f000000]
CodeHeap 'profiled nmethods': size=120000Kb used=2336Kb max_used=2411Kb free=117663Kb
 bounds [0x0000026a00000000, 0x0000026a00270000, 0x0000026a07530000]
CodeHeap 'non-nmethods': size=5760Kb used=1671Kb max_used=1745Kb free=4088Kb
 bounds [0x0000026a07530000, 0x0000026a077a0000, 0x0000026a07ad0000]
 total_blobs=1995 nmethods=1334 adapters=566
 compilation: enabled
              stopped_count=0, restarted_count=0
 full_count=0

Compilation events (20 events):
Event: 29.185 Thread 0x0000026a7fb4b9e0 1473       3       java.net.URL::toString (5 bytes)
Event: 29.185 Thread 0x0000026a7fb4b9e0 nmethod 1473 0x0000026a00236f10 code [0x0000026a002370c0, 0x0000026a00237300]
Event: 29.185 Thread 0x0000026a7fb4b9e0 1474       3       java.net.URL::toExternalForm (9 bytes)
Event: 29.185 Thread 0x0000026a7fb4b9e0 nmethod 1474 0x0000026a00236a90 code [0x0000026a00236c40, 0x0000026a00236e20]
Event: 29.187 Thread 0x0000026a7fb4b9e0 1475       3       java.util.concurrent.locks.AbstractQueuedSynchronizer::<init> (5 bytes)
Event: 29.187 Thread 0x0000026a7fb4b9e0 nmethod 1475 0x0000026a00236610 code [0x0000026a002367c0, 0x0000026a00236988]
Event: 29.339 Thread 0x0000026a7fb4b9e0 1476  s    3       com.sun.javafx.tk.quantum.QuantumToolkit::pauseTimer (93 bytes)
Event: 29.343 Thread 0x0000026a7fb4b9e0 nmethod 1476 0x0000026a0010fe90 code [0x0000026a001100e0, 0x0000026a00110958]
Event: 29.607 Thread 0x0000026a7fb4b9e0 1477       3       sun.security.provider.DigestBase::engineDigest (112 bytes)
Event: 29.608 Thread 0x0000026a7fb4b9e0 nmethod 1477 0x0000026a0010ea90 code [0x0000026a0010ed80, 0x0000026a0010f9f0]
Event: 29.609 Thread 0x0000026a7fb4b9e0 1478       3       java.io.FileDescriptor::valid (25 bytes)
Event: 29.609 Thread 0x0000026a7fb4b9e0 nmethod 1478 0x0000026a00236210 code [0x0000026a002363a0, 0x0000026a00236548]
Event: 29.620 Thread 0x0000026a7fb4b9e0 1479       3       java.awt.Rectangle::isEmpty (20 bytes)
Event: 29.620 Thread 0x0000026a7fb4b9e0 nmethod 1479 0x0000026a00235e10 code [0x0000026a00235fa0, 0x0000026a00236140]
Event: 29.686 Thread 0x0000026a7fb4b9e0 1480       3       java.awt.image.BufferedImage::getWidth (8 bytes)
Event: 29.687 Thread 0x0000026a7fb4b9e0 nmethod 1480 0x0000026a000c1990 code [0x0000026a000c1b20, 0x0000026a000c1c50]
Event: 29.687 Thread 0x0000026a7fb4b9e0 1481       3       java.awt.image.BufferedImage::getHeight (8 bytes)
Event: 29.688 Thread 0x0000026a7fb4b9e0 nmethod 1481 0x0000026a0010e710 code [0x0000026a0010e8a0, 0x0000026a0010e9d0]
Event: 29.693 Thread 0x0000026a7fb4af40 1482       4       jdk.internal.module.ModuleReferenceImpl::hashCode (56 bytes)
Event: 29.694 Thread 0x0000026a7fb4af40 nmethod 1482 0x0000026a07b70290 code [0x0000026a07b70400, 0x0000026a07b704a8]

GC Heap History (20 events):
Event: 16.050 GC heap after
{Heap after GC invocations=1 (full 0):
 garbage-first heap   total 260096K, used 4288K [0x0000000702000000, 0x0000000800000000)
  region size 2048K, 1 young (2048K), 1 survivors (2048K)
 Metaspace       used 6971K, committed 7232K, reserved 1114112K
  class space    used 673K, committed 768K, reserved 1048576K
}
Event: 23.292 GC heap before
{Heap before GC invocations=1 (full 0):
 garbage-first heap   total 260096K, used 10432K [0x0000000702000000, 0x0000000800000000)
  region size 2048K, 6 young (12288K), 1 survivors (2048K)
 Metaspace       used 9315K, committed 9600K, reserved 1114112K
  class space    used 911K, committed 1024K, reserved 1048576K
}
Event: 23.312 GC heap after
{Heap after GC invocations=2 (full 1):
 garbage-first heap   total 55296K, used 5033K [0x0000000702000000, 0x0000000800000000)
  region size 2048K, 0 young (0K), 0 survivors (0K)
 Metaspace       used 9315K, committed 9600K, reserved 1114112K
  class space    used 911K, committed 1024K, reserved 1048576K
}
Event: 24.608 GC heap before
{Heap before GC invocations=2 (full 1):
 garbage-first heap   total 55296K, used 13225K [0x0000000702000000, 0x0000000800000000)
  region size 2048K, 2 young (4096K), 0 survivors (0K)
 Metaspace       used 9490K, committed 9728K, reserved 1114112K
  class space    used 932K, committed 1024K, reserved 1048576K
}
Event: 24.610 GC heap after
{Heap after GC invocations=3 (full 1):
 garbage-first heap   total 55296K, used 14574K [0x0000000702000000, 0x0000000800000000)
  region size 2048K, 1 young (2048K), 1 survivors (2048K)
 Metaspace       used 9490K, committed 9728K, reserved 1114112K
  class space    used 932K, committed 1024K, reserved 1048576K
}
Event: 24.625 GC heap before
{Heap before GC invocations=3 (full 1):
 garbage-first heap   total 55296K, used 16622K [0x0000000702000000, 0x0000000800000000)
  region size 2048K, 2 young (4096K), 1 survivors (2048K)
 Metaspace       used 9492K, committed 9728K, reserved 1114112K
  class space    used 932K, committed 1024K, reserved 1048576K
}
Event: 24.627 GC heap after
{Heap after GC invocations=4 (full 1):
 garbage-first heap   total 55296K, used 15356K [0x0000000702000000, 0x0000000800000000)
  region size 2048K, 1 young (2048K), 1 survivors (2048K)
 Metaspace       used 9492K, committed 9728K, reserved 1114112K
  class space    used 932K, committed 1024K, reserved 1048576K
}
Event: 26.341 GC heap before
{Heap before GC invocations=5 (full 1):
 garbage-first heap   total 67584K, used 52220K [0x0000000702000000, 0x0000000800000000)
  region size 2048K, 3 young (6144K), 1 survivors (2048K)
 Metaspace       used 9502K, committed 9728K, reserved 1114112K
  class space    used 932K, committed 1024K, reserved 1048576K
}
Event: 26.343 GC heap after
{Heap after GC invocations=6 (full 1):
 garbage-first heap   total 69632K, used 50198K [0x0000000702000000, 0x0000000800000000)
  region size 2048K, 1 young (2048K), 1 survivors (2048K)
 Metaspace       used 9502K, committed 9728K, reserved 1114112K
  class space    used 932K, committed 1024K, reserved 1048576K
}
Event: 26.343 GC heap before
{Heap before GC invocations=6 (full 1):
 garbage-first heap   total 71680K, used 50198K [0x0000000702000000, 0x0000000800000000)
  region size 2048K, 1 young (2048K), 1 survivors (2048K)
 Metaspace       used 9502K, committed 9728K, reserved 1114112K
  class space    used 932K, committed 1024K, reserved 1048576K
}
Event: 26.360 GC heap after
{Heap after GC invocations=7 (full 2):
 garbage-first heap   total 90112K, used 50162K [0x0000000702000000, 0x0000000800000000)
  region size 2048K, 0 young (0K), 0 survivors (0K)
 Metaspace       used 9502K, committed 9728K, reserved 1114112K
  class space    used 932K, committed 1024K, reserved 1048576K
}
Event: 26.430 GC heap before
{Heap before GC invocations=7 (full 2):
 garbage-first heap   total 90112K, used 50162K [0x0000000702000000, 0x0000000800000000)
  region size 2048K, 1 young (2048K), 0 survivors (0K)
 Metaspace       used 9502K, committed 9728K, reserved 1114112K
  class space    used 932K, committed 1024K, reserved 1048576K
}
Event: 26.432 GC heap after
{Heap after GC invocations=8 (full 2):
 garbage-first heap   total 90112K, used 51385K [0x0000000702000000, 0x0000000800000000)
  region size 2048K, 1 young (2048K), 1 survivors (2048K)
 Metaspace       used 9502K, committed 9728K, reserved 1114112K
  class space    used 932K, committed 1024K, reserved 1048576K
}
Event: 28.201 GC heap before
{Heap before GC invocations=9 (full 2):
 garbage-first heap   total 114688K, used 108729K [0x0000000702000000, 0x0000000800000000)
  region size 2048K, 4 young (8192K), 1 survivors (2048K)
 Metaspace       used 9548K, committed 9728K, reserved 1114112K
  class space    used 932K, committed 1024K, reserved 1048576K
}
Event: 28.204 GC heap after
{Heap after GC invocations=10 (full 2):
 garbage-first heap   total 116736K, used 104277K [0x0000000702000000, 0x0000000800000000)
  region size 2048K, 1 young (2048K), 1 survivors (2048K)
 Metaspace       used 9548K, committed 9728K, reserved 1114112K
  class space    used 932K, committed 1024K, reserved 1048576K
}
Event: 28.604 GC heap before
{Heap before GC invocations=10 (full 2):
 garbage-first heap   total 122880K, used 116565K [0x0000000702000000, 0x0000000800000000)
  region size 2048K, 2 young (4096K), 1 survivors (2048K)
 Metaspace       used 9553K, committed 9728K, reserved 1114112K
  class space    used 932K, committed 1024K, reserved 1048576K
}
Event: 28.607 GC heap after
{Heap after GC invocations=11 (full 2):
 garbage-first heap   total 126976K, used 115759K [0x0000000702000000, 0x0000000800000000)
  region size 2048K, 1 young (2048K), 1 survivors (2048K)
 Metaspace       used 9553K, committed 9728K, reserved 1114112K
  class space    used 932K, committed 1024K, reserved 1048576K
}
Event: 28.684 GC heap before
{Heap before GC invocations=11 (full 2):
 garbage-first heap   total 126976K, used 115759K [0x0000000702000000, 0x0000000800000000)
  region size 2048K, 2 young (4096K), 1 survivors (2048K)
 Metaspace       used 9553K, committed 9728K, reserved 1114112K
  class space    used 932K, committed 1024K, reserved 1048576K
}
Event: 28.687 GC heap after
{Heap after GC invocations=12 (full 2):
 garbage-first heap   total 126976K, used 116945K [0x0000000702000000, 0x0000000800000000)
  region size 2048K, 1 young (2048K), 1 survivors (2048K)
 Metaspace       used 9553K, committed 9728K, reserved 1114112K
  class space    used 932K, committed 1024K, reserved 1048576K
}
Event: 29.701 GC heap before
{Heap before GC invocations=13 (full 2):
 garbage-first heap   total 208896K, used 155857K [0x0000000702000000, 0x0000000800000000)
  region size 2048K, 3 young (6144K), 1 survivors (2048K)
 Metaspace       used 9563K, committed 9792K, reserved 1114112K
  class space    used 932K, committed 1024K, reserved 1048576K
}

Dll operation events (20 events):
Event: 21.695 Loaded shared library C:\Users\Ecole\.openjfx\cache\21.0.3+2\amd64\api-ms-win-crt-filesystem-l1-1-0.dll
Event: 21.730 Loaded shared library C:\Users\Ecole\.openjfx\cache\21.0.3+2\amd64\api-ms-win-crt-heap-l1-1-0.dll
Event: 21.781 Loaded shared library C:\Users\Ecole\.openjfx\cache\21.0.3+2\amd64\api-ms-win-crt-locale-l1-1-0.dll
Event: 21.831 Loaded shared library C:\Users\Ecole\.openjfx\cache\21.0.3+2\amd64\api-ms-win-crt-math-l1-1-0.dll
Event: 21.884 Loaded shared library C:\Users\Ecole\.openjfx\cache\21.0.3+2\amd64\api-ms-win-crt-multibyte-l1-1-0.dll
Event: 21.929 Loaded shared library C:\Users\Ecole\.openjfx\cache\21.0.3+2\amd64\api-ms-win-crt-private-l1-1-0.dll
Event: 21.991 Loaded shared library C:\Users\Ecole\.openjfx\cache\21.0.3+2\amd64\api-ms-win-crt-process-l1-1-0.dll
Event: 22.042 Loaded shared library C:\Users\Ecole\.openjfx\cache\21.0.3+2\amd64\api-ms-win-crt-runtime-l1-1-0.dll
Event: 22.078 Loaded shared library C:\Users\Ecole\.openjfx\cache\21.0.3+2\amd64\api-ms-win-crt-stdio-l1-1-0.dll
Event: 22.136 Loaded shared library C:\Users\Ecole\.openjfx\cache\21.0.3+2\amd64\api-ms-win-crt-string-l1-1-0.dll
Event: 22.190 Loaded shared library C:\Users\Ecole\.openjfx\cache\21.0.3+2\amd64\api-ms-win-crt-time-l1-1-0.dll
Event: 22.246 Loaded shared library C:\Users\Ecole\.openjfx\cache\21.0.3+2\amd64\api-ms-win-crt-utility-l1-1-0.dll
Event: 22.334 Loaded shared library C:\Users\Ecole\.openjfx\cache\21.0.3+2\amd64\ucrtbase.dll
Event: 22.358 Loaded shared library C:\Users\Ecole\.openjfx\cache\21.0.3+2\amd64\vcruntime140.dll
Event: 22.377 Loaded shared library C:\Users\Ecole\.openjfx\cache\21.0.3+2\amd64\vcruntime140_1.dll
Event: 22.411 Loaded shared library C:\Users\Ecole\.openjfx\cache\21.0.3+2\amd64\msvcp140.dll
Event: 22.433 Loaded shared library C:\Users\Ecole\.openjfx\cache\21.0.3+2\amd64\msvcp140_1.dll
Event: 22.455 Loaded shared library C:\Users\Ecole\.openjfx\cache\21.0.3+2\amd64\msvcp140_2.dll
Event: 22.623 Loaded shared library C:\Users\Ecole\.openjfx\cache\21.0.3+2\amd64\prism_d3d.dll
Event: 22.801 Loaded shared library C:\Users\Ecole\.openjfx\cache\21.0.3+2\amd64\glass.dll

Deoptimization events (20 events):
Event: 24.834 Thread 0x0000026a62efd8a0 DEOPT PACKING pc=0x0000026a002437bb sp=0x000000a0645fe940
Event: 24.834 Thread 0x0000026a62efd8a0 DEOPT UNPACKING pc=0x0000026a07584e42 sp=0x000000a0645fdfa8 mode 0
Event: 25.008 Thread 0x0000026a62efd8a0 DEOPT PACKING pc=0x0000026a0024b2ad sp=0x000000a0645fea10
Event: 25.008 Thread 0x0000026a62efd8a0 DEOPT UNPACKING pc=0x0000026a07584e42 sp=0x000000a0645fdfa8 mode 0
Event: 25.254 Thread 0x0000026a62efd8a0 DEOPT PACKING pc=0x0000026a0024b2ad sp=0x000000a0645fea10
Event: 25.254 Thread 0x0000026a62efd8a0 DEOPT UNPACKING pc=0x0000026a07584e42 sp=0x000000a0645fdfa8 mode 0
Event: 25.495 Thread 0x0000026a62efd8a0 DEOPT PACKING pc=0x0000026a0024b2ad sp=0x000000a0645fea10
Event: 25.496 Thread 0x0000026a62efd8a0 DEOPT UNPACKING pc=0x0000026a07584e42 sp=0x000000a0645fdfa8 mode 0
Event: 25.680 Thread 0x0000026a62efd8a0 DEOPT PACKING pc=0x0000026a0024b2ad sp=0x000000a0645fea10
Event: 25.680 Thread 0x0000026a62efd8a0 DEOPT UNPACKING pc=0x0000026a07584e42 sp=0x000000a0645fdfa8 mode 0
Event: 26.102 Thread 0x0000026a62efd8a0 DEOPT PACKING pc=0x0000026a0024b2ad sp=0x000000a0645fea10
Event: 26.102 Thread 0x0000026a62efd8a0 DEOPT UNPACKING pc=0x0000026a07584e42 sp=0x000000a0645fdfa8 mode 0
Event: 26.249 Thread 0x0000026a62efd8a0 Uncommon trap: trap_request=0xffffff6e fr.pc=0x0000026a07b506f4 relative=0x0000000000005834
Event: 26.249 Thread 0x0000026a62efd8a0 Uncommon trap: reason=loop_limit_check action=maybe_recompile pc=0x0000026a07b506f4 method=com.sun.imageio.plugins.gif.GIFImageReader.read(ILjavax/imageio/ImageReadParam;)Ljava/awt/image/BufferedImage; @ 833 c2
Event: 26.249 Thread 0x0000026a62efd8a0 DEOPT PACKING pc=0x0000026a07b506f4 sp=0x000000a0645fea90
Event: 26.249 Thread 0x0000026a62efd8a0 DEOPT UNPACKING pc=0x0000026a075846a2 sp=0x000000a0645feab0 mode 2
Event: 26.497 Thread 0x0000026a62efd8a0 DEOPT PACKING pc=0x0000026a002437bb sp=0x000000a0645fe940
Event: 26.497 Thread 0x0000026a62efd8a0 DEOPT UNPACKING pc=0x0000026a07584e42 sp=0x000000a0645fdfa8 mode 0
Event: 26.498 Thread 0x0000026a62efd8a0 DEOPT PACKING pc=0x0000026a002437bb sp=0x000000a0645fe940
Event: 26.498 Thread 0x0000026a62efd8a0 DEOPT UNPACKING pc=0x0000026a07584e42 sp=0x000000a0645fdfa8 mode 0

Classes loaded (20 events):
Event: 23.245 Loading class java/util/ComparableTimSort
Event: 23.245 Loading class java/util/ComparableTimSort done
Event: 23.264 Loading class javax/sound/sampled/UnsupportedAudioFileException
Event: 23.265 Loading class javax/sound/sampled/UnsupportedAudioFileException done
Event: 23.270 Loading class jdk/internal/loader/URLClassPath$FileLoader$1
Event: 23.270 Loading class jdk/internal/loader/URLClassPath$FileLoader$1 done
Event: 23.386 Loading class java/io/FilePermissionCollection
Event: 23.386 Loading class java/io/FilePermissionCollection done
Event: 23.542 Loading class com/sun/imageio/plugins/gif/GIFImageReader
Event: 23.552 Loading class com/sun/imageio/plugins/gif/GIFImageReader done
Event: 23.554 Loading class com/sun/imageio/plugins/gif/GIFStreamMetadata
Event: 23.556 Loading class com/sun/imageio/plugins/gif/GIFMetadata
Event: 23.557 Loading class com/sun/imageio/plugins/gif/GIFMetadata done
Event: 23.557 Loading class com/sun/imageio/plugins/gif/GIFStreamMetadata done
Event: 23.558 Loading class jdk/internal/util/ByteArrayLittleEndian
Event: 23.559 Loading class jdk/internal/util/ByteArrayLittleEndian done
Event: 23.560 Loading class com/sun/imageio/plugins/gif/GIFImageMetadata
Event: 23.561 Loading class com/sun/imageio/plugins/gif/GIFImageMetadata done
Event: 23.565 Loading class sun/awt/image/BytePackedRaster
Event: 23.571 Loading class sun/awt/image/BytePackedRaster done

Classes unloaded (0 events):
No events

Classes redefined (0 events):
No events

Internal exceptions (20 events):
Event: 0.962 Thread 0x0000026a756ce0d0 Exception <a 'java/lang/NoSuchMethodError'{0x0000000711b9add0}: 'long java.lang.invoke.DirectMethodHandle$Holder.invokeStatic(java.lang.Object, java.lang.Object, int)'> (0x0000000711b9add0) 
thrown [s\src\hotspot\share\interpreter\linkResolver.cpp, line 773]
Event: 0.980 Thread 0x0000026a756ce0d0 Exception <a 'java/lang/NoSuchMethodError'{0x0000000711ba6648}: 'java.lang.Object java.lang.invoke.DelegatingMethodHandle$Holder.reinvoke_L(java.lang.Object, int, long, java.lang.Object, java.lang.Object, int, java.lang.Object)'> (0x0000000711ba6648) 
thrown [s\src\hotspot\share\interpreter\linkResolver.cpp, line 773]
Event: 0.984 Thread 0x0000026a756ce0d0 Exception <a 'java/lang/NoSuchMethodError'{0x0000000711bb0080}: 'int java.lang.invoke.DirectMethodHandle$Holder.invokeSpecial(java.lang.Object, java.lang.Object, java.lang.Object)'> (0x0000000711bb0080) 
thrown [s\src\hotspot\share\interpreter\linkResolver.cpp, line 773]
Event: 1.006 Thread 0x0000026a756ce0d0 Exception <a 'java/lang/NoSuchMethodError'{0x0000000711bd42f8}: 'java.lang.Object java.lang.invoke.DirectMethodHandle$Holder.invokeStatic(java.lang.Object, java.lang.Object, int)'> (0x0000000711bd42f8) 
thrown [s\src\hotspot\share\interpreter\linkResolver.cpp, line 773]
Event: 1.009 Thread 0x0000026a756ce0d0 Exception <a 'java/lang/NoSuchMethodError'{0x0000000711bdfb58}: 'void java.lang.invoke.DelegatingMethodHandle$Holder.delegate(java.lang.Object, java.lang.Object, int, java.lang.Object)'> (0x0000000711bdfb58) 
thrown [s\src\hotspot\share\interpreter\linkResolver.cpp, line 773]
Event: 1.074 Thread 0x0000026a756ce0d0 Exception <a 'java/io/FileNotFoundException'{0x0000000711827a90}> (0x0000000711827a90) 
thrown [s\src\hotspot\share\prims\jni.cpp, line 520]
Event: 1.099 Thread 0x0000026a756ce0d0 Exception <a 'java/io/FileNotFoundException'{0x0000000711852580}> (0x0000000711852580) 
thrown [s\src\hotspot\share\prims\jni.cpp, line 520]
Event: 12.496 Thread 0x0000026a5a293b40 Exception <a 'java/lang/NoSuchMethodError'{0x0000000711736e40}: 'void java.lang.invoke.DirectMethodHandle$Holder.invokeStatic(java.lang.Object, java.lang.Object)'> (0x0000000711736e40) 
thrown [s\src\hotspot\share\interpreter\linkResolver.cpp, line 773]
Event: 12.500 Thread 0x0000026a5a293b40 Exception <a 'java/lang/NoSuchMethodError'{0x000000071173c408}: 'java.lang.Object java.lang.invoke.DirectMethodHandle$Holder.newInvokeSpecial(java.lang.Object, java.lang.Object, java.lang.Object, java.lang.Object, java.lang.Object, java.lang.Object, java.lang.Object, java.lang.Object)'> (0x000000071173c408) 
thrown [s\src\hotspot\share\interpreter\linkResolver.cpp, line 773]
Event: 13.139 Thread 0x0000026a5a292e20 Exception <a 'java/lang/ClassNotFoundException'{0x000000071150e328}: sun/net/www/protocol/e/Handler> (0x000000071150e328) 
thrown [s\src\hotspot\share\classfile\systemDictionary.cpp, line 312]
Event: 13.693 Thread 0x0000026a5a292e20 Exception <a 'java/lang/NoSuchMethodError'{0x0000000711572868}: 'java.lang.Object java.lang.invoke.DirectMethodHandle$Holder.invokeStaticInit(java.lang.Object, int, int, int, int)'> (0x0000000711572868) 
thrown [s\src\hotspot\share\interpreter\linkResolver.cpp, line 773]
Event: 13.908 Thread 0x0000026a5a292e20 Exception <a 'java/lang/NoSuchMethodError'{0x00000007115b2118}: 'java.lang.Object java.lang.invoke.DirectMethodHandle$Holder.invokeStaticInit(java.lang.Object, java.lang.Object, int, int, int, int)'> (0x00000007115b2118) 
thrown [s\src\hotspot\share\interpreter\linkResolver.cpp, line 773]
Event: 15.096 Thread 0x0000026a62efcb80 Exception <a 'java/lang/NoSuchMethodError'{0x0000000711289a48}: 'void java.lang.invoke.DirectMethodHandle$Holder.invokeStatic(java.lang.Object, java.lang.Object, java.lang.Object)'> (0x0000000711289a48) 
thrown [s\src\hotspot\share\interpreter\linkResolver.cpp, line 773]
Event: 15.529 Thread 0x0000026a62efa420 Exception <a 'java/lang/NoSuchMethodError'{0x000000071136deb8}: 'java.lang.Object java.lang.invoke.DirectMethodHandle$Holder.invokeStatic(java.lang.Object, int, java.lang.Object)'> (0x000000071136deb8) 
thrown [s\src\hotspot\share\interpreter\linkResolver.cpp, line 773]
Event: 15.543 Thread 0x0000026a62efa420 Exception <a 'java/lang/ClassNotFoundException'{0x000000071137e988}: sun/util/logging/resources/spi/loggingProvider> (0x000000071137e988) 
thrown [s\src\hotspot\share\classfile\systemDictionary.cpp, line 312]
Event: 22.705 Thread 0x0000026a62efa420 Exception <a 'java/lang/NoSuchMethodError'{0x000000071190f548}: 'int java.lang.invoke.DirectMethodHandle$Holder.invokeStaticInit(java.lang.Object, java.lang.Object, java.lang.Object)'> (0x000000071190f548) 
thrown [s\src\hotspot\share\interpreter\linkResolver.cpp, line 773]
Event: 22.826 Thread 0x0000026a62efa420 Exception <a 'java/lang/NoSuchMethodError'{0x00000007119f23f8}: 'java.lang.Object java.lang.invoke.DirectMethodHandle$Holder.newInvokeSpecial(java.lang.Object, java.lang.Object, int, java.lang.Object)'> (0x00000007119f23f8) 
thrown [s\src\hotspot\share\interpreter\linkResolver.cpp, line 773]
Event: 22.827 Thread 0x0000026a62efa420 Exception <a 'java/lang/NoSuchMethodError'{0x00000007119f5fa8}: 'java.lang.Object java.lang.invoke.DirectMethodHandle$Holder.invokeSpecial(java.lang.Object, java.lang.Object, java.lang.Object, int, java.lang.Object)'> (0x00000007119f5fa8) 
thrown [s\src\hotspot\share\interpreter\linkResolver.cpp, line 773]
Event: 22.830 Thread 0x0000026a62efa420 Exception <a 'java/lang/NoSuchMethodError'{0x00000007119fc858}: 'void java.lang.invoke.DirectMethodHandle$Holder.invokeSpecial(java.lang.Object, java.lang.Object, int, java.lang.Object)'> (0x00000007119fc858) 
thrown [s\src\hotspot\share\interpreter\linkResolver.cpp, line 773]
Event: 23.161 Thread 0x0000026a62efd210 Exception <a 'java/lang/NoSuchMethodError'{0x00000007117c3cf8}: 'void java.lang.invoke.DirectMethodHandle$Holder.invokeStaticInit(java.lang.Object)'> (0x00000007117c3cf8) 
thrown [s\src\hotspot\share\interpreter\linkResolver.cpp, line 773]

ZGC Phase Switch (0 events):
No events

VM Operations (20 events):
Event: 26.360 Executing VM operation: G1CollectForAllocation (G1 Evacuation Pause) done
Event: 26.430 Executing VM operation: G1TryInitiateConcMark (G1 Humongous Allocation)
Event: 26.432 Executing VM operation: G1TryInitiateConcMark (G1 Humongous Allocation) done
Event: 26.451 Executing VM operation: G1PauseRemark
Event: 26.453 Executing VM operation: G1PauseRemark done
Event: 26.458 Executing VM operation: G1PauseCleanup
Event: 26.462 Executing VM operation: G1PauseCleanup done
Event: 27.463 Executing VM operation: Cleanup
Event: 27.472 Executing VM operation: Cleanup done
Event: 28.201 Executing VM operation: G1CollectForAllocation (G1 Evacuation Pause)
Event: 28.204 Executing VM operation: G1CollectForAllocation (G1 Evacuation Pause) done
Event: 28.604 Executing VM operation: G1CollectForAllocation (G1 Evacuation Pause)
Event: 28.607 Executing VM operation: G1CollectForAllocation (G1 Evacuation Pause) done
Event: 28.684 Executing VM operation: G1TryInitiateConcMark (G1 Humongous Allocation)
Event: 28.687 Executing VM operation: G1TryInitiateConcMark (G1 Humongous Allocation) done
Event: 28.700 Executing VM operation: G1PauseRemark
Event: 28.702 Executing VM operation: G1PauseRemark done
Event: 28.707 Executing VM operation: G1PauseCleanup
Event: 28.707 Executing VM operation: G1PauseCleanup done
Event: 29.701 Executing VM operation: G1CollectForAllocation (G1 Evacuation Pause)

Memory protections (0 events):
No events

Nmethod flushes (20 events):
Event: 26.352 Thread 0x0000026a7faf0350 flushing  nmethod 0x0000026a0022bb90
Event: 26.352 Thread 0x0000026a7faf0350 flushing  nmethod 0x0000026a00235a10
Event: 26.352 Thread 0x0000026a7faf0350 flushing  nmethod 0x0000026a00236890
Event: 26.352 Thread 0x0000026a7faf0350 flushing  nmethod 0x0000026a00256090
Event: 26.352 Thread 0x0000026a7faf0350 flushing  nmethod 0x0000026a07b36810
Event: 26.352 Thread 0x0000026a7faf0350 flushing osr nmethod 0x0000026a07b37f10
Event: 26.352 Thread 0x0000026a7faf0350 flushing  nmethod 0x0000026a0002cd90
Event: 26.352 Thread 0x0000026a7faf0350 flushing  nmethod 0x0000026a00126190
Event: 26.352 Thread 0x0000026a7faf0350 flushing  nmethod 0x0000026a00142310
Event: 26.352 Thread 0x0000026a7faf0350 flushing  nmethod 0x0000026a00145d10
Event: 26.352 Thread 0x0000026a7faf0350 flushing  nmethod 0x0000026a00147710
Event: 26.352 Thread 0x0000026a7faf0350 flushing  nmethod 0x0000026a0014bd10
Event: 26.352 Thread 0x0000026a7faf0350 flushing osr nmethod 0x0000026a00238110
Event: 26.352 Thread 0x0000026a7faf0350 flushing osr nmethod 0x0000026a0024fc90
Event: 26.352 Thread 0x0000026a7faf0350 flushing  nmethod 0x0000026a00250610
Event: 26.453 Thread 0x0000026a7faf0350 flushing  nmethod 0x0000026a07b4a310
Event: 26.453 Thread 0x0000026a7faf0350 flushing  nmethod 0x0000026a00246f90
Event: 26.453 Thread 0x0000026a7faf0350 flushing  nmethod 0x0000026a00247a10
Event: 26.453 Thread 0x0000026a7faf0350 flushing  nmethod 0x0000026a00028590
Event: 28.701 Thread 0x0000026a7faf0350 flushing  nmethod 0x0000026a0024d210

Events (20 events):
Event: 1.423 Thread 0x0000026a5a2941d0 Thread added: 0x0000026a5a2941d0
Event: 2.417 Thread 0x0000026a5a294ef0 Thread exited: 0x0000026a5a294ef0
Event: 11.501 Thread 0x0000026a5a292e20 Thread added: 0x0000026a5a293b40
Event: 11.501 Thread 0x0000026a5a292e20 Thread exited: 0x0000026a5a292e20
Event: 12.516 Thread 0x0000026a5a293b40 Thread added: 0x0000026a5a292e20
Event: 12.516 Thread 0x0000026a5a293b40 Thread added: 0x0000026a5a294ef0
Event: 12.516 Thread 0x0000026a5a293b40 Thread exited: 0x0000026a5a293b40
Event: 14.427 Thread 0x0000026a5a295580 Thread added: 0x0000026a5a293b40
Event: 14.664 Thread 0x0000026a5a292e20 Thread added: 0x0000026a62efcb80
Event: 14.665 Thread 0x0000026a5a292e20 Thread exited: 0x0000026a5a292e20
Event: 15.098 Thread 0x0000026a62efcb80 Thread added: 0x0000026a62efa420
Event: 16.374 Thread 0x0000026a5a293b40 Thread exited: 0x0000026a5a293b40
Event: 22.576 Thread 0x0000026a62efa420 Thread added: 0x0000026a62efe5c0
Event: 22.816 Thread 0x0000026a62efa420 Thread added: 0x0000026a62ef9d90
Event: 22.835 Thread 0x0000026a62efa420 Thread added: 0x0000026a62efd210
Event: 23.177 Thread 0x0000026a62efa420 Thread exited: 0x0000026a62efa420
Event: 23.211 Thread 0x0000026a62eff2e0 Thread added: 0x0000026a62eff2e0
Event: 23.220 Thread 0x0000026a62efcb80 Thread added: 0x0000026a62efc4f0
Event: 23.274 Thread 0x0000026a62efcb80 Thread added: 0x0000026a62efd8a0
Event: 23.276 Thread 0x0000026a62efcb80 Thread exited: 0x0000026a62efcb80


Dynamic libraries:
0x00007ff6b63d0000 - 0x00007ff6b63de000 	E:\coles\Vanier\GameProgramming\jdk\bin\java.exe
0x00007ffd08430000 - 0x00007ffd08628000 	C:\WINDOWS\SYSTEM32\ntdll.dll
0x00007ffd069c0000 - 0x00007ffd06a82000 	C:\WINDOWS\System32\KERNEL32.DLL
0x00007ffd05bd0000 - 0x00007ffd05ec6000 	C:\WINDOWS\System32\KERNELBASE.dll
0x00007ffd061f0000 - 0x00007ffd062f0000 	C:\WINDOWS\System32\ucrtbase.dll
0x00007ffcd7c80000 - 0x00007ffcd7c9b000 	E:\coles\Vanier\GameProgramming\jdk\bin\VCRUNTIME140.dll
0x00007ffcdffc0000 - 0x00007ffcdffd8000 	E:\coles\Vanier\GameProgramming\jdk\bin\jli.dll
0x00007ffd079b0000 - 0x00007ffd07b4d000 	C:\WINDOWS\System32\USER32.dll
0x00007ffd05ff0000 - 0x00007ffd06012000 	C:\WINDOWS\System32\win32u.dll
0x00007ffd076e0000 - 0x00007ffd0770b000 	C:\WINDOWS\System32\GDI32.dll
0x00007ffd060d0000 - 0x00007ffd061ea000 	C:\WINDOWS\System32\gdi32full.dll
0x00007ffd05ed0000 - 0x00007ffd05f6d000 	C:\WINDOWS\System32\msvcp_win.dll
0x00007ffce4180000 - 0x00007ffce441a000 	C:\WINDOWS\WinSxS\amd64_microsoft.windows.common-controls_6595b64144ccf1df_6.0.19041.4355_none_60b8b9eb71f62e16\COMCTL32.dll
0x00007ffd07910000 - 0x00007ffd079ae000 	C:\WINDOWS\System32\msvcrt.dll
0x00007ffd07830000 - 0x00007ffd0785f000 	C:\WINDOWS\System32\IMM32.DLL
0x00007ffcff5f0000 - 0x00007ffcff5fc000 	E:\coles\Vanier\GameProgramming\jdk\bin\vcruntime140_1.dll
0x00007ffcd45d0000 - 0x00007ffcd465e000 	E:\coles\Vanier\GameProgramming\jdk\bin\msvcp140.dll
0x00007ffcad930000 - 0x00007ffcae6b8000 	E:\coles\Vanier\GameProgramming\jdk\bin\server\jvm.dll
0x00007ffd07860000 - 0x00007ffd0790f000 	C:\WINDOWS\System32\ADVAPI32.dll
0x00007ffd067b0000 - 0x00007ffd0684f000 	C:\WINDOWS\System32\sechost.dll
0x00007ffd06c40000 - 0x00007ffd06d63000 	C:\WINDOWS\System32\RPCRT4.dll
0x00007ffd05b50000 - 0x00007ffd05b77000 	C:\WINDOWS\System32\bcrypt.dll
0x00007ffd07510000 - 0x00007ffd0757b000 	C:\WINDOWS\System32\WS2_32.dll
0x00007ffd05920000 - 0x00007ffd0596b000 	C:\WINDOWS\SYSTEM32\POWRPROF.dll
0x00007ffcf4590000 - 0x00007ffcf45b7000 	C:\WINDOWS\SYSTEM32\WINMM.dll
0x00007ffcfe420000 - 0x00007ffcfe42a000 	C:\WINDOWS\SYSTEM32\VERSION.dll
0x00007ffd05900000 - 0x00007ffd05912000 	C:\WINDOWS\SYSTEM32\UMPDC.dll
0x00007ffd042a0000 - 0x00007ffd042b2000 	C:\WINDOWS\SYSTEM32\kernel.appcore.dll
0x00007ffcff550000 - 0x00007ffcff55a000 	E:\coles\Vanier\GameProgramming\jdk\bin\jimage.dll
0x00007ffd038d0000 - 0x00007ffd03ab4000 	C:\WINDOWS\SYSTEM32\DBGHELP.DLL
0x00007ffcdacd0000 - 0x00007ffcdad04000 	C:\WINDOWS\SYSTEM32\dbgcore.DLL
0x00007ffd05ac0000 - 0x00007ffd05b42000 	C:\WINDOWS\System32\bcryptPrimitives.dll
0x00007ffcb93d0000 - 0x00007ffcb940c000 	E:\coles\Vanier\GameProgramming\jdk\bin\jdwp.dll
0x00007ffcd2970000 - 0x00007ffcd298f000 	E:\coles\Vanier\GameProgramming\jdk\bin\java.dll
0x00007ffd07c20000 - 0x00007ffd0838f000 	C:\WINDOWS\System32\SHELL32.dll
0x00007ffd03ae0000 - 0x00007ffd04283000 	C:\WINDOWS\SYSTEM32\windows.storage.dll
0x00007ffd06450000 - 0x00007ffd067a5000 	C:\WINDOWS\System32\combase.dll
0x00007ffd05340000 - 0x00007ffd0536b000 	C:\WINDOWS\SYSTEM32\Wldp.dll
0x00007ffd07b50000 - 0x00007ffd07c1d000 	C:\WINDOWS\System32\OLEAUT32.dll
0x00007ffd06910000 - 0x00007ffd069bd000 	C:\WINDOWS\System32\SHCORE.dll
0x00007ffd075a0000 - 0x00007ffd075f5000 	C:\WINDOWS\System32\shlwapi.dll
0x00007ffd059f0000 - 0x00007ffd05a15000 	C:\WINDOWS\SYSTEM32\profapi.dll
0x00007ffcb8d70000 - 0x00007ffcb8e47000 	E:\coles\Vanier\GameProgramming\jdk\bin\jsvml.dll
0x00007ffce61e0000 - 0x00007ffce61eb000 	E:\coles\Vanier\GameProgramming\jdk\bin\dt_shmem.dll
0x00007ffcec9a0000 - 0x00007ffcec9b0000 	E:\coles\Vanier\GameProgramming\jdk\bin\net.dll
0x00007ffcfcf10000 - 0x00007ffcfd01a000 	C:\WINDOWS\SYSTEM32\WINHTTP.dll
0x00007ffd05120000 - 0x00007ffd0518c000 	C:\WINDOWS\system32\mswsock.dll
0x00007ffcd2950000 - 0x00007ffcd2966000 	E:\coles\Vanier\GameProgramming\jdk\bin\nio.dll
0x00007ffcd25a0000 - 0x00007ffcd25b8000 	E:\coles\Vanier\GameProgramming\jdk\bin\zip.dll
0x00007ffcb1f10000 - 0x00007ffcb209e000 	E:\coles\Vanier\GameProgramming\jdk\bin\awt.dll
0x00007ffd02360000 - 0x00007ffd023f4000 	C:\WINDOWS\SYSTEM32\apphelp.dll
0x00007ffd03120000 - 0x00007ffd031be000 	C:\WINDOWS\system32\uxtheme.dll
0x00007ffd07710000 - 0x00007ffd07825000 	C:\WINDOWS\System32\MSCTF.dll
0x00007ffd06dd0000 - 0x00007ffd06efb000 	C:\WINDOWS\System32\ole32.dll
0x00007ffd05700000 - 0x00007ffd05718000 	C:\WINDOWS\SYSTEM32\CRYPTSP.dll
0x00007ffd04a60000 - 0x00007ffd04a98000 	C:\WINDOWS\system32\rsaenh.dll
0x00007ffd05970000 - 0x00007ffd0599e000 	C:\WINDOWS\SYSTEM32\USERENV.dll
0x00007ffd052b0000 - 0x00007ffd052bc000 	C:\WINDOWS\SYSTEM32\CRYPTBASE.dll
0x00007ffd04e20000 - 0x00007ffd04e5b000 	C:\WINDOWS\SYSTEM32\IPHLPAPI.DLL
0x00007ffd07410000 - 0x00007ffd07418000 	C:\WINDOWS\System32\NSI.dll
0x00007ffd03330000 - 0x00007ffd0335f000 	C:\WINDOWS\system32\DWMAPI.DLL
0x00007ffcd6890000 - 0x00007ffcd69b8000 	C:\WINDOWS\system32\opengl32.dll
0x00007ffcea8a0000 - 0x00007ffcea8cc000 	C:\WINDOWS\SYSTEM32\GLU32.dll
0x0000026a14fd0000 - 0x0000026a14fd3000 	C:\Users\Ecole\.openjfx\cache\21.0.3+2\amd64\api-ms-win-core-console-l1-1-0.dll
0x0000026a14fe0000 - 0x0000026a14fe3000 	C:\Users\Ecole\.openjfx\cache\21.0.3+2\amd64\api-ms-win-core-console-l1-2-0.dll
0x0000026a14ff0000 - 0x0000026a14ff3000 	C:\Users\Ecole\.openjfx\cache\21.0.3+2\amd64\api-ms-win-core-datetime-l1-1-0.dll
0x0000026a63560000 - 0x0000026a63563000 	C:\Users\Ecole\.openjfx\cache\21.0.3+2\amd64\api-ms-win-core-debug-l1-1-0.dll
0x0000026a63570000 - 0x0000026a63573000 	C:\Users\Ecole\.openjfx\cache\21.0.3+2\amd64\api-ms-win-core-errorhandling-l1-1-0.dll
0x0000026a63580000 - 0x0000026a63584000 	C:\Users\Ecole\.openjfx\cache\21.0.3+2\amd64\api-ms-win-core-file-l1-1-0.dll
0x0000026a63590000 - 0x0000026a63593000 	C:\Users\Ecole\.openjfx\cache\21.0.3+2\amd64\api-ms-win-core-file-l1-2-0.dll
0x0000026a635a0000 - 0x0000026a635a3000 	C:\Users\Ecole\.openjfx\cache\21.0.3+2\amd64\api-ms-win-core-file-l2-1-0.dll
0x0000026a635b0000 - 0x0000026a635b3000 	C:\Users\Ecole\.openjfx\cache\21.0.3+2\amd64\api-ms-win-core-handle-l1-1-0.dll
0x0000026a635c0000 - 0x0000026a635c3000 	C:\Users\Ecole\.openjfx\cache\21.0.3+2\amd64\api-ms-win-core-heap-l1-1-0.dll
0x0000026a635d0000 - 0x0000026a635d3000 	C:\Users\Ecole\.openjfx\cache\21.0.3+2\amd64\api-ms-win-core-interlocked-l1-1-0.dll
0x0000026a635e0000 - 0x0000026a635e3000 	C:\Users\Ecole\.openjfx\cache\21.0.3+2\amd64\api-ms-win-core-libraryloader-l1-1-0.dll
0x0000026a635f0000 - 0x0000026a635f3000 	C:\Users\Ecole\.openjfx\cache\21.0.3+2\amd64\api-ms-win-core-localization-l1-2-0.dll
0x0000026a63600000 - 0x0000026a63603000 	C:\Users\Ecole\.openjfx\cache\21.0.3+2\amd64\api-ms-win-core-memory-l1-1-0.dll
0x0000026a63610000 - 0x0000026a63613000 	C:\Users\Ecole\.openjfx\cache\21.0.3+2\amd64\api-ms-win-core-namedpipe-l1-1-0.dll
0x0000026a63620000 - 0x0000026a63623000 	C:\Users\Ecole\.openjfx\cache\21.0.3+2\amd64\api-ms-win-core-processenvironment-l1-1-0.dll
0x0000026a63630000 - 0x0000026a63633000 	C:\Users\Ecole\.openjfx\cache\21.0.3+2\amd64\api-ms-win-core-processthreads-l1-1-0.dll
0x0000026a64390000 - 0x0000026a64393000 	C:\Users\Ecole\.openjfx\cache\21.0.3+2\amd64\api-ms-win-core-processthreads-l1-1-1.dll
0x0000026a643a0000 - 0x0000026a643a3000 	C:\Users\Ecole\.openjfx\cache\21.0.3+2\amd64\api-ms-win-core-profile-l1-1-0.dll
0x0000026a643b0000 - 0x0000026a643b3000 	C:\Users\Ecole\.openjfx\cache\21.0.3+2\amd64\api-ms-win-core-rtlsupport-l1-1-0.dll
0x0000026a643c0000 - 0x0000026a643c3000 	C:\Users\Ecole\.openjfx\cache\21.0.3+2\amd64\api-ms-win-core-string-l1-1-0.dll
0x0000026a643d0000 - 0x0000026a643d3000 	C:\Users\Ecole\.openjfx\cache\21.0.3+2\amd64\api-ms-win-core-synch-l1-1-0.dll
0x0000026a643e0000 - 0x0000026a643e3000 	C:\Users\Ecole\.openjfx\cache\21.0.3+2\amd64\api-ms-win-core-synch-l1-2-0.dll
0x0000026a643f0000 - 0x0000026a643f3000 	C:\Users\Ecole\.openjfx\cache\21.0.3+2\amd64\api-ms-win-core-sysinfo-l1-1-0.dll
0x0000026a64400000 - 0x0000026a64403000 	C:\Users\Ecole\.openjfx\cache\21.0.3+2\amd64\api-ms-win-core-timezone-l1-1-0.dll
0x0000026a64410000 - 0x0000026a64413000 	C:\Users\Ecole\.openjfx\cache\21.0.3+2\amd64\api-ms-win-core-util-l1-1-0.dll
0x0000026a64420000 - 0x0000026a64423000 	C:\Users\Ecole\.openjfx\cache\21.0.3+2\amd64\api-ms-win-crt-conio-l1-1-0.dll
0x0000026a64430000 - 0x0000026a64434000 	C:\Users\Ecole\.openjfx\cache\21.0.3+2\amd64\api-ms-win-crt-convert-l1-1-0.dll
0x0000026a64440000 - 0x0000026a64443000 	C:\Users\Ecole\.openjfx\cache\21.0.3+2\amd64\api-ms-win-crt-environment-l1-1-0.dll
0x0000026a64450000 - 0x0000026a64453000 	C:\Users\Ecole\.openjfx\cache\21.0.3+2\amd64\api-ms-win-crt-filesystem-l1-1-0.dll
0x0000026a64460000 - 0x0000026a64463000 	C:\Users\Ecole\.openjfx\cache\21.0.3+2\amd64\api-ms-win-crt-heap-l1-1-0.dll
0x0000026a64470000 - 0x0000026a64473000 	C:\Users\Ecole\.openjfx\cache\21.0.3+2\amd64\api-ms-win-crt-locale-l1-1-0.dll
0x0000026a64480000 - 0x0000026a64485000 	C:\Users\Ecole\.openjfx\cache\21.0.3+2\amd64\api-ms-win-crt-math-l1-1-0.dll
0x0000026a64490000 - 0x0000026a64495000 	C:\Users\Ecole\.openjfx\cache\21.0.3+2\amd64\api-ms-win-crt-multibyte-l1-1-0.dll
0x0000026a644a0000 - 0x0000026a644b0000 	C:\Users\Ecole\.openjfx\cache\21.0.3+2\amd64\api-ms-win-crt-private-l1-1-0.dll
0x0000026a644b0000 - 0x0000026a644b3000 	C:\Users\Ecole\.openjfx\cache\21.0.3+2\amd64\api-ms-win-crt-process-l1-1-0.dll
0x0000026a644c0000 - 0x0000026a644c4000 	C:\Users\Ecole\.openjfx\cache\21.0.3+2\amd64\api-ms-win-crt-runtime-l1-1-0.dll
0x0000026a644d0000 - 0x0000026a644d4000 	C:\Users\Ecole\.openjfx\cache\21.0.3+2\amd64\api-ms-win-crt-stdio-l1-1-0.dll
0x0000026a644e0000 - 0x0000026a644e4000 	C:\Users\Ecole\.openjfx\cache\21.0.3+2\amd64\api-ms-win-crt-string-l1-1-0.dll
0x0000026a644f0000 - 0x0000026a644f3000 	C:\Users\Ecole\.openjfx\cache\21.0.3+2\amd64\api-ms-win-crt-time-l1-1-0.dll
0x0000026a64500000 - 0x0000026a64503000 	C:\Users\Ecole\.openjfx\cache\21.0.3+2\amd64\api-ms-win-crt-utility-l1-1-0.dll
0x00007ffcb8c70000 - 0x00007ffcb8d6c000 	C:\Users\Ecole\.openjfx\cache\21.0.3+2\amd64\ucrtbase.dll
0x00007ffcd2580000 - 0x00007ffcd259b000 	C:\Users\Ecole\.openjfx\cache\21.0.3+2\amd64\vcruntime140.dll
0x00007ffcec2f0000 - 0x00007ffcec2fc000 	C:\Users\Ecole\.openjfx\cache\21.0.3+2\amd64\vcruntime140_1.dll
0x00007ffcc0240000 - 0x00007ffcc02ce000 	C:\Users\Ecole\.openjfx\cache\21.0.3+2\amd64\msvcp140.dll
0x00007ffceaa80000 - 0x00007ffceaa89000 	C:\Users\Ecole\.openjfx\cache\21.0.3+2\amd64\msvcp140_1.dll
0x00007ffcd20c0000 - 0x00007ffcd2101000 	C:\Users\Ecole\.openjfx\cache\21.0.3+2\amd64\msvcp140_2.dll
0x00007ffcce530000 - 0x00007ffcce560000 	C:\Users\Ecole\.openjfx\cache\21.0.3+2\amd64\prism_d3d.dll
0x00007ffc98650000 - 0x00007ffc98821000 	C:\WINDOWS\system32\d3d9.dll
0x00007ffcb20a0000 - 0x00007ffcb224d000 	C:\WINDOWS\System32\DriverStore\FileRepository\iigd_dch.inf_amd64_9c0096d37b5f610a\igdumdim64.dll
0x00007ffc6e340000 - 0x00007ffc713e4000 	C:\WINDOWS\System32\DriverStore\FileRepository\iigd_dch.inf_amd64_9c0096d37b5f610a\igd9dxva64.dll
0x00007ffd06f90000 - 0x00007ffd07401000 	C:\WINDOWS\System32\SETUPAPI.dll
0x00007ffd05b80000 - 0x00007ffd05bce000 	C:\WINDOWS\System32\cfgmgr32.dll
0x00007ffcf9660000 - 0x00007ffcf9a69000 	C:\WINDOWS\System32\DriverStore\FileRepository\iigd_dch.inf_amd64_9c0096d37b5f610a\igdgmm64.dll
0x00007ffcca340000 - 0x00007ffcca382000 	C:\Users\Ecole\.openjfx\cache\21.0.3+2\amd64\glass.dll
0x00007ffd07600000 - 0x00007ffd076da000 	C:\WINDOWS\System32\COMDLG32.dll
0x00007ffcc6570000 - 0x00007ffcc6597000 	C:\WINDOWS\System32\DriverStore\FileRepository\iigd_dch.inf_amd64_9c0096d37b5f610a\igdinfo64.dll
0x00007ffcf5ec0000 - 0x00007ffcf9656000 	C:\WINDOWS\System32\DriverStore\FileRepository\iigd_dch.inf_amd64_9c0096d37b5f610a\igc64.dll
0x00007ffd00000000 - 0x00007ffd0003b000 	C:\WINDOWS\SYSTEM32\dxcore.dll

dbghelp: loaded successfully - version: 4.0.5 - missing functions: none
symbol engine: initialized successfully - sym options: 0x614 - pdb path: .;E:\coles\Vanier\GameProgramming\jdk\bin;C:\WINDOWS\SYSTEM32;C:\WINDOWS\WinSxS\amd64_microsoft.windows.common-controls_6595b64144ccf1df_6.0.19041.4355_none_60b8b9eb71f62e16;E:\coles\Vanier\GameProgramming\jdk\bin\server;C:\Users\Ecole\.openjfx\cache\21.0.3+2\amd64;C:\WINDOWS\System32\DriverStore\FileRepository\iigd_dch.inf_amd64_9c0096d37b5f610a

VM Arguments:
jvm_args: -XX:MaxGCPauseMillis=50 -agentlib:jdwp=transport=dt_shmem,address=javadebug -Dfile.encoding=UTF-8 
java_command: bluej.runtime.ExecServer UTF-8
java_class_path (initial): E:\coles\Vanier\GameProgramming\lib\greenfoot.jar;E:\coles\Vanier\GameProgramming\lib\javafx-base-21.0.3-win.jar;E:\coles\Vanier\GameProgramming\lib\javafx-controls-21.0.3-win.jar;E:\coles\Vanier\GameProgramming\lib\javafx-fxml-21.0.3-win.jar;E:\coles\Vanier\GameProgramming\lib\javafx-graphics-21.0.3-win.jar;E:\coles\Vanier\GameProgramming\lib\javafx-media-21.0.3-win.jar;E:\coles\Vanier\GameProgramming\lib\javafx-swing-21.0.3-win.jar;E:\coles\Vanier\GameProgramming\lib\javafx-web-21.0.3-win.jar;E:\coles\Vanier\GameProgramming\lib\junit-4.12.jar;E:\coles\Vanier\GameProgramming\lib\junit-jupiter-5.5.2.jar;E:\coles\Vanier\GameProgramming\lib\junit-jupiter-api-5.5.2.jar;E:\coles\Vanier\GameProgramming\lib\junit-jupiter-engine-5.5.2.jar;E:\coles\Vanier\GameProgramming\lib\junit-jupiter-params-5.5.2.jar;E:\coles\Vanier\GameProgramming\lib\junit-platform-commons-1.5.2.jar;E:\coles\Vanier\GameProgramming\lib\junit-platform-engine-1.5.2.jar;E:\coles\Vanier\GameProgramming\lib\junit-platform-launcher-1.5.2.jar;E:\coles\Vanier\GameProgramming\lib\junit-platform-suite-api-1.5.2.jar;E:\coles\Vanier\GameProgramming\lib\junit-vintage-engine-5.5.2.jar;E:\coles\Vanier\GameProgramming\lib\hamcrest-core-1.3.jar;E:\coles\Vanier\GameProgramming\lib\opentest4j-1.2.0.jar;E:\coles\Vanier\GameProgramming\lib\bluej.jar;E:\coles\Vanier\GameProgramming\lib\classgraph-4.8.90.jar;E:\coles\Vanier\GameProgramming\lib\diffutils-1.2.1.jar;E:\coles\Vanier\GameProgramming\lib\commons-logging-1.2.jar;E:\coles\Vanier\GameProgramming\lib\jl1.0.1.jar;E:\coles\Vanier\GameProgramming\lib\opencsv-2.3.jar;E:\coles\Vanier\GameProgramming\lib\opencsv-2.4.jar;E:\coles\Vanier\GameProgramming\lib\xom-1.3.9.jar;E:\coles\Vanier\GameProgramming\lib\lang-stride.jar;E:\coles\Vanier\GameProgramming\lib\nsmenufx-3.1.0.jar;E:\coles\Vanier\GameProgramming\lib\wellbehavedfx-0.3.3.jar;E:\coles\Vanier\GameProgramming\lib\guava-33.3.1-jre.jar;E:\coles\Vanier\GameProgramming\lib\failureaccess-1.0.2.jar;E:\coles\Vanier\GameProgramming\lib\simple-png-0.2.0.jar;E:\coles\Vanier\GameProgramming\lib\simple-png-javafx-0.2.0.jar;E:\coles\Vanier\GameProgramming\lib\httpclient-4.5.13.jar;E:\coles\Vanier\GameProgramming\lib\httpcore-4.4.13.jar;E:\coles\Vanier\GameProgramming\lib\httpmime-4.1.1.jar;E:\coles\Vanier\GameProgramming\lib\javafx\javafx.base.jar;E:\coles\Vanier\GameProgramming\lib\javafx\javafx.controls.jar;E:\coles\Vanier\GameProgramming\lib\javafx\javafx.fxml.jar;E:\coles\Vanier\GameProgramming\lib\javafx\javafx.graphics.jar;E:\coles\Vanier\GameProgramming\lib\javafx\javafx.media.jar;E:\coles\Vanier\GameProgramming\lib\javafx\javafx.properties.jar;E:\coles\Vanier\GameProgramming\lib\javafx\javafx.swing.jar;E:\coles\Vanier\GameProgramming\lib\javafx\javafx.web.jar
Launcher Type: SUN_STANDARD

[Global flags]
     intx CICompilerCount                          = 4                                         {product} {ergonomic}
     uint ConcGCThreads                            = 2                                         {product} {ergonomic}
     uint G1ConcRefinementThreads                  = 8                                         {product} {ergonomic}
   size_t G1HeapRegionSize                         = 2097152                                   {product} {ergonomic}
    uintx GCDrainStackTargetSize                   = 64                                        {product} {ergonomic}
   size_t InitialHeapSize                          = 266338304                                 {product} {ergonomic}
   size_t MarkStackSize                            = 4194304                                   {product} {ergonomic}
    uintx MaxGCPauseMillis                         = 50                                        {product} {command line}
   size_t MaxHeapSize                              = 4261412864                                {product} {ergonomic}
   size_t MaxNewSize                               = 2556428288                                {product} {ergonomic}
   size_t MinHeapDeltaBytes                        = 2097152                                   {product} {ergonomic}
   size_t MinHeapSize                              = 8388608                                   {product} {ergonomic}
    uintx NonNMethodCodeHeapSize                   = 5839372                                {pd product} {ergonomic}
    uintx NonProfiledCodeHeapSize                  = 122909434                              {pd product} {ergonomic}
    uintx ProfiledCodeHeapSize                     = 122909434                              {pd product} {ergonomic}
    uintx ReservedCodeCacheSize                    = 251658240                              {pd product} {ergonomic}
     bool SegmentedCodeCache                       = true                                      {product} {ergonomic}
   size_t SoftMaxHeapSize                          = 4261412864                             {manageable} {ergonomic}
     bool UseCompressedOops                        = true                           {product lp64_product} {ergonomic}
     bool UseG1GC                                  = true                                      {product} {ergonomic}
     bool UseLargePagesIndividualAllocation        = false                                  {pd product} {ergonomic}

Logging:
Log output configuration:
 #0: stdout all=warning uptime,level,tags foldmultilines=false
 #1: stderr all=off uptime,level,tags foldmultilines=false

Environment Variables:
JAVA_HOME=C:\Program Files\AdoptOpenJDK\jre-8.0.222.10-hotspot\
PATH=C:\Program Files\AdoptOpenJDK\jre-8.0.222.10-hotspot\bin;C:\Program Files\AdoptOpenJDK\jre-11.0.4.11-hotspot\bin;C:\Program Files (x86)\AdoptOpenJDK\jre-8.0.222.10-hotspot\bin;C:\WINDOWS\system32;C:\WINDOWS;C:\WINDOWS\System32\Wbem;C:\WINDOWS\System32\WindowsPowerShell\v1.0\;C:\WINDOWS\System32\OpenSSH\;C:\Program Files (x86)\Intel\Intel(R) Management Engine Components\DAL;C:\Program Files\Intel\Intel(R) Management Engine Components\DAL;C:\Program Files\Intel\WiFi\bin\;C:\Program Files\Common Files\Intel\WirelessCommon\;C:\Program Files (x86)\Druide\Antidote 7\Programmes32;C:\Program Files (x86)\Druide\Antidote 7\Programmes64;C:\Program Files\dotnet\;D:\Git\cmd;C:\Users\Ecole\AppData\Local\Microsoft\WindowsApps;C:\Users\Ecole\.dotnet\tools;
USERNAME=Ecole
OS=Windows_NT
PROCESSOR_IDENTIFIER=Intel64 Family 6 Model 142 Stepping 11, GenuineIntel
TMP=C:\Users\Ecole\AppData\Local\Temp
TEMP=C:\Users\Ecole\AppData\Local\Temp




Periodic native trim disabled

---------------  S Y S T E M  ---------------

OS:
 Windows 10 , 64 bit Build 19041 (10.0.19041.5678)
OS uptime: 5 days 5:40 hours
Hyper-V role detected

CPU: total 8 (initial active 8) (4 cores per cpu, 2 threads per core) family 6 model 142 stepping 11 microcode 0xae, cx8, cmov, fxsr, ht, mmx, 3dnowpref, sse, sse2, sse3, ssse3, sse4.1, sse4.2, popcnt, lzcnt, tsc, tscinvbit, avx, avx2, aes, erms, clmul, bmi1, bmi2, adx, fma, vzeroupper, clflush, clflushopt, hv, rdtscp, f16c
Processor Information for all 8 processors :
  Max Mhz: 1992, Current Mhz: 1792, Mhz Limit: 1792

Memory: 4k page, system-wide physical 16254M (235M free)
TotalPageFile size 22491M (AvailPageFile size 270M)
current process WorkingSet (physical memory assigned to process): 241M, peak: 241M
current process commit charge ("private bytes"): 396M, peak: 746M

vm_info: OpenJDK 64-Bit Server VM (21.0.4+7-LTS) for windows-amd64 JRE (21.0.4+7-LTS), built on 2024-07-16T00:00:00Z by "admin" with MS VC++ 17.7 (VS2022)

END.
