#
# There is insufficient memory for the Java Runtime Environment to continue.
# Native memory allocation (malloc) failed to allocate 65552 bytes. Error detail: Chunk::new
# Possible reasons:
#   The system is out of physical RAM or swap space
#   This process is running with CompressedOops enabled, and the Java Heap may be blocking the growth of the native heap
# Possible solutions:
#   Reduce memory load on the system
#   Increase physical memory or swap space
#   Check if swap backing store is full
#   Decrease Java heap size (-Xmx/-Xms)
#   Decrease number of Java threads
#   Decrease Java thread stack sizes (-Xss)
#   Set larger code cache with -XX:ReservedCodeCacheSize=
#   JVM is running with Zero Based Compressed Oops mode in which the Java heap is
#     placed in the first 32GB address space. The Java Heap base address is the
#     maximum limit for the native heap growth. Please use -XX:HeapBaseMinAddress
#     to set the Java Heap base and to place the Java Heap above 32GB virtual address.
# This output file may be truncated or incomplete.
#
#  Out of Memory Error (arena.cpp:168), pid=22048, tid=3348
#
# JRE version: OpenJDK Runtime Environment Temurin-21.0.4+7 (21.0.4+7) (build 21.0.4+7-LTS)
# Java VM: OpenJDK 64-Bit Server VM Temurin-21.0.4+7 (21.0.4+7-LTS, mixed mode, sharing, tiered, compressed oops, compressed class ptrs, g1 gc, windows-amd64)
# No core dump will be written. Minidumps are not enabled by default on client versions of Windows
#

---------------  S U M M A R Y ------------

Command Line: -XX:MaxGCPauseMillis=50 -agentlib:jdwp=transport=dt_shmem,address=javadebug -Dfile.encoding=UTF-8 bluej.runtime.ExecServer UTF-8

Host: Intel(R) Core(TM) i5-14400F, 16 cores, 15G,  Windows 11 , 64 bit Build 26100 (10.0.26100.3912)
Time: Sun May  4 16:35:02 2025 Est (heure d, 64 bit Build 26100 (10.0.26100.3912) elapsed time: 154.724127 seconds (0d 0h 2m 34s)

---------------  T H R E A D  ---------------

Current thread (0x000001d0134ab8c0):  JavaThread "C2 CompilerThread0" daemon [_thread_in_native, id=3348, stack(0x0000004f25a00000,0x0000004f25b00000) (1024K)]


Current CompileTask:
C2: 154724 2194       4       greenfoot.vmcomm.VMCommsSimulation::paintRemote (153 bytes)

Stack: [0x0000004f25a00000,0x0000004f25b00000]
Native frames: (J=compiled Java code, j=interpreted, Vv=VM code, C=native code)
V  [jvm.dll+0x6cbcf9]
V  [jvm.dll+0x8a5551]
V  [jvm.dll+0x8a7a7e]
V  [jvm.dll+0x8a8153]
V  [jvm.dll+0x27eca6]
V  [jvm.dll+0xc4aad]
V  [jvm.dll+0xc4fe3]
V  [jvm.dll+0xc4bd5]
V  [jvm.dll+0x6a7b3c]
V  [jvm.dll+0x797fcf]
V  [jvm.dll+0x798265]
V  [jvm.dll+0x797ec7]
V  [jvm.dll+0x797cb7]
V  [jvm.dll+0x60ba82]
V  [jvm.dll+0x60b806]
V  [jvm.dll+0x5f5a43]
V  [jvm.dll+0x2501d2]
V  [jvm.dll+0x248a9c]
V  [jvm.dll+0x2465e4]
V  [jvm.dll+0x1c6f7e]
V  [jvm.dll+0x255e7a]
V  [jvm.dll+0x25441a]
V  [jvm.dll+0x3eeef6]
V  [jvm.dll+0x84f17b]
V  [jvm.dll+0x6ca3fd]
C  [ucrtbase.dll+0x37b0]
C  [KERNEL32.DLL+0x2e8d7]
C  [ntdll.dll+0x9c5dc]


---------------  P R O C E S S  ---------------

Threads class SMR info:
_java_thread_list=0x000001d05a3ca0d0, length=24, elements={
0x000001d013118580, 0x000001d01311b1f0, 0x000001d01311bf80, 0x000001d01311dd20,
0x000001d01312d2a0, 0x000001d01312e190, 0x000001d0134ab8c0, 0x000001d0134ac360,
0x000001d01366ab60, 0x000001d013694030, 0x000001d0136946b0, 0x000001d0136990d0,
0x000001d0136a6970, 0x000001d059136ad0, 0x000001d059148890, 0x000001d0591582a0,
0x000001d0704d88d0, 0x000001d059302100, 0x000001d059899660, 0x000001d059899cf0,
0x000001d05989b0a0, 0x000001d05989aa10, 0x000001d059898fd0, 0x000001d05a4167c0
}

Java Threads: ( => current thread )
  0x000001d013118580 JavaThread "Reference Handler"          daemon [_thread_blocked, id=23820, stack(0x0000004f25400000,0x0000004f25500000) (1024K)]
  0x000001d01311b1f0 JavaThread "Finalizer"                  daemon [_thread_blocked, id=33044, stack(0x0000004f25500000,0x0000004f25600000) (1024K)]
  0x000001d01311bf80 JavaThread "Signal Dispatcher"          daemon [_thread_blocked, id=29660, stack(0x0000004f25600000,0x0000004f25700000) (1024K)]
  0x000001d01311dd20 JavaThread "Attach Listener"            daemon [_thread_blocked, id=22416, stack(0x0000004f25700000,0x0000004f25800000) (1024K)]
  0x000001d01312d2a0 JavaThread "Service Thread"             daemon [_thread_blocked, id=30888, stack(0x0000004f25800000,0x0000004f25900000) (1024K)]
  0x000001d01312e190 JavaThread "Monitor Deflation Thread"   daemon [_thread_blocked, id=22532, stack(0x0000004f25900000,0x0000004f25a00000) (1024K)]
=>0x000001d0134ab8c0 JavaThread "C2 CompilerThread0"         daemon [_thread_in_native, id=3348, stack(0x0000004f25a00000,0x0000004f25b00000) (1024K)]
  0x000001d0134ac360 JavaThread "C1 CompilerThread0"         daemon [_thread_blocked, id=38592, stack(0x0000004f25b00000,0x0000004f25c00000) (1024K)]
  0x000001d01366ab60 JavaThread "JDWP Transport Listener: dt_shmem" daemon [_thread_blocked, id=19252, stack(0x0000004f25d00000,0x0000004f25e00000) (1024K)]
  0x000001d013694030 JavaThread "JDWP Event Helper Thread"   daemon [_thread_blocked, id=29164, stack(0x0000004f25e00000,0x0000004f25f00000) (1024K)]
  0x000001d0136946b0 JavaThread "JDWP Command Reader"        daemon [_thread_in_native, id=37728, stack(0x0000004f25f00000,0x0000004f26000000) (1024K)]
  0x000001d0136990d0 JavaThread "Notification Thread"        daemon [_thread_blocked, id=38940, stack(0x0000004f26000000,0x0000004f26100000) (1024K)]
  0x000001d0136a6970 JavaThread "Common-Cleaner"             daemon [_thread_blocked, id=35240, stack(0x0000004f26100000,0x0000004f26200000) (1024K)]
  0x000001d059136ad0 JavaThread "Java2D Disposer"            daemon [_thread_blocked, id=12536, stack(0x0000004f26300000,0x0000004f26400000) (1024K)]
  0x000001d059148890 JavaThread "AWT-Windows"                daemon [_thread_in_native, id=16124, stack(0x0000004f26500000,0x0000004f26600000) (1024K)]
  0x000001d0591582a0 JavaThread "BlueJ worker thread"               [_thread_blocked, id=22552, stack(0x0000004f26700000,0x0000004f26800000) (1024K)]
  0x000001d0704d88d0 JavaThread "DestroyJavaVM"                     [_thread_blocked, id=22268, stack(0x0000004f24c00000,0x0000004f24d00000) (1024K)]
  0x000001d059302100 JavaThread "main"                              [_thread_blocked, id=38192, stack(0x0000004f26400000,0x0000004f26500000) (1024K)]
  0x000001d059899660 JavaThread "QuantumRenderer-0"          daemon [_thread_blocked, id=40520, stack(0x0000004f27800000,0x0000004f27900000) (1024K)]
  0x000001d059899cf0 JavaThread "InvokeLaterDispatcher"      daemon [_thread_blocked, id=32252, stack(0x0000004f27900000,0x0000004f27a00000) (1024K)]
  0x000001d05989b0a0 JavaThread "JavaFX Application Thread"         [_thread_in_native, id=23104, stack(0x0000004f27a00000,0x0000004f27b00000) (1024K)]
  0x000001d05989aa10 JavaThread "Thread-2"                   daemon [_thread_in_native, id=10248, stack(0x0000004f26200000,0x0000004f26300000) (1024K)]
  0x000001d059898fd0 JavaThread "VMCommsSimulation"                 [_thread_in_native, id=16836, stack(0x0000004f27b00000,0x0000004f27c00000) (1024K)]
  0x000001d05a4167c0 JavaThread "SimulationThread"                  [_thread_blocked, id=39408, stack(0x0000004f27c00000,0x0000004f27d00000) (1024K)]
Total: 24

Other Threads:
  0x000001d0130fdf40 VMThread "VM Thread"                           [id=26916, stack(0x0000004f25300000,0x0000004f25400000) (1024K)]
  0x000001d0130e39e0 WatcherThread "VM Periodic Task Thread"        [id=38928, stack(0x0000004f25200000,0x0000004f25300000) (1024K)]
  0x000001d0734b2bf0 WorkerThread "GC Thread#0"                     [id=19564, stack(0x0000004f24d00000,0x0000004f24e00000) (1024K)]
  0x000001d059b512d0 WorkerThread "GC Thread#1"                     [id=5424, stack(0x0000004f26c00000,0x0000004f26d00000) (1024K)]
  0x000001d059b51e90 WorkerThread "GC Thread#2"                     [id=34200, stack(0x0000004f26d00000,0x0000004f26e00000) (1024K)]
  0x000001d059b52e40 WorkerThread "GC Thread#3"                     [id=5972, stack(0x0000004f26e00000,0x0000004f26f00000) (1024K)]
  0x000001d059b535f0 WorkerThread "GC Thread#4"                     [id=23888, stack(0x0000004f26f00000,0x0000004f27000000) (1024K)]
  0x000001d059b5a460 WorkerThread "GC Thread#5"                     [id=25328, stack(0x0000004f27000000,0x0000004f27100000) (1024K)]
  0x000001d059b5b010 WorkerThread "GC Thread#6"                     [id=17612, stack(0x0000004f27100000,0x0000004f27200000) (1024K)]
  0x000001d059b6ecd0 WorkerThread "GC Thread#7"                     [id=24476, stack(0x0000004f27200000,0x0000004f27300000) (1024K)]
  0x000001d059b75010 WorkerThread "GC Thread#8"                     [id=30276, stack(0x0000004f27300000,0x0000004f27400000) (1024K)]
  0x000001d059b757c0 WorkerThread "GC Thread#9"                     [id=23608, stack(0x0000004f27400000,0x0000004f27500000) (1024K)]
  0x000001d059b7ee60 WorkerThread "GC Thread#10"                    [id=36976, stack(0x0000004f27500000,0x0000004f27600000) (1024K)]
  0x000001d059b81cc0 WorkerThread "GC Thread#11"                    [id=30412, stack(0x0000004f27600000,0x0000004f27700000) (1024K)]
  0x000001d05a3f7e40 WorkerThread "GC Thread#12"                    [id=39796, stack(0x0000004f27d00000,0x0000004f27e00000) (1024K)]
  0x000001d0734c5480 ConcurrentGCThread "G1 Main Marker"            [id=27732, stack(0x0000004f24e00000,0x0000004f24f00000) (1024K)]
  0x000001d0734c6e00 WorkerThread "G1 Conc#0"                       [id=37172, stack(0x0000004f24f00000,0x0000004f25000000) (1024K)]
  0x000001d05a487d20 WorkerThread "G1 Conc#1"                       [id=6708, stack(0x0000004f26800000,0x0000004f26900000) (1024K)]
  0x000001d05a4880c0 WorkerThread "G1 Conc#2"                       [id=18932, stack(0x0000004f26900000,0x0000004f26a00000) (1024K)]
  0x000001d012fafd80 ConcurrentGCThread "G1 Refine#0"               [id=20448, stack(0x0000004f25000000,0x0000004f25100000) (1024K)]
  0x000001d012fb05a0 ConcurrentGCThread "G1 Service"                [id=19808, stack(0x0000004f25100000,0x0000004f25200000) (1024K)]
Total: 21

Threads with active compile tasks:
C2 CompilerThread0   154757 2194       4       greenfoot.vmcomm.VMCommsSimulation::paintRemote (153 bytes)
Total: 1

VM state: not at safepoint (normal execution)

VM Mutex/Monitor currently owned by a thread: None

Heap address: 0x0000000703600000, size: 4042 MB, Compressed Oops mode: Zero based, Oop shift amount: 3

CDS archive(s) mapped at: [0x000001d014000000-0x000001d014c90000-0x000001d014c90000), size 13172736, SharedBaseAddress: 0x000001d014000000, ArchiveRelocationMode: 1.
Compressed class space mapped at: 0x000001d015000000-0x000001d055000000, reserved size: 1073741824
Narrow klass base: 0x000001d014000000, Narrow klass shift: 0, Narrow klass range: 0x100000000

GC Precious Log:
 CardTable entry size: 512
 Card Set container configuration: InlinePtr #cards 4 size 8 Array Of Cards #cards 16 size 48 Howl #buckets 8 coarsen threshold 3686 Howl Bitmap #cards 512 size 80 coarsen threshold 460 Card regions per heap region 1 cards per card region 4096
 CPUs: 16 total, 16 available
 Memory: 16164M
 Large Page Support: Disabled
 NUMA Support: Disabled
 Compressed Oops: Enabled (Zero based)
 Heap Region Size: 2M
 Heap Min Capacity: 8M
 Heap Initial Capacity: 254M
 Heap Max Capacity: 4042M
 Pre-touch: Disabled
 Parallel Workers: 13
 Concurrent Workers: 3
 Concurrent Refinement Workers: 13
 Periodic GC: Disabled

Heap:
 garbage-first heap   total 561152K, used 245384K [0x0000000703600000, 0x0000000800000000)
  region size 2048K, 9 young (18432K), 1 survivors (2048K)
 Metaspace       used 10095K, committed 10432K, reserved 1114112K
  class space    used 957K, committed 1088K, reserved 1048576K

Heap Regions: E=young(eden), S=young(survivor), O=old, HS=humongous(starts), HC=humongous(continues), CS=collection set, F=free, TAMS=top-at-mark-start, PB=parsable bottom
|   0|0x0000000703600000, 0x00000007037f08e8, 0x0000000703800000| 96%| O|  |TAMS 0x0000000703600000| PB 0x0000000703600000| Untracked 
|   1|0x0000000703800000, 0x0000000703a00000, 0x0000000703a00000|100%|HS|  |TAMS 0x0000000703800000| PB 0x0000000703800000| Complete 
|   2|0x0000000703a00000, 0x0000000703b6e898, 0x0000000703c00000| 71%| O|  |TAMS 0x0000000703a00000| PB 0x0000000703a00000| Untracked 
|   3|0x0000000703c00000, 0x0000000703e00000, 0x0000000703e00000|100%|HS|  |TAMS 0x0000000703c00000| PB 0x0000000703c00000| Complete 
|   4|0x0000000703e00000, 0x0000000704000000, 0x0000000704000000|100%|HS|  |TAMS 0x0000000703e00000| PB 0x0000000703e00000| Complete 
|   5|0x0000000704000000, 0x0000000704200000, 0x0000000704200000|100%|HS|  |TAMS 0x0000000704000000| PB 0x0000000704000000| Complete 
|   6|0x0000000704200000, 0x0000000704400000, 0x0000000704400000|100%|HS|  |TAMS 0x0000000704200000| PB 0x0000000704200000| Complete 
|   7|0x0000000704400000, 0x0000000704600000, 0x0000000704600000|100%|HS|  |TAMS 0x0000000704400000| PB 0x0000000704400000| Complete 
|   8|0x0000000704600000, 0x0000000704800000, 0x0000000704800000|100%|HS|  |TAMS 0x0000000704600000| PB 0x0000000704600000| Complete 
|   9|0x0000000704800000, 0x0000000704a00000, 0x0000000704a00000|100%|HS|  |TAMS 0x0000000704800000| PB 0x0000000704800000| Complete 
|  10|0x0000000704a00000, 0x0000000704c00000, 0x0000000704c00000|100%|HS|  |TAMS 0x0000000704a00000| PB 0x0000000704a00000| Complete 
|  11|0x0000000704c00000, 0x0000000704e00000, 0x0000000704e00000|100%|HS|  |TAMS 0x0000000704c00000| PB 0x0000000704c00000| Complete 
|  12|0x0000000704e00000, 0x0000000705000000, 0x0000000705000000|100%|HS|  |TAMS 0x0000000704e00000| PB 0x0000000704e00000| Complete 
|  13|0x0000000705000000, 0x0000000705200000, 0x0000000705200000|100%|HS|  |TAMS 0x0000000705000000| PB 0x0000000705000000| Complete 
|  14|0x0000000705200000, 0x0000000705400000, 0x0000000705400000|100%|HS|  |TAMS 0x0000000705200000| PB 0x0000000705200000| Complete 
|  15|0x0000000705400000, 0x0000000705600000, 0x0000000705600000|100%|HS|  |TAMS 0x0000000705400000| PB 0x0000000705400000| Complete 
|  16|0x0000000705600000, 0x0000000705800000, 0x0000000705800000|100%|HS|  |TAMS 0x0000000705600000| PB 0x0000000705600000| Complete 
|  17|0x0000000705800000, 0x0000000705a00000, 0x0000000705a00000|100%|HS|  |TAMS 0x0000000705800000| PB 0x0000000705800000| Complete 
|  18|0x0000000705a00000, 0x0000000705c00000, 0x0000000705c00000|100%|HS|  |TAMS 0x0000000705a00000| PB 0x0000000705a00000| Complete 
|  19|0x0000000705c00000, 0x0000000705e00000, 0x0000000705e00000|100%|HS|  |TAMS 0x0000000705c00000| PB 0x0000000705c00000| Complete 
|  20|0x0000000705e00000, 0x0000000706000000, 0x0000000706000000|100%|HS|  |TAMS 0x0000000705e00000| PB 0x0000000705e00000| Complete 
|  21|0x0000000706000000, 0x0000000706200000, 0x0000000706200000|100%|HS|  |TAMS 0x0000000706000000| PB 0x0000000706000000| Complete 
|  22|0x0000000706200000, 0x0000000706400000, 0x0000000706400000|100%|HS|  |TAMS 0x0000000706200000| PB 0x0000000706200000| Complete 
|  23|0x0000000706400000, 0x0000000706600000, 0x0000000706600000|100%|HS|  |TAMS 0x0000000706400000| PB 0x0000000706400000| Complete 
|  24|0x0000000706600000, 0x0000000706800000, 0x0000000706800000|100%|HS|  |TAMS 0x0000000706600000| PB 0x0000000706600000| Complete 
|  25|0x0000000706800000, 0x0000000706a00000, 0x0000000706a00000|100%|HS|  |TAMS 0x0000000706800000| PB 0x0000000706800000| Complete 
|  26|0x0000000706a00000, 0x0000000706c00000, 0x0000000706c00000|100%|HS|  |TAMS 0x0000000706a00000| PB 0x0000000706a00000| Complete 
|  27|0x0000000706c00000, 0x0000000706e00000, 0x0000000706e00000|100%|HS|  |TAMS 0x0000000706c00000| PB 0x0000000706c00000| Complete 
|  28|0x0000000706e00000, 0x0000000707000000, 0x0000000707000000|100%|HS|  |TAMS 0x0000000706e00000| PB 0x0000000706e00000| Complete 
|  29|0x0000000707000000, 0x0000000707200000, 0x0000000707200000|100%|HS|  |TAMS 0x0000000707000000| PB 0x0000000707000000| Complete 
|  30|0x0000000707200000, 0x0000000707400000, 0x0000000707400000|100%|HS|  |TAMS 0x0000000707200000| PB 0x0000000707200000| Complete 
|  31|0x0000000707400000, 0x0000000707600000, 0x0000000707600000|100%|HS|  |TAMS 0x0000000707400000| PB 0x0000000707400000| Complete 
|  32|0x0000000707600000, 0x0000000707800000, 0x0000000707800000|100%|HS|  |TAMS 0x0000000707600000| PB 0x0000000707600000| Complete 
|  33|0x0000000707800000, 0x0000000707a00000, 0x0000000707a00000|100%|HS|  |TAMS 0x0000000707800000| PB 0x0000000707800000| Complete 
|  34|0x0000000707a00000, 0x0000000707c00000, 0x0000000707c00000|100%|HS|  |TAMS 0x0000000707a00000| PB 0x0000000707a00000| Complete 
|  35|0x0000000707c00000, 0x0000000707e00000, 0x0000000707e00000|100%|HS|  |TAMS 0x0000000707c00000| PB 0x0000000707c00000| Complete 
|  36|0x0000000707e00000, 0x0000000708000000, 0x0000000708000000|100%|HS|  |TAMS 0x0000000707e00000| PB 0x0000000707e00000| Complete 
|  37|0x0000000708000000, 0x0000000708200000, 0x0000000708200000|100%|HS|  |TAMS 0x0000000708000000| PB 0x0000000708000000| Complete 
|  38|0x0000000708200000, 0x0000000708400000, 0x0000000708400000|100%|HS|  |TAMS 0x0000000708200000| PB 0x0000000708200000| Complete 
|  39|0x0000000708400000, 0x0000000708600000, 0x0000000708600000|100%|HS|  |TAMS 0x0000000708400000| PB 0x0000000708400000| Complete 
|  40|0x0000000708600000, 0x0000000708800000, 0x0000000708800000|100%|HS|  |TAMS 0x0000000708600000| PB 0x0000000708600000| Complete 
|  41|0x0000000708800000, 0x0000000708a00000, 0x0000000708a00000|100%|HS|  |TAMS 0x0000000708800000| PB 0x0000000708800000| Complete 
|  42|0x0000000708a00000, 0x0000000708c00000, 0x0000000708c00000|100%|HS|  |TAMS 0x0000000708a00000| PB 0x0000000708a00000| Complete 
|  43|0x0000000708c00000, 0x0000000708e00000, 0x0000000708e00000|100%|HS|  |TAMS 0x0000000708c00000| PB 0x0000000708c00000| Complete 
|  44|0x0000000708e00000, 0x0000000709000000, 0x0000000709000000|100%|HS|  |TAMS 0x0000000708e00000| PB 0x0000000708e00000| Complete 
|  45|0x0000000709000000, 0x0000000709200000, 0x0000000709200000|100%|HS|  |TAMS 0x0000000709000000| PB 0x0000000709000000| Complete 
|  46|0x0000000709200000, 0x0000000709400000, 0x0000000709400000|100%|HS|  |TAMS 0x0000000709200000| PB 0x0000000709200000| Complete 
|  47|0x0000000709400000, 0x0000000709600000, 0x0000000709600000|100%|HS|  |TAMS 0x0000000709400000| PB 0x0000000709400000| Complete 
|  48|0x0000000709600000, 0x0000000709800000, 0x0000000709800000|100%|HS|  |TAMS 0x0000000709600000| PB 0x0000000709600000| Complete 
|  49|0x0000000709800000, 0x0000000709a00000, 0x0000000709a00000|100%|HS|  |TAMS 0x0000000709800000| PB 0x0000000709800000| Complete 
|  50|0x0000000709a00000, 0x0000000709c00000, 0x0000000709c00000|100%|HS|  |TAMS 0x0000000709a00000| PB 0x0000000709a00000| Complete 
|  51|0x0000000709c00000, 0x0000000709e00000, 0x0000000709e00000|100%|HS|  |TAMS 0x0000000709c00000| PB 0x0000000709c00000| Complete 
|  52|0x0000000709e00000, 0x000000070a000000, 0x000000070a000000|100%|HS|  |TAMS 0x0000000709e00000| PB 0x0000000709e00000| Complete 
|  53|0x000000070a000000, 0x000000070a200000, 0x000000070a200000|100%|HS|  |TAMS 0x000000070a000000| PB 0x000000070a000000| Complete 
|  54|0x000000070a200000, 0x000000070a400000, 0x000000070a400000|100%|HS|  |TAMS 0x000000070a200000| PB 0x000000070a200000| Complete 
|  55|0x000000070a400000, 0x000000070a600000, 0x000000070a600000|100%|HS|  |TAMS 0x000000070a400000| PB 0x000000070a400000| Complete 
|  56|0x000000070a600000, 0x000000070a800000, 0x000000070a800000|100%|HS|  |TAMS 0x000000070a600000| PB 0x000000070a600000| Complete 
|  57|0x000000070a800000, 0x000000070aa00000, 0x000000070aa00000|100%|HS|  |TAMS 0x000000070a800000| PB 0x000000070a800000| Complete 
|  58|0x000000070aa00000, 0x000000070ac00000, 0x000000070ac00000|100%|HS|  |TAMS 0x000000070aa00000| PB 0x000000070aa00000| Complete 
|  59|0x000000070ac00000, 0x000000070ae00000, 0x000000070ae00000|100%|HS|  |TAMS 0x000000070ac00000| PB 0x000000070ac00000| Complete 
|  60|0x000000070ae00000, 0x000000070b000000, 0x000000070b000000|100%|HS|  |TAMS 0x000000070ae00000| PB 0x000000070ae00000| Complete 
|  61|0x000000070b000000, 0x000000070b200000, 0x000000070b200000|100%|HS|  |TAMS 0x000000070b000000| PB 0x000000070b000000| Complete 
|  62|0x000000070b200000, 0x000000070b400000, 0x000000070b400000|100%|HS|  |TAMS 0x000000070b200000| PB 0x000000070b200000| Complete 
|  63|0x000000070b400000, 0x000000070b600000, 0x000000070b600000|100%|HS|  |TAMS 0x000000070b400000| PB 0x000000070b400000| Complete 
|  64|0x000000070b600000, 0x000000070b800000, 0x000000070b800000|100%|HS|  |TAMS 0x000000070b600000| PB 0x000000070b600000| Complete 
|  65|0x000000070b800000, 0x000000070ba00000, 0x000000070ba00000|100%|HS|  |TAMS 0x000000070b800000| PB 0x000000070b800000| Complete 
|  66|0x000000070ba00000, 0x000000070bc00000, 0x000000070bc00000|100%|HS|  |TAMS 0x000000070ba00000| PB 0x000000070ba00000| Complete 
|  67|0x000000070bc00000, 0x000000070be00000, 0x000000070be00000|100%|HS|  |TAMS 0x000000070bc00000| PB 0x000000070bc00000| Complete 
|  68|0x000000070be00000, 0x000000070c000000, 0x000000070c000000|100%|HS|  |TAMS 0x000000070be00000| PB 0x000000070be00000| Complete 
|  69|0x000000070c000000, 0x000000070c200000, 0x000000070c200000|100%|HS|  |TAMS 0x000000070c000000| PB 0x000000070c000000| Complete 
|  70|0x000000070c200000, 0x000000070c400000, 0x000000070c400000|100%|HS|  |TAMS 0x000000070c200000| PB 0x000000070c200000| Complete 
|  71|0x000000070c400000, 0x000000070c600000, 0x000000070c600000|100%|HS|  |TAMS 0x000000070c400000| PB 0x000000070c400000| Complete 
|  72|0x000000070c600000, 0x000000070c800000, 0x000000070c800000|100%|HS|  |TAMS 0x000000070c600000| PB 0x000000070c600000| Complete 
|  73|0x000000070c800000, 0x000000070ca00000, 0x000000070ca00000|100%|HS|  |TAMS 0x000000070c800000| PB 0x000000070c800000| Complete 
|  74|0x000000070ca00000, 0x000000070cc00000, 0x000000070cc00000|100%|HS|  |TAMS 0x000000070ca00000| PB 0x000000070ca00000| Complete 
|  75|0x000000070cc00000, 0x000000070ce00000, 0x000000070ce00000|100%|HS|  |TAMS 0x000000070cc00000| PB 0x000000070cc00000| Complete 
|  76|0x000000070ce00000, 0x000000070d000000, 0x000000070d000000|100%|HS|  |TAMS 0x000000070ce00000| PB 0x000000070ce00000| Complete 
|  77|0x000000070d000000, 0x000000070d200000, 0x000000070d200000|100%|HS|  |TAMS 0x000000070d000000| PB 0x000000070d000000| Complete 
|  78|0x000000070d200000, 0x000000070d400000, 0x000000070d400000|100%|HS|  |TAMS 0x000000070d200000| PB 0x000000070d200000| Complete 
|  79|0x000000070d400000, 0x000000070d600000, 0x000000070d600000|100%|HS|  |TAMS 0x000000070d400000| PB 0x000000070d400000| Complete 
|  80|0x000000070d600000, 0x000000070d800000, 0x000000070d800000|100%|HS|  |TAMS 0x000000070d600000| PB 0x000000070d600000| Complete 
|  81|0x000000070d800000, 0x000000070da00000, 0x000000070da00000|100%|HS|  |TAMS 0x000000070d800000| PB 0x000000070d800000| Complete 
|  82|0x000000070da00000, 0x000000070dc00000, 0x000000070dc00000|100%|HS|  |TAMS 0x000000070da00000| PB 0x000000070da00000| Complete 
|  83|0x000000070dc00000, 0x000000070de00000, 0x000000070de00000|100%|HS|  |TAMS 0x000000070dc00000| PB 0x000000070dc00000| Complete 
|  84|0x000000070de00000, 0x000000070e000000, 0x000000070e000000|100%|HS|  |TAMS 0x000000070de00000| PB 0x000000070de00000| Complete 
|  85|0x000000070e000000, 0x000000070e200000, 0x000000070e200000|100%|HS|  |TAMS 0x000000070e000000| PB 0x000000070e000000| Complete 
|  86|0x000000070e200000, 0x000000070e400000, 0x000000070e400000|100%|HS|  |TAMS 0x000000070e200000| PB 0x000000070e200000| Complete 
|  87|0x000000070e400000, 0x000000070e600000, 0x000000070e600000|100%|HS|  |TAMS 0x000000070e400000| PB 0x000000070e400000| Complete 
|  88|0x000000070e600000, 0x000000070e800000, 0x000000070e800000|100%|HS|  |TAMS 0x000000070e600000| PB 0x000000070e600000| Complete 
|  89|0x000000070e800000, 0x000000070ea00000, 0x000000070ea00000|100%|HS|  |TAMS 0x000000070e800000| PB 0x000000070e800000| Complete 
|  90|0x000000070ea00000, 0x000000070ec00000, 0x000000070ec00000|100%|HS|  |TAMS 0x000000070ea00000| PB 0x000000070ea00000| Complete 
|  91|0x000000070ec00000, 0x000000070ee00000, 0x000000070ee00000|100%|HS|  |TAMS 0x000000070ec00000| PB 0x000000070ec00000| Complete 
|  92|0x000000070ee00000, 0x000000070f000000, 0x000000070f000000|100%|HS|  |TAMS 0x000000070ee00000| PB 0x000000070ee00000| Complete 
|  93|0x000000070f000000, 0x000000070f200000, 0x000000070f200000|100%|HS|  |TAMS 0x000000070f000000| PB 0x000000070f000000| Complete 
|  94|0x000000070f200000, 0x000000070f400000, 0x000000070f400000|100%|HS|  |TAMS 0x000000070f200000| PB 0x000000070f200000| Complete 
|  95|0x000000070f400000, 0x000000070f600000, 0x000000070f600000|100%|HS|  |TAMS 0x000000070f400000| PB 0x000000070f400000| Complete 
|  96|0x000000070f600000, 0x000000070f800000, 0x000000070f800000|100%|HS|  |TAMS 0x000000070f600000| PB 0x000000070f600000| Complete 
|  97|0x000000070f800000, 0x000000070fa00000, 0x000000070fa00000|100%|HS|  |TAMS 0x000000070f800000| PB 0x000000070f800000| Complete 
|  98|0x000000070fa00000, 0x000000070fc00000, 0x000000070fc00000|100%|HS|  |TAMS 0x000000070fa00000| PB 0x000000070fa00000| Complete 
|  99|0x000000070fc00000, 0x000000070fe00000, 0x000000070fe00000|100%|HS|  |TAMS 0x000000070fc00000| PB 0x000000070fc00000| Complete 
| 100|0x000000070fe00000, 0x0000000710000000, 0x0000000710000000|100%|HS|  |TAMS 0x000000070fe00000| PB 0x000000070fe00000| Complete 
| 101|0x0000000710000000, 0x0000000710200000, 0x0000000710200000|100%|HS|  |TAMS 0x0000000710000000| PB 0x0000000710000000| Complete 
| 102|0x0000000710200000, 0x0000000710400000, 0x0000000710400000|100%|HS|  |TAMS 0x0000000710200000| PB 0x0000000710200000| Complete 
| 103|0x0000000710400000, 0x0000000710600000, 0x0000000710600000|100%|HS|  |TAMS 0x0000000710400000| PB 0x0000000710400000| Complete 
| 104|0x0000000710600000, 0x0000000710800000, 0x0000000710800000|100%|HS|  |TAMS 0x0000000710600000| PB 0x0000000710600000| Complete 
| 105|0x0000000710800000, 0x0000000710a00000, 0x0000000710a00000|100%|HS|  |TAMS 0x0000000710800000| PB 0x0000000710800000| Complete 
| 106|0x0000000710a00000, 0x0000000710c00000, 0x0000000710c00000|100%|HS|  |TAMS 0x0000000710a00000| PB 0x0000000710a00000| Complete 
| 107|0x0000000710c00000, 0x0000000710e00000, 0x0000000710e00000|100%|HS|  |TAMS 0x0000000710c00000| PB 0x0000000710c00000| Complete 
| 108|0x0000000710e00000, 0x0000000711000000, 0x0000000711000000|100%|HS|  |TAMS 0x0000000710e00000| PB 0x0000000710e00000| Complete 
| 109|0x0000000711000000, 0x0000000711200000, 0x0000000711200000|100%|HS|  |TAMS 0x0000000711000000| PB 0x0000000711000000| Complete 
| 110|0x0000000711200000, 0x0000000711400000, 0x0000000711400000|100%|HS|  |TAMS 0x0000000711200000| PB 0x0000000711200000| Complete 
| 111|0x0000000711400000, 0x0000000711600000, 0x0000000711600000|100%|HS|  |TAMS 0x0000000711400000| PB 0x0000000711400000| Complete 
| 112|0x0000000711600000, 0x0000000711600000, 0x0000000711800000|  0%| F|  |TAMS 0x0000000711600000| PB 0x0000000711600000| Untracked 
| 113|0x0000000711800000, 0x0000000711800000, 0x0000000711a00000|  0%| F|  |TAMS 0x0000000711800000| PB 0x0000000711800000| Untracked 
| 114|0x0000000711a00000, 0x0000000711a00000, 0x0000000711c00000|  0%| F|  |TAMS 0x0000000711a00000| PB 0x0000000711a00000| Untracked 
| 115|0x0000000711c00000, 0x0000000711c00000, 0x0000000711e00000|  0%| F|  |TAMS 0x0000000711c00000| PB 0x0000000711c00000| Untracked 
| 116|0x0000000711e00000, 0x0000000711e00000, 0x0000000712000000|  0%| F|  |TAMS 0x0000000711e00000| PB 0x0000000711e00000| Untracked 
| 117|0x0000000712000000, 0x0000000712000000, 0x0000000712200000|  0%| F|  |TAMS 0x0000000712000000| PB 0x0000000712000000| Untracked 
| 118|0x0000000712200000, 0x0000000712200000, 0x0000000712400000|  0%| F|  |TAMS 0x0000000712200000| PB 0x0000000712200000| Untracked 
| 119|0x0000000712400000, 0x0000000712400000, 0x0000000712600000|  0%| F|  |TAMS 0x0000000712400000| PB 0x0000000712400000| Untracked 
| 120|0x0000000712600000, 0x0000000712800000, 0x0000000712800000|100%| O|  |TAMS 0x0000000712600000| PB 0x0000000712600000| Untracked 
| 121|0x0000000712800000, 0x0000000712800000, 0x0000000712a00000|  0%| F|  |TAMS 0x0000000712800000| PB 0x0000000712800000| Untracked 
| 122|0x0000000712a00000, 0x0000000712a00000, 0x0000000712c00000|  0%| F|  |TAMS 0x0000000712a00000| PB 0x0000000712a00000| Untracked 
| 123|0x0000000712c00000, 0x0000000712c00000, 0x0000000712e00000|  0%| F|  |TAMS 0x0000000712c00000| PB 0x0000000712c00000| Untracked 
| 124|0x0000000712e00000, 0x0000000712e00000, 0x0000000713000000|  0%| F|  |TAMS 0x0000000712e00000| PB 0x0000000712e00000| Untracked 
| 125|0x0000000713000000, 0x0000000713000000, 0x0000000713200000|  0%| F|  |TAMS 0x0000000713000000| PB 0x0000000713000000| Untracked 
| 126|0x0000000713200000, 0x0000000713200000, 0x0000000713400000|  0%| F|  |TAMS 0x0000000713200000| PB 0x0000000713200000| Untracked 
| 127|0x0000000713400000, 0x0000000713400000, 0x0000000713600000|  0%| F|  |TAMS 0x0000000713400000| PB 0x0000000713400000| Untracked 
| 128|0x0000000713600000, 0x0000000713600000, 0x0000000713800000|  0%| F|  |TAMS 0x0000000713600000| PB 0x0000000713600000| Untracked 
| 129|0x0000000713800000, 0x0000000713800000, 0x0000000713a00000|  0%| F|  |TAMS 0x0000000713800000| PB 0x0000000713800000| Untracked 
| 130|0x0000000713a00000, 0x0000000713a00000, 0x0000000713c00000|  0%| F|  |TAMS 0x0000000713a00000| PB 0x0000000713a00000| Untracked 
| 131|0x0000000713c00000, 0x0000000713c00000, 0x0000000713e00000|  0%| F|  |TAMS 0x0000000713c00000| PB 0x0000000713c00000| Untracked 
| 132|0x0000000713e00000, 0x0000000713e00000, 0x0000000714000000|  0%| F|  |TAMS 0x0000000713e00000| PB 0x0000000713e00000| Untracked 
| 133|0x0000000714000000, 0x0000000714000000, 0x0000000714200000|  0%| F|  |TAMS 0x0000000714000000| PB 0x0000000714000000| Untracked 
| 134|0x0000000714200000, 0x0000000714200000, 0x0000000714400000|  0%| F|  |TAMS 0x0000000714200000| PB 0x0000000714200000| Untracked 
| 135|0x0000000714400000, 0x0000000714400000, 0x0000000714600000|  0%| F|  |TAMS 0x0000000714400000| PB 0x0000000714400000| Untracked 
| 136|0x0000000714600000, 0x0000000714600000, 0x0000000714800000|  0%| F|  |TAMS 0x0000000714600000| PB 0x0000000714600000| Untracked 
| 137|0x0000000714800000, 0x0000000714800000, 0x0000000714a00000|  0%| F|  |TAMS 0x0000000714800000| PB 0x0000000714800000| Untracked 
| 138|0x0000000714a00000, 0x0000000714a00000, 0x0000000714c00000|  0%| F|  |TAMS 0x0000000714a00000| PB 0x0000000714a00000| Untracked 
| 139|0x0000000714c00000, 0x0000000714c00000, 0x0000000714e00000|  0%| F|  |TAMS 0x0000000714c00000| PB 0x0000000714c00000| Untracked 
| 140|0x0000000714e00000, 0x0000000714e00000, 0x0000000715000000|  0%| F|  |TAMS 0x0000000714e00000| PB 0x0000000714e00000| Untracked 
| 141|0x0000000715000000, 0x0000000715000000, 0x0000000715200000|  0%| F|  |TAMS 0x0000000715000000| PB 0x0000000715000000| Untracked 
| 142|0x0000000715200000, 0x0000000715200000, 0x0000000715400000|  0%| F|  |TAMS 0x0000000715200000| PB 0x0000000715200000| Untracked 
| 143|0x0000000715400000, 0x0000000715400000, 0x0000000715600000|  0%| F|  |TAMS 0x0000000715400000| PB 0x0000000715400000| Untracked 
| 144|0x0000000715600000, 0x0000000715600000, 0x0000000715800000|  0%| F|  |TAMS 0x0000000715600000| PB 0x0000000715600000| Untracked 
| 145|0x0000000715800000, 0x0000000715800000, 0x0000000715a00000|  0%| F|  |TAMS 0x0000000715800000| PB 0x0000000715800000| Untracked 
| 146|0x0000000715a00000, 0x0000000715a00000, 0x0000000715c00000|  0%| F|  |TAMS 0x0000000715a00000| PB 0x0000000715a00000| Untracked 
| 147|0x0000000715c00000, 0x0000000715c00000, 0x0000000715e00000|  0%| F|  |TAMS 0x0000000715c00000| PB 0x0000000715c00000| Untracked 
| 148|0x0000000715e00000, 0x0000000715e00000, 0x0000000716000000|  0%| F|  |TAMS 0x0000000715e00000| PB 0x0000000715e00000| Untracked 
| 149|0x0000000716000000, 0x0000000716000000, 0x0000000716200000|  0%| F|  |TAMS 0x0000000716000000| PB 0x0000000716000000| Untracked 
| 150|0x0000000716200000, 0x0000000716200000, 0x0000000716400000|  0%| F|  |TAMS 0x0000000716200000| PB 0x0000000716200000| Untracked 
| 151|0x0000000716400000, 0x0000000716400000, 0x0000000716600000|  0%| F|  |TAMS 0x0000000716400000| PB 0x0000000716400000| Untracked 
| 152|0x0000000716600000, 0x0000000716600000, 0x0000000716800000|  0%| F|  |TAMS 0x0000000716600000| PB 0x0000000716600000| Untracked 
| 153|0x0000000716800000, 0x0000000716800000, 0x0000000716a00000|  0%| F|  |TAMS 0x0000000716800000| PB 0x0000000716800000| Untracked 
| 154|0x0000000716a00000, 0x0000000716a00000, 0x0000000716c00000|  0%| F|  |TAMS 0x0000000716a00000| PB 0x0000000716a00000| Untracked 
| 155|0x0000000716c00000, 0x0000000716c00000, 0x0000000716e00000|  0%| F|  |TAMS 0x0000000716c00000| PB 0x0000000716c00000| Untracked 
| 156|0x0000000716e00000, 0x0000000716e00000, 0x0000000717000000|  0%| F|  |TAMS 0x0000000716e00000| PB 0x0000000716e00000| Untracked 
| 157|0x0000000717000000, 0x0000000717000000, 0x0000000717200000|  0%| F|  |TAMS 0x0000000717000000| PB 0x0000000717000000| Untracked 
| 158|0x0000000717200000, 0x0000000717200000, 0x0000000717400000|  0%| F|  |TAMS 0x0000000717200000| PB 0x0000000717200000| Untracked 
| 159|0x0000000717400000, 0x0000000717400000, 0x0000000717600000|  0%| F|  |TAMS 0x0000000717400000| PB 0x0000000717400000| Untracked 
| 160|0x0000000717600000, 0x0000000717600000, 0x0000000717800000|  0%| F|  |TAMS 0x0000000717600000| PB 0x0000000717600000| Untracked 
| 161|0x0000000717800000, 0x0000000717800000, 0x0000000717a00000|  0%| F|  |TAMS 0x0000000717800000| PB 0x0000000717800000| Untracked 
| 162|0x0000000717a00000, 0x0000000717a00000, 0x0000000717c00000|  0%| F|  |TAMS 0x0000000717a00000| PB 0x0000000717a00000| Untracked 
| 163|0x0000000717c00000, 0x0000000717c00000, 0x0000000717e00000|  0%| F|  |TAMS 0x0000000717c00000| PB 0x0000000717c00000| Untracked 
| 164|0x0000000717e00000, 0x0000000717e00000, 0x0000000718000000|  0%| F|  |TAMS 0x0000000717e00000| PB 0x0000000717e00000| Untracked 
| 165|0x0000000718000000, 0x0000000718000000, 0x0000000718200000|  0%| F|  |TAMS 0x0000000718000000| PB 0x0000000718000000| Untracked 
| 166|0x0000000718200000, 0x0000000718200000, 0x0000000718400000|  0%| F|  |TAMS 0x0000000718200000| PB 0x0000000718200000| Untracked 
| 167|0x0000000718400000, 0x0000000718400000, 0x0000000718600000|  0%| F|  |TAMS 0x0000000718400000| PB 0x0000000718400000| Untracked 
| 168|0x0000000718600000, 0x0000000718600000, 0x0000000718800000|  0%| F|  |TAMS 0x0000000718600000| PB 0x0000000718600000| Untracked 
| 169|0x0000000718800000, 0x0000000718800000, 0x0000000718a00000|  0%| F|  |TAMS 0x0000000718800000| PB 0x0000000718800000| Untracked 
| 170|0x0000000718a00000, 0x0000000718a00000, 0x0000000718c00000|  0%| F|  |TAMS 0x0000000718a00000| PB 0x0000000718a00000| Untracked 
| 171|0x0000000718c00000, 0x0000000718c00000, 0x0000000718e00000|  0%| F|  |TAMS 0x0000000718c00000| PB 0x0000000718c00000| Untracked 
| 172|0x0000000718e00000, 0x0000000718e00000, 0x0000000719000000|  0%| F|  |TAMS 0x0000000718e00000| PB 0x0000000718e00000| Untracked 
| 173|0x0000000719000000, 0x0000000719000000, 0x0000000719200000|  0%| F|  |TAMS 0x0000000719000000| PB 0x0000000719000000| Untracked 
| 174|0x0000000719200000, 0x0000000719200000, 0x0000000719400000|  0%| F|  |TAMS 0x0000000719200000| PB 0x0000000719200000| Untracked 
| 175|0x0000000719400000, 0x0000000719400000, 0x0000000719600000|  0%| F|  |TAMS 0x0000000719400000| PB 0x0000000719400000| Untracked 
| 176|0x0000000719600000, 0x0000000719600000, 0x0000000719800000|  0%| F|  |TAMS 0x0000000719600000| PB 0x0000000719600000| Untracked 
| 177|0x0000000719800000, 0x0000000719800000, 0x0000000719a00000|  0%| F|  |TAMS 0x0000000719800000| PB 0x0000000719800000| Untracked 
| 178|0x0000000719a00000, 0x0000000719a00000, 0x0000000719c00000|  0%| F|  |TAMS 0x0000000719a00000| PB 0x0000000719a00000| Untracked 
| 179|0x0000000719c00000, 0x0000000719c00000, 0x0000000719e00000|  0%| F|  |TAMS 0x0000000719c00000| PB 0x0000000719c00000| Untracked 
| 180|0x0000000719e00000, 0x0000000719e00000, 0x000000071a000000|  0%| F|  |TAMS 0x0000000719e00000| PB 0x0000000719e00000| Untracked 
| 181|0x000000071a000000, 0x000000071a000000, 0x000000071a200000|  0%| F|  |TAMS 0x000000071a000000| PB 0x000000071a000000| Untracked 
| 182|0x000000071a200000, 0x000000071a200000, 0x000000071a400000|  0%| F|  |TAMS 0x000000071a200000| PB 0x000000071a200000| Untracked 
| 183|0x000000071a400000, 0x000000071a400000, 0x000000071a600000|  0%| F|  |TAMS 0x000000071a400000| PB 0x000000071a400000| Untracked 
| 184|0x000000071a600000, 0x000000071a600000, 0x000000071a800000|  0%| F|  |TAMS 0x000000071a600000| PB 0x000000071a600000| Untracked 
| 185|0x000000071a800000, 0x000000071a800000, 0x000000071aa00000|  0%| F|  |TAMS 0x000000071a800000| PB 0x000000071a800000| Untracked 
| 186|0x000000071aa00000, 0x000000071aa00000, 0x000000071ac00000|  0%| F|  |TAMS 0x000000071aa00000| PB 0x000000071aa00000| Untracked 
| 187|0x000000071ac00000, 0x000000071ac00000, 0x000000071ae00000|  0%| F|  |TAMS 0x000000071ac00000| PB 0x000000071ac00000| Untracked 
| 188|0x000000071ae00000, 0x000000071ae00000, 0x000000071b000000|  0%| F|  |TAMS 0x000000071ae00000| PB 0x000000071ae00000| Untracked 
| 189|0x000000071b000000, 0x000000071b000000, 0x000000071b200000|  0%| F|  |TAMS 0x000000071b000000| PB 0x000000071b000000| Untracked 
| 190|0x000000071b200000, 0x000000071b200000, 0x000000071b400000|  0%| F|  |TAMS 0x000000071b200000| PB 0x000000071b200000| Untracked 
| 191|0x000000071b400000, 0x000000071b400000, 0x000000071b600000|  0%| F|  |TAMS 0x000000071b400000| PB 0x000000071b400000| Untracked 
| 192|0x000000071b600000, 0x000000071b600000, 0x000000071b800000|  0%| F|  |TAMS 0x000000071b600000| PB 0x000000071b600000| Untracked 
| 193|0x000000071b800000, 0x000000071b800000, 0x000000071ba00000|  0%| F|  |TAMS 0x000000071b800000| PB 0x000000071b800000| Untracked 
| 194|0x000000071ba00000, 0x000000071ba00000, 0x000000071bc00000|  0%| F|  |TAMS 0x000000071ba00000| PB 0x000000071ba00000| Untracked 
| 195|0x000000071bc00000, 0x000000071bc00000, 0x000000071be00000|  0%| F|  |TAMS 0x000000071bc00000| PB 0x000000071bc00000| Untracked 
| 196|0x000000071be00000, 0x000000071be00000, 0x000000071c000000|  0%| F|  |TAMS 0x000000071be00000| PB 0x000000071be00000| Untracked 
| 197|0x000000071c000000, 0x000000071c000000, 0x000000071c200000|  0%| F|  |TAMS 0x000000071c000000| PB 0x000000071c000000| Untracked 
| 198|0x000000071c200000, 0x000000071c200000, 0x000000071c400000|  0%| F|  |TAMS 0x000000071c200000| PB 0x000000071c200000| Untracked 
| 199|0x000000071c400000, 0x000000071c400000, 0x000000071c600000|  0%| F|  |TAMS 0x000000071c400000| PB 0x000000071c400000| Untracked 
| 200|0x000000071c600000, 0x000000071c600000, 0x000000071c800000|  0%| F|  |TAMS 0x000000071c600000| PB 0x000000071c600000| Untracked 
| 201|0x000000071c800000, 0x000000071c800000, 0x000000071ca00000|  0%| F|  |TAMS 0x000000071c800000| PB 0x000000071c800000| Untracked 
| 202|0x000000071ca00000, 0x000000071ca00000, 0x000000071cc00000|  0%| F|  |TAMS 0x000000071ca00000| PB 0x000000071ca00000| Untracked 
| 203|0x000000071cc00000, 0x000000071cc00000, 0x000000071ce00000|  0%| F|  |TAMS 0x000000071cc00000| PB 0x000000071cc00000| Untracked 
| 204|0x000000071ce00000, 0x000000071ce00000, 0x000000071d000000|  0%| F|  |TAMS 0x000000071ce00000| PB 0x000000071ce00000| Untracked 
| 205|0x000000071d000000, 0x000000071d000000, 0x000000071d200000|  0%| F|  |TAMS 0x000000071d000000| PB 0x000000071d000000| Untracked 
| 206|0x000000071d200000, 0x000000071d200000, 0x000000071d400000|  0%| F|  |TAMS 0x000000071d200000| PB 0x000000071d200000| Untracked 
| 207|0x000000071d400000, 0x000000071d400000, 0x000000071d600000|  0%| F|  |TAMS 0x000000071d400000| PB 0x000000071d400000| Untracked 
| 208|0x000000071d600000, 0x000000071d600000, 0x000000071d800000|  0%| F|  |TAMS 0x000000071d600000| PB 0x000000071d600000| Untracked 
| 209|0x000000071d800000, 0x000000071d800000, 0x000000071da00000|  0%| F|  |TAMS 0x000000071d800000| PB 0x000000071d800000| Untracked 
| 210|0x000000071da00000, 0x000000071da00000, 0x000000071dc00000|  0%| F|  |TAMS 0x000000071da00000| PB 0x000000071da00000| Untracked 
| 211|0x000000071dc00000, 0x000000071dc00000, 0x000000071de00000|  0%| F|  |TAMS 0x000000071dc00000| PB 0x000000071dc00000| Untracked 
| 212|0x000000071de00000, 0x000000071de00000, 0x000000071e000000|  0%| F|  |TAMS 0x000000071de00000| PB 0x000000071de00000| Untracked 
| 213|0x000000071e000000, 0x000000071e000000, 0x000000071e200000|  0%| F|  |TAMS 0x000000071e000000| PB 0x000000071e000000| Untracked 
| 214|0x000000071e200000, 0x000000071e200000, 0x000000071e400000|  0%| F|  |TAMS 0x000000071e200000| PB 0x000000071e200000| Untracked 
| 215|0x000000071e400000, 0x000000071e400000, 0x000000071e600000|  0%| F|  |TAMS 0x000000071e400000| PB 0x000000071e400000| Untracked 
| 216|0x000000071e600000, 0x000000071e600000, 0x000000071e800000|  0%| F|  |TAMS 0x000000071e600000| PB 0x000000071e600000| Untracked 
| 217|0x000000071e800000, 0x000000071e800000, 0x000000071ea00000|  0%| F|  |TAMS 0x000000071e800000| PB 0x000000071e800000| Untracked 
| 218|0x000000071ea00000, 0x000000071ea00000, 0x000000071ec00000|  0%| F|  |TAMS 0x000000071ea00000| PB 0x000000071ea00000| Untracked 
| 219|0x000000071ec00000, 0x000000071ec00000, 0x000000071ee00000|  0%| F|  |TAMS 0x000000071ec00000| PB 0x000000071ec00000| Untracked 
| 220|0x000000071ee00000, 0x000000071ee00000, 0x000000071f000000|  0%| F|  |TAMS 0x000000071ee00000| PB 0x000000071ee00000| Untracked 
| 221|0x000000071f000000, 0x000000071f000000, 0x000000071f200000|  0%| F|  |TAMS 0x000000071f000000| PB 0x000000071f000000| Untracked 
| 222|0x000000071f200000, 0x000000071f200000, 0x000000071f400000|  0%| F|  |TAMS 0x000000071f200000| PB 0x000000071f200000| Untracked 
| 223|0x000000071f400000, 0x000000071f400000, 0x000000071f600000|  0%| F|  |TAMS 0x000000071f400000| PB 0x000000071f400000| Untracked 
| 224|0x000000071f600000, 0x000000071f600000, 0x000000071f800000|  0%| F|  |TAMS 0x000000071f600000| PB 0x000000071f600000| Untracked 
| 225|0x000000071f800000, 0x000000071f800000, 0x000000071fa00000|  0%| F|  |TAMS 0x000000071f800000| PB 0x000000071f800000| Untracked 
| 226|0x000000071fa00000, 0x000000071fa00000, 0x000000071fc00000|  0%| F|  |TAMS 0x000000071fa00000| PB 0x000000071fa00000| Untracked 
| 227|0x000000071fc00000, 0x000000071fc00000, 0x000000071fe00000|  0%| F|  |TAMS 0x000000071fc00000| PB 0x000000071fc00000| Untracked 
| 228|0x000000071fe00000, 0x000000071fe00000, 0x0000000720000000|  0%| F|  |TAMS 0x000000071fe00000| PB 0x000000071fe00000| Untracked 
| 229|0x0000000720000000, 0x0000000720000000, 0x0000000720200000|  0%| F|  |TAMS 0x0000000720000000| PB 0x0000000720000000| Untracked 
| 230|0x0000000720200000, 0x0000000720200000, 0x0000000720400000|  0%| F|  |TAMS 0x0000000720200000| PB 0x0000000720200000| Untracked 
| 231|0x0000000720400000, 0x0000000720400000, 0x0000000720600000|  0%| F|  |TAMS 0x0000000720400000| PB 0x0000000720400000| Untracked 
| 232|0x0000000720600000, 0x0000000720600000, 0x0000000720800000|  0%| F|  |TAMS 0x0000000720600000| PB 0x0000000720600000| Untracked 
| 233|0x0000000720800000, 0x0000000720800000, 0x0000000720a00000|  0%| F|  |TAMS 0x0000000720800000| PB 0x0000000720800000| Untracked 
| 234|0x0000000720a00000, 0x0000000720a00000, 0x0000000720c00000|  0%| F|  |TAMS 0x0000000720a00000| PB 0x0000000720a00000| Untracked 
| 235|0x0000000720c00000, 0x0000000720c00000, 0x0000000720e00000|  0%| F|  |TAMS 0x0000000720c00000| PB 0x0000000720c00000| Untracked 
| 236|0x0000000720e00000, 0x0000000720e00000, 0x0000000721000000|  0%| F|  |TAMS 0x0000000720e00000| PB 0x0000000720e00000| Untracked 
| 237|0x0000000721000000, 0x0000000721000000, 0x0000000721200000|  0%| F|  |TAMS 0x0000000721000000| PB 0x0000000721000000| Untracked 
| 238|0x0000000721200000, 0x0000000721200000, 0x0000000721400000|  0%| F|  |TAMS 0x0000000721200000| PB 0x0000000721200000| Untracked 
| 239|0x0000000721400000, 0x0000000721400000, 0x0000000721600000|  0%| F|  |TAMS 0x0000000721400000| PB 0x0000000721400000| Untracked 
| 240|0x0000000721600000, 0x0000000721600000, 0x0000000721800000|  0%| F|  |TAMS 0x0000000721600000| PB 0x0000000721600000| Untracked 
| 241|0x0000000721800000, 0x0000000721800000, 0x0000000721a00000|  0%| F|  |TAMS 0x0000000721800000| PB 0x0000000721800000| Untracked 
| 242|0x0000000721a00000, 0x0000000721a00000, 0x0000000721c00000|  0%| F|  |TAMS 0x0000000721a00000| PB 0x0000000721a00000| Untracked 
| 243|0x0000000721c00000, 0x0000000721c00000, 0x0000000721e00000|  0%| F|  |TAMS 0x0000000721c00000| PB 0x0000000721c00000| Untracked 
| 244|0x0000000721e00000, 0x0000000721e00000, 0x0000000722000000|  0%| F|  |TAMS 0x0000000721e00000| PB 0x0000000721e00000| Untracked 
| 245|0x0000000722000000, 0x0000000722000000, 0x0000000722200000|  0%| F|  |TAMS 0x0000000722000000| PB 0x0000000722000000| Untracked 
| 246|0x0000000722200000, 0x0000000722200000, 0x0000000722400000|  0%| F|  |TAMS 0x0000000722200000| PB 0x0000000722200000| Untracked 
| 247|0x0000000722400000, 0x0000000722400000, 0x0000000722600000|  0%| F|  |TAMS 0x0000000722400000| PB 0x0000000722400000| Untracked 
| 248|0x0000000722600000, 0x0000000722600000, 0x0000000722800000|  0%| F|  |TAMS 0x0000000722600000| PB 0x0000000722600000| Untracked 
| 249|0x0000000722800000, 0x0000000722800000, 0x0000000722a00000|  0%| F|  |TAMS 0x0000000722800000| PB 0x0000000722800000| Untracked 
| 250|0x0000000722a00000, 0x0000000722a00000, 0x0000000722c00000|  0%| F|  |TAMS 0x0000000722a00000| PB 0x0000000722a00000| Untracked 
| 251|0x0000000722c00000, 0x0000000722c00000, 0x0000000722e00000|  0%| F|  |TAMS 0x0000000722c00000| PB 0x0000000722c00000| Untracked 
| 252|0x0000000722e00000, 0x0000000722e00000, 0x0000000723000000|  0%| F|  |TAMS 0x0000000722e00000| PB 0x0000000722e00000| Untracked 
| 253|0x0000000723000000, 0x0000000723000000, 0x0000000723200000|  0%| F|  |TAMS 0x0000000723000000| PB 0x0000000723000000| Untracked 
| 254|0x0000000723200000, 0x0000000723200000, 0x0000000723400000|  0%| F|  |TAMS 0x0000000723200000| PB 0x0000000723200000| Untracked 
| 255|0x0000000723400000, 0x0000000723400000, 0x0000000723600000|  0%| F|  |TAMS 0x0000000723400000| PB 0x0000000723400000| Untracked 
| 256|0x0000000723600000, 0x0000000723600000, 0x0000000723800000|  0%| F|  |TAMS 0x0000000723600000| PB 0x0000000723600000| Untracked 
| 257|0x0000000723800000, 0x0000000723800000, 0x0000000723a00000|  0%| F|  |TAMS 0x0000000723800000| PB 0x0000000723800000| Untracked 
| 258|0x0000000723a00000, 0x0000000723a00000, 0x0000000723c00000|  0%| F|  |TAMS 0x0000000723a00000| PB 0x0000000723a00000| Untracked 
| 259|0x0000000723c00000, 0x0000000723c00000, 0x0000000723e00000|  0%| F|  |TAMS 0x0000000723c00000| PB 0x0000000723c00000| Untracked 
| 260|0x0000000723e00000, 0x0000000723e00000, 0x0000000724000000|  0%| F|  |TAMS 0x0000000723e00000| PB 0x0000000723e00000| Untracked 
| 261|0x0000000724000000, 0x0000000724000000, 0x0000000724200000|  0%| F|  |TAMS 0x0000000724000000| PB 0x0000000724000000| Untracked 
| 262|0x0000000724200000, 0x0000000724200000, 0x0000000724400000|  0%| F|  |TAMS 0x0000000724200000| PB 0x0000000724200000| Untracked 
| 263|0x0000000724400000, 0x0000000724400000, 0x0000000724600000|  0%| F|  |TAMS 0x0000000724400000| PB 0x0000000724400000| Untracked 
| 264|0x0000000724600000, 0x00000007246e48e0, 0x0000000724800000| 44%| E|  |TAMS 0x0000000724600000| PB 0x0000000724600000| Complete 
| 265|0x0000000724800000, 0x0000000724a00000, 0x0000000724a00000|100%| E|CS|TAMS 0x0000000724800000| PB 0x0000000724800000| Complete 
| 266|0x0000000724a00000, 0x0000000724c00000, 0x0000000724c00000|100%| E|CS|TAMS 0x0000000724a00000| PB 0x0000000724a00000| Complete 
| 267|0x0000000724c00000, 0x0000000724e00000, 0x0000000724e00000|100%| E|CS|TAMS 0x0000000724c00000| PB 0x0000000724c00000| Complete 
| 268|0x0000000724e00000, 0x0000000725000000, 0x0000000725000000|100%| E|CS|TAMS 0x0000000724e00000| PB 0x0000000724e00000| Complete 
| 269|0x0000000725000000, 0x000000072500c808, 0x0000000725200000|  2%| S|CS|TAMS 0x0000000725000000| PB 0x0000000725000000| Complete 
| 270|0x0000000725200000, 0x0000000725400000, 0x0000000725400000|100%| E|CS|TAMS 0x0000000725200000| PB 0x0000000725200000| Complete 
| 271|0x0000000725400000, 0x0000000725600000, 0x0000000725600000|100%| E|CS|TAMS 0x0000000725400000| PB 0x0000000725400000| Complete 
| 272|0x0000000725600000, 0x0000000725800000, 0x0000000725800000|100%| E|CS|TAMS 0x0000000725600000| PB 0x0000000725600000| Complete 
|2020|0x00000007ffe00000, 0x00000007ffe36750, 0x0000000800000000| 10%| O|  |TAMS 0x00000007ffe00000| PB 0x00000007ffe00000| Untracked 

Card table byte_map: [0x000001d07cb90000,0x000001d07d380000] _byte_map_base: 0x000001d079375000

Marking Bits: (CMBitMap*) 0x000001d0734b32f0
 Bits: [0x000001d00f000000, 0x000001d012f28000)

Polling page: 0x000001d070ef0000

Metaspace:

Usage:
  Non-class:      8.92 MB used.
      Class:    957.78 KB used.
       Both:      9.86 MB used.

Virtual space:
  Non-class space:       64.00 MB reserved,       9.12 MB ( 14%) committed,  1 nodes.
      Class space:        1.00 GB reserved,       1.06 MB ( <1%) committed,  1 nodes.
             Both:        1.06 GB reserved,      10.19 MB ( <1%) committed. 

Chunk freelists:
   Non-Class:  5.99 MB
       Class:  14.94 MB
        Both:  20.93 MB

MaxMetaspaceSize: unlimited
CompressedClassSpaceSize: 1.00 GB
Initial GC threshold: 21.00 MB
Current GC threshold: 21.00 MB
CDS: on
 - commit_granule_bytes: 65536.
 - commit_granule_words: 8192.
 - virtual_space_node_default_size: 8388608.
 - enlarge_chunks_in_place: 1.
 - use_allocation_guard: 0.


Internal statistics:

num_allocs_failed_limit: 0.
num_arena_births: 216.
num_arena_deaths: 0.
num_vsnodes_births: 2.
num_vsnodes_deaths: 0.
num_space_committed: 163.
num_space_uncommitted: 0.
num_chunks_returned_to_freelist: 0.
num_chunks_taken_from_freelist: 401.
num_chunk_merges: 0.
num_chunk_splits: 261.
num_chunks_enlarged: 165.
num_inconsistent_stats: 0.

CodeHeap 'non-profiled nmethods': size=119168Kb used=1304Kb max_used=1304Kb free=117863Kb
 bounds [0x000001d007ba0000, 0x000001d007e10000, 0x000001d00f000000]
CodeHeap 'profiled nmethods': size=119104Kb used=3530Kb max_used=3681Kb free=115573Kb
 bounds [0x000001d000000000, 0x000001d0003a0000, 0x000001d007450000]
CodeHeap 'non-nmethods': size=7488Kb used=1669Kb max_used=3373Kb free=5818Kb
 bounds [0x000001d007450000, 0x000001d0077f0000, 0x000001d007ba0000]
 total_blobs=2652 nmethods=1990 adapters=567
 compilation: enabled
              stopped_count=0, restarted_count=0
 full_count=0

Compilation events (20 events):
Event: 105.363 Thread 0x000001d0134ab8c0 nmethod 2184 0x000001d007ce3710 code [0x000001d007ce38c0, 0x000001d007ce3e20]
Event: 106.323 Thread 0x000001d0134ab8c0 2185       4       java.awt.geom.AffineTransform::updateState (230 bytes)
Event: 106.324 Thread 0x000001d0134ab8c0 nmethod 2185 0x000001d007ce4110 code [0x000001d007ce42c0, 0x000001d007ce4438]
Event: 106.390 Thread 0x000001d0134ab8c0 2186       4       java.lang.FdLibm::__HI (11 bytes)
Event: 106.390 Thread 0x000001d0134ab8c0 nmethod 2186 0x000001d007ce4510 code [0x000001d007ce4680, 0x000001d007ce46f8]
Event: 106.391 Thread 0x000001d0134ab8c0 2187       4       sun.java2d.SunGraphics2D::validateBasicStroke (332 bytes)
Event: 106.392 Thread 0x000001d0134ab8c0 nmethod 2187 0x000001d007ce4810 code [0x000001d007ce4a20, 0x000001d007ce4cf8]
Event: 114.807 Thread 0x000001d0134ab8c0 2188       4       greenfoot.MouseInfo::setLoc (22 bytes)
Event: 114.807 Thread 0x000001d0134ab8c0 nmethod 2188 0x000001d007ce5010 code [0x000001d007ce5180, 0x000001d007ce5218]
Event: 115.256 Thread 0x000001d0134ab8c0 2189       4       java.lang.Math::min (12 bytes)
Event: 115.256 Thread 0x000001d0134ab8c0 nmethod 2189 0x000001d007ce5310 code [0x000001d007ce5480, 0x000001d007ce54f0]
Event: 126.306 Thread 0x000001d0134ab8c0 2190       4       java.lang.ref.SoftReference::get (29 bytes)
Event: 126.306 Thread 0x000001d0134ab8c0 nmethod 2190 0x000001d007ce5610 code [0x000001d007ce57a0, 0x000001d007ce58b8]
Event: 144.048 Thread 0x000001d0134ac360 2191       3       java.lang.Thread::isVirtual (5 bytes)
Event: 144.049 Thread 0x000001d0134ac360 nmethod 2191 0x000001d00002c210 code [0x000001d00002c3a0, 0x000001d00002c5a8]
Event: 146.762 Thread 0x000001d0134ab8c0 2192       4       sun.java2d.pipe.DrawImage::transformImage (124 bytes)
Event: 146.763 Thread 0x000001d0134ab8c0 nmethod 2192 0x000001d007ce5990 code [0x000001d007ce5b60, 0x000001d007ce5e18]
Event: 147.108 Thread 0x000001d0134ab8c0 2193       4       greenfoot.World::getObjectsListInPaintOrder (17 bytes)
Event: 147.108 Thread 0x000001d0134ab8c0 nmethod 2193 0x000001d007ce6010 code [0x000001d007ce6180, 0x000001d007ce6238]
Event: 147.706 Thread 0x000001d0134ab8c0 2194       4       greenfoot.vmcomm.VMCommsSimulation::paintRemote (153 bytes)

GC Heap History (20 events):
Event: 67.950 GC heap before
{Heap before GC invocations=19 (full 2):
 garbage-first heap   total 151552K, used 67115K [0x0000000703600000, 0x0000000800000000)
  region size 2048K, 2 young (4096K), 1 survivors (2048K)
 Metaspace       used 10043K, committed 10304K, reserved 1114112K
  class space    used 953K, committed 1088K, reserved 1048576K
}
Event: 67.951 GC heap after
{Heap after GC invocations=20 (full 2):
 garbage-first heap   total 151552K, used 11911K [0x0000000703600000, 0x0000000800000000)
  region size 2048K, 1 young (2048K), 1 survivors (2048K)
 Metaspace       used 10043K, committed 10304K, reserved 1114112K
  class space    used 953K, committed 1088K, reserved 1048576K
}
Event: 68.382 GC heap before
{Heap before GC invocations=20 (full 2):
 garbage-first heap   total 151552K, used 65159K [0x0000000703600000, 0x0000000800000000)
  region size 2048K, 2 young (4096K), 1 survivors (2048K)
 Metaspace       used 10044K, committed 10304K, reserved 1114112K
  class space    used 953K, committed 1088K, reserved 1048576K
}
Event: 68.382 GC heap after
{Heap after GC invocations=21 (full 2):
 garbage-first heap   total 151552K, used 11855K [0x0000000703600000, 0x0000000800000000)
  region size 2048K, 1 young (2048K), 1 survivors (2048K)
 Metaspace       used 10044K, committed 10304K, reserved 1114112K
  class space    used 953K, committed 1088K, reserved 1048576K
}
Event: 68.846 GC heap before
{Heap before GC invocations=21 (full 2):
 garbage-first heap   total 151552K, used 65103K [0x0000000703600000, 0x0000000800000000)
  region size 2048K, 2 young (4096K), 1 survivors (2048K)
 Metaspace       used 10073K, committed 10368K, reserved 1114112K
  class space    used 953K, committed 1088K, reserved 1048576K
}
Event: 68.847 GC heap after
{Heap after GC invocations=22 (full 2):
 garbage-first heap   total 151552K, used 11857K [0x0000000703600000, 0x0000000800000000)
  region size 2048K, 1 young (2048K), 1 survivors (2048K)
 Metaspace       used 10073K, committed 10368K, reserved 1114112K
  class space    used 953K, committed 1088K, reserved 1048576K
}
Event: 69.294 GC heap before
{Heap before GC invocations=22 (full 2):
 garbage-first heap   total 151552K, used 65105K [0x0000000703600000, 0x0000000800000000)
  region size 2048K, 2 young (4096K), 1 survivors (2048K)
 Metaspace       used 10073K, committed 10368K, reserved 1114112K
  class space    used 953K, committed 1088K, reserved 1048576K
}
Event: 69.295 GC heap after
{Heap after GC invocations=23 (full 2):
 garbage-first heap   total 151552K, used 11857K [0x0000000703600000, 0x0000000800000000)
  region size 2048K, 1 young (2048K), 1 survivors (2048K)
 Metaspace       used 10073K, committed 10368K, reserved 1114112K
  class space    used 953K, committed 1088K, reserved 1048576K
}
Event: 69.726 GC heap before
{Heap before GC invocations=23 (full 2):
 garbage-first heap   total 151552K, used 65105K [0x0000000703600000, 0x0000000800000000)
  region size 2048K, 2 young (4096K), 1 survivors (2048K)
 Metaspace       used 10073K, committed 10368K, reserved 1114112K
  class space    used 953K, committed 1088K, reserved 1048576K
}
Event: 69.727 GC heap after
{Heap after GC invocations=24 (full 2):
 garbage-first heap   total 151552K, used 11829K [0x0000000703600000, 0x0000000800000000)
  region size 2048K, 1 young (2048K), 1 survivors (2048K)
 Metaspace       used 10073K, committed 10368K, reserved 1114112K
  class space    used 953K, committed 1088K, reserved 1048576K
}
Event: 70.174 GC heap before
{Heap before GC invocations=24 (full 2):
 garbage-first heap   total 151552K, used 65077K [0x0000000703600000, 0x0000000800000000)
  region size 2048K, 2 young (4096K), 1 survivors (2048K)
 Metaspace       used 10073K, committed 10368K, reserved 1114112K
  class space    used 953K, committed 1088K, reserved 1048576K
}
Event: 70.174 GC heap after
{Heap after GC invocations=25 (full 2):
 garbage-first heap   total 151552K, used 11864K [0x0000000703600000, 0x0000000800000000)
  region size 2048K, 1 young (2048K), 1 survivors (2048K)
 Metaspace       used 10073K, committed 10368K, reserved 1114112K
  class space    used 953K, committed 1088K, reserved 1048576K
}
Event: 70.624 GC heap before
{Heap before GC invocations=25 (full 2):
 garbage-first heap   total 151552K, used 65112K [0x0000000703600000, 0x0000000800000000)
  region size 2048K, 2 young (4096K), 1 survivors (2048K)
 Metaspace       used 10073K, committed 10368K, reserved 1114112K
  class space    used 953K, committed 1088K, reserved 1048576K
}
Event: 70.626 GC heap after
{Heap after GC invocations=26 (full 2):
 garbage-first heap   total 151552K, used 11830K [0x0000000703600000, 0x0000000800000000)
  region size 2048K, 1 young (2048K), 1 survivors (2048K)
 Metaspace       used 10073K, committed 10368K, reserved 1114112K
  class space    used 953K, committed 1088K, reserved 1048576K
}
Event: 74.143 GC heap before
{Heap before GC invocations=27 (full 2):
 garbage-first heap   total 442368K, used 437814K [0x0000000703600000, 0x0000000800000000)
  region size 2048K, 2 young (4096K), 1 survivors (2048K)
 Metaspace       used 10073K, committed 10368K, reserved 1114112K
  class space    used 953K, committed 1088K, reserved 1048576K
}
Event: 74.144 GC heap after
{Heap after GC invocations=28 (full 2):
 garbage-first heap   total 446464K, used 11852K [0x0000000703600000, 0x0000000800000000)
  region size 2048K, 1 young (2048K), 1 survivors (2048K)
 Metaspace       used 10073K, committed 10368K, reserved 1114112K
  class space    used 953K, committed 1088K, reserved 1048576K
}
Event: 78.722 GC heap before
{Heap before GC invocations=28 (full 2):
 garbage-first heap   total 559104K, used 552524K [0x0000000703600000, 0x0000000800000000)
  region size 2048K, 2 young (4096K), 1 survivors (2048K)
 Metaspace       used 10074K, committed 10368K, reserved 1114112K
  class space    used 953K, committed 1088K, reserved 1048576K
}
Event: 78.723 GC heap after
{Heap after GC invocations=29 (full 2):
 garbage-first heap   total 561152K, used 11862K [0x0000000703600000, 0x0000000800000000)
  region size 2048K, 1 young (2048K), 1 survivors (2048K)
 Metaspace       used 10074K, committed 10368K, reserved 1114112K
  class space    used 953K, committed 1088K, reserved 1048576K
}
Event: 84.047 GC heap before
{Heap before GC invocations=29 (full 2):
 garbage-first heap   total 561152K, used 251478K [0x0000000703600000, 0x0000000800000000)
  region size 2048K, 3 young (6144K), 1 survivors (2048K)
 Metaspace       used 10094K, committed 10432K, reserved 1114112K
  class space    used 957K, committed 1088K, reserved 1048576K
}
Event: 84.047 GC heap after
{Heap after GC invocations=30 (full 2):
 garbage-first heap   total 561152K, used 11912K [0x0000000703600000, 0x0000000800000000)
  region size 2048K, 1 young (2048K), 1 survivors (2048K)
 Metaspace       used 10094K, committed 10432K, reserved 1114112K
  class space    used 957K, committed 1088K, reserved 1048576K
}

Dll operation events (20 events):
Event: 2.907 Loaded shared library C:\Users\Sami Jouini\.openjfx\cache\21.0.3+2\amd64\api-ms-win-crt-filesystem-l1-1-0.dll
Event: 2.911 Loaded shared library C:\Users\Sami Jouini\.openjfx\cache\21.0.3+2\amd64\api-ms-win-crt-heap-l1-1-0.dll
Event: 2.914 Loaded shared library C:\Users\Sami Jouini\.openjfx\cache\21.0.3+2\amd64\api-ms-win-crt-locale-l1-1-0.dll
Event: 2.917 Loaded shared library C:\Users\Sami Jouini\.openjfx\cache\21.0.3+2\amd64\api-ms-win-crt-math-l1-1-0.dll
Event: 2.920 Loaded shared library C:\Users\Sami Jouini\.openjfx\cache\21.0.3+2\amd64\api-ms-win-crt-multibyte-l1-1-0.dll
Event: 2.924 Loaded shared library C:\Users\Sami Jouini\.openjfx\cache\21.0.3+2\amd64\api-ms-win-crt-private-l1-1-0.dll
Event: 2.927 Loaded shared library C:\Users\Sami Jouini\.openjfx\cache\21.0.3+2\amd64\api-ms-win-crt-process-l1-1-0.dll
Event: 2.929 Loaded shared library C:\Users\Sami Jouini\.openjfx\cache\21.0.3+2\amd64\api-ms-win-crt-runtime-l1-1-0.dll
Event: 2.932 Loaded shared library C:\Users\Sami Jouini\.openjfx\cache\21.0.3+2\amd64\api-ms-win-crt-stdio-l1-1-0.dll
Event: 2.935 Loaded shared library C:\Users\Sami Jouini\.openjfx\cache\21.0.3+2\amd64\api-ms-win-crt-string-l1-1-0.dll
Event: 2.939 Loaded shared library C:\Users\Sami Jouini\.openjfx\cache\21.0.3+2\amd64\api-ms-win-crt-time-l1-1-0.dll
Event: 2.943 Loaded shared library C:\Users\Sami Jouini\.openjfx\cache\21.0.3+2\amd64\api-ms-win-crt-utility-l1-1-0.dll
Event: 2.962 Loaded shared library C:\Users\Sami Jouini\.openjfx\cache\21.0.3+2\amd64\ucrtbase.dll
Event: 2.968 Loaded shared library C:\Users\Sami Jouini\.openjfx\cache\21.0.3+2\amd64\vcruntime140.dll
Event: 2.973 Loaded shared library C:\Users\Sami Jouini\.openjfx\cache\21.0.3+2\amd64\vcruntime140_1.dll
Event: 2.982 Loaded shared library C:\Users\Sami Jouini\.openjfx\cache\21.0.3+2\amd64\msvcp140.dll
Event: 2.986 Loaded shared library C:\Users\Sami Jouini\.openjfx\cache\21.0.3+2\amd64\msvcp140_1.dll
Event: 2.994 Loaded shared library C:\Users\Sami Jouini\.openjfx\cache\21.0.3+2\amd64\msvcp140_2.dll
Event: 3.023 Loaded shared library C:\Users\Sami Jouini\.openjfx\cache\21.0.3+2\amd64\prism_d3d.dll
Event: 3.047 Loaded shared library C:\Users\Sami Jouini\.openjfx\cache\21.0.3+2\amd64\glass.dll

Deoptimization events (20 events):
Event: 84.483 Thread 0x000001d05a4167c0 Uncommon trap: trap_request=0xfffffff4 fr.pc=0x000001d007c8f7dc relative=0x0000000000003d1c
Event: 84.483 Thread 0x000001d05a4167c0 Uncommon trap: reason=null_check action=make_not_entrant pc=0x000001d007c8f7dc method=sun.java2d.loops.MaskBlit$General.MaskBlit(Lsun/java2d/SurfaceData;Lsun/java2d/SurfaceData;Ljava/awt/Composite;Lsun/java2d/pipe/Region;IIIIII[BII)V @ 38 c2
Event: 84.483 Thread 0x000001d05a4167c0 DEOPT PACKING pc=0x000001d007c8f7dc sp=0x0000004f27cfe530
Event: 84.483 Thread 0x000001d05a4167c0 DEOPT UNPACKING pc=0x000001d0074a46a2 sp=0x0000004f27cfe358 mode 2
Event: 93.156 Thread 0x000001d05a4167c0 Uncommon trap: trap_request=0xffffffde fr.pc=0x000001d007cd655c relative=0x000000000000013c
Event: 93.156 Thread 0x000001d05a4167c0 Uncommon trap: reason=class_check action=maybe_recompile pc=0x000001d007cd655c method=jdk.internal.misc.Unsafe.allocateUninitializedArray(Ljava/lang/Class;I)Ljava/lang/Object; @ 51 c2
Event: 93.156 Thread 0x000001d05a4167c0 DEOPT PACKING pc=0x000001d007cd655c sp=0x0000004f27cfed10
Event: 93.156 Thread 0x000001d05a4167c0 DEOPT UNPACKING pc=0x000001d0074a46a2 sp=0x0000004f27cfec98 mode 2
Event: 93.156 Thread 0x000001d05a4167c0 Uncommon trap: trap_request=0xffffffde fr.pc=0x000001d007cd655c relative=0x000000000000013c
Event: 93.156 Thread 0x000001d05a4167c0 Uncommon trap: reason=class_check action=maybe_recompile pc=0x000001d007cd655c method=jdk.internal.misc.Unsafe.allocateUninitializedArray(Ljava/lang/Class;I)Ljava/lang/Object; @ 51 c2
Event: 93.156 Thread 0x000001d05a4167c0 DEOPT PACKING pc=0x000001d007cd655c sp=0x0000004f27cfed10
Event: 93.156 Thread 0x000001d05a4167c0 DEOPT UNPACKING pc=0x000001d0074a46a2 sp=0x0000004f27cfec98 mode 2
Event: 93.172 Thread 0x000001d05a4167c0 Uncommon trap: trap_request=0xffffffde fr.pc=0x000001d007cd655c relative=0x000000000000013c
Event: 93.172 Thread 0x000001d05a4167c0 Uncommon trap: reason=class_check action=maybe_recompile pc=0x000001d007cd655c method=jdk.internal.misc.Unsafe.allocateUninitializedArray(Ljava/lang/Class;I)Ljava/lang/Object; @ 51 c2
Event: 93.172 Thread 0x000001d05a4167c0 DEOPT PACKING pc=0x000001d007cd655c sp=0x0000004f27cfed10
Event: 93.172 Thread 0x000001d05a4167c0 DEOPT UNPACKING pc=0x000001d0074a46a2 sp=0x0000004f27cfec98 mode 2
Event: 93.172 Thread 0x000001d05a4167c0 Uncommon trap: trap_request=0xffffffde fr.pc=0x000001d007cd655c relative=0x000000000000013c
Event: 93.172 Thread 0x000001d05a4167c0 Uncommon trap: reason=class_check action=maybe_recompile pc=0x000001d007cd655c method=jdk.internal.misc.Unsafe.allocateUninitializedArray(Ljava/lang/Class;I)Ljava/lang/Object; @ 51 c2
Event: 93.172 Thread 0x000001d05a4167c0 DEOPT PACKING pc=0x000001d007cd655c sp=0x0000004f27cfed10
Event: 93.172 Thread 0x000001d05a4167c0 DEOPT UNPACKING pc=0x000001d0074a46a2 sp=0x0000004f27cfec98 mode 2

Classes loaded (20 events):
Event: 58.348 Loading class java/io/FilePermissionCollection
Event: 58.348 Loading class java/io/FilePermissionCollection done
Event: 58.418 Loading class java/lang/StackTraceElement$HashedModules
Event: 58.418 Loading class java/lang/StackTraceElement$HashedModules done
Event: 58.418 Loading class java/awt/RenderingHints
Event: 58.418 Loading class java/awt/RenderingHints done
Event: 58.418 Loading class java/awt/ColorPaintContext
Event: 58.418 Loading class java/awt/PaintContext
Event: 58.418 Loading class java/awt/PaintContext done
Event: 58.418 Loading class java/awt/ColorPaintContext done
Event: 58.418 Loading class sun/java2d/pipe/AlphaPaintPipe$TileContext
Event: 58.419 Loading class sun/java2d/pipe/AlphaPaintPipe$TileContext done
Event: 58.465 Loading class java/util/LinkedList$ListItr
Event: 58.465 Loading class java/util/LinkedList$ListItr done
Event: 62.186 Loading class java/lang/FdLibm$Hypot
Event: 62.186 Loading class java/lang/FdLibm$Hypot done
Event: 62.186 Loading class java/lang/FdLibm
Event: 62.186 Loading class java/lang/FdLibm done
Event: 63.198 Loading class java/lang/NoSuchFieldError
Event: 63.198 Loading class java/lang/NoSuchFieldError done

Classes unloaded (0 events):
No events

Classes redefined (0 events):
No events

Internal exceptions (20 events):
Event: 2.592 Thread 0x000001d059301a90 Exception <a 'java/lang/NoSuchMethodError'{0x0000000712808990}: 'java.lang.Object java.lang.invoke.DirectMethodHandle$Holder.invokeStaticInit(java.lang.Object, java.lang.Object, int, int, int, int)'> (0x0000000712808990) 
thrown [s\src\hotspot\share\interpreter\linkResolver.cpp, line 773]
Event: 2.750 Thread 0x000001d05989b730 Exception <a 'java/lang/NoSuchMethodError'{0x00000007128fea48}: 'void java.lang.invoke.DirectMethodHandle$Holder.invokeSpecial(java.lang.Object, java.lang.Object, java.lang.Object)'> (0x00000007128fea48) 
thrown [s\src\hotspot\share\interpreter\linkResolver.cpp, line 773]
Event: 2.752 Thread 0x000001d05989b730 Exception <a 'java/lang/NoSuchMethodError'{0x0000000712908ed0}: 'void java.lang.invoke.DirectMethodHandle$Holder.invokeStatic(java.lang.Object, java.lang.Object, java.lang.Object)'> (0x0000000712908ed0) 
thrown [s\src\hotspot\share\interpreter\linkResolver.cpp, line 773]
Event: 2.778 Thread 0x000001d059898fd0 Exception <a 'java/lang/NoSuchMethodError'{0x000000071328a560}: 'java.lang.Object java.lang.invoke.DirectMethodHandle$Holder.invokeStatic(java.lang.Object, int, java.lang.Object)'> (0x000000071328a560) 
thrown [s\src\hotspot\share\interpreter\linkResolver.cpp, line 773]
Event: 2.782 Thread 0x000001d059898fd0 Exception <a 'java/lang/ClassNotFoundException'{0x000000071329b428}: sun/util/logging/resources/spi/loggingProvider> (0x000000071329b428) 
thrown [s\src\hotspot\share\classfile\systemDictionary.cpp, line 312]
Event: 2.813 Thread 0x000001d059898fd0 Implicit null exception at 0x000001d007be6aa3 to 0x000001d007be6e90
Event: 3.031 Thread 0x000001d059898fd0 Exception <a 'java/lang/NoSuchMethodError'{0x0000000712c33610}: 'int java.lang.invoke.DirectMethodHandle$Holder.invokeStaticInit(java.lang.Object, java.lang.Object, java.lang.Object)'> (0x0000000712c33610) 
thrown [s\src\hotspot\share\interpreter\linkResolver.cpp, line 773]
Event: 3.052 Thread 0x000001d059898fd0 Exception <a 'java/lang/NoSuchMethodError'{0x0000000712d185e8}: 'java.lang.Object java.lang.invoke.DirectMethodHandle$Holder.newInvokeSpecial(java.lang.Object, java.lang.Object, int, java.lang.Object)'> (0x0000000712d185e8) 
thrown [s\src\hotspot\share\interpreter\linkResolver.cpp, line 773]
Event: 3.052 Thread 0x000001d059898fd0 Exception <a 'java/lang/NoSuchMethodError'{0x0000000712d23a10}: 'java.lang.Object java.lang.invoke.DirectMethodHandle$Holder.invokeSpecial(java.lang.Object, java.lang.Object, java.lang.Object, int, java.lang.Object)'> (0x0000000712d23a10) 
thrown [s\src\hotspot\share\interpreter\linkResolver.cpp, line 773]
Event: 3.053 Thread 0x000001d059898fd0 Exception <a 'java/lang/NoSuchMethodError'{0x0000000712d2a518}: 'void java.lang.invoke.DirectMethodHandle$Holder.invokeSpecial(java.lang.Object, java.lang.Object, int, java.lang.Object)'> (0x0000000712d2a518) 
thrown [s\src\hotspot\share\interpreter\linkResolver.cpp, line 773]
Event: 3.114 Thread 0x000001d05989b0a0 Exception <a 'java/lang/NoSuchMethodError'{0x0000000712ae4aa0}: 'void java.lang.invoke.DirectMethodHandle$Holder.invokeStaticInit(java.lang.Object)'> (0x0000000712ae4aa0) 
thrown [s\src\hotspot\share\interpreter\linkResolver.cpp, line 773]
Event: 3.125 Thread 0x000001d05989b730 Exception <a 'java/lang/NoSuchMethodError'{0x0000000712b30f08}: 'int java.lang.invoke.DirectMethodHandle$Holder.invokeSpecial(java.lang.Object, java.lang.Object, java.lang.Object, int)'> (0x0000000712b30f08) 
thrown [s\src\hotspot\share\interpreter\linkResolver.cpp, line 773]
Event: 3.126 Thread 0x000001d05989b730 Exception <a 'java/lang/NoSuchMethodError'{0x0000000712b433c0}: 'java.lang.Object java.lang.invoke.DirectMethodHandle$Holder.invokeStatic(java.lang.Object, java.lang.Object, java.lang.Object, java.lang.Object, int)'> (0x0000000712b433c0) 
thrown [s\src\hotspot\share\interpreter\linkResolver.cpp, line 773]
Event: 3.127 Thread 0x000001d05989b730 Exception <a 'java/lang/NoSuchMethodError'{0x0000000712b4ac60}: 'long java.lang.invoke.DirectMethodHandle$Holder.invokeStatic(java.lang.Object, java.lang.Object, int)'> (0x0000000712b4ac60) 
thrown [s\src\hotspot\share\interpreter\linkResolver.cpp, line 773]
Event: 3.127 Thread 0x000001d05989b730 Exception <a 'java/lang/NoSuchMethodError'{0x0000000712b552c8}: 'java.lang.Object java.lang.invoke.DelegatingMethodHandle$Holder.reinvoke_L(java.lang.Object, int, long, java.lang.Object, java.lang.Object, int, java.lang.Object)'> (0x0000000712b552c8) 
thrown [s\src\hotspot\share\interpreter\linkResolver.cpp, line 773]
Event: 62.178 Thread 0x000001d05a4167c0 Implicit null exception at 0x000001d007c1b7b2 to 0x000001d007c1bb1c
Event: 62.178 Thread 0x000001d05a4167c0 Implicit null exception at 0x000001d007c1a36f to 0x000001d007c1a6e8
Event: 62.178 Thread 0x000001d05a4167c0 Implicit null exception at 0x000001d007c1ad14 to 0x000001d007c1b100
Event: 83.903 Thread 0x000001d05a4167c0 Implicit null exception at 0x000001d007c83a23 to 0x000001d007c86d8c
Event: 84.483 Thread 0x000001d05a4167c0 Implicit null exception at 0x000001d007c8c695 to 0x000001d007c8f6a0

ZGC Phase Switch (0 events):
No events

VM Operations (20 events):
Event: 83.726 Executing VM operation: Cleanup
Event: 83.726 Executing VM operation: Cleanup done
Event: 84.047 Executing VM operation: G1TryInitiateConcMark (G1 Humongous Allocation)
Event: 84.047 Executing VM operation: G1TryInitiateConcMark (G1 Humongous Allocation) done
Event: 85.048 Executing VM operation: Cleanup
Event: 85.048 Executing VM operation: Cleanup done
Event: 89.049 Executing VM operation: Cleanup
Event: 89.049 Executing VM operation: Cleanup done
Event: 92.050 Executing VM operation: Cleanup
Event: 92.050 Executing VM operation: Cleanup done
Event: 96.052 Executing VM operation: Cleanup
Event: 96.052 Executing VM operation: Cleanup done
Event: 104.055 Executing VM operation: Cleanup
Event: 104.055 Executing VM operation: Cleanup done
Event: 106.056 Executing VM operation: Cleanup
Event: 106.056 Executing VM operation: Cleanup done
Event: 120.154 Executing VM operation: HandshakeAllThreads (HandshakeForDeflation)
Event: 120.154 Executing VM operation: HandshakeAllThreads (HandshakeForDeflation) done
Event: 120.154 Executing VM operation: RendezvousGCThreads
Event: 120.154 Executing VM operation: RendezvousGCThreads done

Memory protections (0 events):
No events

Nmethod flushes (20 events):
Event: 70.629 Thread 0x000001d0130fdf40 flushing  nmethod 0x000001d000176d90
Event: 70.629 Thread 0x000001d0130fdf40 flushing  nmethod 0x000001d000297190
Event: 70.629 Thread 0x000001d0130fdf40 flushing  nmethod 0x000001d000298a10
Event: 70.629 Thread 0x000001d0130fdf40 flushing  nmethod 0x000001d000299f90
Event: 70.629 Thread 0x000001d0130fdf40 flushing  nmethod 0x000001d00029b190
Event: 70.629 Thread 0x000001d0130fdf40 flushing  nmethod 0x000001d00029bd10
Event: 70.629 Thread 0x000001d0130fdf40 flushing  nmethod 0x000001d00029df90
Event: 70.629 Thread 0x000001d0130fdf40 flushing  nmethod 0x000001d00029e510
Event: 70.629 Thread 0x000001d0130fdf40 flushing  nmethod 0x000001d00029ec10
Event: 70.629 Thread 0x000001d0130fdf40 flushing  nmethod 0x000001d00029f190
Event: 70.629 Thread 0x000001d0130fdf40 flushing  nmethod 0x000001d00029f490
Event: 70.629 Thread 0x000001d0130fdf40 flushing  nmethod 0x000001d00029fb90
Event: 70.629 Thread 0x000001d0130fdf40 flushing  nmethod 0x000001d0002b1610
Event: 70.629 Thread 0x000001d0130fdf40 flushing  nmethod 0x000001d0002e6390
Event: 70.629 Thread 0x000001d0130fdf40 flushing osr nmethod 0x000001d0002e6a90
Event: 70.629 Thread 0x000001d0130fdf40 flushing  nmethod 0x000001d0002e7610
Event: 70.629 Thread 0x000001d0130fdf40 flushing osr nmethod 0x000001d0002e8490
Event: 70.629 Thread 0x000001d0130fdf40 flushing osr nmethod 0x000001d0002f7390
Event: 70.629 Thread 0x000001d0130fdf40 flushing  nmethod 0x000001d0002f7990
Event: 70.629 Thread 0x000001d0130fdf40 flushing osr nmethod 0x000001d0002fd690

Events (20 events):
Event: 4.178 Thread 0x000001d05989b730 Thread exited: 0x000001d05989b730
Event: 4.968 Thread 0x000001d05962f1c0 Thread exited: 0x000001d05962f1c0
Event: 9.168 Thread 0x000001d05962b540 Thread exited: 0x000001d05962b540
Event: 9.246 Thread 0x000001d0595e6140 Thread exited: 0x000001d0595e6140
Event: 33.698 Thread 0x000001d0134ab8c0 Thread added: 0x000001d05938b0a0
Event: 38.716 Thread 0x000001d05938b0a0 Thread exited: 0x000001d05938b0a0
Event: 58.368 Thread 0x000001d0134ac360 Thread added: 0x000001d05968f990
Event: 58.382 Thread 0x000001d05968f990 Thread added: 0x000001d0594def20
Event: 58.468 Thread 0x000001d0134ac360 Thread added: 0x000001d05a749cf0
Event: 60.541 Thread 0x000001d0594def20 Thread exited: 0x000001d0594def20
Event: 60.541 Thread 0x000001d05968f990 Thread exited: 0x000001d05968f990
Event: 62.188 Thread 0x000001d0134ac360 Thread added: 0x000001d0594def20
Event: 64.859 Thread 0x000001d0594def20 Thread exited: 0x000001d0594def20
Event: 64.891 Thread 0x000001d05a749cf0 Thread exited: 0x000001d05a749cf0
Event: 67.185 Thread 0x000001d0134ac360 Thread added: 0x000001d0594def20
Event: 67.940 Thread 0x000001d0594def20 Thread exited: 0x000001d0594def20
Event: 97.811 Thread 0x000001d0134ac360 Thread added: 0x000001d05a751ce0
Event: 97.811 Thread 0x000001d0134ac360 Thread added: 0x000001d0597ce590
Event: 100.622 Thread 0x000001d0597ce590 Thread exited: 0x000001d0597ce590
Event: 104.356 Thread 0x000001d05a751ce0 Thread exited: 0x000001d05a751ce0


Dynamic libraries:
0x00007ff6aa390000 - 0x00007ff6aa39e000 	C:\Users\Sami Jouini\Downloads\Greenfoot-windows-390\Greenfoot\jdk\bin\java.exe
0x00007ff9fd4e0000 - 0x00007ff9fd746000 	C:\WINDOWS\SYSTEM32\ntdll.dll
0x00007ff9fc820000 - 0x00007ff9fc8e9000 	C:\WINDOWS\System32\KERNEL32.DLL
0x00007ff9fac00000 - 0x00007ff9fafcc000 	C:\WINDOWS\System32\KERNELBASE.dll
0x00007ff9df060000 - 0x00007ff9df13c000 	C:\Program Files\Bitdefender\Bitdefender Security\bdhkm\dlls_267421778865032704\bdhkm64.dll
0x00007ff99cf10000 - 0x00007ff99d0d5000 	C:\Program Files\Bitdefender\Bitdefender Security\atcuf\dlls_267673934556678316\atcuf64.dll
0x00007ff9fa970000 - 0x00007ff9faabb000 	C:\WINDOWS\System32\ucrtbase.dll
0x00007ff9de500000 - 0x00007ff9de518000 	C:\Users\Sami Jouini\Downloads\Greenfoot-windows-390\Greenfoot\jdk\bin\jli.dll
0x00007ff9fc4d0000 - 0x00007ff9fc69a000 	C:\WINDOWS\System32\USER32.dll
0x00007ff9fa8a0000 - 0x00007ff9fa8c7000 	C:\WINDOWS\System32\win32u.dll
0x00007ff9fd180000 - 0x00007ff9fd1ab000 	C:\WINDOWS\System32\GDI32.dll
0x00007ff9faac0000 - 0x00007ff9fabf2000 	C:\WINDOWS\System32\gdi32full.dll
0x00007ff9fa670000 - 0x00007ff9fa713000 	C:\WINDOWS\System32\msvcp_win.dll
0x00007ff9da6d0000 - 0x00007ff9da6eb000 	C:\Users\Sami Jouini\Downloads\Greenfoot-windows-390\Greenfoot\jdk\bin\VCRUNTIME140.dll
0x00007ff9dd550000 - 0x00007ff9dd7ea000 	C:\WINDOWS\WinSxS\amd64_microsoft.windows.common-controls_6595b64144ccf1df_6.0.26100.3912_none_3e07963ce335137e\COMCTL32.dll
0x00007ff9fb440000 - 0x00007ff9fb4e9000 	C:\WINDOWS\System32\msvcrt.dll
0x00007ff9fd0f0000 - 0x00007ff9fd120000 	C:\WINDOWS\System32\IMM32.DLL
0x00007ff9f3520000 - 0x00007ff9f352c000 	C:\Users\Sami Jouini\Downloads\Greenfoot-windows-390\Greenfoot\jdk\bin\vcruntime140_1.dll
0x00007ff9909b0000 - 0x00007ff990a3e000 	C:\Users\Sami Jouini\Downloads\Greenfoot-windows-390\Greenfoot\jdk\bin\msvcp140.dll
0x00007ff953480000 - 0x00007ff954208000 	C:\Users\Sami Jouini\Downloads\Greenfoot-windows-390\Greenfoot\jdk\bin\server\jvm.dll
0x00007ff9fc8f0000 - 0x00007ff9fc9a2000 	C:\WINDOWS\System32\ADVAPI32.dll
0x00007ff9fcba0000 - 0x00007ff9fcc46000 	C:\WINDOWS\System32\sechost.dll
0x00007ff9fb2a0000 - 0x00007ff9fb3b6000 	C:\WINDOWS\System32\RPCRT4.dll
0x00007ff9fb3c0000 - 0x00007ff9fb434000 	C:\WINDOWS\System32\WS2_32.dll
0x00007ff9f9270000 - 0x00007ff9f92ce000 	C:\WINDOWS\SYSTEM32\POWRPROF.dll
0x00007ff9f35c0000 - 0x00007ff9f35f6000 	C:\WINDOWS\SYSTEM32\WINMM.dll
0x00007ff9f21f0000 - 0x00007ff9f21fb000 	C:\WINDOWS\SYSTEM32\VERSION.dll
0x00007ff9f9240000 - 0x00007ff9f9254000 	C:\WINDOWS\SYSTEM32\UMPDC.dll
0x00007ff9f9480000 - 0x00007ff9f949a000 	C:\WINDOWS\SYSTEM32\kernel.appcore.dll
0x00007ff9e1be0000 - 0x00007ff9e1bea000 	C:\Users\Sami Jouini\Downloads\Greenfoot-windows-390\Greenfoot\jdk\bin\jimage.dll
0x00007ff9f7cb0000 - 0x00007ff9f7ef1000 	C:\WINDOWS\SYSTEM32\DBGHELP.DLL
0x00007ff9fb8e0000 - 0x00007ff9fbc64000 	C:\WINDOWS\System32\combase.dll
0x00007ff9fd1b0000 - 0x00007ff9fd290000 	C:\WINDOWS\System32\OLEAUT32.dll
0x00007ff9d4800000 - 0x00007ff9d4839000 	C:\WINDOWS\SYSTEM32\dbgcore.DLL
0x00007ff9fa8d0000 - 0x00007ff9fa969000 	C:\WINDOWS\System32\bcryptPrimitives.dll
0x00007ff9a98f0000 - 0x00007ff9a992c000 	C:\Users\Sami Jouini\Downloads\Greenfoot-windows-390\Greenfoot\jdk\bin\jdwp.dll
0x00007ff9d9da0000 - 0x00007ff9d9dbf000 	C:\Users\Sami Jouini\Downloads\Greenfoot-windows-390\Greenfoot\jdk\bin\java.dll
0x00007ff9fbc70000 - 0x00007ff9fc39d000 	C:\WINDOWS\System32\SHELL32.dll
0x00007ff9fb060000 - 0x00007ff9fb1d4000 	C:\WINDOWS\System32\wintypes.dll
0x00007ff9f82e0000 - 0x00007ff9f8b36000 	C:\WINDOWS\SYSTEM32\windows.storage.dll
0x00007ff9fd3a0000 - 0x00007ff9fd48f000 	C:\WINDOWS\System32\SHCORE.dll
0x00007ff9fd2a0000 - 0x00007ff9fd309000 	C:\WINDOWS\System32\shlwapi.dll
0x00007ff9fa580000 - 0x00007ff9fa5af000 	C:\WINDOWS\SYSTEM32\profapi.dll
0x00007ff983c30000 - 0x00007ff983d07000 	C:\Users\Sami Jouini\Downloads\Greenfoot-windows-390\Greenfoot\jdk\bin\jsvml.dll
0x00007ff9cf9d0000 - 0x00007ff9cf9db000 	C:\Users\Sami Jouini\Downloads\Greenfoot-windows-390\Greenfoot\jdk\bin\dt_shmem.dll
0x00007ff9dec10000 - 0x00007ff9dec20000 	C:\Users\Sami Jouini\Downloads\Greenfoot-windows-390\greenfoot\jdk\bin\net.dll
0x00007ff9f2d80000 - 0x00007ff9f2e9e000 	C:\WINDOWS\SYSTEM32\WINHTTP.dll
0x00007ff9f9ac0000 - 0x00007ff9f9b2a000 	C:\WINDOWS\system32\mswsock.dll
0x00007ff9d1c60000 - 0x00007ff9d1c76000 	C:\Users\Sami Jouini\Downloads\Greenfoot-windows-390\greenfoot\jdk\bin\nio.dll
0x00007ff9cf9e0000 - 0x00007ff9cf9f8000 	C:\Users\Sami Jouini\Downloads\Greenfoot-windows-390\greenfoot\jdk\bin\zip.dll
0x00007ff97a890000 - 0x00007ff97aa1e000 	C:\Users\Sami Jouini\Downloads\Greenfoot-windows-390\greenfoot\jdk\bin\awt.dll
0x00007ff9f6bc0000 - 0x00007ff9f6c5e000 	C:\WINDOWS\SYSTEM32\apphelp.dll
0x00007ff9f72f0000 - 0x00007ff9f739f000 	C:\WINDOWS\system32\uxtheme.dll
0x00007ff9fc6b0000 - 0x00007ff9fc80f000 	C:\WINDOWS\System32\MSCTF.dll
0x00007ff9fb730000 - 0x00007ff9fb8cf000 	C:\WINDOWS\System32\ole32.dll
0x00007ff9f9d60000 - 0x00007ff9f9d7c000 	C:\WINDOWS\SYSTEM32\CRYPTSP.dll
0x00007ff9f94a0000 - 0x00007ff9f94da000 	C:\WINDOWS\system32\rsaenh.dll
0x00007ff9f9b60000 - 0x00007ff9f9b8b000 	C:\WINDOWS\SYSTEM32\USERENV.dll
0x00007ff9fa550000 - 0x00007ff9fa576000 	C:\WINDOWS\SYSTEM32\bcrypt.dll
0x00007ff9f9d80000 - 0x00007ff9f9d8c000 	C:\WINDOWS\SYSTEM32\CRYPTBASE.dll
0x00007ff9f8ef0000 - 0x00007ff9f8f23000 	C:\WINDOWS\SYSTEM32\IPHLPAPI.DLL
0x00007ff9fc3c0000 - 0x00007ff9fc3ca000 	C:\WINDOWS\System32\NSI.dll
0x00007ff9f7730000 - 0x00007ff9f7766000 	C:\WINDOWS\system32\DWMAPI.DLL
0x00007ff97a780000 - 0x00007ff97a88c000 	C:\WINDOWS\system32\opengl32.dll
0x00007ff9a0c30000 - 0x00007ff9a0c5d000 	C:\WINDOWS\SYSTEM32\GLU32.dll
0x00007ff9f74f0000 - 0x00007ff9f7537000 	C:\WINDOWS\SYSTEM32\dxcore.dll
0x00007ff9a2e70000 - 0x00007ff9a3025000 	C:\WINDOWS\system32\d3d9.dll
0x00007ff9f2200000 - 0x00007ff9f22c1000 	C:\WINDOWS\System32\DriverStore\FileRepository\nvak.inf_amd64_a0a2431c55c933bb\nvldumdx.dll
0x00007ff9f9dd0000 - 0x00007ff9f9de3000 	C:\WINDOWS\SYSTEM32\msasn1.dll
0x00007ff9f2670000 - 0x00007ff9f26ab000 	C:\WINDOWS\SYSTEM32\cryptnet.dll
0x00007ff9fa720000 - 0x00007ff9fa897000 	C:\WINDOWS\System32\CRYPT32.dll
0x00007ff9f9e40000 - 0x00007ff9f9e9d000 	C:\WINDOWS\SYSTEM32\wldp.dll
0x00007ff9f1ee0000 - 0x00007ff9f205c000 	C:\WINDOWS\SYSTEM32\drvstore.dll
0x00007ff9fa310000 - 0x00007ff9fa33d000 	C:\WINDOWS\SYSTEM32\devobj.dll
0x00007ff9fa2b0000 - 0x00007ff9fa307000 	C:\WINDOWS\SYSTEM32\cfgmgr32.dll
0x00007ff9fafd0000 - 0x00007ff9fb050000 	C:\WINDOWS\System32\wintrust.dll
0x00007ff9fb700000 - 0x00007ff9fb720000 	C:\WINDOWS\System32\imagehlp.dll
0x00007ff9ef810000 - 0x00007ff9f163f000 	C:\WINDOWS\System32\DriverStore\FileRepository\nvak.inf_amd64_a0a2431c55c933bb\nvgpucomp64.dll
0x00007ff951430000 - 0x00007ff953473000 	C:\WINDOWS\System32\DriverStore\FileRepository\nvak.inf_amd64_a0a2431c55c933bb\nvd3dumx.dll
0x00007ff9f7540000 - 0x00007ff9f75a0000 	C:\WINDOWS\SYSTEM32\directxdatabasehelper.dll
0x00007ff9cf3e0000 - 0x00007ff9cf6b1000 	C:\WINDOWS\system32\nvspcap64.dll
0x00007ff9f9650000 - 0x00007ff9f9685000 	C:\WINDOWS\SYSTEM32\ntmarta.dll
0x000001d013b80000 - 0x000001d013b83000 	C:\Users\Sami Jouini\.openjfx\cache\21.0.3+2\amd64\api-ms-win-core-console-l1-1-0.dll
0x000001d013b90000 - 0x000001d013b93000 	C:\Users\Sami Jouini\.openjfx\cache\21.0.3+2\amd64\api-ms-win-core-console-l1-2-0.dll
0x000001d013ba0000 - 0x000001d013ba3000 	C:\Users\Sami Jouini\.openjfx\cache\21.0.3+2\amd64\api-ms-win-core-datetime-l1-1-0.dll
0x000001d013bb0000 - 0x000001d013bb3000 	C:\Users\Sami Jouini\.openjfx\cache\21.0.3+2\amd64\api-ms-win-core-debug-l1-1-0.dll
0x000001d013f90000 - 0x000001d013f93000 	C:\Users\Sami Jouini\.openjfx\cache\21.0.3+2\amd64\api-ms-win-core-errorhandling-l1-1-0.dll
0x000001d013fa0000 - 0x000001d013fa4000 	C:\Users\Sami Jouini\.openjfx\cache\21.0.3+2\amd64\api-ms-win-core-file-l1-1-0.dll
0x000001d013fb0000 - 0x000001d013fb3000 	C:\Users\Sami Jouini\.openjfx\cache\21.0.3+2\amd64\api-ms-win-core-file-l1-2-0.dll
0x000001d013fc0000 - 0x000001d013fc3000 	C:\Users\Sami Jouini\.openjfx\cache\21.0.3+2\amd64\api-ms-win-core-file-l2-1-0.dll
0x000001d013fd0000 - 0x000001d013fd3000 	C:\Users\Sami Jouini\.openjfx\cache\21.0.3+2\amd64\api-ms-win-core-handle-l1-1-0.dll
0x000001d013fe0000 - 0x000001d013fe3000 	C:\Users\Sami Jouini\.openjfx\cache\21.0.3+2\amd64\api-ms-win-core-heap-l1-1-0.dll
0x000001d013ff0000 - 0x000001d013ff3000 	C:\Users\Sami Jouini\.openjfx\cache\21.0.3+2\amd64\api-ms-win-core-interlocked-l1-1-0.dll
0x000001d0608d0000 - 0x000001d0608d3000 	C:\Users\Sami Jouini\.openjfx\cache\21.0.3+2\amd64\api-ms-win-core-libraryloader-l1-1-0.dll
0x000001d0608e0000 - 0x000001d0608e3000 	C:\Users\Sami Jouini\.openjfx\cache\21.0.3+2\amd64\api-ms-win-core-localization-l1-2-0.dll
0x000001d0608f0000 - 0x000001d0608f3000 	C:\Users\Sami Jouini\.openjfx\cache\21.0.3+2\amd64\api-ms-win-core-memory-l1-1-0.dll
0x000001d060900000 - 0x000001d060903000 	C:\Users\Sami Jouini\.openjfx\cache\21.0.3+2\amd64\api-ms-win-core-namedpipe-l1-1-0.dll
0x000001d060910000 - 0x000001d060913000 	C:\Users\Sami Jouini\.openjfx\cache\21.0.3+2\amd64\api-ms-win-core-processenvironment-l1-1-0.dll
0x000001d060920000 - 0x000001d060923000 	C:\Users\Sami Jouini\.openjfx\cache\21.0.3+2\amd64\api-ms-win-core-processthreads-l1-1-0.dll
0x000001d060930000 - 0x000001d060933000 	C:\Users\Sami Jouini\.openjfx\cache\21.0.3+2\amd64\api-ms-win-core-processthreads-l1-1-1.dll
0x000001d060940000 - 0x000001d060943000 	C:\Users\Sami Jouini\.openjfx\cache\21.0.3+2\amd64\api-ms-win-core-profile-l1-1-0.dll
0x000001d060950000 - 0x000001d060953000 	C:\Users\Sami Jouini\.openjfx\cache\21.0.3+2\amd64\api-ms-win-core-rtlsupport-l1-1-0.dll
0x000001d060960000 - 0x000001d060963000 	C:\Users\Sami Jouini\.openjfx\cache\21.0.3+2\amd64\api-ms-win-core-string-l1-1-0.dll
0x000001d060970000 - 0x000001d060973000 	C:\Users\Sami Jouini\.openjfx\cache\21.0.3+2\amd64\api-ms-win-core-synch-l1-1-0.dll
0x000001d060980000 - 0x000001d060983000 	C:\Users\Sami Jouini\.openjfx\cache\21.0.3+2\amd64\api-ms-win-core-synch-l1-2-0.dll
0x000001d060990000 - 0x000001d060993000 	C:\Users\Sami Jouini\.openjfx\cache\21.0.3+2\amd64\api-ms-win-core-sysinfo-l1-1-0.dll
0x000001d0609a0000 - 0x000001d0609a3000 	C:\Users\Sami Jouini\.openjfx\cache\21.0.3+2\amd64\api-ms-win-core-timezone-l1-1-0.dll
0x000001d0609b0000 - 0x000001d0609b3000 	C:\Users\Sami Jouini\.openjfx\cache\21.0.3+2\amd64\api-ms-win-core-util-l1-1-0.dll
0x000001d0609c0000 - 0x000001d0609c3000 	C:\Users\Sami Jouini\.openjfx\cache\21.0.3+2\amd64\api-ms-win-crt-conio-l1-1-0.dll
0x000001d0609d0000 - 0x000001d0609d4000 	C:\Users\Sami Jouini\.openjfx\cache\21.0.3+2\amd64\api-ms-win-crt-convert-l1-1-0.dll
0x000001d0609e0000 - 0x000001d0609e3000 	C:\Users\Sami Jouini\.openjfx\cache\21.0.3+2\amd64\api-ms-win-crt-environment-l1-1-0.dll
0x000001d0609f0000 - 0x000001d0609f3000 	C:\Users\Sami Jouini\.openjfx\cache\21.0.3+2\amd64\api-ms-win-crt-filesystem-l1-1-0.dll
0x000001d060a00000 - 0x000001d060a03000 	C:\Users\Sami Jouini\.openjfx\cache\21.0.3+2\amd64\api-ms-win-crt-heap-l1-1-0.dll
0x000001d060a10000 - 0x000001d060a13000 	C:\Users\Sami Jouini\.openjfx\cache\21.0.3+2\amd64\api-ms-win-crt-locale-l1-1-0.dll
0x000001d060a20000 - 0x000001d060a25000 	C:\Users\Sami Jouini\.openjfx\cache\21.0.3+2\amd64\api-ms-win-crt-math-l1-1-0.dll
0x000001d060a30000 - 0x000001d060a35000 	C:\Users\Sami Jouini\.openjfx\cache\21.0.3+2\amd64\api-ms-win-crt-multibyte-l1-1-0.dll
0x000001d060a40000 - 0x000001d060a50000 	C:\Users\Sami Jouini\.openjfx\cache\21.0.3+2\amd64\api-ms-win-crt-private-l1-1-0.dll
0x000001d060a50000 - 0x000001d060a53000 	C:\Users\Sami Jouini\.openjfx\cache\21.0.3+2\amd64\api-ms-win-crt-process-l1-1-0.dll
0x000001d060a60000 - 0x000001d060a64000 	C:\Users\Sami Jouini\.openjfx\cache\21.0.3+2\amd64\api-ms-win-crt-runtime-l1-1-0.dll
0x000001d060a70000 - 0x000001d060a74000 	C:\Users\Sami Jouini\.openjfx\cache\21.0.3+2\amd64\api-ms-win-crt-stdio-l1-1-0.dll
0x000001d060a80000 - 0x000001d060a84000 	C:\Users\Sami Jouini\.openjfx\cache\21.0.3+2\amd64\api-ms-win-crt-string-l1-1-0.dll
0x000001d060a90000 - 0x000001d060a93000 	C:\Users\Sami Jouini\.openjfx\cache\21.0.3+2\amd64\api-ms-win-crt-time-l1-1-0.dll
0x000001d060aa0000 - 0x000001d060aa3000 	C:\Users\Sami Jouini\.openjfx\cache\21.0.3+2\amd64\api-ms-win-crt-utility-l1-1-0.dll
0x00007ff983b30000 - 0x00007ff983c2c000 	C:\Users\Sami Jouini\.openjfx\cache\21.0.3+2\amd64\ucrtbase.dll
0x00007ff9ce960000 - 0x00007ff9ce97b000 	C:\Users\Sami Jouini\.openjfx\cache\21.0.3+2\amd64\vcruntime140.dll
0x00007ff9debe0000 - 0x00007ff9debec000 	C:\Users\Sami Jouini\.openjfx\cache\21.0.3+2\amd64\vcruntime140_1.dll
0x00007ff983aa0000 - 0x00007ff983b2e000 	C:\Users\Sami Jouini\.openjfx\cache\21.0.3+2\amd64\msvcp140.dll
0x00007ff9db430000 - 0x00007ff9db439000 	C:\Users\Sami Jouini\.openjfx\cache\21.0.3+2\amd64\msvcp140_1.dll

dbghelp: loaded successfully - version: 4.0.5 - missing functions: none
symbol engine: initialized successfully - sym options: 0x614 - pdb path: .;C:\Users\Sami Jouini\Downloads\Greenfoot-windows-390\Greenfoot\jdk\bin;C:\WINDOWS\SYSTEM32;C:\Program Files\Bitdefender\Bitdefender Security\bdhkm\dlls_267421778865032704;C:\Program Files\Bitdefender\Bitdefender Security\atcuf\dlls_267673934556678316;C:\WINDOWS\WinSxS\amd64_microsoft.windows.common-controls_6595b64144ccf1df_6.0.26100.3912_none_3e07963ce335137e;C:\Users\Sami Jouini\Downloads\Greenfoot-windows-390\Greenfoot\jdk\bin\server;C:\WINDOWS\System32\DriverStore\FileRepository\nvak.inf_amd64_a0a2431c55c933bb;C:\Users\Sami Jouini\.openjfx\cache\21.0.3+2\amd64

VM Arguments:
jvm_args: -XX:MaxGCPauseMillis=50 -agentlib:jdwp=transport=dt_shmem,address=javadebug -Dfile.encoding=UTF-8 
java_command: bluej.runtime.ExecServer UTF-8
java_class_path (initial): C:\Users\Sami Jouini\Downloads\Greenfoot-windows-390\greenfoot\lib\greenfoot.jar;C:\Users\Sami Jouini\Downloads\Greenfoot-windows-390\greenfoot\lib\javafx-base-21.0.3-win.jar;C:\Users\Sami Jouini\Downloads\Greenfoot-windows-390\greenfoot\lib\javafx-controls-21.0.3-win.jar;C:\Users\Sami Jouini\Downloads\Greenfoot-windows-390\greenfoot\lib\javafx-fxml-21.0.3-win.jar;C:\Users\Sami Jouini\Downloads\Greenfoot-windows-390\greenfoot\lib\javafx-graphics-21.0.3-win.jar;C:\Users\Sami Jouini\Downloads\Greenfoot-windows-390\greenfoot\lib\javafx-media-21.0.3-win.jar;C:\Users\Sami Jouini\Downloads\Greenfoot-windows-390\greenfoot\lib\javafx-swing-21.0.3-win.jar;C:\Users\Sami Jouini\Downloads\Greenfoot-windows-390\greenfoot\lib\javafx-web-21.0.3-win.jar;C:\Users\Sami Jouini\Downloads\Greenfoot-windows-390\greenfoot\lib\junit-4.12.jar;C:\Users\Sami Jouini\Downloads\Greenfoot-windows-390\greenfoot\lib\junit-jupiter-5.5.2.jar;C:\Users\Sami Jouini\Downloads\Greenfoot-windows-390\greenfoot\lib\junit-jupiter-api-5.5.2.jar;C:\Users\Sami Jouini\Downloads\Greenfoot-windows-390\greenfoot\lib\junit-jupiter-engine-5.5.2.jar;C:\Users\Sami Jouini\Downloads\Greenfoot-windows-390\greenfoot\lib\junit-jupiter-params-5.5.2.jar;C:\Users\Sami Jouini\Downloads\Greenfoot-windows-390\greenfoot\lib\junit-platform-commons-1.5.2.jar;C:\Users\Sami Jouini\Downloads\Greenfoot-windows-390\greenfoot\lib\junit-platform-engine-1.5.2.jar;C:\Users\Sami Jouini\Downloads\Greenfoot-windows-390\greenfoot\lib\junit-platform-launcher-1.5.2.jar;C:\Users\Sami Jouini\Downloads\Greenfoot-windows-390\greenfoot\lib\junit-platform-suite-api-1.5.2.jar;C:\Users\Sami Jouini\Downloads\Greenfoot-windows-390\greenfoot\lib\junit-vintage-engine-5.5.2.jar;C:\Users\Sami Jouini\Downloads\Greenfoot-windows-390\greenfoot\lib\hamcrest-core-1.3.jar;C:\Users\Sami Jouini\Downloads\Greenfoot-windows-390\greenfoot\lib\opentest4j-1.2.0.jar;C:\Users\Sami Jouini\Downloads\Greenfoot-windows-390\greenfoot\lib\bluej.jar;C:\Users\Sami Jouini\Downloads\Greenfoot-windows-390\greenfoot\lib\classgraph-4.8.90.jar;C:\Users\Sami Jouini\Downloads\Greenfoot-windows-390\greenfoot\lib\diffutils-1.2.1.jar;C:\Users\Sami Jouini\Downloads\Greenfoot-windows-390\greenfoot\lib\commons-logging-1.2.jar;C:\Users\Sami Jouini\Downloads\Greenfoot-windows-390\greenfoot\lib\jl1.0.1.jar;C:\Users\Sami Jouini\Downloads\Greenfoot-windows-390\greenfoot\lib\opencsv-2.3.jar;C:\Users\Sami Jouini\Downloads\Greenfoot-windows-390\greenfoot\lib\opencsv-2.4.jar;C:\Users\Sami Jouini\Downloads\Greenfoot-windows-390\greenfoot\lib\xom-1.3.9.jar;C:\Users\Sami Jouini\Downloads\Greenfoot-windows-390\greenfoot\lib\lang-stride.jar;C:\Users\Sami Jouini\Downloads\Greenfoot-windows-390\greenfoot\lib\nsmenufx-3.1.0.jar;C:\Users\Sami Jouini\Downloads\Greenfoot-windows-390\greenfoot\lib\wellbehavedfx-0.3.3.jar;C:\Users\Sami Jouini\Downloads\Greenfoot-windows-390\greenfoot\lib\guava-33.3.1-jre.jar;C:\Users\Sami Jouini\Downloads\Greenfoot-windows-390\greenfoot\lib\failureaccess-1.0.2.jar;C:\Users\Sami Jouini\Downloads\Greenfoot-windows-390\greenfoot\lib\simple-png-0.2.0.jar;C:\Users\Sami Jouini\Downloads\Greenfoot-windows-390\greenfoot\lib\simple-png-javafx-0.2.0.jar;C:\Users\Sami Jouini\Downloads\Greenfoot-windows-390\greenfoot\lib\httpclient-4.5.13.jar;C:\Users\Sami Jouini\Downloads\Greenfoot-windows-390\greenfoot\lib\httpcore-4.4.13.jar;C:\Users\Sami Jouini\Downloads\Greenfoot-windows-390\greenfoot\lib\httpmime-4.1.1.jar;C:\Users\Sami Jouini\Downloads\Greenfoot-windows-390\greenfoot\lib\javafx\javafx.base.jar;C:\Users\Sami Jouini\Downloads\Greenfoot-windows-390\greenfoot\lib\javafx\javafx.controls.jar;C:\Users\Sami Jouini\Downloads\Greenfoot-windows-390\greenfoot\lib\javafx\javafx.fxml.jar;C:\Users\Sami Jouini\Downloads\Greenfoot-windows-390\greenfoot\lib\javafx\javafx.graphics.jar;C:\Users\Sami Jouini\Downloads\Greenfoot-windows-390\greenfoot\lib\javafx\javafx.media.jar;C:\Users\Sami Jouini\Downloads\Greenfoot-windows-390\greenfoot\lib\javafx\javafx.properties.jar;C:\Users\Sami Jouini\Downloads\Greenfoot-windows-390\greenfoot\lib\javafx\javafx.swing.jar;C:\Users\Sami Jouini\Downloads\Greenfoot-windows-390\greenfoot\lib\javafx\javafx.web.jar
Launcher Type: SUN_STANDARD

[Global flags]
     intx CICompilerCount                          = 12                                        {product} {ergonomic}
     uint ConcGCThreads                            = 3                                         {product} {ergonomic}
     uint G1ConcRefinementThreads                  = 13                                        {product} {ergonomic}
   size_t G1HeapRegionSize                         = 2097152                                   {product} {ergonomic}
    uintx GCDrainStackTargetSize                   = 64                                        {product} {ergonomic}
   size_t InitialHeapSize                          = 266338304                                 {product} {ergonomic}
   size_t MarkStackSize                            = 4194304                                   {product} {ergonomic}
    uintx MaxGCPauseMillis                         = 50                                        {product} {command line}
   size_t MaxHeapSize                              = 4238344192                                {product} {ergonomic}
   size_t MaxNewSize                               = 2541748224                                {product} {ergonomic}
   size_t MinHeapDeltaBytes                        = 2097152                                   {product} {ergonomic}
   size_t MinHeapSize                              = 8388608                                   {product} {ergonomic}
    uintx NonNMethodCodeHeapSize                   = 7602480                                {pd product} {ergonomic}
    uintx NonProfiledCodeHeapSize                  = 122027880                              {pd product} {ergonomic}
    uintx ProfiledCodeHeapSize                     = 122027880                              {pd product} {ergonomic}
    uintx ReservedCodeCacheSize                    = 251658240                              {pd product} {ergonomic}
     bool SegmentedCodeCache                       = true                                      {product} {ergonomic}
   size_t SoftMaxHeapSize                          = 4238344192                             {manageable} {ergonomic}
     bool UseCompressedOops                        = true                           {product lp64_product} {ergonomic}
     bool UseG1GC                                  = true                                      {product} {ergonomic}
     bool UseLargePagesIndividualAllocation        = false                                  {pd product} {ergonomic}

Logging:
Log output configuration:
 #0: stdout all=warning uptime,level,tags foldmultilines=false
 #1: stderr all=off uptime,level,tags foldmultilines=false

Environment Variables:
PATH=C:\WINDOWS\system32;C:\WINDOWS;C:\WINDOWS\System32\Wbem;C:\WINDOWS\System32\WindowsPowerShell\v1.0\;C:\WINDOWS\System32\OpenSSH\;C:\Program Files (x86)\NVIDIA Corporation\PhysX\Common;C:\Program Files\NVIDIA Corporation\NVIDIA NvDLISR;C:\Program Files\dotnet\;C:\Program Files (x86)\Common Files\Acronis\SnapAPI\;C:\Program Files (x86)\Common Files\Acronis\VirtualFile\;C:\Program Files (x86)\Common Files\Acronis\VirtualFile64\;C:\Program Files (x86)\Common Files\Acronis\FileProtector\;C:\Program Files (x86)\Common Files\Acronis\FileProtector64\;C:\Program Files\Git\cmd;C:\Users\Sami Jouini\AppData\Local\Microsoft\WindowsApps;
USERNAME=Sami Jouini
OS=Windows_NT
PROCESSOR_IDENTIFIER=Intel64 Family 6 Model 183 Stepping 1, GenuineIntel
TMP=C:\Users\SAMIJO~1\AppData\Local\Temp
TEMP=C:\Users\SAMIJO~1\AppData\Local\Temp




Periodic native trim disabled

---------------  S Y S T E M  ---------------

OS:
 Windows 11 , 64 bit Build 26100 (10.0.26100.3912)
OS uptime: 7 days 2:43 hours
Hyper-V role detected

CPU: total 16 (initial active 16) (8 cores per cpu, 2 threads per core) family 6 model 183 stepping 1 microcode 0x11d, cx8, cmov, fxsr, ht, mmx, 3dnowpref, sse, sse2, sse3, ssse3, sse4.1, sse4.2, popcnt, lzcnt, tsc, tscinvbit, avx, avx2, aes, erms, clmul, bmi1, bmi2, adx, sha, fma, vzeroupper, clflush, clflushopt, clwb, hv, serialize, rdtscp, rdpid, fsrm, f16c, cet_ibt, cet_ss
Processor Information for all 16 processors :
  Max Mhz: 2500, Current Mhz: 2500, Mhz Limit: 2500

Memory: 4k page, system-wide physical 16164M (1945M free)
TotalPageFile size 65316M (AvailPageFile size 1M)
current process WorkingSet (physical memory assigned to process): 448M, peak: 449M
current process commit charge ("private bytes"): 717M, peak: 723M

vm_info: OpenJDK 64-Bit Server VM (21.0.4+7-LTS) for windows-amd64 JRE (21.0.4+7-LTS), built on 2024-07-16T00:00:00Z by "admin" with MS VC++ 17.7 (VS2022)

END.
